====================================================================
Time Encountered: February 11, 2018, 12:02:40 AM
Error Type: Unknown Error (Error #32)
Error String: Module 'imagick' already loaded
Error File: Unknown
Error Line: 0
====================================================================
====================================================================
Time Encountered: February 11, 2018, 12:02:40 AM
Error Type: Unknown Error (Error #32)
Error String: Module 'imagick' already loaded
Error File: Unknown
Error Line: 0
====================================================================
====================================================================
Time Encountered: February 11, 2018, 12:03:55 AM
Error Type: Unknown Error (Error #32)
Error String: Module 'imagick' already loaded
Error File: Unknown
Error Line: 0
====================================================================
====================================================================
Time Encountered: February 11, 2018, 12:08:42 AM
Error Type: Unknown Error (Error #32)
Error String: Module 'imagick' already loaded
Error File: Unknown
Error Line: 0
====================================================================
====================================================================
Time Encountered: February 11, 2018, 12:22:20 AM
Error Type: User Error (Error #256)
Error String: mmhclass->image->is_image(): image does not exist. (/home/redhue/public_html/redup.ir/images/0389_img_9j7p.jpg)
Error File: /home/redhue/public_html/redup.ir/source/includes/imagemagick.php
Error Line: 81
====================================================================
====================================================================
Time Encountered: February 11, 2018, 12:22:20 AM
Error Type: Unknown Error (Error #32)
Error String: Module 'imagick' already loaded
Error File: Unknown
Error Line: 0
====================================================================
====================================================================
Time Encountered: February 11, 2018, 12:30:21 AM
Error Type: Unknown Error (Error #32)
Error String: Module 'imagick' already loaded
Error File: Unknown
Error Line: 0
====================================================================
====================================================================
Time Encountered: February 11, 2018, 12:37:45 AM
Error Type: Unknown Error (Error #32)
Error String: Module 'imagick' already loaded
Error File: Unknown
Error Line: 0
====================================================================
====================================================================
Time Encountered: February 11, 2018, 12:37:48 AM
Error Type: Unknown Error (Error #32)
Error String: Module 'imagick' already loaded
Error File: Unknown
Error Line: 0
====================================================================
====================================================================
Time Encountered: February 11, 2018, 12:39:20 AM
Error Type: Unknown Error (Error #32)
Error String: Module 'imagick' already loaded
Error File: Unknown
Error Line: 0
====================================================================
====================================================================
Time Encountered: February 11, 2018, 12:48:44 AM
Error Type: Unknown Error (Error #32)
Error String: Module 'imagick' already loaded
Error File: Unknown
Error Line: 0
====================================================================
====================================================================
Time Encountered: February 11, 2018, 12:51:40 AM
Error Type: Unknown Error (Error #32)
Error String: Module 'imagick' already loaded
Error File: Unknown
Error Line: 0
====================================================================
====================================================================
Time Encountered: February 11, 2018, 1:02:22 AM
Error Type: Unknown Error (Error #32)
Error String: Module 'imagick' already loaded
Error File: Unknown
Error Line: 0
====================================================================
====================================================================
Time Encountered: February 11, 2018, 1:22:31 AM
Error Type: Unknown Error (Error #32)
Error String: Module 'imagick' already loaded
Error File: Unknown
Error Line: 0
====================================================================
====================================================================
Time Encountered: February 11, 2018, 1:23:53 AM
Error Type: Unknown Error (Error #32)
Error String: Module 'imagick' already loaded
Error File: Unknown
Error Line: 0
====================================================================
====================================================================
Time Encountered: February 11, 2018, 1:25:51 AM
Error Type: Unknown Error (Error #32)
Error String: Module 'imagick' already loaded
Error File: Unknown
Error Line: 0
====================================================================
====================================================================
Time Encountered: February 11, 2018, 1:26:40 AM
Error Type: Unknown Error (Error #32)
Error String: Module 'imagick' already loaded
Error File: Unknown
Error Line: 0
====================================================================
====================================================================
Time Encountered: February 11, 2018, 1:29:50 AM
Error Type: Unknown Error (Error #32)
Error String: Module 'imagick' already loaded
Error File: Unknown
Error Line: 0
====================================================================
====================================================================
Time Encountered: February 11, 2018, 1:35:40 AM
Error Type: Unknown Error (Error #32)
Error String: Module 'imagick' already loaded
Error File: Unknown
Error Line: 0
====================================================================
====================================================================
Time Encountered: February 11, 2018, 1:50:25 AM
Error Type: User Error (Error #256)
Error String: mmhclass->image->is_image(): image does not exist. (/home/redhue/public_html/redup.ir/images/3338_img_0g95.jpg)
Error File: /home/redhue/public_html/redup.ir/source/includes/imagemagick.php
Error Line: 81
====================================================================
====================================================================
Time Encountered: February 11, 2018, 1:50:25 AM
Error Type: Unknown Error (Error #32)
Error String: Module 'imagick' already loaded
Error File: Unknown
Error Line: 0
====================================================================
====================================================================
Time Encountered: February 11, 2018, 1:56:02 AM
Error Type: Unknown Error (Error #32)
Error String: Module 'imagick' already loaded
Error File: Unknown
Error Line: 0
====================================================================
====================================================================
Time Encountered: February 11, 2018, 1:56:27 AM
Error Type: Unknown Error (Error #32)
Error String: Module 'imagick' already loaded
Error File: Unknown
Error Line: 0
====================================================================
====================================================================
Time Encountered: February 11, 2018, 2:31:20 AM
Error Type: Unknown Error (Error #32)
Error String: Module 'imagick' already loaded
Error File: Unknown
Error Line: 0
====================================================================
====================================================================
Time Encountered: February 11, 2018, 2:34:05 AM
Error Type: Unknown Error (Error #32)
Error String: Module 'imagick' already loaded
Error File: Unknown
Error Line: 0
====================================================================
====================================================================
Time Encountered: February 11, 2018, 2:39:56 AM
Error Type: Unknown Error (Error #32)
Error String: Module 'imagick' already loaded
Error File: Unknown
Error Line: 0
====================================================================
====================================================================
Time Encountered: February 11, 2018, 2:46:44 AM
Error Type: Unknown Error (Error #32)
Error String: Module 'imagick' already loaded
Error File: Unknown
Error Line: 0
====================================================================
====================================================================
Time Encountered: February 11, 2018, 2:46:57 AM
Error Type: Unknown Error (Error #32)
Error String: Module 'imagick' already loaded
Error File: Unknown
Error Line: 0
====================================================================
====================================================================
Time Encountered: February 11, 2018, 3:11:55 AM
Error Type: Unknown Error (Error #32)
Error String: Module 'imagick' already loaded
Error File: Unknown
Error Line: 0
====================================================================
====================================================================
Time Encountered: February 11, 2018, 3:14:00 AM
Error Type: Unknown Error (Error #32)
Error String: Module 'imagick' already loaded
Error File: Unknown
Error Line: 0
====================================================================
====================================================================
Time Encountered: February 11, 2018, 3:23:26 AM
Error Type: Unknown Error (Error #32)
Error String: Module 'imagick' already loaded
Error File: Unknown
Error Line: 0
====================================================================
====================================================================
Time Encountered: February 11, 2018, 3:24:58 AM
Error Type: Unknown Error (Error #32)
Error String: Module 'imagick' already loaded
Error File: Unknown
Error Line: 0
====================================================================
====================================================================
Time Encountered: February 11, 2018, 3:25:04 AM
Error Type: Unknown Error (Error #32)
Error String: Module 'imagick' already loaded
Error File: Unknown
Error Line: 0
====================================================================
====================================================================
Time Encountered: February 11, 2018, 3:32:05 AM
Error Type: Unknown Error (Error #32)
Error String: Module 'imagick' already loaded
Error File: Unknown
Error Line: 0
====================================================================
====================================================================
Time Encountered: February 11, 2018, 3:46:58 AM
Error Type: Unknown Error (Error #32)
Error String: Module 'imagick' already loaded
Error File: Unknown
Error Line: 0
====================================================================
====================================================================
Time Encountered: February 11, 2018, 3:53:54 AM
Error Type: Unknown Error (Error #32)
Error String: Module 'imagick' already loaded
Error File: Unknown
Error Line: 0
====================================================================
====================================================================
Time Encountered: February 11, 2018, 3:55:06 AM
Error Type: Unknown Error (Error #32)
Error String: Module 'imagick' already loaded
Error File: Unknown
Error Line: 0
====================================================================
====================================================================
Time Encountered: February 11, 2018, 4:15:15 AM
Error Type: Unknown Error (Error #32)
Error String: Module 'imagick' already loaded
Error File: Unknown
Error Line: 0
====================================================================
====================================================================
Time Encountered: February 11, 2018, 4:17:52 AM
Error Type: Unknown Error (Error #32)
Error String: Module 'imagick' already loaded
Error File: Unknown
Error Line: 0
====================================================================
====================================================================
Time Encountered: February 11, 2018, 4:35:22 AM
Error Type: Unknown Error (Error #32)
Error String: Module 'imagick' already loaded
Error File: Unknown
Error Line: 0
====================================================================
====================================================================
Time Encountered: February 11, 2018, 4:38:17 AM
Error Type: Unknown Error (Error #32)
Error String: Module 'imagick' already loaded
Error File: Unknown
Error Line: 0
====================================================================
====================================================================
Time Encountered: February 11, 2018, 5:08:41 AM
Error Type: Unknown Error (Error #32)
Error String: Module 'imagick' already loaded
Error File: Unknown
Error Line: 0
====================================================================
====================================================================
Time Encountered: February 11, 2018, 5:18:02 AM
Error Type: Unknown Error (Error #32)
Error String: Module 'imagick' already loaded
Error File: Unknown
Error Line: 0
====================================================================
====================================================================
Time Encountered: February 11, 2018, 5:35:23 AM
Error Type: Unknown Error (Error #32)
Error String: Module 'imagick' already loaded
Error File: Unknown
Error Line: 0
====================================================================
====================================================================
Time Encountered: February 11, 2018, 5:35:25 AM
Error Type: Unknown Error (Error #32)
Error String: Module 'imagick' already loaded
Error File: Unknown
Error Line: 0
====================================================================
====================================================================
Time Encountered: February 11, 2018, 5:48:11 AM
Error Type: Unknown Error (Error #32)
Error String: Module 'imagick' already loaded
Error File: Unknown
Error Line: 0
====================================================================
====================================================================
Time Encountered: February 11, 2018, 5:52:20 AM
Error Type: Unknown Error (Error #32)
Error String: Module 'imagick' already loaded
Error File: Unknown
Error Line: 0
====================================================================
====================================================================
Time Encountered: February 11, 2018, 5:52:44 AM
Error Type: Unknown Error (Error #32)
Error String: Module 'imagick' already loaded
Error File: Unknown
Error Line: 0
====================================================================
====================================================================
Time Encountered: February 11, 2018, 6:07:56 AM
Error Type: Unknown Error (Error #32)
Error String: Module 'imagick' already loaded
Error File: Unknown
Error Line: 0
====================================================================
====================================================================
Time Encountered: February 11, 2018, 6:09:59 AM
Error Type: Unknown Error (Error #32)
Error String: Module 'imagick' already loaded
Error File: Unknown
Error Line: 0
====================================================================
====================================================================
Time Encountered: February 11, 2018, 6:22:22 AM
Error Type: Unknown Error (Error #32)
Error String: Module 'imagick' already loaded
Error File: Unknown
Error Line: 0
====================================================================
====================================================================
Time Encountered: February 11, 2018, 6:26:09 AM
Error Type: Unknown Error (Error #32)
Error String: Module 'imagick' already loaded
Error File: Unknown
Error Line: 0
====================================================================
====================================================================
Time Encountered: February 11, 2018, 6:35:01 AM
Error Type: Unknown Error (Error #32)
Error String: Module 'imagick' already loaded
Error File: Unknown
Error Line: 0
====================================================================
====================================================================
Time Encountered: February 11, 2018, 6:45:01 AM
Error Type: Unknown Error (Error #32)
Error String: Module 'imagick' already loaded
Error File: Unknown
Error Line: 0
====================================================================
====================================================================
Time Encountered: February 11, 2018, 7:00:12 AM
Error Type: Unknown Error (Error #32)
Error String: Module 'imagick' already loaded
Error File: Unknown
Error Line: 0
====================================================================
====================================================================
Time Encountered: February 11, 2018, 7:03:59 AM
Error Type: Unknown Error (Error #32)
Error String: Module 'imagick' already loaded
Error File: Unknown
Error Line: 0
====================================================================
====================================================================
Time Encountered: February 11, 2018, 7:19:11 AM
Error Type: Unknown Error (Error #32)
Error String: Module 'imagick' already loaded
Error File: Unknown
Error Line: 0
====================================================================
====================================================================
Time Encountered: February 11, 2018, 7:28:41 AM
Error Type: Unknown Error (Error #32)
Error String: Module 'imagick' already loaded
Error File: Unknown
Error Line: 0
====================================================================
====================================================================
Time Encountered: February 11, 2018, 7:31:14 AM
Error Type: Unknown Error (Error #32)
Error String: Module 'imagick' already loaded
Error File: Unknown
Error Line: 0
====================================================================
====================================================================
Time Encountered: February 11, 2018, 7:31:17 AM
Error Type: Unknown Error (Error #32)
Error String: Module 'imagick' already loaded
Error File: Unknown
Error Line: 0
====================================================================
====================================================================
Time Encountered: February 11, 2018, 7:33:32 AM
Error Type: Unknown Error (Error #32)
Error String: Module 'imagick' already loaded
Error File: Unknown
Error Line: 0
====================================================================
====================================================================
Time Encountered: February 11, 2018, 7:38:11 AM
Error Type: Unknown Error (Error #32)
Error String: Module 'imagick' already loaded
Error File: Unknown
Error Line: 0
====================================================================
====================================================================
Time Encountered: February 11, 2018, 7:45:56 AM
Error Type: Unknown Error (Error #32)
Error String: Module 'imagick' already loaded
Error File: Unknown
Error Line: 0
====================================================================
====================================================================
Time Encountered: February 11, 2018, 7:45:56 AM
Error Type: Unknown Error (Error #32)
Error String: Module 'imagick' already loaded
Error File: Unknown
Error Line: 0
====================================================================
====================================================================
Time Encountered: February 11, 2018, 7:45:58 AM
Error Type: Unknown Error (Error #32)
Error String: Module 'imagick' already loaded
Error File: Unknown
Error Line: 0
====================================================================
====================================================================
Time Encountered: February 11, 2018, 7:48:39 AM
Error Type: Unknown Error (Error #32)
Error String: Module 'imagick' already loaded
Error File: Unknown
Error Line: 0
====================================================================
====================================================================
Time Encountered: February 11, 2018, 7:49:02 AM
Error Type: Unknown Error (Error #32)
Error String: Module 'imagick' already loaded
Error File: Unknown
Error Line: 0
====================================================================
====================================================================
Time Encountered: February 11, 2018, 7:51:58 AM
Error Type: Unknown Error (Error #32)
Error String: Module 'imagick' already loaded
Error File: Unknown
Error Line: 0
====================================================================
====================================================================
Time Encountered: February 11, 2018, 8:02:51 AM
Error Type: Unknown Error (Error #32)
Error String: Module 'imagick' already loaded
Error File: Unknown
Error Line: 0
====================================================================
====================================================================
Time Encountered: February 11, 2018, 8:05:12 AM
Error Type: Unknown Error (Error #32)
Error String: Module 'imagick' already loaded
Error File: Unknown
Error Line: 0
====================================================================
====================================================================
Time Encountered: February 11, 2018, 8:25:40 AM
Error Type: Unknown Error (Error #32)
Error String: Module 'imagick' already loaded
Error File: Unknown
Error Line: 0
====================================================================
====================================================================
Time Encountered: February 11, 2018, 8:32:01 AM
Error Type: Unknown Error (Error #32)
Error String: Module 'imagick' already loaded
Error File: Unknown
Error Line: 0
====================================================================
====================================================================
Time Encountered: February 11, 2018, 8:33:09 AM
Error Type: Unknown Error (Error #32)
Error String: Module 'imagick' already loaded
Error File: Unknown
Error Line: 0
====================================================================
====================================================================
Time Encountered: February 11, 2018, 8:33:35 AM
Error Type: Unknown Error (Error #32)
Error String: Module 'imagick' already loaded
Error File: Unknown
Error Line: 0
====================================================================
====================================================================
Time Encountered: February 11, 2018, 8:35:45 AM
Error Type: Unknown Error (Error #32)
Error String: Module 'imagick' already loaded
Error File: Unknown
Error Line: 0
====================================================================
====================================================================
Time Encountered: February 11, 2018, 8:37:18 AM
Error Type: Unknown Error (Error #32)
Error String: Module 'imagick' already loaded
Error File: Unknown
Error Line: 0
====================================================================
====================================================================
Time Encountered: February 11, 2018, 8:37:19 AM
Error Type: Unknown Error (Error #32)
Error String: Module 'imagick' already loaded
Error File: Unknown
Error Line: 0
====================================================================
====================================================================
Time Encountered: February 11, 2018, 8:37:20 AM
Error Type: Unknown Error (Error #32)
Error String: Module 'imagick' already loaded
Error File: Unknown
Error Line: 0
====================================================================
====================================================================
Time Encountered: February 11, 2018, 8:38:51 AM
Error Type: Unknown Error (Error #32)
Error String: Module 'imagick' already loaded
Error File: Unknown
Error Line: 0
====================================================================
====================================================================
Time Encountered: February 11, 2018, 8:39:28 AM
Error Type: Unknown Error (Error #32)
Error String: Module 'imagick' already loaded
Error File: Unknown
Error Line: 0
====================================================================
====================================================================
Time Encountered: February 11, 2018, 8:44:51 AM
Error Type: Unknown Error (Error #32)
Error String: Module 'imagick' already loaded
Error File: Unknown
Error Line: 0
====================================================================
====================================================================
Time Encountered: February 11, 2018, 8:51:16 AM
Error Type: Unknown Error (Error #32)
Error String: Module 'imagick' already loaded
Error File: Unknown
Error Line: 0
====================================================================
====================================================================
Time Encountered: February 11, 2018, 8:55:59 AM
Error Type: Unknown Error (Error #32)
Error String: Module 'imagick' already loaded
Error File: Unknown
Error Line: 0
====================================================================
====================================================================
Time Encountered: February 11, 2018, 8:59:00 AM
Error Type: Unknown Error (Error #32)
Error String: Module 'imagick' already loaded
Error File: Unknown
Error Line: 0
====================================================================
====================================================================
Time Encountered: February 11, 2018, 8:59:57 AM
Error Type: Unknown Error (Error #32)
Error String: Module 'imagick' already loaded
Error File: Unknown
Error Line: 0
====================================================================
====================================================================
Time Encountered: February 11, 2018, 9:03:06 AM
Error Type: Unknown Error (Error #32)
Error String: Module 'imagick' already loaded
Error File: Unknown
Error Line: 0
====================================================================
====================================================================
Time Encountered: February 11, 2018, 9:18:37 AM
Error Type: Unknown Error (Error #32)
Error String: Module 'imagick' already loaded
Error File: Unknown
Error Line: 0
====================================================================
====================================================================
Time Encountered: February 11, 2018, 9:18:44 AM
Error Type: Unknown Error (Error #32)
Error String: Module 'imagick' already loaded
Error File: Unknown
Error Line: 0
====================================================================
====================================================================
Time Encountered: February 11, 2018, 9:19:07 AM
Error Type: Unknown Error (Error #32)
Error String: Module 'imagick' already loaded
Error File: Unknown
Error Line: 0
====================================================================
====================================================================
Time Encountered: February 11, 2018, 9:20:44 AM
Error Type: Unknown Error (Error #32)
Error String: Module 'imagick' already loaded
Error File: Unknown
Error Line: 0
====================================================================
====================================================================
Time Encountered: February 11, 2018, 9:24:03 AM
Error Type: Unknown Error (Error #32)
Error String: Module 'imagick' already loaded
Error File: Unknown
Error Line: 0
====================================================================
====================================================================
Time Encountered: February 11, 2018, 9:24:04 AM
Error Type: Unknown Error (Error #32)
Error String: Module 'imagick' already loaded
Error File: Unknown
Error Line: 0
====================================================================
====================================================================
Time Encountered: February 11, 2018, 9:24:04 AM
Error Type: Unknown Error (Error #32)
Error String: Module 'imagick' already loaded
Error File: Unknown
Error Line: 0
====================================================================
====================================================================
Time Encountered: February 11, 2018, 9:24:12 AM
Error Type: Unknown Error (Error #32)
Error String: Module 'imagick' already loaded
Error File: Unknown
Error Line: 0
====================================================================
====================================================================
Time Encountered: February 11, 2018, 9:25:39 AM
Error Type: Unknown Error (Error #32)
Error String: Module 'imagick' already loaded
Error File: Unknown
Error Line: 0
====================================================================
====================================================================
Time Encountered: February 11, 2018, 9:34:16 AM
Error Type: Unknown Error (Error #32)
Error String: Module 'imagick' already loaded
Error File: Unknown
Error Line: 0
====================================================================
====================================================================
Time Encountered: February 11, 2018, 9:34:21 AM
Error Type: Unknown Error (Error #32)
Error String: Module 'imagick' already loaded
Error File: Unknown
Error Line: 0
====================================================================
====================================================================
Time Encountered: February 11, 2018, 9:34:26 AM
Error Type: Unknown Error (Error #32)
Error String: Module 'imagick' already loaded
Error File: Unknown
Error Line: 0
====================================================================
====================================================================
Time Encountered: February 11, 2018, 9:34:29 AM
Error Type: Unknown Error (Error #32)
Error String: Module 'imagick' already loaded
Error File: Unknown
Error Line: 0
====================================================================
====================================================================
Time Encountered: February 11, 2018, 9:34:30 AM
Error Type: Unknown Error (Error #32)
Error String: Module 'imagick' already loaded
Error File: Unknown
Error Line: 0
====================================================================
====================================================================
Time Encountered: February 11, 2018, 9:34:40 AM
Error Type: Unknown Error (Error #32)
Error String: Module 'imagick' already loaded
Error File: Unknown
Error Line: 0
====================================================================
====================================================================
Time Encountered: February 11, 2018, 9:55:53 AM
Error Type: Unknown Error (Error #32)
Error String: Module 'imagick' already loaded
Error File: Unknown
Error Line: 0
====================================================================
====================================================================
Time Encountered: February 11, 2018, 9:59:05 AM
Error Type: Unknown Error (Error #32)
Error String: Module 'imagick' already loaded
Error File: Unknown
Error Line: 0
====================================================================
====================================================================
Time Encountered: February 11, 2018, 9:59:17 AM
Error Type: Unknown Error (Error #32)
Error String: Module 'imagick' already loaded
Error File: Unknown
Error Line: 0
====================================================================
====================================================================
Time Encountered: February 11, 2018, 10:04:46 AM
Error Type: Unknown Error (Error #32)
Error String: Module 'imagick' already loaded
Error File: Unknown
Error Line: 0
====================================================================
====================================================================
Time Encountered: February 11, 2018, 10:05:14 AM
Error Type: Unknown Error (Error #32)
Error String: Module 'imagick' already loaded
Error File: Unknown
Error Line: 0
====================================================================
====================================================================
Time Encountered: February 11, 2018, 10:08:33 AM
Error Type: Unknown Error (Error #32)
Error String: Module 'imagick' already loaded
Error File: Unknown
Error Line: 0
====================================================================
====================================================================
Time Encountered: February 11, 2018, 10:17:18 AM
Error Type: Unknown Error (Error #32)
Error String: Module 'imagick' already loaded
Error File: Unknown
Error Line: 0
====================================================================
====================================================================
Time Encountered: February 11, 2018, 10:20:56 AM
Error Type: Unknown Error (Error #32)
Error String: Module 'imagick' already loaded
Error File: Unknown
Error Line: 0
====================================================================
====================================================================
Time Encountered: February 11, 2018, 10:27:48 AM
Error Type: Unknown Error (Error #32)
Error String: Module 'imagick' already loaded
Error File: Unknown
Error Line: 0
====================================================================
====================================================================
Time Encountered: February 11, 2018, 10:28:09 AM
Error Type: Unknown Error (Error #32)
Error String: Module 'imagick' already loaded
Error File: Unknown
Error Line: 0
====================================================================
====================================================================
Time Encountered: February 11, 2018, 10:29:37 AM
Error Type: Unknown Error (Error #32)
Error String: Module 'imagick' already loaded
Error File: Unknown
Error Line: 0
====================================================================
====================================================================
Time Encountered: February 11, 2018, 10:29:48 AM
Error Type: Unknown Error (Error #32)
Error String: Module 'imagick' already loaded
Error File: Unknown
Error Line: 0
====================================================================
====================================================================
Time Encountered: February 11, 2018, 10:31:14 AM
Error Type: Unknown Error (Error #32)
Error String: Module 'imagick' already loaded
Error File: Unknown
Error Line: 0
====================================================================
====================================================================
Time Encountered: February 11, 2018, 10:31:29 AM
Error Type: Unknown Error (Error #32)
Error String: Module 'imagick' already loaded
Error File: Unknown
Error Line: 0
====================================================================
====================================================================
Time Encountered: February 11, 2018, 10:33:05 AM
Error Type: Unknown Error (Error #32)
Error String: Module 'imagick' already loaded
Error File: Unknown
Error Line: 0
====================================================================
====================================================================
Time Encountered: February 11, 2018, 10:38:07 AM
Error Type: Unknown Error (Error #32)
Error String: Module 'imagick' already loaded
Error File: Unknown
Error Line: 0
====================================================================
====================================================================
Time Encountered: February 11, 2018, 10:40:26 AM
Error Type: Unknown Error (Error #32)
Error String: Module 'imagick' already loaded
Error File: Unknown
Error Line: 0
====================================================================
====================================================================
Time Encountered: February 11, 2018, 10:40:32 AM
Error Type: Unknown Error (Error #32)
Error String: Module 'imagick' already loaded
Error File: Unknown
Error Line: 0
====================================================================
====================================================================
Time Encountered: February 11, 2018, 10:42:41 AM
Error Type: Unknown Error (Error #32)
Error String: Module 'imagick' already loaded
Error File: Unknown
Error Line: 0
====================================================================
====================================================================
Time Encountered: February 11, 2018, 10:45:11 AM
Error Type: Unknown Error (Error #32)
Error String: Module 'imagick' already loaded
Error File: Unknown
Error Line: 0
====================================================================
====================================================================
Time Encountered: February 11, 2018, 10:45:22 AM
Error Type: Unknown Error (Error #32)
Error String: Module 'imagick' already loaded
Error File: Unknown
Error Line: 0
====================================================================
====================================================================
Time Encountered: February 11, 2018, 10:46:49 AM
Error Type: Unknown Error (Error #32)
Error String: Module 'imagick' already loaded
Error File: Unknown
Error Line: 0
====================================================================
====================================================================
Time Encountered: February 11, 2018, 11:07:36 AM
Error Type: Unknown Error (Error #32)
Error String: Module 'imagick' already loaded
Error File: Unknown
Error Line: 0
====================================================================
====================================================================
Time Encountered: February 11, 2018, 11:08:19 AM
Error Type: Unknown Error (Error #32)
Error String: Module 'imagick' already loaded
Error File: Unknown
Error Line: 0
====================================================================
====================================================================
Time Encountered: February 11, 2018, 11:13:31 AM
Error Type: Unknown Error (Error #32)
Error String: Module 'imagick' already loaded
Error File: Unknown
Error Line: 0
====================================================================
====================================================================
Time Encountered: February 11, 2018, 11:13:33 AM
Error Type: Unknown Error (Error #32)
Error String: Module 'imagick' already loaded
Error File: Unknown
Error Line: 0
====================================================================
====================================================================
Time Encountered: February 11, 2018, 11:22:38 AM
Error Type: Unknown Error (Error #32)
Error String: Module 'imagick' already loaded
Error File: Unknown
Error Line: 0
====================================================================
====================================================================
Time Encountered: February 11, 2018, 11:22:59 AM
Error Type: Unknown Error (Error #32)
Error String: Module 'imagick' already loaded
Error File: Unknown
Error Line: 0
====================================================================
====================================================================
Time Encountered: February 11, 2018, 11:23:51 AM
Error Type: User Error (Error #256)
Error String: mmhclass->image->is_image(): image does not exist. (/home/redhue/public_html/redup.ir/images/2803_img_g2xt.jpg)
Error File: /home/redhue/public_html/redup.ir/source/includes/imagemagick.php
Error Line: 81
====================================================================
====================================================================
Time Encountered: February 11, 2018, 11:23:51 AM
Error Type: Unknown Error (Error #32)
Error String: Module 'imagick' already loaded
Error File: Unknown
Error Line: 0
====================================================================
====================================================================
Time Encountered: February 11, 2018, 11:23:52 AM
Error Type: Unknown Error (Error #32)
Error String: Module 'imagick' already loaded
Error File: Unknown
Error Line: 0
====================================================================
====================================================================
Time Encountered: February 11, 2018, 11:28:34 AM
Error Type: Unknown Error (Error #32)
Error String: Module 'imagick' already loaded
Error File: Unknown
Error Line: 0
====================================================================
====================================================================
Time Encountered: February 11, 2018, 11:31:05 AM
Error Type: Unknown Error (Error #32)
Error String: Module 'imagick' already loaded
Error File: Unknown
Error Line: 0
====================================================================
====================================================================
Time Encountered: February 11, 2018, 11:44:26 AM
Error Type: Unknown Error (Error #32)
Error String: Module 'imagick' already loaded
Error File: Unknown
Error Line: 0
====================================================================
====================================================================
Time Encountered: February 11, 2018, 11:47:12 AM
Error Type: Unknown Error (Error #32)
Error String: Module 'imagick' already loaded
Error File: Unknown
Error Line: 0
====================================================================
====================================================================
Time Encountered: February 11, 2018, 11:50:21 AM
Error Type: Unknown Error (Error #32)
Error String: Module 'imagick' already loaded
Error File: Unknown
Error Line: 0
====================================================================
====================================================================
Time Encountered: February 11, 2018, 11:52:15 AM
Error Type: Unknown Error (Error #32)
Error String: Module 'imagick' already loaded
Error File: Unknown
Error Line: 0
====================================================================
====================================================================
Time Encountered: February 11, 2018, 11:52:16 AM
Error Type: Unknown Error (Error #32)
Error String: Module 'imagick' already loaded
Error File: Unknown
Error Line: 0
====================================================================
====================================================================
Time Encountered: February 11, 2018, 11:54:11 AM
Error Type: Unknown Error (Error #32)
Error String: Module 'imagick' already loaded
Error File: Unknown
Error Line: 0
====================================================================
====================================================================
Time Encountered: February 11, 2018, 12:11:29 PM
Error Type: Unknown Error (Error #32)
Error String: Module 'imagick' already loaded
Error File: Unknown
Error Line: 0
====================================================================
====================================================================
Time Encountered: February 11, 2018, 12:13:07 PM
Error Type: Unknown Error (Error #32)
Error String: Module 'imagick' already loaded
Error File: Unknown
Error Line: 0
====================================================================
====================================================================
Time Encountered: February 11, 2018, 12:20:52 PM
Error Type: Unknown Error (Error #32)
Error String: Module 'imagick' already loaded
Error File: Unknown
Error Line: 0
====================================================================
====================================================================
Time Encountered: February 11, 2018, 12:23:21 PM
Error Type: Unknown Error (Error #32)
Error String: Module 'imagick' already loaded
Error File: Unknown
Error Line: 0
====================================================================
====================================================================
Time Encountered: February 11, 2018, 12:26:30 PM
Error Type: Unknown Error (Error #32)
Error String: Module 'imagick' already loaded
Error File: Unknown
Error Line: 0
====================================================================
====================================================================
Time Encountered: February 11, 2018, 12:30:23 PM
Error Type: Unknown Error (Error #32)
Error String: Module 'imagick' already loaded
Error File: Unknown
Error Line: 0
====================================================================
====================================================================
Time Encountered: February 11, 2018, 12:35:01 PM
Error Type: Unknown Error (Error #32)
Error String: Module 'imagick' already loaded
Error File: Unknown
Error Line: 0
====================================================================
====================================================================
Time Encountered: February 11, 2018, 12:48:35 PM
Error Type: Unknown Error (Error #32)
Error String: Module 'imagick' already loaded
Error File: Unknown
Error Line: 0
====================================================================
====================================================================
Time Encountered: February 11, 2018, 12:51:34 PM
Error Type: Unknown Error (Error #32)
Error String: Module 'imagick' already loaded
Error File: Unknown
Error Line: 0
====================================================================
====================================================================
Time Encountered: February 11, 2018, 12:53:04 PM
Error Type: Unknown Error (Error #32)
Error String: Module 'imagick' already loaded
Error File: Unknown
Error Line: 0
====================================================================
====================================================================
Time Encountered: February 11, 2018, 12:57:12 PM
Error Type: Unknown Error (Error #32)
Error String: Module 'imagick' already loaded
Error File: Unknown
Error Line: 0
====================================================================
====================================================================
Time Encountered: February 11, 2018, 1:02:00 PM
Error Type: Unknown Error (Error #32)
Error String: Module 'imagick' already loaded
Error File: Unknown
Error Line: 0
====================================================================
====================================================================
Time Encountered: February 11, 2018, 1:03:43 PM
Error Type: Unknown Error (Error #32)
Error String: Module 'imagick' already loaded
Error File: Unknown
Error Line: 0
====================================================================
====================================================================
Time Encountered: February 11, 2018, 1:03:46 PM
Error Type: Unknown Error (Error #32)
Error String: Module 'imagick' already loaded
Error File: Unknown
Error Line: 0
====================================================================
====================================================================
Time Encountered: February 11, 2018, 1:07:14 PM
Error Type: Unknown Error (Error #32)
Error String: Module 'imagick' already loaded
Error File: Unknown
Error Line: 0
====================================================================
====================================================================
Time Encountered: February 11, 2018, 1:22:18 PM
Error Type: Unknown Error (Error #32)
Error String: Module 'imagick' already loaded
Error File: Unknown
Error Line: 0
====================================================================
====================================================================
Time Encountered: February 11, 2018, 1:23:43 PM
Error Type: Unknown Error (Error #32)
Error String: Module 'imagick' already loaded
Error File: Unknown
Error Line: 0
====================================================================
====================================================================
Time Encountered: February 11, 2018, 1:23:51 PM
Error Type: Unknown Error (Error #32)
Error String: Module 'imagick' already loaded
Error File: Unknown
Error Line: 0
====================================================================
====================================================================
Time Encountered: February 11, 2018, 1:41:13 PM
Error Type: Unknown Error (Error #32)
Error String: Module 'imagick' already loaded
Error File: Unknown
Error Line: 0
====================================================================
====================================================================
Time Encountered: February 11, 2018, 1:41:16 PM
Error Type: Unknown Error (Error #32)
Error String: Module 'imagick' already loaded
Error File: Unknown
Error Line: 0
====================================================================
====================================================================
Time Encountered: February 11, 2018, 1:41:17 PM
Error Type: Unknown Error (Error #32)
Error String: Module 'imagick' already loaded
Error File: Unknown
Error Line: 0
====================================================================
====================================================================
Time Encountered: February 11, 2018, 1:46:28 PM
Error Type: Unknown Error (Error #32)
Error String: Module 'imagick' already loaded
Error File: Unknown
Error Line: 0
====================================================================
====================================================================
Time Encountered: February 11, 2018, 1:49:25 PM
Error Type: Unknown Error (Error #32)
Error String: Module 'imagick' already loaded
Error File: Unknown
Error Line: 0
====================================================================
====================================================================
Time Encountered: February 11, 2018, 1:56:02 PM
Error Type: Unknown Error (Error #32)
Error String: Module 'imagick' already loaded
Error File: Unknown
Error Line: 0
====================================================================
====================================================================
Time Encountered: February 11, 2018, 1:56:10 PM
Error Type: Unknown Error (Error #32)
Error String: Module 'imagick' already loaded
Error File: Unknown
Error Line: 0
====================================================================
====================================================================
Time Encountered: February 11, 2018, 1:56:18 PM
Error Type: Unknown Error (Error #32)
Error String: Module 'imagick' already loaded
Error File: Unknown
Error Line: 0
====================================================================
====================================================================
Time Encountered: February 11, 2018, 1:56:54 PM
Error Type: Unknown Error (Error #32)
Error String: Module 'imagick' already loaded
Error File: Unknown
Error Line: 0
====================================================================
====================================================================
Time Encountered: February 11, 2018, 1:57:07 PM
Error Type: Unknown Error (Error #32)
Error String: Module 'imagick' already loaded
Error File: Unknown
Error Line: 0
====================================================================
====================================================================
Time Encountered: February 11, 2018, 1:57:07 PM
Error Type: Unknown Error (Error #32)
Error String: Module 'imagick' already loaded
Error File: Unknown
Error Line: 0
====================================================================
====================================================================
Time Encountered: February 11, 2018, 1:57:12 PM
Error Type: Unknown Error (Error #32)
Error String: Module 'imagick' already loaded
Error File: Unknown
Error Line: 0
====================================================================
====================================================================
Time Encountered: February 11, 2018, 1:57:13 PM
Error Type: Unknown Error (Error #32)
Error String: Module 'imagick' already loaded
Error File: Unknown
Error Line: 0
====================================================================
====================================================================
Time Encountered: February 11, 2018, 2:01:38 PM
Error Type: Unknown Error (Error #32)
Error String: Module 'imagick' already loaded
Error File: Unknown
Error Line: 0
====================================================================
====================================================================
Time Encountered: February 11, 2018, 2:02:12 PM
Error Type: Unknown Error (Error #32)
Error String: Module 'imagick' already loaded
Error File: Unknown
Error Line: 0
====================================================================
====================================================================
Time Encountered: February 11, 2018, 2:12:23 PM
Error Type: Unknown Error (Error #32)
Error String: Module 'imagick' already loaded
Error File: Unknown
Error Line: 0
====================================================================
====================================================================
Time Encountered: February 11, 2018, 2:15:36 PM
Error Type: Unknown Error (Error #32)
Error String: Module 'imagick' already loaded
Error File: Unknown
Error Line: 0
====================================================================
====================================================================
Time Encountered: February 11, 2018, 2:29:09 PM
Error Type: Unknown Error (Error #32)
Error String: Module 'imagick' already loaded
Error File: Unknown
Error Line: 0
====================================================================
====================================================================
Time Encountered: February 11, 2018, 2:30:55 PM
Error Type: Unknown Error (Error #32)
Error String: Module 'imagick' already loaded
Error File: Unknown
Error Line: 0
====================================================================
====================================================================
Time Encountered: February 11, 2018, 2:33:39 PM
Error Type: Unknown Error (Error #32)
Error String: Module 'imagick' already loaded
Error File: Unknown
Error Line: 0
====================================================================
====================================================================
Time Encountered: February 11, 2018, 2:36:05 PM
Error Type: Unknown Error (Error #32)
Error String: Module 'imagick' already loaded
Error File: Unknown
Error Line: 0
====================================================================
====================================================================
Time Encountered: February 11, 2018, 2:37:14 PM
Error Type: Unknown Error (Error #32)
Error String: Module 'imagick' already loaded
Error File: Unknown
Error Line: 0
====================================================================
====================================================================
Time Encountered: February 11, 2018, 2:38:48 PM
Error Type: Unknown Error (Error #32)
Error String: Module 'imagick' already loaded
Error File: Unknown
Error Line: 0
====================================================================
====================================================================
Time Encountered: February 11, 2018, 2:43:10 PM
Error Type: Unknown Error (Error #32)
Error String: Module 'imagick' already loaded
Error File: Unknown
Error Line: 0
====================================================================
====================================================================
Time Encountered: February 11, 2018, 2:43:13 PM
Error Type: Unknown Error (Error #32)
Error String: Module 'imagick' already loaded
Error File: Unknown
Error Line: 0
====================================================================
====================================================================
Time Encountered: February 11, 2018, 2:51:19 PM
Error Type: Unknown Error (Error #32)
Error String: Module 'imagick' already loaded
Error File: Unknown
Error Line: 0
====================================================================
====================================================================
Time Encountered: February 11, 2018, 2:51:46 PM
Error Type: Unknown Error (Error #32)
Error String: Module 'imagick' already loaded
Error File: Unknown
Error Line: 0
====================================================================
====================================================================
Time Encountered: February 11, 2018, 2:54:36 PM
Error Type: Unknown Error (Error #32)
Error String: Module 'imagick' already loaded
Error File: Unknown
Error Line: 0
====================================================================
====================================================================
Time Encountered: February 11, 2018, 2:56:32 PM
Error Type: Unknown Error (Error #32)
Error String: Module 'imagick' already loaded
Error File: Unknown
Error Line: 0
====================================================================
====================================================================
Time Encountered: February 11, 2018, 3:01:15 PM
Error Type: Unknown Error (Error #32)
Error String: Module 'imagick' already loaded
Error File: Unknown
Error Line: 0
====================================================================
====================================================================
Time Encountered: February 11, 2018, 3:03:00 PM
Error Type: Unknown Error (Error #32)
Error String: Module 'imagick' already loaded
Error File: Unknown
Error Line: 0
====================================================================
====================================================================
Time Encountered: February 11, 2018, 3:10:14 PM
Error Type: Unknown Error (Error #32)
Error String: Module 'imagick' already loaded
Error File: Unknown
Error Line: 0
====================================================================
====================================================================
Time Encountered: February 11, 2018, 3:19:52 PM
Error Type: Unknown Error (Error #32)
Error String: Module 'imagick' already loaded
Error File: Unknown
Error Line: 0
====================================================================
====================================================================
Time Encountered: February 11, 2018, 3:23:26 PM
Error Type: Unknown Error (Error #32)
Error String: Module 'imagick' already loaded
Error File: Unknown
Error Line: 0
====================================================================
====================================================================
Time Encountered: February 11, 2018, 3:26:07 PM
Error Type: Unknown Error (Error #32)
Error String: Module 'imagick' already loaded
Error File: Unknown
Error Line: 0
====================================================================
====================================================================
Time Encountered: February 11, 2018, 3:31:08 PM
Error Type: Unknown Error (Error #32)
Error String: Module 'imagick' already loaded
Error File: Unknown
Error Line: 0
====================================================================
====================================================================
Time Encountered: February 11, 2018, 3:47:16 PM
Error Type: Unknown Error (Error #32)
Error String: Module 'imagick' already loaded
Error File: Unknown
Error Line: 0
====================================================================
====================================================================
Time Encountered: February 11, 2018, 3:55:37 PM
Error Type: Unknown Error (Error #32)
Error String: Module 'imagick' already loaded
Error File: Unknown
Error Line: 0
====================================================================
====================================================================
Time Encountered: February 11, 2018, 3:55:40 PM
Error Type: Unknown Error (Error #32)
Error String: Module 'imagick' already loaded
Error File: Unknown
Error Line: 0
====================================================================
====================================================================
Time Encountered: February 11, 2018, 3:57:09 PM
Error Type: Unknown Error (Error #32)
Error String: Module 'imagick' already loaded
Error File: Unknown
Error Line: 0
====================================================================
====================================================================
Time Encountered: February 11, 2018, 3:57:35 PM
Error Type: Unknown Error (Error #32)
Error String: Module 'imagick' already loaded
Error File: Unknown
Error Line: 0
====================================================================
====================================================================
Time Encountered: February 11, 2018, 4:30:54 PM
Error Type: Unknown Error (Error #32)
Error String: Module 'imagick' already loaded
Error File: Unknown
Error Line: 0
====================================================================
====================================================================
Time Encountered: February 11, 2018, 4:32:07 PM
Error Type: Unknown Error (Error #32)
Error String: Module 'imagick' already loaded
Error File: Unknown
Error Line: 0
====================================================================
====================================================================
Time Encountered: February 11, 2018, 4:32:36 PM
Error Type: Unknown Error (Error #32)
Error String: Module 'imagick' already loaded
Error File: Unknown
Error Line: 0
====================================================================
====================================================================
Time Encountered: February 11, 2018, 4:49:19 PM
Error Type: Unknown Error (Error #32)
Error String: Module 'imagick' already loaded
Error File: Unknown
Error Line: 0
====================================================================
====================================================================
Time Encountered: February 11, 2018, 4:49:23 PM
Error Type: Unknown Error (Error #32)
Error String: Module 'imagick' already loaded
Error File: Unknown
Error Line: 0
====================================================================
====================================================================
Time Encountered: February 11, 2018, 4:56:21 PM
Error Type: Unknown Error (Error #32)
Error String: Module 'imagick' already loaded
Error File: Unknown
Error Line: 0
====================================================================
====================================================================
Time Encountered: February 11, 2018, 4:59:33 PM
Error Type: Unknown Error (Error #32)
Error String: Module 'imagick' already loaded
Error File: Unknown
Error Line: 0
====================================================================
====================================================================
Time Encountered: February 11, 2018, 5:05:38 PM
Error Type: Unknown Error (Error #32)
Error String: Module 'imagick' already loaded
Error File: Unknown
Error Line: 0
====================================================================
====================================================================
Time Encountered: February 11, 2018, 5:06:39 PM
Error Type: Unknown Error (Error #32)
Error String: Module 'imagick' already loaded
Error File: Unknown
Error Line: 0
====================================================================
====================================================================
Time Encountered: February 11, 2018, 5:12:59 PM
Error Type: Unknown Error (Error #32)
Error String: Module 'imagick' already loaded
Error File: Unknown
Error Line: 0
====================================================================
====================================================================
Time Encountered: February 11, 2018, 5:25:24 PM
Error Type: Unknown Error (Error #32)
Error String: Module 'imagick' already loaded
Error File: Unknown
Error Line: 0
====================================================================
====================================================================
Time Encountered: February 11, 2018, 5:39:34 PM
Error Type: Unknown Error (Error #32)
Error String: Module 'imagick' already loaded
Error File: Unknown
Error Line: 0
====================================================================
====================================================================
Time Encountered: February 11, 2018, 5:41:11 PM
Error Type: Unknown Error (Error #32)
Error String: Module 'imagick' already loaded
Error File: Unknown
Error Line: 0
====================================================================
====================================================================
Time Encountered: February 11, 2018, 5:41:48 PM
Error Type: Unknown Error (Error #32)
Error String: Module 'imagick' already loaded
Error File: Unknown
Error Line: 0
====================================================================
====================================================================
Time Encountered: February 11, 2018, 5:46:19 PM
Error Type: Unknown Error (Error #32)
Error String: Module 'imagick' already loaded
Error File: Unknown
Error Line: 0
====================================================================
====================================================================
Time Encountered: February 11, 2018, 5:48:51 PM
Error Type: Unknown Error (Error #32)
Error String: Module 'imagick' already loaded
Error File: Unknown
Error Line: 0
====================================================================
====================================================================
Time Encountered: February 11, 2018, 5:49:23 PM
Error Type: Unknown Error (Error #32)
Error String: Module 'imagick' already loaded
Error File: Unknown
Error Line: 0
====================================================================
====================================================================
Time Encountered: February 11, 2018, 6:01:23 PM
Error Type: Unknown Error (Error #32)
Error String: Module 'imagick' already loaded
Error File: Unknown
Error Line: 0
====================================================================
====================================================================
Time Encountered: February 11, 2018, 6:01:43 PM
Error Type: Unknown Error (Error #32)
Error String: Module 'imagick' already loaded
Error File: Unknown
Error Line: 0
====================================================================
====================================================================
Time Encountered: February 11, 2018, 6:01:54 PM
Error Type: Unknown Error (Error #32)
Error String: Module 'imagick' already loaded
Error File: Unknown
Error Line: 0
====================================================================
====================================================================
Time Encountered: February 11, 2018, 6:02:02 PM
Error Type: Unknown Error (Error #32)
Error String: Module 'imagick' already loaded
Error File: Unknown
Error Line: 0
====================================================================
====================================================================
Time Encountered: February 11, 2018, 6:08:02 PM
Error Type: Unknown Error (Error #32)
Error String: Module 'imagick' already loaded
Error File: Unknown
Error Line: 0
====================================================================
====================================================================
Time Encountered: February 11, 2018, 6:10:06 PM
Error Type: User Error (Error #256)
Error String: mmhclass->image->is_image(): image does not exist. (/home/redhue/public_html/redup.ir/images/7229_img_sipb.jpg)
Error File: /home/redhue/public_html/redup.ir/source/includes/imagemagick.php
Error Line: 81
====================================================================
====================================================================
Time Encountered: February 11, 2018, 6:10:06 PM
Error Type: Unknown Error (Error #32)
Error String: Module 'imagick' already loaded
Error File: Unknown
Error Line: 0
====================================================================
====================================================================
Time Encountered: February 11, 2018, 6:11:17 PM
Error Type: Unknown Error (Error #32)
Error String: Module 'imagick' already loaded
Error File: Unknown
Error Line: 0
====================================================================
====================================================================
Time Encountered: February 11, 2018, 6:12:39 PM
Error Type: Unknown Error (Error #32)
Error String: Module 'imagick' already loaded
Error File: Unknown
Error Line: 0
====================================================================
====================================================================
Time Encountered: February 11, 2018, 6:12:47 PM
Error Type: Unknown Error (Error #32)
Error String: Module 'imagick' already loaded
Error File: Unknown
Error Line: 0
====================================================================
====================================================================
Time Encountered: February 11, 2018, 6:19:27 PM
Error Type: Unknown Error (Error #32)
Error String: Module 'imagick' already loaded
Error File: Unknown
Error Line: 0
====================================================================
====================================================================
Time Encountered: February 11, 2018, 7:02:33 PM
Error Type: Unknown Error (Error #32)
Error String: Module 'imagick' already loaded
Error File: Unknown
Error Line: 0
====================================================================
====================================================================
Time Encountered: February 11, 2018, 7:12:09 PM
Error Type: Unknown Error (Error #32)
Error String: Module 'imagick' already loaded
Error File: Unknown
Error Line: 0
====================================================================
====================================================================
Time Encountered: February 11, 2018, 7:15:54 PM
Error Type: Unknown Error (Error #32)
Error String: Module 'imagick' already loaded
Error File: Unknown
Error Line: 0
====================================================================
====================================================================
Time Encountered: February 11, 2018, 7:18:38 PM
Error Type: Unknown Error (Error #32)
Error String: Module 'imagick' already loaded
Error File: Unknown
Error Line: 0
====================================================================
====================================================================
Time Encountered: February 11, 2018, 7:53:05 PM
Error Type: Unknown Error (Error #32)
Error String: Module 'imagick' already loaded
Error File: Unknown
Error Line: 0
====================================================================
====================================================================
Time Encountered: February 11, 2018, 7:55:47 PM
Error Type: Unknown Error (Error #32)
Error String: Module 'imagick' already loaded
Error File: Unknown
Error Line: 0
====================================================================
====================================================================
Time Encountered: February 11, 2018, 7:59:34 PM
Error Type: Unknown Error (Error #32)
Error String: Module 'imagick' already loaded
Error File: Unknown
Error Line: 0
====================================================================
====================================================================
Time Encountered: February 11, 2018, 8:03:21 PM
Error Type: Unknown Error (Error #32)
Error String: Module 'imagick' already loaded
Error File: Unknown
Error Line: 0
====================================================================
====================================================================
Time Encountered: February 11, 2018, 8:05:28 PM
Error Type: Unknown Error (Error #32)
Error String: Module 'imagick' already loaded
Error File: Unknown
Error Line: 0
====================================================================
====================================================================
Time Encountered: February 11, 2018, 8:07:08 PM
Error Type: Unknown Error (Error #32)
Error String: Module 'imagick' already loaded
Error File: Unknown
Error Line: 0
====================================================================
====================================================================
Time Encountered: February 11, 2018, 8:10:55 PM
Error Type: Unknown Error (Error #32)
Error String: Module 'imagick' already loaded
Error File: Unknown
Error Line: 0
====================================================================
====================================================================
Time Encountered: February 11, 2018, 8:14:42 PM
Error Type: Unknown Error (Error #32)
Error String: Module 'imagick' already loaded
Error File: Unknown
Error Line: 0
====================================================================
====================================================================
Time Encountered: February 11, 2018, 8:18:29 PM
Error Type: Unknown Error (Error #32)
Error String: Module 'imagick' already loaded
Error File: Unknown
Error Line: 0
====================================================================
====================================================================
Time Encountered: February 11, 2018, 8:22:16 PM
Error Type: Unknown Error (Error #32)
Error String: Module 'imagick' already loaded
Error File: Unknown
Error Line: 0
====================================================================
====================================================================
Time Encountered: February 11, 2018, 8:24:33 PM
Error Type: Unknown Error (Error #32)
Error String: Module 'imagick' already loaded
Error File: Unknown
Error Line: 0
====================================================================
====================================================================
Time Encountered: February 11, 2018, 8:25:49 PM
Error Type: Unknown Error (Error #32)
Error String: Module 'imagick' already loaded
Error File: Unknown
Error Line: 0
====================================================================
====================================================================
Time Encountered: February 11, 2018, 8:26:03 PM
Error Type: Unknown Error (Error #32)
Error String: Module 'imagick' already loaded
Error File: Unknown
Error Line: 0
====================================================================
====================================================================
Time Encountered: February 11, 2018, 8:27:26 PM
Error Type: Unknown Error (Error #32)
Error String: Module 'imagick' already loaded
Error File: Unknown
Error Line: 0
====================================================================
====================================================================
Time Encountered: February 11, 2018, 8:29:50 PM
Error Type: Unknown Error (Error #32)
Error String: Module 'imagick' already loaded
Error File: Unknown
Error Line: 0
====================================================================
====================================================================
Time Encountered: February 11, 2018, 8:32:50 PM
Error Type: Unknown Error (Error #32)
Error String: Module 'imagick' already loaded
Error File: Unknown
Error Line: 0
====================================================================
====================================================================
Time Encountered: February 11, 2018, 8:33:37 PM
Error Type: Unknown Error (Error #32)
Error String: Module 'imagick' already loaded
Error File: Unknown
Error Line: 0
====================================================================
====================================================================
Time Encountered: February 11, 2018, 8:33:50 PM
Error Type: Unknown Error (Error #32)
Error String: Module 'imagick' already loaded
Error File: Unknown
Error Line: 0
====================================================================
====================================================================
Time Encountered: February 11, 2018, 8:40:24 PM
Error Type: Unknown Error (Error #32)
Error String: Module 'imagick' already loaded
Error File: Unknown
Error Line: 0
====================================================================
====================================================================
Time Encountered: February 11, 2018, 8:41:11 PM
Error Type: Unknown Error (Error #32)
Error String: Module 'imagick' already loaded
Error File: Unknown
Error Line: 0
====================================================================
====================================================================
Time Encountered: February 11, 2018, 8:44:31 PM
Error Type: Unknown Error (Error #32)
Error String: Module 'imagick' already loaded
Error File: Unknown
Error Line: 0
====================================================================
====================================================================
Time Encountered: February 11, 2018, 8:44:58 PM
Error Type: Unknown Error (Error #32)
Error String: Module 'imagick' already loaded
Error File: Unknown
Error Line: 0
====================================================================
====================================================================
Time Encountered: February 11, 2018, 8:48:45 PM
Error Type: Unknown Error (Error #32)
Error String: Module 'imagick' already loaded
Error File: Unknown
Error Line: 0
====================================================================
====================================================================
Time Encountered: February 11, 2018, 8:56:05 PM
Error Type: Unknown Error (Error #32)
Error String: Module 'imagick' already loaded
Error File: Unknown
Error Line: 0
====================================================================
====================================================================
Time Encountered: February 11, 2018, 8:56:19 PM
Error Type: Unknown Error (Error #32)
Error String: Module 'imagick' already loaded
Error File: Unknown
Error Line: 0
====================================================================
====================================================================
Time Encountered: February 11, 2018, 9:02:56 PM
Error Type: Unknown Error (Error #32)
Error String: Module 'imagick' already loaded
Error File: Unknown
Error Line: 0
====================================================================
====================================================================
Time Encountered: February 11, 2018, 9:03:37 PM
Error Type: Unknown Error (Error #32)
Error String: Module 'imagick' already loaded
Error File: Unknown
Error Line: 0
====================================================================
====================================================================
Time Encountered: February 11, 2018, 9:03:53 PM
Error Type: Unknown Error (Error #32)
Error String: Module 'imagick' already loaded
Error File: Unknown
Error Line: 0
====================================================================
====================================================================
Time Encountered: February 11, 2018, 9:07:40 PM
Error Type: Unknown Error (Error #32)
Error String: Module 'imagick' already loaded
Error File: Unknown
Error Line: 0
====================================================================
====================================================================
Time Encountered: February 11, 2018, 9:19:01 PM
Error Type: Unknown Error (Error #32)
Error String: Module 'imagick' already loaded
Error File: Unknown
Error Line: 0
====================================================================
====================================================================
Time Encountered: February 11, 2018, 9:21:51 PM
Error Type: Unknown Error (Error #32)
Error String: Module 'imagick' already loaded
Error File: Unknown
Error Line: 0
====================================================================
====================================================================
Time Encountered: February 11, 2018, 9:22:48 PM
Error Type: Unknown Error (Error #32)
Error String: Module 'imagick' already loaded
Error File: Unknown
Error Line: 0
====================================================================
====================================================================
Time Encountered: February 11, 2018, 9:37:56 PM
Error Type: Unknown Error (Error #32)
Error String: Module 'imagick' already loaded
Error File: Unknown
Error Line: 0
====================================================================
====================================================================
Time Encountered: February 11, 2018, 9:39:57 PM
Error Type: Unknown Error (Error #32)
Error String: Module 'imagick' already loaded
Error File: Unknown
Error Line: 0
====================================================================
====================================================================
Time Encountered: February 11, 2018, 9:41:43 PM
Error Type: Unknown Error (Error #32)
Error String: Module 'imagick' already loaded
Error File: Unknown
Error Line: 0
====================================================================
====================================================================
Time Encountered: February 11, 2018, 9:41:53 PM
Error Type: Unknown Error (Error #32)
Error String: Module 'imagick' already loaded
Error File: Unknown
Error Line: 0
====================================================================
====================================================================
Time Encountered: February 11, 2018, 9:43:53 PM
Error Type: Unknown Error (Error #32)
Error String: Module 'imagick' already loaded
Error File: Unknown
Error Line: 0
====================================================================
====================================================================
Time Encountered: February 11, 2018, 9:45:30 PM
Error Type: Unknown Error (Error #32)
Error String: Module 'imagick' already loaded
Error File: Unknown
Error Line: 0
====================================================================
====================================================================
Time Encountered: February 11, 2018, 9:46:25 PM
Error Type: Unknown Error (Error #32)
Error String: Module 'imagick' already loaded
Error File: Unknown
Error Line: 0
====================================================================
====================================================================
Time Encountered: February 11, 2018, 9:47:15 PM
Error Type: Unknown Error (Error #32)
Error String: Module 'imagick' already loaded
Error File: Unknown
Error Line: 0
====================================================================
====================================================================
Time Encountered: February 11, 2018, 9:49:17 PM
Error Type: Unknown Error (Error #32)
Error String: Module 'imagick' already loaded
Error File: Unknown
Error Line: 0
====================================================================
====================================================================
Time Encountered: February 11, 2018, 9:50:29 PM
Error Type: Unknown Error (Error #32)
Error String: Module 'imagick' already loaded
Error File: Unknown
Error Line: 0
====================================================================
====================================================================
Time Encountered: February 11, 2018, 9:53:04 PM
Error Type: Unknown Error (Error #32)
Error String: Module 'imagick' already loaded
Error File: Unknown
Error Line: 0
====================================================================
====================================================================
Time Encountered: February 11, 2018, 9:53:29 PM
Error Type: Unknown Error (Error #32)
Error String: Module 'imagick' already loaded
Error File: Unknown
Error Line: 0
====================================================================
====================================================================
Time Encountered: February 11, 2018, 9:54:35 PM
Error Type: Unknown Error (Error #32)
Error String: Module 'imagick' already loaded
Error File: Unknown
Error Line: 0
====================================================================
====================================================================
Time Encountered: February 11, 2018, 9:56:51 PM
Error Type: Unknown Error (Error #32)
Error String: Module 'imagick' already loaded
Error File: Unknown
Error Line: 0
====================================================================
====================================================================
Time Encountered: February 11, 2018, 10:00:15 PM
Error Type: Unknown Error (Error #32)
Error String: Module 'imagick' already loaded
Error File: Unknown
Error Line: 0
====================================================================
====================================================================
Time Encountered: February 11, 2018, 10:00:38 PM
Error Type: Unknown Error (Error #32)
Error String: Module 'imagick' already loaded
Error File: Unknown
Error Line: 0
====================================================================
====================================================================
Time Encountered: February 11, 2018, 10:04:25 PM
Error Type: Unknown Error (Error #32)
Error String: Module 'imagick' already loaded
Error File: Unknown
Error Line: 0
====================================================================
====================================================================
Time Encountered: February 11, 2018, 10:08:12 PM
Error Type: Unknown Error (Error #32)
Error String: Module 'imagick' already loaded
Error File: Unknown
Error Line: 0
====================================================================
====================================================================
Time Encountered: February 11, 2018, 10:11:59 PM
Error Type: Unknown Error (Error #32)
Error String: Module 'imagick' already loaded
Error File: Unknown
Error Line: 0
====================================================================
====================================================================
Time Encountered: February 11, 2018, 10:15:48 PM
Error Type: Unknown Error (Error #32)
Error String: Module 'imagick' already loaded
Error File: Unknown
Error Line: 0
====================================================================
====================================================================
Time Encountered: February 11, 2018, 10:19:33 PM
Error Type: Unknown Error (Error #32)
Error String: Module 'imagick' already loaded
Error File: Unknown
Error Line: 0
====================================================================
====================================================================
Time Encountered: February 11, 2018, 10:21:49 PM
Error Type: Unknown Error (Error #32)
Error String: Module 'imagick' already loaded
Error File: Unknown
Error Line: 0
====================================================================
====================================================================
Time Encountered: February 11, 2018, 10:23:20 PM
Error Type: Unknown Error (Error #32)
Error String: Module 'imagick' already loaded
Error File: Unknown
Error Line: 0
====================================================================
====================================================================
Time Encountered: February 11, 2018, 10:24:33 PM
Error Type: Unknown Error (Error #32)
Error String: Module 'imagick' already loaded
Error File: Unknown
Error Line: 0
====================================================================
====================================================================
Time Encountered: February 11, 2018, 10:27:07 PM
Error Type: Unknown Error (Error #32)
Error String: Module 'imagick' already loaded
Error File: Unknown
Error Line: 0
====================================================================
====================================================================
Time Encountered: February 11, 2018, 10:29:04 PM
Error Type: Unknown Error (Error #32)
Error String: Module 'imagick' already loaded
Error File: Unknown
Error Line: 0
====================================================================
====================================================================
Time Encountered: February 11, 2018, 10:30:54 PM
Error Type: Unknown Error (Error #32)
Error String: Module 'imagick' already loaded
Error File: Unknown
Error Line: 0
====================================================================
====================================================================
Time Encountered: February 11, 2018, 10:38:28 PM
Error Type: Unknown Error (Error #32)
Error String: Module 'imagick' already loaded
Error File: Unknown
Error Line: 0
====================================================================
====================================================================
Time Encountered: February 11, 2018, 10:42:15 PM
Error Type: Unknown Error (Error #32)
Error String: Module 'imagick' already loaded
Error File: Unknown
Error Line: 0
====================================================================
====================================================================
Time Encountered: February 11, 2018, 10:46:02 PM
Error Type: Unknown Error (Error #32)
Error String: Module 'imagick' already loaded
Error File: Unknown
Error Line: 0
====================================================================
====================================================================
Time Encountered: February 11, 2018, 10:49:49 PM
Error Type: Unknown Error (Error #32)
Error String: Module 'imagick' already loaded
Error File: Unknown
Error Line: 0
====================================================================
====================================================================
Time Encountered: February 11, 2018, 10:53:36 PM
Error Type: Unknown Error (Error #32)
Error String: Module 'imagick' already loaded
Error File: Unknown
Error Line: 0
====================================================================
====================================================================
Time Encountered: February 11, 2018, 10:57:23 PM
Error Type: Unknown Error (Error #32)
Error String: Module 'imagick' already loaded
Error File: Unknown
Error Line: 0
====================================================================
====================================================================
Time Encountered: February 11, 2018, 11:01:10 PM
Error Type: Unknown Error (Error #32)
Error String: Module 'imagick' already loaded
Error File: Unknown
Error Line: 0
====================================================================
====================================================================
Time Encountered: February 11, 2018, 11:08:44 PM
Error Type: Unknown Error (Error #32)
Error String: Module 'imagick' already loaded
Error File: Unknown
Error Line: 0
====================================================================
====================================================================
Time Encountered: February 11, 2018, 11:12:31 PM
Error Type: Unknown Error (Error #32)
Error String: Module 'imagick' already loaded
Error File: Unknown
Error Line: 0
====================================================================
====================================================================
Time Encountered: February 11, 2018, 11:14:43 PM
Error Type: Unknown Error (Error #32)
Error String: Module 'imagick' already loaded
Error File: Unknown
Error Line: 0
====================================================================
====================================================================
Time Encountered: February 11, 2018, 11:15:34 PM
Error Type: Unknown Error (Error #32)
Error String: Module 'imagick' already loaded
Error File: Unknown
Error Line: 0
====================================================================
====================================================================
Time Encountered: February 11, 2018, 11:16:18 PM
Error Type: Unknown Error (Error #32)
Error String: Module 'imagick' already loaded
Error File: Unknown
Error Line: 0
====================================================================
====================================================================
Time Encountered: February 11, 2018, 11:20:05 PM
Error Type: Unknown Error (Error #32)
Error String: Module 'imagick' already loaded
Error File: Unknown
Error Line: 0
====================================================================
====================================================================
Time Encountered: February 11, 2018, 11:23:52 PM
Error Type: Unknown Error (Error #32)
Error String: Module 'imagick' already loaded
Error File: Unknown
Error Line: 0
====================================================================
====================================================================
Time Encountered: February 11, 2018, 11:27:39 PM
Error Type: Unknown Error (Error #32)
Error String: Module 'imagick' already loaded
Error File: Unknown
Error Line: 0
====================================================================
====================================================================
Time Encountered: February 11, 2018, 11:31:25 PM
Error Type: Unknown Error (Error #32)
Error String: Module 'imagick' already loaded
Error File: Unknown
Error Line: 0
====================================================================
====================================================================
Time Encountered: February 11, 2018, 11:35:04 PM
Error Type: Unknown Error (Error #32)
Error String: Module 'imagick' already loaded
Error File: Unknown
Error Line: 0
====================================================================
====================================================================
Time Encountered: February 11, 2018, 11:35:12 PM
Error Type: Unknown Error (Error #32)
Error String: Module 'imagick' already loaded
Error File: Unknown
Error Line: 0
====================================================================
====================================================================
Time Encountered: February 11, 2018, 11:35:30 PM
Error Type: Unknown Error (Error #32)
Error String: Module 'imagick' already loaded
Error File: Unknown
Error Line: 0
====================================================================
====================================================================
Time Encountered: February 11, 2018, 11:36:51 PM
Error Type: Unknown Error (Error #32)
Error String: Module 'imagick' already loaded
Error File: Unknown
Error Line: 0
====================================================================
====================================================================
Time Encountered: February 11, 2018, 11:39:00 PM
Error Type: Unknown Error (Error #32)
Error String: Module 'imagick' already loaded
Error File: Unknown
Error Line: 0
====================================================================
====================================================================
Time Encountered: February 11, 2018, 11:40:48 PM
Error Type: Unknown Error (Error #32)
Error String: Module 'imagick' already loaded
Error File: Unknown
Error Line: 0
====================================================================
====================================================================
Time Encountered: February 11, 2018, 11:41:19 PM
Error Type: Unknown Error (Error #32)
Error String: Module 'imagick' already loaded
Error File: Unknown
Error Line: 0
====================================================================
====================================================================
Time Encountered: February 11, 2018, 11:42:47 PM
Error Type: Unknown Error (Error #32)
Error String: Module 'imagick' already loaded
Error File: Unknown
Error Line: 0
====================================================================
====================================================================
Time Encountered: February 11, 2018, 11:46:34 PM
Error Type: Unknown Error (Error #32)
Error String: Module 'imagick' already loaded
Error File: Unknown
Error Line: 0
====================================================================
====================================================================
Time Encountered: February 11, 2018, 11:50:21 PM
Error Type: Unknown Error (Error #32)
Error String: Module 'imagick' already loaded
Error File: Unknown
Error Line: 0
====================================================================
====================================================================
Time Encountered: February 11, 2018, 11:53:13 PM
Error Type: Unknown Error (Error #32)
Error String: Module 'imagick' already loaded
Error File: Unknown
Error Line: 0
====================================================================
