====================================================================
Time Encountered: February 18, 2018, 12:00:00 AM
Error Type: Unknown Error (Error #32)
Error String: Module 'imagick' already loaded
Error File: Unknown
Error Line: 0
====================================================================
====================================================================
Time Encountered: February 18, 2018, 12:07:14 AM
Error Type: Unknown Error (Error #32)
Error String: Module 'imagick' already loaded
Error File: Unknown
Error Line: 0
====================================================================
====================================================================
Time Encountered: February 18, 2018, 12:09:52 AM
Error Type: Unknown Error (Error #32)
Error String: Module 'imagick' already loaded
Error File: Unknown
Error Line: 0
====================================================================
====================================================================
Time Encountered: February 18, 2018, 12:50:17 AM
Error Type: Unknown Error (Error #32)
Error String: Module 'imagick' already loaded
Error File: Unknown
Error Line: 0
====================================================================
====================================================================
Time Encountered: February 18, 2018, 12:52:35 AM
Error Type: Unknown Error (Error #32)
Error String: Module 'imagick' already loaded
Error File: Unknown
Error Line: 0
====================================================================
====================================================================
Time Encountered: February 18, 2018, 1:03:20 AM
Error Type: Unknown Error (Error #32)
Error String: Module 'imagick' already loaded
Error File: Unknown
Error Line: 0
====================================================================
====================================================================
Time Encountered: February 18, 2018, 1:04:00 AM
Error Type: Unknown Error (Error #32)
Error String: Module 'imagick' already loaded
Error File: Unknown
Error Line: 0
====================================================================
====================================================================
Time Encountered: February 18, 2018, 1:37:00 AM
Error Type: Unknown Error (Error #32)
Error String: Module 'imagick' already loaded
Error File: Unknown
Error Line: 0
====================================================================
====================================================================
Time Encountered: February 18, 2018, 1:40:16 AM
Error Type: Unknown Error (Error #32)
Error String: Module 'imagick' already loaded
Error File: Unknown
Error Line: 0
====================================================================
====================================================================
Time Encountered: February 18, 2018, 1:43:58 AM
Error Type: Unknown Error (Error #32)
Error String: Module 'imagick' already loaded
Error File: Unknown
Error Line: 0
====================================================================
====================================================================
Time Encountered: February 18, 2018, 1:49:25 AM
Error Type: Unknown Error (Error #32)
Error String: Module 'imagick' already loaded
Error File: Unknown
Error Line: 0
====================================================================
====================================================================
Time Encountered: February 18, 2018, 1:50:20 AM
Error Type: Unknown Error (Error #32)
Error String: Module 'imagick' already loaded
Error File: Unknown
Error Line: 0
====================================================================
====================================================================
Time Encountered: February 18, 2018, 2:06:37 AM
Error Type: Unknown Error (Error #32)
Error String: Module 'imagick' already loaded
Error File: Unknown
Error Line: 0
====================================================================
====================================================================
Time Encountered: February 18, 2018, 2:23:10 AM
Error Type: Unknown Error (Error #32)
Error String: Module 'imagick' already loaded
Error File: Unknown
Error Line: 0
====================================================================
====================================================================
Time Encountered: February 18, 2018, 2:31:33 AM
Error Type: Unknown Error (Error #32)
Error String: Module 'imagick' already loaded
Error File: Unknown
Error Line: 0
====================================================================
====================================================================
Time Encountered: February 18, 2018, 2:36:47 AM
Error Type: Unknown Error (Error #32)
Error String: Module 'imagick' already loaded
Error File: Unknown
Error Line: 0
====================================================================
====================================================================
Time Encountered: February 18, 2018, 2:59:53 AM
Error Type: Unknown Error (Error #32)
Error String: Module 'imagick' already loaded
Error File: Unknown
Error Line: 0
====================================================================
====================================================================
Time Encountered: February 18, 2018, 3:03:13 AM
Error Type: Unknown Error (Error #32)
Error String: Module 'imagick' already loaded
Error File: Unknown
Error Line: 0
====================================================================
====================================================================
Time Encountered: February 18, 2018, 3:17:51 AM
Error Type: Unknown Error (Error #32)
Error String: Module 'imagick' already loaded
Error File: Unknown
Error Line: 0
====================================================================
====================================================================
Time Encountered: February 18, 2018, 3:19:18 AM
Error Type: Unknown Error (Error #32)
Error String: Module 'imagick' already loaded
Error File: Unknown
Error Line: 0
====================================================================
====================================================================
Time Encountered: February 18, 2018, 3:22:36 AM
Error Type: Unknown Error (Error #32)
Error String: Module 'imagick' already loaded
Error File: Unknown
Error Line: 0
====================================================================
====================================================================
Time Encountered: February 18, 2018, 3:28:39 AM
Error Type: Unknown Error (Error #32)
Error String: Module 'imagick' already loaded
Error File: Unknown
Error Line: 0
====================================================================
====================================================================
Time Encountered: February 18, 2018, 3:52:04 AM
Error Type: Unknown Error (Error #32)
Error String: Module 'imagick' already loaded
Error File: Unknown
Error Line: 0
====================================================================
====================================================================
Time Encountered: February 18, 2018, 4:16:37 AM
Error Type: Unknown Error (Error #32)
Error String: Module 'imagick' already loaded
Error File: Unknown
Error Line: 0
====================================================================
====================================================================
Time Encountered: February 18, 2018, 4:17:23 AM
Error Type: Unknown Error (Error #32)
Error String: Module 'imagick' already loaded
Error File: Unknown
Error Line: 0
====================================================================
====================================================================
Time Encountered: February 18, 2018, 4:22:52 AM
Error Type: Unknown Error (Error #32)
Error String: Module 'imagick' already loaded
Error File: Unknown
Error Line: 0
====================================================================
====================================================================
Time Encountered: February 18, 2018, 4:28:44 AM
Error Type: Unknown Error (Error #32)
Error String: Module 'imagick' already loaded
Error File: Unknown
Error Line: 0
====================================================================
====================================================================
Time Encountered: February 18, 2018, 4:29:29 AM
Error Type: Unknown Error (Error #32)
Error String: Module 'imagick' already loaded
Error File: Unknown
Error Line: 0
====================================================================
====================================================================
Time Encountered: February 18, 2018, 4:30:18 AM
Error Type: Unknown Error (Error #32)
Error String: Module 'imagick' already loaded
Error File: Unknown
Error Line: 0
====================================================================
====================================================================
Time Encountered: February 18, 2018, 4:37:06 AM
Error Type: Unknown Error (Error #32)
Error String: Module 'imagick' already loaded
Error File: Unknown
Error Line: 0
====================================================================
====================================================================
Time Encountered: February 18, 2018, 4:38:42 AM
Error Type: Unknown Error (Error #32)
Error String: Module 'imagick' already loaded
Error File: Unknown
Error Line: 0
====================================================================
====================================================================
Time Encountered: February 18, 2018, 4:53:53 AM
Error Type: Unknown Error (Error #32)
Error String: Module 'imagick' already loaded
Error File: Unknown
Error Line: 0
====================================================================
====================================================================
Time Encountered: February 18, 2018, 4:54:23 AM
Error Type: Unknown Error (Error #32)
Error String: Module 'imagick' already loaded
Error File: Unknown
Error Line: 0
====================================================================
====================================================================
Time Encountered: February 18, 2018, 5:03:22 AM
Error Type: Unknown Error (Error #32)
Error String: Module 'imagick' already loaded
Error File: Unknown
Error Line: 0
====================================================================
====================================================================
Time Encountered: February 18, 2018, 5:06:53 AM
Error Type: Unknown Error (Error #32)
Error String: Module 'imagick' already loaded
Error File: Unknown
Error Line: 0
====================================================================
====================================================================
Time Encountered: February 18, 2018, 5:23:23 AM
Error Type: Unknown Error (Error #32)
Error String: Module 'imagick' already loaded
Error File: Unknown
Error Line: 0
====================================================================
====================================================================
Time Encountered: February 18, 2018, 5:27:01 AM
Error Type: Unknown Error (Error #32)
Error String: Module 'imagick' already loaded
Error File: Unknown
Error Line: 0
====================================================================
====================================================================
Time Encountered: February 18, 2018, 5:28:53 AM
Error Type: Unknown Error (Error #32)
Error String: Module 'imagick' already loaded
Error File: Unknown
Error Line: 0
====================================================================
====================================================================
Time Encountered: February 18, 2018, 5:32:29 AM
Error Type: Unknown Error (Error #32)
Error String: Module 'imagick' already loaded
Error File: Unknown
Error Line: 0
====================================================================
====================================================================
Time Encountered: February 18, 2018, 5:33:38 AM
Error Type: Unknown Error (Error #32)
Error String: Module 'imagick' already loaded
Error File: Unknown
Error Line: 0
====================================================================
====================================================================
Time Encountered: February 18, 2018, 5:34:30 AM
Error Type: Unknown Error (Error #32)
Error String: Module 'imagick' already loaded
Error File: Unknown
Error Line: 0
====================================================================
====================================================================
Time Encountered: February 18, 2018, 5:38:57 AM
Error Type: Unknown Error (Error #32)
Error String: Module 'imagick' already loaded
Error File: Unknown
Error Line: 0
====================================================================
====================================================================
Time Encountered: February 18, 2018, 5:39:35 AM
Error Type: Unknown Error (Error #32)
Error String: Module 'imagick' already loaded
Error File: Unknown
Error Line: 0
====================================================================
====================================================================
Time Encountered: February 18, 2018, 5:52:49 AM
Error Type: Unknown Error (Error #32)
Error String: Module 'imagick' already loaded
Error File: Unknown
Error Line: 0
====================================================================
====================================================================
Time Encountered: February 18, 2018, 6:02:09 AM
Error Type: Unknown Error (Error #32)
Error String: Module 'imagick' already loaded
Error File: Unknown
Error Line: 0
====================================================================
====================================================================
Time Encountered: February 18, 2018, 6:02:57 AM
Error Type: Unknown Error (Error #32)
Error String: Module 'imagick' already loaded
Error File: Unknown
Error Line: 0
====================================================================
====================================================================
Time Encountered: February 18, 2018, 6:12:10 AM
Error Type: Unknown Error (Error #32)
Error String: Module 'imagick' already loaded
Error File: Unknown
Error Line: 0
====================================================================
====================================================================
Time Encountered: February 18, 2018, 6:17:31 AM
Error Type: Unknown Error (Error #32)
Error String: Module 'imagick' already loaded
Error File: Unknown
Error Line: 0
====================================================================
====================================================================
Time Encountered: February 18, 2018, 6:29:44 AM
Error Type: Unknown Error (Error #32)
Error String: Module 'imagick' already loaded
Error File: Unknown
Error Line: 0
====================================================================
====================================================================
Time Encountered: February 18, 2018, 6:32:59 AM
Error Type: Unknown Error (Error #32)
Error String: Module 'imagick' already loaded
Error File: Unknown
Error Line: 0
====================================================================
====================================================================
Time Encountered: February 18, 2018, 6:33:03 AM
Error Type: Unknown Error (Error #32)
Error String: Module 'imagick' already loaded
Error File: Unknown
Error Line: 0
====================================================================
====================================================================
Time Encountered: February 18, 2018, 6:39:07 AM
Error Type: Unknown Error (Error #32)
Error String: Module 'imagick' already loaded
Error File: Unknown
Error Line: 0
====================================================================
====================================================================
Time Encountered: February 18, 2018, 6:40:16 AM
Error Type: Unknown Error (Error #32)
Error String: Module 'imagick' already loaded
Error File: Unknown
Error Line: 0
====================================================================
====================================================================
Time Encountered: February 18, 2018, 6:40:35 AM
Error Type: User Error (Error #256)
Error String: mmhclass->image->is_image(): image does not exist. (/home/redhue/public_html/redup.ir/images/8283_img_f5i0.jpg)
Error File: /home/redhue/public_html/redup.ir/source/includes/imagemagick.php
Error Line: 81
====================================================================
====================================================================
Time Encountered: February 18, 2018, 6:40:35 AM
Error Type: Unknown Error (Error #32)
Error String: Module 'imagick' already loaded
Error File: Unknown
Error Line: 0
====================================================================
====================================================================
Time Encountered: February 18, 2018, 6:43:54 AM
Error Type: Unknown Error (Error #32)
Error String: Module 'imagick' already loaded
Error File: Unknown
Error Line: 0
====================================================================
====================================================================
Time Encountered: February 18, 2018, 6:43:54 AM
Error Type: Unknown Error (Error #32)
Error String: Module 'imagick' already loaded
Error File: Unknown
Error Line: 0
====================================================================
====================================================================
Time Encountered: February 18, 2018, 6:44:50 AM
Error Type: Unknown Error (Error #32)
Error String: Module 'imagick' already loaded
Error File: Unknown
Error Line: 0
====================================================================
====================================================================
Time Encountered: February 18, 2018, 6:45:37 AM
Error Type: Unknown Error (Error #32)
Error String: Module 'imagick' already loaded
Error File: Unknown
Error Line: 0
====================================================================
====================================================================
Time Encountered: February 18, 2018, 6:51:03 AM
Error Type: Unknown Error (Error #32)
Error String: Module 'imagick' already loaded
Error File: Unknown
Error Line: 0
====================================================================
====================================================================
Time Encountered: February 18, 2018, 6:54:35 AM
Error Type: Unknown Error (Error #32)
Error String: Module 'imagick' already loaded
Error File: Unknown
Error Line: 0
====================================================================
====================================================================
Time Encountered: February 18, 2018, 6:55:19 AM
Error Type: Unknown Error (Error #32)
Error String: Module 'imagick' already loaded
Error File: Unknown
Error Line: 0
====================================================================
====================================================================
Time Encountered: February 18, 2018, 6:56:21 AM
Error Type: Unknown Error (Error #32)
Error String: Module 'imagick' already loaded
Error File: Unknown
Error Line: 0
====================================================================
====================================================================
Time Encountered: February 18, 2018, 6:57:23 AM
Error Type: Unknown Error (Error #32)
Error String: Module 'imagick' already loaded
Error File: Unknown
Error Line: 0
====================================================================
====================================================================
Time Encountered: February 18, 2018, 6:59:54 AM
Error Type: Unknown Error (Error #32)
Error String: Module 'imagick' already loaded
Error File: Unknown
Error Line: 0
====================================================================
====================================================================
Time Encountered: February 18, 2018, 7:10:47 AM
Error Type: Unknown Error (Error #32)
Error String: Module 'imagick' already loaded
Error File: Unknown
Error Line: 0
====================================================================
====================================================================
Time Encountered: February 18, 2018, 7:11:19 AM
Error Type: Unknown Error (Error #32)
Error String: Module 'imagick' already loaded
Error File: Unknown
Error Line: 0
====================================================================
====================================================================
Time Encountered: February 18, 2018, 7:11:43 AM
Error Type: Unknown Error (Error #32)
Error String: Module 'imagick' already loaded
Error File: Unknown
Error Line: 0
====================================================================
====================================================================
Time Encountered: February 18, 2018, 7:12:19 AM
Error Type: Unknown Error (Error #32)
Error String: Module 'imagick' already loaded
Error File: Unknown
Error Line: 0
====================================================================
====================================================================
Time Encountered: February 18, 2018, 7:12:38 AM
Error Type: Unknown Error (Error #32)
Error String: Module 'imagick' already loaded
Error File: Unknown
Error Line: 0
====================================================================
====================================================================
Time Encountered: February 18, 2018, 7:12:47 AM
Error Type: Unknown Error (Error #32)
Error String: Module 'imagick' already loaded
Error File: Unknown
Error Line: 0
====================================================================
====================================================================
Time Encountered: February 18, 2018, 7:15:49 AM
Error Type: Unknown Error (Error #32)
Error String: Module 'imagick' already loaded
Error File: Unknown
Error Line: 0
====================================================================
====================================================================
Time Encountered: February 18, 2018, 7:19:44 AM
Error Type: Unknown Error (Error #32)
Error String: Module 'imagick' already loaded
Error File: Unknown
Error Line: 0
====================================================================
====================================================================
Time Encountered: February 18, 2018, 7:22:20 AM
Error Type: Unknown Error (Error #32)
Error String: Module 'imagick' already loaded
Error File: Unknown
Error Line: 0
====================================================================
====================================================================
Time Encountered: February 18, 2018, 7:23:21 AM
Error Type: Unknown Error (Error #32)
Error String: Module 'imagick' already loaded
Error File: Unknown
Error Line: 0
====================================================================
====================================================================
Time Encountered: February 18, 2018, 7:23:40 AM
Error Type: Unknown Error (Error #32)
Error String: Module 'imagick' already loaded
Error File: Unknown
Error Line: 0
====================================================================
====================================================================
Time Encountered: February 18, 2018, 7:25:55 AM
Error Type: Unknown Error (Error #32)
Error String: Module 'imagick' already loaded
Error File: Unknown
Error Line: 0
====================================================================
====================================================================
Time Encountered: February 18, 2018, 7:31:53 AM
Error Type: Unknown Error (Error #32)
Error String: Module 'imagick' already loaded
Error File: Unknown
Error Line: 0
====================================================================
====================================================================
Time Encountered: February 18, 2018, 7:36:19 AM
Error Type: Unknown Error (Error #32)
Error String: Module 'imagick' already loaded
Error File: Unknown
Error Line: 0
====================================================================
====================================================================
Time Encountered: February 18, 2018, 7:49:46 AM
Error Type: Unknown Error (Error #32)
Error String: Module 'imagick' already loaded
Error File: Unknown
Error Line: 0
====================================================================
====================================================================
Time Encountered: February 18, 2018, 7:49:59 AM
Error Type: Unknown Error (Error #32)
Error String: Module 'imagick' already loaded
Error File: Unknown
Error Line: 0
====================================================================
====================================================================
Time Encountered: February 18, 2018, 7:53:10 AM
Error Type: Unknown Error (Error #32)
Error String: Module 'imagick' already loaded
Error File: Unknown
Error Line: 0
====================================================================
====================================================================
Time Encountered: February 18, 2018, 7:57:47 AM
Error Type: Unknown Error (Error #32)
Error String: Module 'imagick' already loaded
Error File: Unknown
Error Line: 0
====================================================================
====================================================================
Time Encountered: February 18, 2018, 8:00:11 AM
Error Type: Unknown Error (Error #32)
Error String: Module 'imagick' already loaded
Error File: Unknown
Error Line: 0
====================================================================
====================================================================
Time Encountered: February 18, 2018, 8:08:40 AM
Error Type: Unknown Error (Error #32)
Error String: Module 'imagick' already loaded
Error File: Unknown
Error Line: 0
====================================================================
====================================================================
Time Encountered: February 18, 2018, 8:12:22 AM
Error Type: Unknown Error (Error #32)
Error String: Module 'imagick' already loaded
Error File: Unknown
Error Line: 0
====================================================================
====================================================================
Time Encountered: February 18, 2018, 8:12:29 AM
Error Type: Unknown Error (Error #32)
Error String: Module 'imagick' already loaded
Error File: Unknown
Error Line: 0
====================================================================
====================================================================
Time Encountered: February 18, 2018, 8:21:45 AM
Error Type: Unknown Error (Error #32)
Error String: Module 'imagick' already loaded
Error File: Unknown
Error Line: 0
====================================================================
====================================================================
Time Encountered: February 18, 2018, 8:21:49 AM
Error Type: Unknown Error (Error #32)
Error String: Module 'imagick' already loaded
Error File: Unknown
Error Line: 0
====================================================================
====================================================================
Time Encountered: February 18, 2018, 8:23:01 AM
Error Type: Unknown Error (Error #32)
Error String: Module 'imagick' already loaded
Error File: Unknown
Error Line: 0
====================================================================
====================================================================
Time Encountered: February 18, 2018, 8:24:24 AM
Error Type: Unknown Error (Error #32)
Error String: Module 'imagick' already loaded
Error File: Unknown
Error Line: 0
====================================================================
====================================================================
Time Encountered: February 18, 2018, 8:24:33 AM
Error Type: Unknown Error (Error #32)
Error String: Module 'imagick' already loaded
Error File: Unknown
Error Line: 0
====================================================================
====================================================================
Time Encountered: February 18, 2018, 8:25:18 AM
Error Type: Unknown Error (Error #32)
Error String: Module 'imagick' already loaded
Error File: Unknown
Error Line: 0
====================================================================
====================================================================
Time Encountered: February 18, 2018, 8:34:44 AM
Error Type: Unknown Error (Error #32)
Error String: Module 'imagick' already loaded
Error File: Unknown
Error Line: 0
====================================================================
====================================================================
Time Encountered: February 18, 2018, 8:37:41 AM
Error Type: Unknown Error (Error #32)
Error String: Module 'imagick' already loaded
Error File: Unknown
Error Line: 0
====================================================================
====================================================================
Time Encountered: February 18, 2018, 8:37:45 AM
Error Type: Unknown Error (Error #32)
Error String: Module 'imagick' already loaded
Error File: Unknown
Error Line: 0
====================================================================
====================================================================
Time Encountered: February 18, 2018, 8:37:57 AM
Error Type: Unknown Error (Error #32)
Error String: Module 'imagick' already loaded
Error File: Unknown
Error Line: 0
====================================================================
====================================================================
Time Encountered: February 18, 2018, 8:38:03 AM
Error Type: Unknown Error (Error #32)
Error String: Module 'imagick' already loaded
Error File: Unknown
Error Line: 0
====================================================================
====================================================================
Time Encountered: February 18, 2018, 8:38:11 AM
Error Type: Unknown Error (Error #32)
Error String: Module 'imagick' already loaded
Error File: Unknown
Error Line: 0
====================================================================
====================================================================
Time Encountered: February 18, 2018, 8:38:18 AM
Error Type: Unknown Error (Error #32)
Error String: Module 'imagick' already loaded
Error File: Unknown
Error Line: 0
====================================================================
====================================================================
Time Encountered: February 18, 2018, 8:38:24 AM
Error Type: Unknown Error (Error #32)
Error String: Module 'imagick' already loaded
Error File: Unknown
Error Line: 0
====================================================================
====================================================================
Time Encountered: February 18, 2018, 8:38:30 AM
Error Type: Unknown Error (Error #32)
Error String: Module 'imagick' already loaded
Error File: Unknown
Error Line: 0
====================================================================
====================================================================
Time Encountered: February 18, 2018, 8:38:34 AM
Error Type: Unknown Error (Error #32)
Error String: Module 'imagick' already loaded
Error File: Unknown
Error Line: 0
====================================================================
====================================================================
Time Encountered: February 18, 2018, 8:38:44 AM
Error Type: Unknown Error (Error #32)
Error String: Module 'imagick' already loaded
Error File: Unknown
Error Line: 0
====================================================================
====================================================================
Time Encountered: February 18, 2018, 8:38:51 AM
Error Type: Unknown Error (Error #32)
Error String: Module 'imagick' already loaded
Error File: Unknown
Error Line: 0
====================================================================
====================================================================
Time Encountered: February 18, 2018, 8:39:01 AM
Error Type: Unknown Error (Error #32)
Error String: Module 'imagick' already loaded
Error File: Unknown
Error Line: 0
====================================================================
====================================================================
Time Encountered: February 18, 2018, 8:39:08 AM
Error Type: Unknown Error (Error #32)
Error String: Module 'imagick' already loaded
Error File: Unknown
Error Line: 0
====================================================================
====================================================================
Time Encountered: February 18, 2018, 8:39:16 AM
Error Type: Unknown Error (Error #32)
Error String: Module 'imagick' already loaded
Error File: Unknown
Error Line: 0
====================================================================
====================================================================
Time Encountered: February 18, 2018, 8:39:23 AM
Error Type: Unknown Error (Error #32)
Error String: Module 'imagick' already loaded
Error File: Unknown
Error Line: 0
====================================================================
====================================================================
Time Encountered: February 18, 2018, 8:39:30 AM
Error Type: Unknown Error (Error #32)
Error String: Module 'imagick' already loaded
Error File: Unknown
Error Line: 0
====================================================================
====================================================================
Time Encountered: February 18, 2018, 8:39:39 AM
Error Type: Unknown Error (Error #32)
Error String: Module 'imagick' already loaded
Error File: Unknown
Error Line: 0
====================================================================
====================================================================
Time Encountered: February 18, 2018, 8:39:43 AM
Error Type: Unknown Error (Error #32)
Error String: Module 'imagick' already loaded
Error File: Unknown
Error Line: 0
====================================================================
====================================================================
Time Encountered: February 18, 2018, 8:39:47 AM
Error Type: Unknown Error (Error #32)
Error String: Module 'imagick' already loaded
Error File: Unknown
Error Line: 0
====================================================================
====================================================================
Time Encountered: February 18, 2018, 8:39:57 AM
Error Type: Unknown Error (Error #32)
Error String: Module 'imagick' already loaded
Error File: Unknown
Error Line: 0
====================================================================
====================================================================
Time Encountered: February 18, 2018, 8:40:40 AM
Error Type: Unknown Error (Error #32)
Error String: Module 'imagick' already loaded
Error File: Unknown
Error Line: 0
====================================================================
====================================================================
Time Encountered: February 18, 2018, 8:40:47 AM
Error Type: Unknown Error (Error #32)
Error String: Module 'imagick' already loaded
Error File: Unknown
Error Line: 0
====================================================================
====================================================================
Time Encountered: February 18, 2018, 8:40:54 AM
Error Type: Unknown Error (Error #32)
Error String: Module 'imagick' already loaded
Error File: Unknown
Error Line: 0
====================================================================
====================================================================
Time Encountered: February 18, 2018, 8:40:59 AM
Error Type: Unknown Error (Error #32)
Error String: Module 'imagick' already loaded
Error File: Unknown
Error Line: 0
====================================================================
====================================================================
Time Encountered: February 18, 2018, 8:51:30 AM
Error Type: Unknown Error (Error #32)
Error String: Module 'imagick' already loaded
Error File: Unknown
Error Line: 0
====================================================================
====================================================================
Time Encountered: February 18, 2018, 8:51:30 AM
Error Type: Unknown Error (Error #32)
Error String: Module 'imagick' already loaded
Error File: Unknown
Error Line: 0
====================================================================
====================================================================
Time Encountered: February 18, 2018, 8:51:53 AM
Error Type: Unknown Error (Error #32)
Error String: Module 'imagick' already loaded
Error File: Unknown
Error Line: 0
====================================================================
====================================================================
Time Encountered: February 18, 2018, 8:51:53 AM
Error Type: Unknown Error (Error #32)
Error String: Module 'imagick' already loaded
Error File: Unknown
Error Line: 0
====================================================================
====================================================================
Time Encountered: February 18, 2018, 8:54:54 AM
Error Type: Unknown Error (Error #32)
Error String: Module 'imagick' already loaded
Error File: Unknown
Error Line: 0
====================================================================
====================================================================
Time Encountered: February 18, 2018, 9:04:28 AM
Error Type: Unknown Error (Error #32)
Error String: Module 'imagick' already loaded
Error File: Unknown
Error Line: 0
====================================================================
====================================================================
Time Encountered: February 18, 2018, 9:08:00 AM
Error Type: Unknown Error (Error #32)
Error String: Module 'imagick' already loaded
Error File: Unknown
Error Line: 0
====================================================================
====================================================================
Time Encountered: February 18, 2018, 9:11:48 AM
Error Type: Unknown Error (Error #32)
Error String: Module 'imagick' already loaded
Error File: Unknown
Error Line: 0
====================================================================
====================================================================
Time Encountered: February 18, 2018, 9:21:39 AM
Error Type: Unknown Error (Error #32)
Error String: Module 'imagick' already loaded
Error File: Unknown
Error Line: 0
====================================================================
====================================================================
Time Encountered: February 18, 2018, 9:23:30 AM
Error Type: User Error (Error #256)
Error String: mmhclass->image->is_image(): image does not exist. (/home/redhue/public_html/redup.ir/images/7666_1072759b_yj9g.jpg)
Error File: /home/redhue/public_html/redup.ir/source/includes/imagemagick.php
Error Line: 81
====================================================================
====================================================================
Time Encountered: February 18, 2018, 9:23:30 AM
Error Type: Unknown Error (Error #32)
Error String: Module 'imagick' already loaded
Error File: Unknown
Error Line: 0
====================================================================
====================================================================
Time Encountered: February 18, 2018, 9:26:41 AM
Error Type: Unknown Error (Error #32)
Error String: Module 'imagick' already loaded
Error File: Unknown
Error Line: 0
====================================================================
====================================================================
Time Encountered: February 18, 2018, 9:32:28 AM
Error Type: User Error (Error #256)
Error String: mmhclass->image->is_image(): image does not exist. (/home/redhue/public_html/redup.ir/images/5eeqd/6661_800px_hafeziestadium_e4ew_thumb.png)
Error File: /home/redhue/public_html/redup.ir/source/includes/imagemagick.php
Error Line: 81
====================================================================
====================================================================
Time Encountered: February 18, 2018, 9:32:28 AM
Error Type: Unknown Error (Error #32)
Error String: Module 'imagick' already loaded
Error File: Unknown
Error Line: 0
====================================================================
====================================================================
Time Encountered: February 18, 2018, 9:33:45 AM
Error Type: Unknown Error (Error #32)
Error String: Module 'imagick' already loaded
Error File: Unknown
Error Line: 0
====================================================================
====================================================================
Time Encountered: February 18, 2018, 10:22:57 AM
Error Type: Unknown Error (Error #32)
Error String: Module 'imagick' already loaded
Error File: Unknown
Error Line: 0
====================================================================
====================================================================
Time Encountered: February 18, 2018, 10:23:57 AM
Error Type: Unknown Error (Error #32)
Error String: Module 'imagick' already loaded
Error File: Unknown
Error Line: 0
====================================================================
====================================================================
Time Encountered: February 18, 2018, 10:25:43 AM
Error Type: Unknown Error (Error #32)
Error String: Module 'imagick' already loaded
Error File: Unknown
Error Line: 0
====================================================================
====================================================================
Time Encountered: February 18, 2018, 10:25:49 AM
Error Type: Unknown Error (Error #32)
Error String: Module 'imagick' already loaded
Error File: Unknown
Error Line: 0
====================================================================
====================================================================
Time Encountered: February 18, 2018, 10:27:08 AM
Error Type: Unknown Error (Error #32)
Error String: Module 'imagick' already loaded
Error File: Unknown
Error Line: 0
====================================================================
====================================================================
Time Encountered: February 18, 2018, 10:27:46 AM
Error Type: Unknown Error (Error #32)
Error String: Module 'imagick' already loaded
Error File: Unknown
Error Line: 0
====================================================================
====================================================================
Time Encountered: February 18, 2018, 10:30:31 AM
Error Type: Unknown Error (Error #32)
Error String: Module 'imagick' already loaded
Error File: Unknown
Error Line: 0
====================================================================
====================================================================
Time Encountered: February 18, 2018, 10:30:51 AM
Error Type: Unknown Error (Error #32)
Error String: Module 'imagick' already loaded
Error File: Unknown
Error Line: 0
====================================================================
====================================================================
Time Encountered: February 18, 2018, 10:38:58 AM
Error Type: Unknown Error (Error #32)
Error String: Module 'imagick' already loaded
Error File: Unknown
Error Line: 0
====================================================================
====================================================================
Time Encountered: February 18, 2018, 10:39:46 AM
Error Type: Unknown Error (Error #32)
Error String: Module 'imagick' already loaded
Error File: Unknown
Error Line: 0
====================================================================
====================================================================
Time Encountered: February 18, 2018, 10:44:51 AM
Error Type: Unknown Error (Error #32)
Error String: Module 'imagick' already loaded
Error File: Unknown
Error Line: 0
====================================================================
====================================================================
Time Encountered: February 18, 2018, 10:45:36 AM
Error Type: Unknown Error (Error #32)
Error String: Module 'imagick' already loaded
Error File: Unknown
Error Line: 0
====================================================================
====================================================================
Time Encountered: February 18, 2018, 10:47:17 AM
Error Type: Unknown Error (Error #32)
Error String: Module 'imagick' already loaded
Error File: Unknown
Error Line: 0
====================================================================
====================================================================
Time Encountered: February 18, 2018, 10:52:03 AM
Error Type: Unknown Error (Error #32)
Error String: Module 'imagick' already loaded
Error File: Unknown
Error Line: 0
====================================================================
====================================================================
Time Encountered: February 18, 2018, 10:52:04 AM
Error Type: Unknown Error (Error #32)
Error String: Module 'imagick' already loaded
Error File: Unknown
Error Line: 0
====================================================================
====================================================================
Time Encountered: February 18, 2018, 10:54:10 AM
Error Type: Unknown Error (Error #32)
Error String: Module 'imagick' already loaded
Error File: Unknown
Error Line: 0
====================================================================
====================================================================
Time Encountered: February 18, 2018, 10:56:46 AM
Error Type: Unknown Error (Error #32)
Error String: Module 'imagick' already loaded
Error File: Unknown
Error Line: 0
====================================================================
====================================================================
Time Encountered: February 18, 2018, 10:57:43 AM
Error Type: Unknown Error (Error #32)
Error String: Module 'imagick' already loaded
Error File: Unknown
Error Line: 0
====================================================================
====================================================================
Time Encountered: February 18, 2018, 11:00:11 AM
Error Type: Unknown Error (Error #32)
Error String: Module 'imagick' already loaded
Error File: Unknown
Error Line: 0
====================================================================
====================================================================
Time Encountered: February 18, 2018, 11:00:20 AM
Error Type: Unknown Error (Error #32)
Error String: Module 'imagick' already loaded
Error File: Unknown
Error Line: 0
====================================================================
====================================================================
Time Encountered: February 18, 2018, 11:02:20 AM
Error Type: Unknown Error (Error #32)
Error String: Module 'imagick' already loaded
Error File: Unknown
Error Line: 0
====================================================================
====================================================================
Time Encountered: February 18, 2018, 11:03:49 AM
Error Type: Unknown Error (Error #32)
Error String: Module 'imagick' already loaded
Error File: Unknown
Error Line: 0
====================================================================
====================================================================
Time Encountered: February 18, 2018, 11:10:44 AM
Error Type: Unknown Error (Error #32)
Error String: Module 'imagick' already loaded
Error File: Unknown
Error Line: 0
====================================================================
====================================================================
Time Encountered: February 18, 2018, 11:19:30 AM
Error Type: Unknown Error (Error #32)
Error String: Module 'imagick' already loaded
Error File: Unknown
Error Line: 0
====================================================================
====================================================================
Time Encountered: February 18, 2018, 11:32:30 AM
Error Type: Unknown Error (Error #32)
Error String: Module 'imagick' already loaded
Error File: Unknown
Error Line: 0
====================================================================
====================================================================
Time Encountered: February 18, 2018, 11:32:49 AM
Error Type: Unknown Error (Error #32)
Error String: Module 'imagick' already loaded
Error File: Unknown
Error Line: 0
====================================================================
====================================================================
Time Encountered: February 18, 2018, 11:44:55 AM
Error Type: Unknown Error (Error #32)
Error String: Module 'imagick' already loaded
Error File: Unknown
Error Line: 0
====================================================================
====================================================================
Time Encountered: February 18, 2018, 11:54:17 AM
Error Type: Unknown Error (Error #32)
Error String: Module 'imagick' already loaded
Error File: Unknown
Error Line: 0
====================================================================
====================================================================
Time Encountered: February 18, 2018, 11:55:53 AM
Error Type: Unknown Error (Error #32)
Error String: Module 'imagick' already loaded
Error File: Unknown
Error Line: 0
====================================================================
====================================================================
Time Encountered: February 18, 2018, 11:56:10 AM
Error Type: Unknown Error (Error #32)
Error String: Module 'imagick' already loaded
Error File: Unknown
Error Line: 0
====================================================================
====================================================================
Time Encountered: February 18, 2018, 12:06:49 PM
Error Type: Unknown Error (Error #32)
Error String: Module 'imagick' already loaded
Error File: Unknown
Error Line: 0
====================================================================
====================================================================
Time Encountered: February 18, 2018, 12:08:25 PM
Error Type: Unknown Error (Error #32)
Error String: Module 'imagick' already loaded
Error File: Unknown
Error Line: 0
====================================================================
====================================================================
Time Encountered: February 18, 2018, 12:08:48 PM
Error Type: Unknown Error (Error #32)
Error String: Module 'imagick' already loaded
Error File: Unknown
Error Line: 0
====================================================================
====================================================================
Time Encountered: February 18, 2018, 12:10:41 PM
Error Type: Unknown Error (Error #32)
Error String: Module 'imagick' already loaded
Error File: Unknown
Error Line: 0
====================================================================
====================================================================
Time Encountered: February 18, 2018, 12:23:43 PM
Error Type: Unknown Error (Error #32)
Error String: Module 'imagick' already loaded
Error File: Unknown
Error Line: 0
====================================================================
====================================================================
Time Encountered: February 18, 2018, 12:24:03 PM
Error Type: Unknown Error (Error #32)
Error String: Module 'imagick' already loaded
Error File: Unknown
Error Line: 0
====================================================================
====================================================================
Time Encountered: February 18, 2018, 12:25:17 PM
Error Type: Unknown Error (Error #32)
Error String: Module 'imagick' already loaded
Error File: Unknown
Error Line: 0
====================================================================
====================================================================
Time Encountered: February 18, 2018, 12:33:40 PM
Error Type: Unknown Error (Error #32)
Error String: Module 'imagick' already loaded
Error File: Unknown
Error Line: 0
====================================================================
====================================================================
Time Encountered: February 18, 2018, 12:35:59 PM
Error Type: Unknown Error (Error #32)
Error String: Module 'imagick' already loaded
Error File: Unknown
Error Line: 0
====================================================================
====================================================================
Time Encountered: February 18, 2018, 1:14:26 PM
Error Type: Unknown Error (Error #32)
Error String: Module 'imagick' already loaded
Error File: Unknown
Error Line: 0
====================================================================
====================================================================
Time Encountered: February 18, 2018, 1:20:47 PM
Error Type: Unknown Error (Error #32)
Error String: Module 'imagick' already loaded
Error File: Unknown
Error Line: 0
====================================================================
====================================================================
Time Encountered: February 18, 2018, 1:27:09 PM
Error Type: Unknown Error (Error #32)
Error String: Module 'imagick' already loaded
Error File: Unknown
Error Line: 0
====================================================================
====================================================================
Time Encountered: February 18, 2018, 1:32:41 PM
Error Type: Unknown Error (Error #32)
Error String: Module 'imagick' already loaded
Error File: Unknown
Error Line: 0
====================================================================
====================================================================
Time Encountered: February 18, 2018, 1:41:52 PM
Error Type: Unknown Error (Error #32)
Error String: Module 'imagick' already loaded
Error File: Unknown
Error Line: 0
====================================================================
====================================================================
Time Encountered: February 18, 2018, 1:43:13 PM
Error Type: Unknown Error (Error #32)
Error String: Module 'imagick' already loaded
Error File: Unknown
Error Line: 0
====================================================================
====================================================================
Time Encountered: February 18, 2018, 1:46:54 PM
Error Type: Unknown Error (Error #32)
Error String: Module 'imagick' already loaded
Error File: Unknown
Error Line: 0
====================================================================
====================================================================
Time Encountered: February 18, 2018, 1:56:52 PM
Error Type: Unknown Error (Error #32)
Error String: Module 'imagick' already loaded
Error File: Unknown
Error Line: 0
====================================================================
====================================================================
Time Encountered: February 18, 2018, 2:02:13 PM
Error Type: Unknown Error (Error #32)
Error String: Module 'imagick' already loaded
Error File: Unknown
Error Line: 0
====================================================================
====================================================================
Time Encountered: February 18, 2018, 2:02:33 PM
Error Type: Unknown Error (Error #32)
Error String: Module 'imagick' already loaded
Error File: Unknown
Error Line: 0
====================================================================
====================================================================
Time Encountered: February 18, 2018, 2:05:26 PM
Error Type: Unknown Error (Error #32)
Error String: Module 'imagick' already loaded
Error File: Unknown
Error Line: 0
====================================================================
====================================================================
Time Encountered: February 18, 2018, 2:08:01 PM
Error Type: Unknown Error (Error #32)
Error String: Module 'imagick' already loaded
Error File: Unknown
Error Line: 0
====================================================================
====================================================================
Time Encountered: February 18, 2018, 2:15:14 PM
Error Type: Unknown Error (Error #32)
Error String: Module 'imagick' already loaded
Error File: Unknown
Error Line: 0
====================================================================
====================================================================
Time Encountered: February 18, 2018, 2:20:22 PM
Error Type: Unknown Error (Error #32)
Error String: Module 'imagick' already loaded
Error File: Unknown
Error Line: 0
====================================================================
====================================================================
Time Encountered: February 18, 2018, 2:21:30 PM
Error Type: Unknown Error (Error #32)
Error String: Module 'imagick' already loaded
Error File: Unknown
Error Line: 0
====================================================================
====================================================================
Time Encountered: February 18, 2018, 2:22:14 PM
Error Type: Unknown Error (Error #32)
Error String: Module 'imagick' already loaded
Error File: Unknown
Error Line: 0
====================================================================
====================================================================
Time Encountered: February 18, 2018, 2:25:53 PM
Error Type: Unknown Error (Error #32)
Error String: Module 'imagick' already loaded
Error File: Unknown
Error Line: 0
====================================================================
====================================================================
Time Encountered: February 18, 2018, 2:37:56 PM
Error Type: Unknown Error (Error #32)
Error String: Module 'imagick' already loaded
Error File: Unknown
Error Line: 0
====================================================================
====================================================================
Time Encountered: February 18, 2018, 2:51:58 PM
Error Type: Unknown Error (Error #32)
Error String: Module 'imagick' already loaded
Error File: Unknown
Error Line: 0
====================================================================
====================================================================
Time Encountered: February 18, 2018, 3:12:04 PM
Error Type: Unknown Error (Error #32)
Error String: Module 'imagick' already loaded
Error File: Unknown
Error Line: 0
====================================================================
====================================================================
Time Encountered: February 18, 2018, 3:13:05 PM
Error Type: Unknown Error (Error #32)
Error String: Module 'imagick' already loaded
Error File: Unknown
Error Line: 0
====================================================================
====================================================================
Time Encountered: February 18, 2018, 3:14:23 PM
Error Type: Unknown Error (Error #32)
Error String: Module 'imagick' already loaded
Error File: Unknown
Error Line: 0
====================================================================
====================================================================
Time Encountered: February 18, 2018, 3:14:37 PM
Error Type: Unknown Error (Error #32)
Error String: Module 'imagick' already loaded
Error File: Unknown
Error Line: 0
====================================================================
====================================================================
Time Encountered: February 18, 2018, 3:16:30 PM
Error Type: Unknown Error (Error #32)
Error String: Module 'imagick' already loaded
Error File: Unknown
Error Line: 0
====================================================================
====================================================================
Time Encountered: February 18, 2018, 3:25:01 PM
Error Type: Unknown Error (Error #32)
Error String: Module 'imagick' already loaded
Error File: Unknown
Error Line: 0
====================================================================
====================================================================
Time Encountered: February 18, 2018, 3:28:16 PM
Error Type: Unknown Error (Error #32)
Error String: Module 'imagick' already loaded
Error File: Unknown
Error Line: 0
====================================================================
====================================================================
Time Encountered: February 18, 2018, 3:56:07 PM
Error Type: Unknown Error (Error #32)
Error String: Module 'imagick' already loaded
Error File: Unknown
Error Line: 0
====================================================================
====================================================================
Time Encountered: February 18, 2018, 4:09:26 PM
Error Type: Unknown Error (Error #32)
Error String: Module 'imagick' already loaded
Error File: Unknown
Error Line: 0
====================================================================
====================================================================
Time Encountered: February 18, 2018, 4:18:18 PM
Error Type: Unknown Error (Error #32)
Error String: Module 'imagick' already loaded
Error File: Unknown
Error Line: 0
====================================================================
====================================================================
Time Encountered: February 18, 2018, 4:26:18 PM
Error Type: Unknown Error (Error #32)
Error String: Module 'imagick' already loaded
Error File: Unknown
Error Line: 0
====================================================================
====================================================================
Time Encountered: February 18, 2018, 4:32:18 PM
Error Type: Unknown Error (Error #32)
Error String: Module 'imagick' already loaded
Error File: Unknown
Error Line: 0
====================================================================
====================================================================
Time Encountered: February 18, 2018, 4:49:41 PM
Error Type: Unknown Error (Error #32)
Error String: Module 'imagick' already loaded
Error File: Unknown
Error Line: 0
====================================================================
====================================================================
Time Encountered: February 18, 2018, 4:58:45 PM
Error Type: Unknown Error (Error #32)
Error String: Module 'imagick' already loaded
Error File: Unknown
Error Line: 0
====================================================================
====================================================================
Time Encountered: February 18, 2018, 4:58:46 PM
Error Type: Unknown Error (Error #32)
Error String: Module 'imagick' already loaded
Error File: Unknown
Error Line: 0
====================================================================
====================================================================
Time Encountered: February 18, 2018, 5:00:13 PM
Error Type: Unknown Error (Error #32)
Error String: Module 'imagick' already loaded
Error File: Unknown
Error Line: 0
====================================================================
====================================================================
Time Encountered: February 18, 2018, 5:00:13 PM
Error Type: Unknown Error (Error #32)
Error String: Module 'imagick' already loaded
Error File: Unknown
Error Line: 0
====================================================================
====================================================================
Time Encountered: February 18, 2018, 5:00:14 PM
Error Type: Unknown Error (Error #32)
Error String: Module 'imagick' already loaded
Error File: Unknown
Error Line: 0
====================================================================
====================================================================
Time Encountered: February 18, 2018, 5:00:14 PM
Error Type: Unknown Error (Error #32)
Error String: Module 'imagick' already loaded
Error File: Unknown
Error Line: 0
====================================================================
====================================================================
Time Encountered: February 18, 2018, 5:15:49 PM
Error Type: Unknown Error (Error #32)
Error String: Module 'imagick' already loaded
Error File: Unknown
Error Line: 0
====================================================================
====================================================================
Time Encountered: February 18, 2018, 5:20:01 PM
Error Type: Unknown Error (Error #32)
Error String: Module 'imagick' already loaded
Error File: Unknown
Error Line: 0
====================================================================
====================================================================
Time Encountered: February 18, 2018, 5:21:20 PM
Error Type: Unknown Error (Error #32)
Error String: Module 'imagick' already loaded
Error File: Unknown
Error Line: 0
====================================================================
====================================================================
Time Encountered: February 18, 2018, 5:26:07 PM
Error Type: Unknown Error (Error #32)
Error String: Module 'imagick' already loaded
Error File: Unknown
Error Line: 0
====================================================================
====================================================================
Time Encountered: February 18, 2018, 5:26:41 PM
Error Type: Unknown Error (Error #32)
Error String: Module 'imagick' already loaded
Error File: Unknown
Error Line: 0
====================================================================
====================================================================
Time Encountered: February 18, 2018, 5:31:02 PM
Error Type: Unknown Error (Error #32)
Error String: Module 'imagick' already loaded
Error File: Unknown
Error Line: 0
====================================================================
====================================================================
Time Encountered: February 18, 2018, 5:34:04 PM
Error Type: Unknown Error (Error #32)
Error String: Module 'imagick' already loaded
Error File: Unknown
Error Line: 0
====================================================================
====================================================================
Time Encountered: February 18, 2018, 5:45:47 PM
Error Type: Unknown Error (Error #32)
Error String: Module 'imagick' already loaded
Error File: Unknown
Error Line: 0
====================================================================
====================================================================
Time Encountered: February 18, 2018, 5:49:07 PM
Error Type: Unknown Error (Error #32)
Error String: Module 'imagick' already loaded
Error File: Unknown
Error Line: 0
====================================================================
====================================================================
Time Encountered: February 18, 2018, 5:57:43 PM
Error Type: Unknown Error (Error #32)
Error String: Module 'imagick' already loaded
Error File: Unknown
Error Line: 0
====================================================================
====================================================================
Time Encountered: February 18, 2018, 5:57:44 PM
Error Type: Unknown Error (Error #32)
Error String: Module 'imagick' already loaded
Error File: Unknown
Error Line: 0
====================================================================
====================================================================
Time Encountered: February 18, 2018, 6:01:34 PM
Error Type: Unknown Error (Error #32)
Error String: Module 'imagick' already loaded
Error File: Unknown
Error Line: 0
====================================================================
====================================================================
Time Encountered: February 18, 2018, 6:09:17 PM
Error Type: Unknown Error (Error #32)
Error String: Module 'imagick' already loaded
Error File: Unknown
Error Line: 0
====================================================================
====================================================================
Time Encountered: February 18, 2018, 6:23:33 PM
Error Type: Unknown Error (Error #32)
Error String: Module 'imagick' already loaded
Error File: Unknown
Error Line: 0
====================================================================
====================================================================
Time Encountered: February 18, 2018, 6:27:41 PM
Error Type: Unknown Error (Error #32)
Error String: Module 'imagick' already loaded
Error File: Unknown
Error Line: 0
====================================================================
====================================================================
Time Encountered: February 18, 2018, 6:27:44 PM
Error Type: Unknown Error (Error #32)
Error String: Module 'imagick' already loaded
Error File: Unknown
Error Line: 0
====================================================================
====================================================================
Time Encountered: February 18, 2018, 6:46:23 PM
Error Type: Unknown Error (Error #32)
Error String: Module 'imagick' already loaded
Error File: Unknown
Error Line: 0
====================================================================
====================================================================
Time Encountered: February 18, 2018, 7:13:24 PM
Error Type: Unknown Error (Error #32)
Error String: Module 'imagick' already loaded
Error File: Unknown
Error Line: 0
====================================================================
====================================================================
Time Encountered: February 18, 2018, 7:34:25 PM
Error Type: Unknown Error (Error #32)
Error String: Module 'imagick' already loaded
Error File: Unknown
Error Line: 0
====================================================================
====================================================================
Time Encountered: February 18, 2018, 7:43:05 PM
Error Type: Unknown Error (Error #32)
Error String: Module 'imagick' already loaded
Error File: Unknown
Error Line: 0
====================================================================
====================================================================
Time Encountered: February 18, 2018, 8:05:36 PM
Error Type: Unknown Error (Error #32)
Error String: Module 'imagick' already loaded
Error File: Unknown
Error Line: 0
====================================================================
====================================================================
Time Encountered: February 18, 2018, 8:20:13 PM
Error Type: Unknown Error (Error #32)
Error String: Module 'imagick' already loaded
Error File: Unknown
Error Line: 0
====================================================================
====================================================================
Time Encountered: February 18, 2018, 8:38:43 PM
Error Type: Unknown Error (Error #32)
Error String: Module 'imagick' already loaded
Error File: Unknown
Error Line: 0
====================================================================
====================================================================
Time Encountered: February 18, 2018, 8:43:44 PM
Error Type: Unknown Error (Error #32)
Error String: Module 'imagick' already loaded
Error File: Unknown
Error Line: 0
====================================================================
====================================================================
Time Encountered: February 18, 2018, 8:47:12 PM
Error Type: Unknown Error (Error #32)
Error String: Module 'imagick' already loaded
Error File: Unknown
Error Line: 0
====================================================================
====================================================================
Time Encountered: February 18, 2018, 8:48:52 PM
Error Type: Unknown Error (Error #32)
Error String: Module 'imagick' already loaded
Error File: Unknown
Error Line: 0
====================================================================
====================================================================
Time Encountered: February 18, 2018, 8:51:36 PM
Error Type: Unknown Error (Error #32)
Error String: Module 'imagick' already loaded
Error File: Unknown
Error Line: 0
====================================================================
====================================================================
Time Encountered: February 18, 2018, 9:00:37 PM
Error Type: Unknown Error (Error #32)
Error String: Module 'imagick' already loaded
Error File: Unknown
Error Line: 0
====================================================================
====================================================================
Time Encountered: February 18, 2018, 9:23:06 PM
Error Type: Unknown Error (Error #32)
Error String: Module 'imagick' already loaded
Error File: Unknown
Error Line: 0
====================================================================
====================================================================
Time Encountered: February 18, 2018, 9:27:23 PM
Error Type: Unknown Error (Error #32)
Error String: Module 'imagick' already loaded
Error File: Unknown
Error Line: 0
====================================================================
====================================================================
Time Encountered: February 18, 2018, 9:35:56 PM
Error Type: Unknown Error (Error #32)
Error String: Module 'imagick' already loaded
Error File: Unknown
Error Line: 0
====================================================================
====================================================================
Time Encountered: February 18, 2018, 9:37:03 PM
Error Type: Unknown Error (Error #32)
Error String: Module 'imagick' already loaded
Error File: Unknown
Error Line: 0
====================================================================
====================================================================
Time Encountered: February 18, 2018, 9:42:46 PM
Error Type: Unknown Error (Error #32)
Error String: Module 'imagick' already loaded
Error File: Unknown
Error Line: 0
====================================================================
====================================================================
Time Encountered: February 18, 2018, 9:42:49 PM
Error Type: Unknown Error (Error #32)
Error String: Module 'imagick' already loaded
Error File: Unknown
Error Line: 0
====================================================================
====================================================================
Time Encountered: February 18, 2018, 9:42:51 PM
Error Type: Unknown Error (Error #32)
Error String: Module 'imagick' already loaded
Error File: Unknown
Error Line: 0
====================================================================
====================================================================
Time Encountered: February 18, 2018, 9:46:49 PM
Error Type: Unknown Error (Error #32)
Error String: Module 'imagick' already loaded
Error File: Unknown
Error Line: 0
====================================================================
====================================================================
Time Encountered: February 18, 2018, 10:29:47 PM
Error Type: Unknown Error (Error #32)
Error String: Module 'imagick' already loaded
Error File: Unknown
Error Line: 0
====================================================================
====================================================================
Time Encountered: February 18, 2018, 10:41:54 PM
Error Type: Unknown Error (Error #32)
Error String: Module 'imagick' already loaded
Error File: Unknown
Error Line: 0
====================================================================
====================================================================
Time Encountered: February 18, 2018, 11:20:49 PM
Error Type: Unknown Error (Error #32)
Error String: Module 'imagick' already loaded
Error File: Unknown
Error Line: 0
====================================================================
====================================================================
Time Encountered: February 18, 2018, 11:22:50 PM
Error Type: Unknown Error (Error #32)
Error String: Module 'imagick' already loaded
Error File: Unknown
Error Line: 0
====================================================================
====================================================================
Time Encountered: February 18, 2018, 11:25:16 PM
Error Type: User Error (Error #256)
Error String: mmhclass->image->is_image(): image does not exist. (/home/redhue/public_html/redup.ir/images/1358_codeboxlogo_lgpj.png)
Error File: /home/redhue/public_html/redup.ir/source/includes/imagemagick.php
Error Line: 81
====================================================================
====================================================================
Time Encountered: February 18, 2018, 11:25:16 PM
Error Type: Unknown Error (Error #32)
Error String: Module 'imagick' already loaded
Error File: Unknown
Error Line: 0
====================================================================
====================================================================
Time Encountered: February 18, 2018, 11:25:20 PM
Error Type: User Error (Error #256)
Error String: mmhclass->image->is_image(): image does not exist. (/home/redhue/public_html/redup.ir/images/9745_codeboxlogo_jdcb.png)
Error File: /home/redhue/public_html/redup.ir/source/includes/imagemagick.php
Error Line: 81
====================================================================
====================================================================
Time Encountered: February 18, 2018, 11:25:20 PM
Error Type: Unknown Error (Error #32)
Error String: Module 'imagick' already loaded
Error File: Unknown
Error Line: 0
====================================================================
====================================================================
Time Encountered: February 18, 2018, 11:52:20 PM
Error Type: Unknown Error (Error #32)
Error String: Module 'imagick' already loaded
Error File: Unknown
Error Line: 0
====================================================================
