====================================================================
Time Encountered: February 20, 2018, 12:08:46 AM
Error Type: Unknown Error (Error #32)
Error String: Module 'imagick' already loaded
Error File: Unknown
Error Line: 0
====================================================================
====================================================================
Time Encountered: February 20, 2018, 12:22:54 AM
Error Type: Unknown Error (Error #32)
Error String: Module 'imagick' already loaded
Error File: Unknown
Error Line: 0
====================================================================
====================================================================
Time Encountered: February 20, 2018, 12:46:20 AM
Error Type: Unknown Error (Error #32)
Error String: Module 'imagick' already loaded
Error File: Unknown
Error Line: 0
====================================================================
====================================================================
Time Encountered: February 20, 2018, 12:54:56 AM
Error Type: Unknown Error (Error #32)
Error String: Module 'imagick' already loaded
Error File: Unknown
Error Line: 0
====================================================================
====================================================================
Time Encountered: February 20, 2018, 12:54:57 AM
Error Type: Unknown Error (Error #32)
Error String: Module 'imagick' already loaded
Error File: Unknown
Error Line: 0
====================================================================
====================================================================
Time Encountered: February 20, 2018, 1:27:32 AM
Error Type: Unknown Error (Error #32)
Error String: Module 'imagick' already loaded
Error File: Unknown
Error Line: 0
====================================================================
====================================================================
Time Encountered: February 20, 2018, 1:54:20 AM
Error Type: Unknown Error (Error #32)
Error String: Module 'imagick' already loaded
Error File: Unknown
Error Line: 0
====================================================================
====================================================================
Time Encountered: February 20, 2018, 1:54:20 AM
Error Type: Unknown Error (Error #32)
Error String: Module 'imagick' already loaded
Error File: Unknown
Error Line: 0
====================================================================
====================================================================
Time Encountered: February 20, 2018, 1:54:31 AM
Error Type: Unknown Error (Error #32)
Error String: Module 'imagick' already loaded
Error File: Unknown
Error Line: 0
====================================================================
====================================================================
Time Encountered: February 20, 2018, 1:54:31 AM
Error Type: Unknown Error (Error #32)
Error String: Module 'imagick' already loaded
Error File: Unknown
Error Line: 0
====================================================================
====================================================================
Time Encountered: February 20, 2018, 1:55:26 AM
Error Type: Unknown Error (Error #32)
Error String: Module 'imagick' already loaded
Error File: Unknown
Error Line: 0
====================================================================
====================================================================
Time Encountered: February 20, 2018, 1:55:26 AM
Error Type: Unknown Error (Error #32)
Error String: Module 'imagick' already loaded
Error File: Unknown
Error Line: 0
====================================================================
====================================================================
Time Encountered: February 20, 2018, 1:58:37 AM
Error Type: Unknown Error (Error #32)
Error String: Module 'imagick' already loaded
Error File: Unknown
Error Line: 0
====================================================================
====================================================================
Time Encountered: February 20, 2018, 1:58:45 AM
Error Type: Unknown Error (Error #32)
Error String: Module 'imagick' already loaded
Error File: Unknown
Error Line: 0
====================================================================
====================================================================
Time Encountered: February 20, 2018, 1:59:15 AM
Error Type: Unknown Error (Error #32)
Error String: Module 'imagick' already loaded
Error File: Unknown
Error Line: 0
====================================================================
====================================================================
Time Encountered: February 20, 2018, 1:59:15 AM
Error Type: Unknown Error (Error #32)
Error String: Module 'imagick' already loaded
Error File: Unknown
Error Line: 0
====================================================================
====================================================================
Time Encountered: February 20, 2018, 1:59:17 AM
Error Type: Unknown Error (Error #32)
Error String: Module 'imagick' already loaded
Error File: Unknown
Error Line: 0
====================================================================
====================================================================
Time Encountered: February 20, 2018, 1:59:17 AM
Error Type: Unknown Error (Error #32)
Error String: Module 'imagick' already loaded
Error File: Unknown
Error Line: 0
====================================================================
====================================================================
Time Encountered: February 20, 2018, 2:06:38 AM
Error Type: Unknown Error (Error #32)
Error String: Module 'imagick' already loaded
Error File: Unknown
Error Line: 0
====================================================================
====================================================================
Time Encountered: February 20, 2018, 2:11:15 AM
Error Type: Unknown Error (Error #32)
Error String: Module 'imagick' already loaded
Error File: Unknown
Error Line: 0
====================================================================
====================================================================
Time Encountered: February 20, 2018, 2:11:32 AM
Error Type: Unknown Error (Error #32)
Error String: Module 'imagick' already loaded
Error File: Unknown
Error Line: 0
====================================================================
====================================================================
Time Encountered: February 20, 2018, 2:11:32 AM
Error Type: Unknown Error (Error #32)
Error String: Module 'imagick' already loaded
Error File: Unknown
Error Line: 0
====================================================================
====================================================================
Time Encountered: February 20, 2018, 2:11:57 AM
Error Type: Unknown Error (Error #32)
Error String: Module 'imagick' already loaded
Error File: Unknown
Error Line: 0
====================================================================
====================================================================
Time Encountered: February 20, 2018, 2:11:57 AM
Error Type: Unknown Error (Error #32)
Error String: Module 'imagick' already loaded
Error File: Unknown
Error Line: 0
====================================================================
====================================================================
Time Encountered: February 20, 2018, 2:16:26 AM
Error Type: Unknown Error (Error #32)
Error String: Module 'imagick' already loaded
Error File: Unknown
Error Line: 0
====================================================================
====================================================================
Time Encountered: February 20, 2018, 2:16:27 AM
Error Type: Unknown Error (Error #32)
Error String: Module 'imagick' already loaded
Error File: Unknown
Error Line: 0
====================================================================
====================================================================
Time Encountered: February 20, 2018, 2:28:07 AM
Error Type: Unknown Error (Error #32)
Error String: Module 'imagick' already loaded
Error File: Unknown
Error Line: 0
====================================================================
====================================================================
Time Encountered: February 20, 2018, 2:28:25 AM
Error Type: Unknown Error (Error #32)
Error String: Module 'imagick' already loaded
Error File: Unknown
Error Line: 0
====================================================================
====================================================================
Time Encountered: February 20, 2018, 2:40:37 AM
Error Type: Unknown Error (Error #32)
Error String: Module 'imagick' already loaded
Error File: Unknown
Error Line: 0
====================================================================
====================================================================
Time Encountered: February 20, 2018, 2:44:03 AM
Error Type: Unknown Error (Error #32)
Error String: Module 'imagick' already loaded
Error File: Unknown
Error Line: 0
====================================================================
====================================================================
Time Encountered: February 20, 2018, 2:55:55 AM
Error Type: Unknown Error (Error #32)
Error String: Module 'imagick' already loaded
Error File: Unknown
Error Line: 0
====================================================================
====================================================================
Time Encountered: February 20, 2018, 2:57:21 AM
Error Type: User Error (Error #256)
Error String: mmhclass->image->is_image(): image does not exist. (/home/redhue/public_html/redup.ir/images/7229_img_sipb.jpg)
Error File: /home/redhue/public_html/redup.ir/source/includes/imagemagick.php
Error Line: 81
====================================================================
====================================================================
Time Encountered: February 20, 2018, 2:57:21 AM
Error Type: Unknown Error (Error #32)
Error String: Module 'imagick' already loaded
Error File: Unknown
Error Line: 0
====================================================================
====================================================================
Time Encountered: February 20, 2018, 2:58:32 AM
Error Type: Unknown Error (Error #32)
Error String: Module 'imagick' already loaded
Error File: Unknown
Error Line: 0
====================================================================
====================================================================
Time Encountered: February 20, 2018, 3:00:27 AM
Error Type: Unknown Error (Error #32)
Error String: Module 'imagick' already loaded
Error File: Unknown
Error Line: 0
====================================================================
====================================================================
Time Encountered: February 20, 2018, 3:00:29 AM
Error Type: Unknown Error (Error #32)
Error String: Module 'imagick' already loaded
Error File: Unknown
Error Line: 0
====================================================================
====================================================================
Time Encountered: February 20, 2018, 3:02:41 AM
Error Type: Unknown Error (Error #32)
Error String: Module 'imagick' already loaded
Error File: Unknown
Error Line: 0
====================================================================
====================================================================
Time Encountered: February 20, 2018, 3:07:10 AM
Error Type: Unknown Error (Error #32)
Error String: Module 'imagick' already loaded
Error File: Unknown
Error Line: 0
====================================================================
====================================================================
Time Encountered: February 20, 2018, 3:08:43 AM
Error Type: Unknown Error (Error #32)
Error String: Module 'imagick' already loaded
Error File: Unknown
Error Line: 0
====================================================================
====================================================================
Time Encountered: February 20, 2018, 3:09:34 AM
Error Type: Unknown Error (Error #32)
Error String: Module 'imagick' already loaded
Error File: Unknown
Error Line: 0
====================================================================
====================================================================
Time Encountered: February 20, 2018, 3:09:39 AM
Error Type: Unknown Error (Error #32)
Error String: Module 'imagick' already loaded
Error File: Unknown
Error Line: 0
====================================================================
====================================================================
Time Encountered: February 20, 2018, 3:10:54 AM
Error Type: Unknown Error (Error #32)
Error String: Module 'imagick' already loaded
Error File: Unknown
Error Line: 0
====================================================================
====================================================================
Time Encountered: February 20, 2018, 3:12:49 AM
Error Type: Unknown Error (Error #32)
Error String: Module 'imagick' already loaded
Error File: Unknown
Error Line: 0
====================================================================
====================================================================
Time Encountered: February 20, 2018, 3:16:14 AM
Error Type: Unknown Error (Error #32)
Error String: Module 'imagick' already loaded
Error File: Unknown
Error Line: 0
====================================================================
====================================================================
Time Encountered: February 20, 2018, 3:22:15 AM
Error Type: Unknown Error (Error #32)
Error String: Module 'imagick' already loaded
Error File: Unknown
Error Line: 0
====================================================================
====================================================================
Time Encountered: February 20, 2018, 3:37:57 AM
Error Type: Unknown Error (Error #32)
Error String: Module 'imagick' already loaded
Error File: Unknown
Error Line: 0
====================================================================
====================================================================
Time Encountered: February 20, 2018, 3:38:57 AM
Error Type: Unknown Error (Error #32)
Error String: Module 'imagick' already loaded
Error File: Unknown
Error Line: 0
====================================================================
====================================================================
Time Encountered: February 20, 2018, 3:49:49 AM
Error Type: Unknown Error (Error #32)
Error String: Module 'imagick' already loaded
Error File: Unknown
Error Line: 0
====================================================================
====================================================================
Time Encountered: February 20, 2018, 3:54:42 AM
Error Type: Unknown Error (Error #32)
Error String: Module 'imagick' already loaded
Error File: Unknown
Error Line: 0
====================================================================
====================================================================
Time Encountered: February 20, 2018, 4:08:55 AM
Error Type: Unknown Error (Error #32)
Error String: Module 'imagick' already loaded
Error File: Unknown
Error Line: 0
====================================================================
====================================================================
Time Encountered: February 20, 2018, 4:30:49 AM
Error Type: Unknown Error (Error #32)
Error String: Module 'imagick' already loaded
Error File: Unknown
Error Line: 0
====================================================================
====================================================================
Time Encountered: February 20, 2018, 4:39:14 AM
Error Type: Unknown Error (Error #32)
Error String: Module 'imagick' already loaded
Error File: Unknown
Error Line: 0
====================================================================
====================================================================
Time Encountered: February 20, 2018, 4:46:07 AM
Error Type: Unknown Error (Error #32)
Error String: Module 'imagick' already loaded
Error File: Unknown
Error Line: 0
====================================================================
====================================================================
Time Encountered: February 20, 2018, 4:47:11 AM
Error Type: Unknown Error (Error #32)
Error String: Module 'imagick' already loaded
Error File: Unknown
Error Line: 0
====================================================================
====================================================================
Time Encountered: February 20, 2018, 4:49:16 AM
Error Type: Unknown Error (Error #32)
Error String: Module 'imagick' already loaded
Error File: Unknown
Error Line: 0
====================================================================
====================================================================
Time Encountered: February 20, 2018, 4:53:29 AM
Error Type: Unknown Error (Error #32)
Error String: Module 'imagick' already loaded
Error File: Unknown
Error Line: 0
====================================================================
====================================================================
Time Encountered: February 20, 2018, 5:19:03 AM
Error Type: Unknown Error (Error #32)
Error String: Module 'imagick' already loaded
Error File: Unknown
Error Line: 0
====================================================================
====================================================================
Time Encountered: February 20, 2018, 5:40:26 AM
Error Type: Unknown Error (Error #32)
Error String: Module 'imagick' already loaded
Error File: Unknown
Error Line: 0
====================================================================
====================================================================
Time Encountered: February 20, 2018, 5:46:50 AM
Error Type: Unknown Error (Error #32)
Error String: Module 'imagick' already loaded
Error File: Unknown
Error Line: 0
====================================================================
====================================================================
Time Encountered: February 20, 2018, 5:47:49 AM
Error Type: Unknown Error (Error #32)
Error String: Module 'imagick' already loaded
Error File: Unknown
Error Line: 0
====================================================================
====================================================================
Time Encountered: February 20, 2018, 5:50:08 AM
Error Type: Unknown Error (Error #32)
Error String: Module 'imagick' already loaded
Error File: Unknown
Error Line: 0
====================================================================
====================================================================
Time Encountered: February 20, 2018, 5:50:29 AM
Error Type: Unknown Error (Error #32)
Error String: Module 'imagick' already loaded
Error File: Unknown
Error Line: 0
====================================================================
====================================================================
Time Encountered: February 20, 2018, 5:52:51 AM
Error Type: Unknown Error (Error #32)
Error String: Module 'imagick' already loaded
Error File: Unknown
Error Line: 0
====================================================================
====================================================================
Time Encountered: February 20, 2018, 6:03:12 AM
Error Type: Unknown Error (Error #32)
Error String: Module 'imagick' already loaded
Error File: Unknown
Error Line: 0
====================================================================
====================================================================
Time Encountered: February 20, 2018, 6:12:26 AM
Error Type: Unknown Error (Error #32)
Error String: Module 'imagick' already loaded
Error File: Unknown
Error Line: 0
====================================================================
====================================================================
Time Encountered: February 20, 2018, 6:14:33 AM
Error Type: Unknown Error (Error #32)
Error String: Module 'imagick' already loaded
Error File: Unknown
Error Line: 0
====================================================================
====================================================================
Time Encountered: February 20, 2018, 6:14:35 AM
Error Type: Unknown Error (Error #32)
Error String: Module 'imagick' already loaded
Error File: Unknown
Error Line: 0
====================================================================
====================================================================
Time Encountered: February 20, 2018, 6:32:39 AM
Error Type: Unknown Error (Error #32)
Error String: Module 'imagick' already loaded
Error File: Unknown
Error Line: 0
====================================================================
====================================================================
Time Encountered: February 20, 2018, 6:32:40 AM
Error Type: Unknown Error (Error #32)
Error String: Module 'imagick' already loaded
Error File: Unknown
Error Line: 0
====================================================================
====================================================================
Time Encountered: February 20, 2018, 6:32:40 AM
Error Type: Unknown Error (Error #32)
Error String: Module 'imagick' already loaded
Error File: Unknown
Error Line: 0
====================================================================
====================================================================
Time Encountered: February 20, 2018, 6:32:40 AM
Error Type: Unknown Error (Error #32)
Error String: Module 'imagick' already loaded
Error File: Unknown
Error Line: 0
====================================================================
====================================================================
Time Encountered: February 20, 2018, 6:32:41 AM
Error Type: Unknown Error (Error #32)
Error String: Module 'imagick' already loaded
Error File: Unknown
Error Line: 0
====================================================================
====================================================================
Time Encountered: February 20, 2018, 6:32:41 AM
Error Type: Unknown Error (Error #32)
Error String: Module 'imagick' already loaded
Error File: Unknown
Error Line: 0
====================================================================
====================================================================
Time Encountered: February 20, 2018, 6:32:41 AM
Error Type: Unknown Error (Error #32)
Error String: Module 'imagick' already loaded
Error File: Unknown
Error Line: 0
====================================================================
====================================================================
Time Encountered: February 20, 2018, 6:32:41 AM
Error Type: Unknown Error (Error #32)
Error String: Module 'imagick' already loaded
Error File: Unknown
Error Line: 0
====================================================================
====================================================================
Time Encountered: February 20, 2018, 6:32:42 AM
Error Type: Unknown Error (Error #32)
Error String: Module 'imagick' already loaded
Error File: Unknown
Error Line: 0
====================================================================
====================================================================
Time Encountered: February 20, 2018, 6:32:42 AM
Error Type: Unknown Error (Error #32)
Error String: Module 'imagick' already loaded
Error File: Unknown
Error Line: 0
====================================================================
====================================================================
Time Encountered: February 20, 2018, 6:43:00 AM
Error Type: Unknown Error (Error #32)
Error String: Module 'imagick' already loaded
Error File: Unknown
Error Line: 0
====================================================================
====================================================================
Time Encountered: February 20, 2018, 6:48:13 AM
Error Type: Unknown Error (Error #32)
Error String: Module 'imagick' already loaded
Error File: Unknown
Error Line: 0
====================================================================
====================================================================
Time Encountered: February 20, 2018, 6:59:04 AM
Error Type: Unknown Error (Error #32)
Error String: Module 'imagick' already loaded
Error File: Unknown
Error Line: 0
====================================================================
====================================================================
Time Encountered: February 20, 2018, 7:12:48 AM
Error Type: Unknown Error (Error #32)
Error String: Module 'imagick' already loaded
Error File: Unknown
Error Line: 0
====================================================================
====================================================================
Time Encountered: February 20, 2018, 7:17:42 AM
Error Type: Unknown Error (Error #32)
Error String: Module 'imagick' already loaded
Error File: Unknown
Error Line: 0
====================================================================
====================================================================
Time Encountered: February 20, 2018, 7:17:43 AM
Error Type: Unknown Error (Error #32)
Error String: Module 'imagick' already loaded
Error File: Unknown
Error Line: 0
====================================================================
====================================================================
Time Encountered: February 20, 2018, 7:17:46 AM
Error Type: Unknown Error (Error #32)
Error String: Module 'imagick' already loaded
Error File: Unknown
Error Line: 0
====================================================================
====================================================================
Time Encountered: February 20, 2018, 7:17:46 AM
Error Type: Unknown Error (Error #32)
Error String: Module 'imagick' already loaded
Error File: Unknown
Error Line: 0
====================================================================
====================================================================
Time Encountered: February 20, 2018, 7:25:15 AM
Error Type: User Error (Error #256)
Error String: mmhclass->image->is_image(): image does not exist. (/home/redhue/public_html/redup.ir/images/2803_img_g2xt.jpg)
Error File: /home/redhue/public_html/redup.ir/source/includes/imagemagick.php
Error Line: 81
====================================================================
====================================================================
Time Encountered: February 20, 2018, 7:25:15 AM
Error Type: Unknown Error (Error #32)
Error String: Module 'imagick' already loaded
Error File: Unknown
Error Line: 0
====================================================================
====================================================================
Time Encountered: February 20, 2018, 7:33:46 AM
Error Type: Unknown Error (Error #32)
Error String: Module 'imagick' already loaded
Error File: Unknown
Error Line: 0
====================================================================
====================================================================
Time Encountered: February 20, 2018, 7:42:09 AM
Error Type: Unknown Error (Error #32)
Error String: Module 'imagick' already loaded
Error File: Unknown
Error Line: 0
====================================================================
====================================================================
Time Encountered: February 20, 2018, 7:46:57 AM
Error Type: Unknown Error (Error #32)
Error String: Module 'imagick' already loaded
Error File: Unknown
Error Line: 0
====================================================================
====================================================================
Time Encountered: February 20, 2018, 8:00:05 AM
Error Type: Unknown Error (Error #32)
Error String: Module 'imagick' already loaded
Error File: Unknown
Error Line: 0
====================================================================
====================================================================
Time Encountered: February 20, 2018, 8:08:27 AM
Error Type: Unknown Error (Error #32)
Error String: Module 'imagick' already loaded
Error File: Unknown
Error Line: 0
====================================================================
====================================================================
Time Encountered: February 20, 2018, 8:19:27 AM
Error Type: Unknown Error (Error #32)
Error String: Module 'imagick' already loaded
Error File: Unknown
Error Line: 0
====================================================================
====================================================================
Time Encountered: February 20, 2018, 8:22:38 AM
Error Type: Unknown Error (Error #32)
Error String: Module 'imagick' already loaded
Error File: Unknown
Error Line: 0
====================================================================
====================================================================
Time Encountered: February 20, 2018, 8:27:02 AM
Error Type: Unknown Error (Error #32)
Error String: Module 'imagick' already loaded
Error File: Unknown
Error Line: 0
====================================================================
====================================================================
Time Encountered: February 20, 2018, 8:28:40 AM
Error Type: Unknown Error (Error #32)
Error String: Module 'imagick' already loaded
Error File: Unknown
Error Line: 0
====================================================================
====================================================================
Time Encountered: February 20, 2018, 8:30:03 AM
Error Type: Unknown Error (Error #32)
Error String: Module 'imagick' already loaded
Error File: Unknown
Error Line: 0
====================================================================
====================================================================
Time Encountered: February 20, 2018, 8:30:05 AM
Error Type: Unknown Error (Error #32)
Error String: Module 'imagick' already loaded
Error File: Unknown
Error Line: 0
====================================================================
====================================================================
Time Encountered: February 20, 2018, 8:30:06 AM
Error Type: Unknown Error (Error #32)
Error String: Module 'imagick' already loaded
Error File: Unknown
Error Line: 0
====================================================================
====================================================================
Time Encountered: February 20, 2018, 8:30:08 AM
Error Type: Unknown Error (Error #32)
Error String: Module 'imagick' already loaded
Error File: Unknown
Error Line: 0
====================================================================
====================================================================
Time Encountered: February 20, 2018, 8:30:10 AM
Error Type: Unknown Error (Error #32)
Error String: Module 'imagick' already loaded
Error File: Unknown
Error Line: 0
====================================================================
====================================================================
Time Encountered: February 20, 2018, 8:30:12 AM
Error Type: Unknown Error (Error #32)
Error String: Module 'imagick' already loaded
Error File: Unknown
Error Line: 0
====================================================================
====================================================================
Time Encountered: February 20, 2018, 8:30:13 AM
Error Type: Unknown Error (Error #32)
Error String: Module 'imagick' already loaded
Error File: Unknown
Error Line: 0
====================================================================
====================================================================
Time Encountered: February 20, 2018, 8:30:15 AM
Error Type: Unknown Error (Error #32)
Error String: Module 'imagick' already loaded
Error File: Unknown
Error Line: 0
====================================================================
====================================================================
Time Encountered: February 20, 2018, 8:30:17 AM
Error Type: Unknown Error (Error #32)
Error String: Module 'imagick' already loaded
Error File: Unknown
Error Line: 0
====================================================================
====================================================================
Time Encountered: February 20, 2018, 8:30:18 AM
Error Type: Unknown Error (Error #32)
Error String: Module 'imagick' already loaded
Error File: Unknown
Error Line: 0
====================================================================
====================================================================
Time Encountered: February 20, 2018, 8:30:20 AM
Error Type: Unknown Error (Error #32)
Error String: Module 'imagick' already loaded
Error File: Unknown
Error Line: 0
====================================================================
====================================================================
Time Encountered: February 20, 2018, 8:30:22 AM
Error Type: Unknown Error (Error #32)
Error String: Module 'imagick' already loaded
Error File: Unknown
Error Line: 0
====================================================================
====================================================================
Time Encountered: February 20, 2018, 8:30:24 AM
Error Type: Unknown Error (Error #32)
Error String: Module 'imagick' already loaded
Error File: Unknown
Error Line: 0
====================================================================
====================================================================
Time Encountered: February 20, 2018, 8:30:25 AM
Error Type: Unknown Error (Error #32)
Error String: Module 'imagick' already loaded
Error File: Unknown
Error Line: 0
====================================================================
====================================================================
Time Encountered: February 20, 2018, 8:30:27 AM
Error Type: Unknown Error (Error #32)
Error String: Module 'imagick' already loaded
Error File: Unknown
Error Line: 0
====================================================================
====================================================================
Time Encountered: February 20, 2018, 8:30:30 AM
Error Type: Unknown Error (Error #32)
Error String: Module 'imagick' already loaded
Error File: Unknown
Error Line: 0
====================================================================
====================================================================
Time Encountered: February 20, 2018, 8:30:33 AM
Error Type: Unknown Error (Error #32)
Error String: Module 'imagick' already loaded
Error File: Unknown
Error Line: 0
====================================================================
====================================================================
Time Encountered: February 20, 2018, 8:33:21 AM
Error Type: Unknown Error (Error #32)
Error String: Module 'imagick' already loaded
Error File: Unknown
Error Line: 0
====================================================================
====================================================================
Time Encountered: February 20, 2018, 8:34:36 AM
Error Type: Unknown Error (Error #32)
Error String: Module 'imagick' already loaded
Error File: Unknown
Error Line: 0
====================================================================
====================================================================
Time Encountered: February 20, 2018, 8:37:14 AM
Error Type: Unknown Error (Error #32)
Error String: Module 'imagick' already loaded
Error File: Unknown
Error Line: 0
====================================================================
====================================================================
Time Encountered: February 20, 2018, 8:38:36 AM
Error Type: Unknown Error (Error #32)
Error String: Module 'imagick' already loaded
Error File: Unknown
Error Line: 0
====================================================================
====================================================================
Time Encountered: February 20, 2018, 8:39:04 AM
Error Type: Unknown Error (Error #32)
Error String: Module 'imagick' already loaded
Error File: Unknown
Error Line: 0
====================================================================
====================================================================
Time Encountered: February 20, 2018, 8:42:28 AM
Error Type: Unknown Error (Error #32)
Error String: Module 'imagick' already loaded
Error File: Unknown
Error Line: 0
====================================================================
====================================================================
Time Encountered: February 20, 2018, 8:54:08 AM
Error Type: Unknown Error (Error #32)
Error String: Module 'imagick' already loaded
Error File: Unknown
Error Line: 0
====================================================================
====================================================================
Time Encountered: February 20, 2018, 9:05:41 AM
Error Type: Unknown Error (Error #32)
Error String: Module 'imagick' already loaded
Error File: Unknown
Error Line: 0
====================================================================
====================================================================
Time Encountered: February 20, 2018, 9:06:59 AM
Error Type: Unknown Error (Error #32)
Error String: Module 'imagick' already loaded
Error File: Unknown
Error Line: 0
====================================================================
====================================================================
Time Encountered: February 20, 2018, 9:18:31 AM
Error Type: Unknown Error (Error #32)
Error String: Module 'imagick' already loaded
Error File: Unknown
Error Line: 0
====================================================================
====================================================================
Time Encountered: February 20, 2018, 9:30:06 AM
Error Type: Unknown Error (Error #32)
Error String: Module 'imagick' already loaded
Error File: Unknown
Error Line: 0
====================================================================
====================================================================
Time Encountered: February 20, 2018, 9:31:24 AM
Error Type: Unknown Error (Error #32)
Error String: Module 'imagick' already loaded
Error File: Unknown
Error Line: 0
====================================================================
====================================================================
Time Encountered: February 20, 2018, 9:36:50 AM
Error Type: Unknown Error (Error #32)
Error String: Module 'imagick' already loaded
Error File: Unknown
Error Line: 0
====================================================================
====================================================================
Time Encountered: February 20, 2018, 9:37:12 AM
Error Type: Unknown Error (Error #32)
Error String: Module 'imagick' already loaded
Error File: Unknown
Error Line: 0
====================================================================
====================================================================
Time Encountered: February 20, 2018, 9:48:57 AM
Error Type: Unknown Error (Error #32)
Error String: Module 'imagick' already loaded
Error File: Unknown
Error Line: 0
====================================================================
====================================================================
Time Encountered: February 20, 2018, 9:48:59 AM
Error Type: Unknown Error (Error #32)
Error String: Module 'imagick' already loaded
Error File: Unknown
Error Line: 0
====================================================================
====================================================================
Time Encountered: February 20, 2018, 9:49:26 AM
Error Type: Unknown Error (Error #32)
Error String: Module 'imagick' already loaded
Error File: Unknown
Error Line: 0
====================================================================
====================================================================
Time Encountered: February 20, 2018, 9:49:56 AM
Error Type: Unknown Error (Error #32)
Error String: Module 'imagick' already loaded
Error File: Unknown
Error Line: 0
====================================================================
====================================================================
Time Encountered: February 20, 2018, 9:51:42 AM
Error Type: Unknown Error (Error #32)
Error String: Module 'imagick' already loaded
Error File: Unknown
Error Line: 0
====================================================================
====================================================================
Time Encountered: February 20, 2018, 10:11:14 AM
Error Type: Unknown Error (Error #32)
Error String: Module 'imagick' already loaded
Error File: Unknown
Error Line: 0
====================================================================
====================================================================
Time Encountered: February 20, 2018, 10:16:24 AM
Error Type: Unknown Error (Error #32)
Error String: Module 'imagick' already loaded
Error File: Unknown
Error Line: 0
====================================================================
====================================================================
Time Encountered: February 20, 2018, 10:16:35 AM
Error Type: Unknown Error (Error #32)
Error String: Module 'imagick' already loaded
Error File: Unknown
Error Line: 0
====================================================================
====================================================================
Time Encountered: February 20, 2018, 10:18:10 AM
Error Type: Unknown Error (Error #32)
Error String: Module 'imagick' already loaded
Error File: Unknown
Error Line: 0
====================================================================
====================================================================
Time Encountered: February 20, 2018, 10:41:10 AM
Error Type: Unknown Error (Error #32)
Error String: Module 'imagick' already loaded
Error File: Unknown
Error Line: 0
====================================================================
====================================================================
Time Encountered: February 20, 2018, 10:54:10 AM
Error Type: Unknown Error (Error #32)
Error String: Module 'imagick' already loaded
Error File: Unknown
Error Line: 0
====================================================================
====================================================================
Time Encountered: February 20, 2018, 11:06:06 AM
Error Type: Unknown Error (Error #32)
Error String: Module 'imagick' already loaded
Error File: Unknown
Error Line: 0
====================================================================
====================================================================
Time Encountered: February 20, 2018, 11:13:45 AM
Error Type: Unknown Error (Error #32)
Error String: Module 'imagick' already loaded
Error File: Unknown
Error Line: 0
====================================================================
====================================================================
Time Encountered: February 20, 2018, 11:14:38 AM
Error Type: Unknown Error (Error #32)
Error String: Module 'imagick' already loaded
Error File: Unknown
Error Line: 0
====================================================================
====================================================================
Time Encountered: February 20, 2018, 11:17:38 AM
Error Type: Unknown Error (Error #32)
Error String: Module 'imagick' already loaded
Error File: Unknown
Error Line: 0
====================================================================
====================================================================
Time Encountered: February 20, 2018, 11:17:43 AM
Error Type: Unknown Error (Error #32)
Error String: Module 'imagick' already loaded
Error File: Unknown
Error Line: 0
====================================================================
====================================================================
Time Encountered: February 20, 2018, 11:18:29 AM
Error Type: Unknown Error (Error #32)
Error String: Module 'imagick' already loaded
Error File: Unknown
Error Line: 0
====================================================================
====================================================================
Time Encountered: February 20, 2018, 11:21:37 AM
Error Type: Unknown Error (Error #32)
Error String: Module 'imagick' already loaded
Error File: Unknown
Error Line: 0
====================================================================
====================================================================
Time Encountered: February 20, 2018, 11:48:10 AM
Error Type: Unknown Error (Error #32)
Error String: Module 'imagick' already loaded
Error File: Unknown
Error Line: 0
====================================================================
====================================================================
Time Encountered: February 20, 2018, 11:49:25 AM
Error Type: Unknown Error (Error #32)
Error String: Module 'imagick' already loaded
Error File: Unknown
Error Line: 0
====================================================================
====================================================================
Time Encountered: February 20, 2018, 12:01:06 PM
Error Type: Unknown Error (Error #32)
Error String: Module 'imagick' already loaded
Error File: Unknown
Error Line: 0
====================================================================
====================================================================
Time Encountered: February 20, 2018, 12:01:34 PM
Error Type: Unknown Error (Error #32)
Error String: Module 'imagick' already loaded
Error File: Unknown
Error Line: 0
====================================================================
====================================================================
Time Encountered: February 20, 2018, 12:12:02 PM
Error Type: Unknown Error (Error #32)
Error String: Module 'imagick' already loaded
Error File: Unknown
Error Line: 0
====================================================================
====================================================================
Time Encountered: February 20, 2018, 12:12:03 PM
Error Type: Unknown Error (Error #32)
Error String: Module 'imagick' already loaded
Error File: Unknown
Error Line: 0
====================================================================
====================================================================
Time Encountered: February 20, 2018, 12:12:05 PM
Error Type: Unknown Error (Error #32)
Error String: Module 'imagick' already loaded
Error File: Unknown
Error Line: 0
====================================================================
====================================================================
Time Encountered: February 20, 2018, 12:12:06 PM
Error Type: Unknown Error (Error #32)
Error String: Module 'imagick' already loaded
Error File: Unknown
Error Line: 0
====================================================================
====================================================================
Time Encountered: February 20, 2018, 12:12:08 PM
Error Type: Unknown Error (Error #32)
Error String: Module 'imagick' already loaded
Error File: Unknown
Error Line: 0
====================================================================
====================================================================
Time Encountered: February 20, 2018, 12:12:09 PM
Error Type: Unknown Error (Error #32)
Error String: Module 'imagick' already loaded
Error File: Unknown
Error Line: 0
====================================================================
====================================================================
Time Encountered: February 20, 2018, 12:12:11 PM
Error Type: Unknown Error (Error #32)
Error String: Module 'imagick' already loaded
Error File: Unknown
Error Line: 0
====================================================================
====================================================================
Time Encountered: February 20, 2018, 12:12:13 PM
Error Type: Unknown Error (Error #32)
Error String: Module 'imagick' already loaded
Error File: Unknown
Error Line: 0
====================================================================
====================================================================
Time Encountered: February 20, 2018, 12:12:14 PM
Error Type: Unknown Error (Error #32)
Error String: Module 'imagick' already loaded
Error File: Unknown
Error Line: 0
====================================================================
====================================================================
Time Encountered: February 20, 2018, 12:12:16 PM
Error Type: Unknown Error (Error #32)
Error String: Module 'imagick' already loaded
Error File: Unknown
Error Line: 0
====================================================================
====================================================================
Time Encountered: February 20, 2018, 12:12:17 PM
Error Type: Unknown Error (Error #32)
Error String: Module 'imagick' already loaded
Error File: Unknown
Error Line: 0
====================================================================
====================================================================
Time Encountered: February 20, 2018, 12:12:19 PM
Error Type: Unknown Error (Error #32)
Error String: Module 'imagick' already loaded
Error File: Unknown
Error Line: 0
====================================================================
====================================================================
Time Encountered: February 20, 2018, 12:12:20 PM
Error Type: Unknown Error (Error #32)
Error String: Module 'imagick' already loaded
Error File: Unknown
Error Line: 0
====================================================================
====================================================================
Time Encountered: February 20, 2018, 12:12:22 PM
Error Type: Unknown Error (Error #32)
Error String: Module 'imagick' already loaded
Error File: Unknown
Error Line: 0
====================================================================
====================================================================
Time Encountered: February 20, 2018, 12:12:24 PM
Error Type: Unknown Error (Error #32)
Error String: Module 'imagick' already loaded
Error File: Unknown
Error Line: 0
====================================================================
====================================================================
Time Encountered: February 20, 2018, 12:12:25 PM
Error Type: Unknown Error (Error #32)
Error String: Module 'imagick' already loaded
Error File: Unknown
Error Line: 0
====================================================================
====================================================================
Time Encountered: February 20, 2018, 12:12:27 PM
Error Type: Unknown Error (Error #32)
Error String: Module 'imagick' already loaded
Error File: Unknown
Error Line: 0
====================================================================
====================================================================
Time Encountered: February 20, 2018, 12:12:28 PM
Error Type: Unknown Error (Error #32)
Error String: Module 'imagick' already loaded
Error File: Unknown
Error Line: 0
====================================================================
====================================================================
Time Encountered: February 20, 2018, 12:12:30 PM
Error Type: Unknown Error (Error #32)
Error String: Module 'imagick' already loaded
Error File: Unknown
Error Line: 0
====================================================================
====================================================================
Time Encountered: February 20, 2018, 12:12:31 PM
Error Type: Unknown Error (Error #32)
Error String: Module 'imagick' already loaded
Error File: Unknown
Error Line: 0
====================================================================
====================================================================
Time Encountered: February 20, 2018, 12:12:33 PM
Error Type: Unknown Error (Error #32)
Error String: Module 'imagick' already loaded
Error File: Unknown
Error Line: 0
====================================================================
====================================================================
Time Encountered: February 20, 2018, 12:12:34 PM
Error Type: Unknown Error (Error #32)
Error String: Module 'imagick' already loaded
Error File: Unknown
Error Line: 0
====================================================================
====================================================================
Time Encountered: February 20, 2018, 12:12:36 PM
Error Type: Unknown Error (Error #32)
Error String: Module 'imagick' already loaded
Error File: Unknown
Error Line: 0
====================================================================
====================================================================
Time Encountered: February 20, 2018, 12:12:38 PM
Error Type: Unknown Error (Error #32)
Error String: Module 'imagick' already loaded
Error File: Unknown
Error Line: 0
====================================================================
====================================================================
Time Encountered: February 20, 2018, 12:12:39 PM
Error Type: Unknown Error (Error #32)
Error String: Module 'imagick' already loaded
Error File: Unknown
Error Line: 0
====================================================================
====================================================================
Time Encountered: February 20, 2018, 12:12:41 PM
Error Type: Unknown Error (Error #32)
Error String: Module 'imagick' already loaded
Error File: Unknown
Error Line: 0
====================================================================
====================================================================
Time Encountered: February 20, 2018, 12:12:43 PM
Error Type: Unknown Error (Error #32)
Error String: Module 'imagick' already loaded
Error File: Unknown
Error Line: 0
====================================================================
====================================================================
Time Encountered: February 20, 2018, 12:12:44 PM
Error Type: Unknown Error (Error #32)
Error String: Module 'imagick' already loaded
Error File: Unknown
Error Line: 0
====================================================================
====================================================================
Time Encountered: February 20, 2018, 12:12:46 PM
Error Type: Unknown Error (Error #32)
Error String: Module 'imagick' already loaded
Error File: Unknown
Error Line: 0
====================================================================
====================================================================
Time Encountered: February 20, 2018, 12:12:47 PM
Error Type: Unknown Error (Error #32)
Error String: Module 'imagick' already loaded
Error File: Unknown
Error Line: 0
====================================================================
====================================================================
Time Encountered: February 20, 2018, 12:12:49 PM
Error Type: Unknown Error (Error #32)
Error String: Module 'imagick' already loaded
Error File: Unknown
Error Line: 0
====================================================================
====================================================================
Time Encountered: February 20, 2018, 12:12:50 PM
Error Type: Unknown Error (Error #32)
Error String: Module 'imagick' already loaded
Error File: Unknown
Error Line: 0
====================================================================
====================================================================
Time Encountered: February 20, 2018, 12:12:52 PM
Error Type: Unknown Error (Error #32)
Error String: Module 'imagick' already loaded
Error File: Unknown
Error Line: 0
====================================================================
====================================================================
Time Encountered: February 20, 2018, 12:12:52 PM
Error Type: Unknown Error (Error #32)
Error String: Module 'imagick' already loaded
Error File: Unknown
Error Line: 0
====================================================================
====================================================================
Time Encountered: February 20, 2018, 12:12:54 PM
Error Type: Unknown Error (Error #32)
Error String: Module 'imagick' already loaded
Error File: Unknown
Error Line: 0
====================================================================
====================================================================
Time Encountered: February 20, 2018, 12:12:55 PM
Error Type: Unknown Error (Error #32)
Error String: Module 'imagick' already loaded
Error File: Unknown
Error Line: 0
====================================================================
====================================================================
Time Encountered: February 20, 2018, 12:12:57 PM
Error Type: Unknown Error (Error #32)
Error String: Module 'imagick' already loaded
Error File: Unknown
Error Line: 0
====================================================================
====================================================================
Time Encountered: February 20, 2018, 12:12:58 PM
Error Type: Unknown Error (Error #32)
Error String: Module 'imagick' already loaded
Error File: Unknown
Error Line: 0
====================================================================
====================================================================
Time Encountered: February 20, 2018, 12:13:00 PM
Error Type: Unknown Error (Error #32)
Error String: Module 'imagick' already loaded
Error File: Unknown
Error Line: 0
====================================================================
====================================================================
Time Encountered: February 20, 2018, 12:13:01 PM
Error Type: Unknown Error (Error #32)
Error String: Module 'imagick' already loaded
Error File: Unknown
Error Line: 0
====================================================================
====================================================================
Time Encountered: February 20, 2018, 12:13:03 PM
Error Type: Unknown Error (Error #32)
Error String: Module 'imagick' already loaded
Error File: Unknown
Error Line: 0
====================================================================
====================================================================
Time Encountered: February 20, 2018, 12:13:04 PM
Error Type: Unknown Error (Error #32)
Error String: Module 'imagick' already loaded
Error File: Unknown
Error Line: 0
====================================================================
====================================================================
Time Encountered: February 20, 2018, 12:13:06 PM
Error Type: Unknown Error (Error #32)
Error String: Module 'imagick' already loaded
Error File: Unknown
Error Line: 0
====================================================================
====================================================================
Time Encountered: February 20, 2018, 12:13:08 PM
Error Type: Unknown Error (Error #32)
Error String: Module 'imagick' already loaded
Error File: Unknown
Error Line: 0
====================================================================
====================================================================
Time Encountered: February 20, 2018, 12:13:09 PM
Error Type: Unknown Error (Error #32)
Error String: Module 'imagick' already loaded
Error File: Unknown
Error Line: 0
====================================================================
====================================================================
Time Encountered: February 20, 2018, 12:13:11 PM
Error Type: Unknown Error (Error #32)
Error String: Module 'imagick' already loaded
Error File: Unknown
Error Line: 0
====================================================================
====================================================================
Time Encountered: February 20, 2018, 12:13:12 PM
Error Type: Unknown Error (Error #32)
Error String: Module 'imagick' already loaded
Error File: Unknown
Error Line: 0
====================================================================
====================================================================
Time Encountered: February 20, 2018, 12:13:14 PM
Error Type: Unknown Error (Error #32)
Error String: Module 'imagick' already loaded
Error File: Unknown
Error Line: 0
====================================================================
====================================================================
Time Encountered: February 20, 2018, 12:13:45 PM
Error Type: Unknown Error (Error #32)
Error String: Module 'imagick' already loaded
Error File: Unknown
Error Line: 0
====================================================================
====================================================================
Time Encountered: February 20, 2018, 12:17:17 PM
Error Type: Unknown Error (Error #32)
Error String: Module 'imagick' already loaded
Error File: Unknown
Error Line: 0
====================================================================
====================================================================
Time Encountered: February 20, 2018, 12:33:53 PM
Error Type: Unknown Error (Error #32)
Error String: Module 'imagick' already loaded
Error File: Unknown
Error Line: 0
====================================================================
====================================================================
Time Encountered: February 20, 2018, 12:34:44 PM
Error Type: Unknown Error (Error #32)
Error String: Module 'imagick' already loaded
Error File: Unknown
Error Line: 0
====================================================================
====================================================================
Time Encountered: February 20, 2018, 12:36:25 PM
Error Type: Unknown Error (Error #32)
Error String: Module 'imagick' already loaded
Error File: Unknown
Error Line: 0
====================================================================
====================================================================
Time Encountered: February 20, 2018, 12:36:25 PM
Error Type: Unknown Error (Error #32)
Error String: Module 'imagick' already loaded
Error File: Unknown
Error Line: 0
====================================================================
====================================================================
Time Encountered: February 20, 2018, 12:36:25 PM
Error Type: Unknown Error (Error #32)
Error String: Module 'imagick' already loaded
Error File: Unknown
Error Line: 0
====================================================================
====================================================================
Time Encountered: February 20, 2018, 12:36:25 PM
Error Type: Unknown Error (Error #32)
Error String: Module 'imagick' already loaded
Error File: Unknown
Error Line: 0
====================================================================
====================================================================
Time Encountered: February 20, 2018, 12:36:26 PM
Error Type: Unknown Error (Error #32)
Error String: Module 'imagick' already loaded
Error File: Unknown
Error Line: 0
====================================================================
====================================================================
Time Encountered: February 20, 2018, 12:36:26 PM
Error Type: Unknown Error (Error #32)
Error String: Module 'imagick' already loaded
Error File: Unknown
Error Line: 0
====================================================================
====================================================================
Time Encountered: February 20, 2018, 12:36:26 PM
Error Type: Unknown Error (Error #32)
Error String: Module 'imagick' already loaded
Error File: Unknown
Error Line: 0
====================================================================
====================================================================
Time Encountered: February 20, 2018, 12:36:27 PM
Error Type: Unknown Error (Error #32)
Error String: Module 'imagick' already loaded
Error File: Unknown
Error Line: 0
====================================================================
====================================================================
Time Encountered: February 20, 2018, 12:36:27 PM
Error Type: Unknown Error (Error #32)
Error String: Module 'imagick' already loaded
Error File: Unknown
Error Line: 0
====================================================================
====================================================================
Time Encountered: February 20, 2018, 12:36:31 PM
Error Type: Unknown Error (Error #32)
Error String: Module 'imagick' already loaded
Error File: Unknown
Error Line: 0
====================================================================
====================================================================
Time Encountered: February 20, 2018, 12:36:31 PM
Error Type: Unknown Error (Error #32)
Error String: Module 'imagick' already loaded
Error File: Unknown
Error Line: 0
====================================================================
====================================================================
Time Encountered: February 20, 2018, 12:36:31 PM
Error Type: Unknown Error (Error #32)
Error String: Module 'imagick' already loaded
Error File: Unknown
Error Line: 0
====================================================================
====================================================================
Time Encountered: February 20, 2018, 12:46:21 PM
Error Type: Unknown Error (Error #32)
Error String: Module 'imagick' already loaded
Error File: Unknown
Error Line: 0
====================================================================
====================================================================
Time Encountered: February 20, 2018, 12:47:44 PM
Error Type: Unknown Error (Error #32)
Error String: Module 'imagick' already loaded
Error File: Unknown
Error Line: 0
====================================================================
====================================================================
Time Encountered: February 20, 2018, 1:11:06 PM
Error Type: Unknown Error (Error #32)
Error String: Module 'imagick' already loaded
Error File: Unknown
Error Line: 0
====================================================================
====================================================================
Time Encountered: February 20, 2018, 1:12:26 PM
Error Type: Unknown Error (Error #32)
Error String: Module 'imagick' already loaded
Error File: Unknown
Error Line: 0
====================================================================
====================================================================
Time Encountered: February 20, 2018, 1:26:17 PM
Error Type: Unknown Error (Error #32)
Error String: Module 'imagick' already loaded
Error File: Unknown
Error Line: 0
====================================================================
====================================================================
Time Encountered: February 20, 2018, 1:46:24 PM
Error Type: Unknown Error (Error #32)
Error String: Module 'imagick' already loaded
Error File: Unknown
Error Line: 0
====================================================================
====================================================================
Time Encountered: February 20, 2018, 1:47:56 PM
Error Type: Unknown Error (Error #32)
Error String: Module 'imagick' already loaded
Error File: Unknown
Error Line: 0
====================================================================
====================================================================
Time Encountered: February 20, 2018, 1:47:57 PM
Error Type: Unknown Error (Error #32)
Error String: Module 'imagick' already loaded
Error File: Unknown
Error Line: 0
====================================================================
====================================================================
Time Encountered: February 20, 2018, 1:48:58 PM
Error Type: Unknown Error (Error #32)
Error String: Module 'imagick' already loaded
Error File: Unknown
Error Line: 0
====================================================================
====================================================================
Time Encountered: February 20, 2018, 1:49:58 PM
Error Type: Unknown Error (Error #32)
Error String: Module 'imagick' already loaded
Error File: Unknown
Error Line: 0
====================================================================
====================================================================
Time Encountered: February 20, 2018, 2:14:55 PM
Error Type: Unknown Error (Error #32)
Error String: Module 'imagick' already loaded
Error File: Unknown
Error Line: 0
====================================================================
====================================================================
Time Encountered: February 20, 2018, 2:20:54 PM
Error Type: Unknown Error (Error #32)
Error String: Module 'imagick' already loaded
Error File: Unknown
Error Line: 0
====================================================================
====================================================================
Time Encountered: February 20, 2018, 2:21:42 PM
Error Type: Unknown Error (Error #32)
Error String: Module 'imagick' already loaded
Error File: Unknown
Error Line: 0
====================================================================
====================================================================
Time Encountered: February 20, 2018, 2:27:33 PM
Error Type: Unknown Error (Error #32)
Error String: Module 'imagick' already loaded
Error File: Unknown
Error Line: 0
====================================================================
====================================================================
Time Encountered: February 20, 2018, 2:28:22 PM
Error Type: Unknown Error (Error #32)
Error String: Module 'imagick' already loaded
Error File: Unknown
Error Line: 0
====================================================================
====================================================================
Time Encountered: February 20, 2018, 2:30:06 PM
Error Type: Unknown Error (Error #32)
Error String: Module 'imagick' already loaded
Error File: Unknown
Error Line: 0
====================================================================
====================================================================
Time Encountered: February 20, 2018, 2:38:29 PM
Error Type: Unknown Error (Error #32)
Error String: Module 'imagick' already loaded
Error File: Unknown
Error Line: 0
====================================================================
====================================================================
Time Encountered: February 20, 2018, 2:45:31 PM
Error Type: Unknown Error (Error #32)
Error String: Module 'imagick' already loaded
Error File: Unknown
Error Line: 0
====================================================================
====================================================================
Time Encountered: February 20, 2018, 3:19:56 PM
Error Type: Unknown Error (Error #32)
Error String: Module 'imagick' already loaded
Error File: Unknown
Error Line: 0
====================================================================
====================================================================
Time Encountered: February 20, 2018, 3:21:42 PM
Error Type: Unknown Error (Error #32)
Error String: Module 'imagick' already loaded
Error File: Unknown
Error Line: 0
====================================================================
====================================================================
Time Encountered: February 20, 2018, 3:22:35 PM
Error Type: Unknown Error (Error #32)
Error String: Module 'imagick' already loaded
Error File: Unknown
Error Line: 0
====================================================================
====================================================================
Time Encountered: February 20, 2018, 3:25:56 PM
Error Type: Unknown Error (Error #32)
Error String: Module 'imagick' already loaded
Error File: Unknown
Error Line: 0
====================================================================
====================================================================
Time Encountered: February 20, 2018, 3:26:51 PM
Error Type: Unknown Error (Error #32)
Error String: Module 'imagick' already loaded
Error File: Unknown
Error Line: 0
====================================================================
====================================================================
Time Encountered: February 20, 2018, 3:39:40 PM
Error Type: Unknown Error (Error #32)
Error String: Module 'imagick' already loaded
Error File: Unknown
Error Line: 0
====================================================================
====================================================================
Time Encountered: February 20, 2018, 3:52:53 PM
Error Type: Unknown Error (Error #32)
Error String: Module 'imagick' already loaded
Error File: Unknown
Error Line: 0
====================================================================
====================================================================
Time Encountered: February 20, 2018, 4:01:59 PM
Error Type: Unknown Error (Error #32)
Error String: Module 'imagick' already loaded
Error File: Unknown
Error Line: 0
====================================================================
====================================================================
Time Encountered: February 20, 2018, 4:03:31 PM
Error Type: Unknown Error (Error #32)
Error String: Module 'imagick' already loaded
Error File: Unknown
Error Line: 0
====================================================================
====================================================================
Time Encountered: February 20, 2018, 4:22:36 PM
Error Type: Unknown Error (Error #32)
Error String: Module 'imagick' already loaded
Error File: Unknown
Error Line: 0
====================================================================
====================================================================
Time Encountered: February 20, 2018, 4:23:44 PM
Error Type: Unknown Error (Error #32)
Error String: Module 'imagick' already loaded
Error File: Unknown
Error Line: 0
====================================================================
====================================================================
Time Encountered: February 20, 2018, 4:23:57 PM
Error Type: Unknown Error (Error #32)
Error String: Module 'imagick' already loaded
Error File: Unknown
Error Line: 0
====================================================================
====================================================================
Time Encountered: February 20, 2018, 4:30:56 PM
Error Type: Unknown Error (Error #32)
Error String: Module 'imagick' already loaded
Error File: Unknown
Error Line: 0
====================================================================
====================================================================
Time Encountered: February 20, 2018, 4:47:54 PM
Error Type: Unknown Error (Error #32)
Error String: Module 'imagick' already loaded
Error File: Unknown
Error Line: 0
====================================================================
====================================================================
Time Encountered: February 20, 2018, 4:53:01 PM
Error Type: Unknown Error (Error #32)
Error String: Module 'imagick' already loaded
Error File: Unknown
Error Line: 0
====================================================================
====================================================================
Time Encountered: February 20, 2018, 5:05:41 PM
Error Type: Unknown Error (Error #32)
Error String: Module 'imagick' already loaded
Error File: Unknown
Error Line: 0
====================================================================
====================================================================
Time Encountered: February 20, 2018, 5:12:36 PM
Error Type: Unknown Error (Error #32)
Error String: Module 'imagick' already loaded
Error File: Unknown
Error Line: 0
====================================================================
====================================================================
Time Encountered: February 20, 2018, 5:35:06 PM
Error Type: Unknown Error (Error #32)
Error String: Module 'imagick' already loaded
Error File: Unknown
Error Line: 0
====================================================================
====================================================================
Time Encountered: February 20, 2018, 5:38:07 PM
Error Type: Unknown Error (Error #32)
Error String: Module 'imagick' already loaded
Error File: Unknown
Error Line: 0
====================================================================
====================================================================
Time Encountered: February 20, 2018, 5:40:01 PM
Error Type: Unknown Error (Error #32)
Error String: Module 'imagick' already loaded
Error File: Unknown
Error Line: 0
====================================================================
====================================================================
Time Encountered: February 20, 2018, 5:49:51 PM
Error Type: Unknown Error (Error #32)
Error String: Module 'imagick' already loaded
Error File: Unknown
Error Line: 0
====================================================================
====================================================================
Time Encountered: February 20, 2018, 6:01:23 PM
Error Type: Unknown Error (Error #32)
Error String: Module 'imagick' already loaded
Error File: Unknown
Error Line: 0
====================================================================
====================================================================
Time Encountered: February 20, 2018, 6:01:28 PM
Error Type: Unknown Error (Error #32)
Error String: Module 'imagick' already loaded
Error File: Unknown
Error Line: 0
====================================================================
====================================================================
Time Encountered: February 20, 2018, 6:34:17 PM
Error Type: Unknown Error (Error #32)
Error String: Module 'imagick' already loaded
Error File: Unknown
Error Line: 0
====================================================================
====================================================================
Time Encountered: February 20, 2018, 7:15:01 PM
Error Type: Unknown Error (Error #32)
Error String: Module 'imagick' already loaded
Error File: Unknown
Error Line: 0
====================================================================
====================================================================
Time Encountered: February 20, 2018, 7:22:35 PM
Error Type: Unknown Error (Error #32)
Error String: Module 'imagick' already loaded
Error File: Unknown
Error Line: 0
====================================================================
====================================================================
Time Encountered: February 20, 2018, 7:46:58 PM
Error Type: Unknown Error (Error #32)
Error String: Module 'imagick' already loaded
Error File: Unknown
Error Line: 0
====================================================================
====================================================================
Time Encountered: February 20, 2018, 8:02:36 PM
Error Type: Unknown Error (Error #32)
Error String: Module 'imagick' already loaded
Error File: Unknown
Error Line: 0
====================================================================
====================================================================
Time Encountered: February 20, 2018, 8:07:42 PM
Error Type: Unknown Error (Error #32)
Error String: Module 'imagick' already loaded
Error File: Unknown
Error Line: 0
====================================================================
====================================================================
Time Encountered: February 20, 2018, 8:20:06 PM
Error Type: Unknown Error (Error #32)
Error String: Module 'imagick' already loaded
Error File: Unknown
Error Line: 0
====================================================================
====================================================================
Time Encountered: February 20, 2018, 8:35:05 PM
Error Type: Unknown Error (Error #32)
Error String: Module 'imagick' already loaded
Error File: Unknown
Error Line: 0
====================================================================
====================================================================
Time Encountered: February 20, 2018, 8:57:31 PM
Error Type: Unknown Error (Error #32)
Error String: Module 'imagick' already loaded
Error File: Unknown
Error Line: 0
====================================================================
====================================================================
Time Encountered: February 20, 2018, 9:02:55 PM
Error Type: Unknown Error (Error #32)
Error String: Module 'imagick' already loaded
Error File: Unknown
Error Line: 0
====================================================================
====================================================================
Time Encountered: February 20, 2018, 9:02:55 PM
Error Type: Unknown Error (Error #32)
Error String: Module 'imagick' already loaded
Error File: Unknown
Error Line: 0
====================================================================
====================================================================
Time Encountered: February 20, 2018, 9:08:44 PM
Error Type: Unknown Error (Error #32)
Error String: Module 'imagick' already loaded
Error File: Unknown
Error Line: 0
====================================================================
====================================================================
Time Encountered: February 20, 2018, 9:33:51 PM
Error Type: User Error (Error #256)
Error String: mmhclass->image->is_image(): image does not exist. (/home/redhue/public_html/redup.ir/images/7666_1072759b_yj9g.jpg)
Error File: /home/redhue/public_html/redup.ir/source/includes/imagemagick.php
Error Line: 81
====================================================================
====================================================================
Time Encountered: February 20, 2018, 9:33:51 PM
Error Type: Unknown Error (Error #32)
Error String: Module 'imagick' already loaded
Error File: Unknown
Error Line: 0
====================================================================
====================================================================
Time Encountered: February 20, 2018, 10:03:39 PM
Error Type: Unknown Error (Error #32)
Error String: Module 'imagick' already loaded
Error File: Unknown
Error Line: 0
====================================================================
====================================================================
Time Encountered: February 20, 2018, 10:04:41 PM
Error Type: Unknown Error (Error #32)
Error String: Module 'imagick' already loaded
Error File: Unknown
Error Line: 0
====================================================================
====================================================================
Time Encountered: February 20, 2018, 10:06:27 PM
Error Type: Unknown Error (Error #32)
Error String: Module 'imagick' already loaded
Error File: Unknown
Error Line: 0
====================================================================
====================================================================
Time Encountered: February 20, 2018, 10:16:15 PM
Error Type: Unknown Error (Error #32)
Error String: Module 'imagick' already loaded
Error File: Unknown
Error Line: 0
====================================================================
====================================================================
Time Encountered: February 20, 2018, 10:19:34 PM
Error Type: User Error (Error #256)
Error String: mmhclass->image->is_image(): image does not exist. (/home/redhue/public_html/redup.ir/images/1770_img_ebho.jpg)
Error File: /home/redhue/public_html/redup.ir/source/includes/imagemagick.php
Error Line: 81
====================================================================
====================================================================
Time Encountered: February 20, 2018, 10:19:34 PM
Error Type: Unknown Error (Error #32)
Error String: Module 'imagick' already loaded
Error File: Unknown
Error Line: 0
====================================================================
====================================================================
Time Encountered: February 20, 2018, 10:31:37 PM
Error Type: Unknown Error (Error #32)
Error String: Module 'imagick' already loaded
Error File: Unknown
Error Line: 0
====================================================================
====================================================================
Time Encountered: February 20, 2018, 10:40:12 PM
Error Type: Unknown Error (Error #32)
Error String: Module 'imagick' already loaded
Error File: Unknown
Error Line: 0
====================================================================
====================================================================
Time Encountered: February 20, 2018, 11:07:56 PM
Error Type: Unknown Error (Error #32)
Error String: Module 'imagick' already loaded
Error File: Unknown
Error Line: 0
====================================================================
====================================================================
Time Encountered: February 20, 2018, 11:28:36 PM
Error Type: Unknown Error (Error #32)
Error String: Module 'imagick' already loaded
Error File: Unknown
Error Line: 0
====================================================================
====================================================================
Time Encountered: February 20, 2018, 11:28:37 PM
Error Type: Unknown Error (Error #32)
Error String: Module 'imagick' already loaded
Error File: Unknown
Error Line: 0
====================================================================
====================================================================
Time Encountered: February 20, 2018, 11:32:24 PM
Error Type: Unknown Error (Error #32)
Error String: Module 'imagick' already loaded
Error File: Unknown
Error Line: 0
====================================================================
====================================================================
Time Encountered: February 20, 2018, 11:33:52 PM
Error Type: Unknown Error (Error #32)
Error String: Module 'imagick' already loaded
Error File: Unknown
Error Line: 0
====================================================================
====================================================================
Time Encountered: February 20, 2018, 11:46:31 PM
Error Type: Unknown Error (Error #32)
Error String: Module 'imagick' already loaded
Error File: Unknown
Error Line: 0
====================================================================
====================================================================
Time Encountered: February 20, 2018, 11:49:30 PM
Error Type: Unknown Error (Error #32)
Error String: Module 'imagick' already loaded
Error File: Unknown
Error Line: 0
====================================================================
