====================================================================
Time Encountered: March 22, 2019, 12:45:37 AM
Error Type: User Error (Error #256)
Error String: mmhclass->image->is_image(): image does not exist. (/home/redhue/public_html/images/gll0y/6743_2985739_original_27t5_thumb.jpg)
Error File: /home/redhue/public_html/source/includes/imagemagick.php
Error Line: 81
====================================================================
====================================================================
Time Encountered: March 22, 2019, 1:03:24 AM
Error Type: User Error (Error #256)
Error String: mmhclass->image->is_image(): image does not exist. (/home/redhue/public_html/images/oewhr/6993_nainna_9_u100_thumb.jpg)
Error File: /home/redhue/public_html/source/includes/imagemagick.php
Error Line: 81
====================================================================
====================================================================
Time Encountered: March 22, 2019, 1:09:46 AM
Error Type: User Error (Error #256)
Error String: mmhclass->image->is_image(): image does not exist. (/home/redhue/public_html/images/mb8bg/4963_68_irfq_thumb.jpg)
Error File: /home/redhue/public_html/source/includes/imagemagick.php
Error Line: 81
====================================================================
====================================================================
Time Encountered: March 22, 2019, 1:10:48 AM
Error Type: User Error (Error #256)
Error String: mmhclass->image->is_image(): image does not exist. (/home/redhue/public_html/images/a65c7/7230_86_bcnv_thumb.jpg)
Error File: /home/redhue/public_html/source/includes/imagemagick.php
Error Line: 81
====================================================================
====================================================================
Time Encountered: March 22, 2019, 1:30:21 AM
Error Type: User Error (Error #256)
Error String: mmhclass->image->is_image(): image does not exist. (/home/redhue/public_html/images/isnet/0512_img_cjup_thumb.jpg)
Error File: /home/redhue/public_html/source/includes/imagemagick.php
Error Line: 81
====================================================================
====================================================================
Time Encountered: March 22, 2019, 1:50:23 AM
Error Type: User Error (Error #256)
Error String: mmhclass->image->is_image(): image does not exist. (/home/redhue/public_html/images/tlk6a/4255_22_1i6a_thumb.jpg)
Error File: /home/redhue/public_html/source/includes/imagemagick.php
Error Line: 81
====================================================================
====================================================================
Time Encountered: March 22, 2019, 2:04:33 AM
Error Type: User Error (Error #256)
Error String: mmhclass->image->is_image(): image does not exist. (/home/redhue/public_html/images/cjc9e/4137_51_vuo8_thumb.jpg)
Error File: /home/redhue/public_html/source/includes/imagemagick.php
Error Line: 81
====================================================================
====================================================================
Time Encountered: March 22, 2019, 2:53:30 AM
Error Type: User Error (Error #256)
Error String: mmhclass->image->is_image(): image does not exist. (/home/redhue/public_html/images/3mto5/9604_seoinsidesite6_ftdt_thumb.jpg)
Error File: /home/redhue/public_html/source/includes/imagemagick.php
Error Line: 81
====================================================================
====================================================================
Time Encountered: March 22, 2019, 4:40:46 AM
Error Type: User Error (Error #256)
Error String: mmhclass->image->is_image(): image does not exist. (/home/redhue/public_html/images/8283_img_f5i0.jpg)
Error File: /home/redhue/public_html/source/includes/imagemagick.php
Error Line: 81
====================================================================
====================================================================
Time Encountered: March 22, 2019, 5:29:13 AM
Error Type: User Error (Error #256)
Error String: mmhclass->image->is_image(): image does not exist. (/home/redhue/public_html/images/x3udo/0211_a_388__gvqv_thumb.jpg)
Error File: /home/redhue/public_html/source/includes/imagemagick.php
Error Line: 81
====================================================================
====================================================================
Time Encountered: March 22, 2019, 6:30:16 AM
Error Type: User Error (Error #256)
Error String: mmhclass->image->is_image(): image does not exist. (/home/redhue/public_html/images/91w6g/1633_009_009a_1280x911_t8g6_thumb.jpg)
Error File: /home/redhue/public_html/source/includes/imagemagick.php
Error Line: 81
====================================================================
====================================================================
Time Encountered: March 22, 2019, 6:30:24 AM
Error Type: User Error (Error #256)
Error String: mmhclass->image->is_image(): image does not exist. (/home/redhue/public_html/images/7dduv/1639_combat_aircraft___july_2016_0016_l9qf_thumb.jpg)
Error File: /home/redhue/public_html/source/includes/imagemagick.php
Error Line: 81
====================================================================
====================================================================
Time Encountered: March 22, 2019, 6:30:45 AM
Error Type: User Error (Error #256)
Error String: mmhclass->image->is_image(): image does not exist. (/home/redhue/public_html/images/xeozp/4702_n3052319_4887137_g6ib_thumb.jpg)
Error File: /home/redhue/public_html/source/includes/imagemagick.php
Error Line: 81
====================================================================
====================================================================
Time Encountered: March 22, 2019, 6:33:49 AM
Error Type: User Error (Error #256)
Error String: mmhclass->image->is_image(): image does not exist. (/home/redhue/public_html/images/924jf/2780_background_8_mcsj_thumb.jpg)
Error File: /home/redhue/public_html/source/includes/imagemagick.php
Error Line: 81
====================================================================
====================================================================
Time Encountered: March 22, 2019, 6:34:31 AM
Error Type: User Error (Error #256)
Error String: mmhclass->image->is_image(): image does not exist. (/home/redhue/public_html/images/1q9bj/9567_3_ayfn_thumb.jpg)
Error File: /home/redhue/public_html/source/includes/imagemagick.php
Error Line: 81
====================================================================
====================================================================
Time Encountered: March 22, 2019, 6:34:52 AM
Error Type: User Error (Error #256)
Error String: mmhclass->image->is_image(): image does not exist. (/home/redhue/public_html/images/9zxpm/6945_a_69__jyua_thumb.jpg)
Error File: /home/redhue/public_html/source/includes/imagemagick.php
Error Line: 81
====================================================================
====================================================================
Time Encountered: March 22, 2019, 6:34:54 AM
Error Type: User Error (Error #256)
Error String: mmhclass->image->is_image(): image does not exist. (/home/redhue/public_html/images/3c3nd/7362_a_214__qu0h_thumb.jpg)
Error File: /home/redhue/public_html/source/includes/imagemagick.php
Error Line: 81
====================================================================
====================================================================
Time Encountered: March 22, 2019, 6:35:09 AM
Error Type: User Error (Error #256)
Error String: mmhclass->image->is_image(): image does not exist. (/home/redhue/public_html/images/737w4/0354_2997228_original_2y1t_thumb.jpg)
Error File: /home/redhue/public_html/source/includes/imagemagick.php
Error Line: 81
====================================================================
====================================================================
Time Encountered: March 22, 2019, 6:35:30 AM
Error Type: User Error (Error #256)
Error String: mmhclass->image->is_image(): image does not exist. (/home/redhue/public_html/images/9rkh7/4269_004_50x75_scan037_1280x859_crji_thumb.jpg)
Error File: /home/redhue/public_html/source/includes/imagemagick.php
Error Line: 81
====================================================================
====================================================================
Time Encountered: March 22, 2019, 6:36:17 AM
Error Type: User Error (Error #256)
Error String: mmhclass->image->is_image(): image does not exist. (/home/redhue/public_html/images/krdy0/9484_space_wallpaper_space_32897730_1920_1080_ef1k_thumb.jpg)
Error File: /home/redhue/public_html/source/includes/imagemagick.php
Error Line: 81
====================================================================
====================================================================
Time Encountered: March 22, 2019, 6:36:45 AM
Error Type: User Error (Error #256)
Error String: mmhclass->image->is_image(): image does not exist. (/home/redhue/public_html/images/xi2w2/1241_57_hoac_thumb.jpg)
Error File: /home/redhue/public_html/source/includes/imagemagick.php
Error Line: 81
====================================================================
====================================================================
Time Encountered: March 22, 2019, 6:36:47 AM
Error Type: User Error (Error #256)
Error String: mmhclass->image->is_image(): image does not exist. (/home/redhue/public_html/images/iub29/1418_76_lheh_thumb.jpg)
Error File: /home/redhue/public_html/source/includes/imagemagick.php
Error Line: 81
====================================================================
====================================================================
Time Encountered: March 22, 2019, 6:37:11 AM
Error Type: User Error (Error #256)
Error String: mmhclass->image->is_image(): image does not exist. (/home/redhue/public_html/images/tiv8v/5712_1_108__m45z_thumb.jpg)
Error File: /home/redhue/public_html/source/includes/imagemagick.php
Error Line: 81
====================================================================
====================================================================
Time Encountered: March 22, 2019, 6:38:16 AM
Error Type: User Error (Error #256)
Error String: mmhclass->image->is_image(): image does not exist. (/home/redhue/public_html/images/trp8y/8913_2660695_original_pwp3_thumb.jpg)
Error File: /home/redhue/public_html/source/includes/imagemagick.php
Error Line: 81
====================================================================
====================================================================
Time Encountered: March 22, 2019, 6:56:41 AM
Error Type: User Error (Error #256)
Error String: mmhclass->image->is_image(): image does not exist. (/home/redhue/public_html/images/theb1/6189_008_3l_1_1280x863_1exi_thumb.jpg)
Error File: /home/redhue/public_html/source/includes/imagemagick.php
Error Line: 81
====================================================================
====================================================================
Time Encountered: March 22, 2019, 7:00:34 AM
Error Type: User Error (Error #256)
Error String: mmhclass->image->is_image(): image does not exist. (/home/redhue/public_html/images/91w6g/1633_009_009a_1280x911_t8g6_thumb.jpg)
Error File: /home/redhue/public_html/source/includes/imagemagick.php
Error Line: 81
====================================================================
====================================================================
Time Encountered: March 22, 2019, 7:00:43 AM
Error Type: User Error (Error #256)
Error String: mmhclass->image->is_image(): image does not exist. (/home/redhue/public_html/images/7dduv/1639_combat_aircraft___july_2016_0016_l9qf_thumb.jpg)
Error File: /home/redhue/public_html/source/includes/imagemagick.php
Error Line: 81
====================================================================
====================================================================
Time Encountered: March 22, 2019, 7:01:02 AM
Error Type: User Error (Error #256)
Error String: mmhclass->image->is_image(): image does not exist. (/home/redhue/public_html/images/xeozp/4702_n3052319_4887137_g6ib_thumb.jpg)
Error File: /home/redhue/public_html/source/includes/imagemagick.php
Error Line: 81
====================================================================
====================================================================
Time Encountered: March 22, 2019, 7:04:47 AM
Error Type: User Error (Error #256)
Error String: mmhclass->image->is_image(): image does not exist. (/home/redhue/public_html/images/1q9bj/9567_3_ayfn_thumb.jpg)
Error File: /home/redhue/public_html/source/includes/imagemagick.php
Error Line: 81
====================================================================
====================================================================
Time Encountered: March 22, 2019, 7:05:05 AM
Error Type: User Error (Error #256)
Error String: mmhclass->image->is_image(): image does not exist. (/home/redhue/public_html/images/9zxpm/6945_a_69__jyua_thumb.jpg)
Error File: /home/redhue/public_html/source/includes/imagemagick.php
Error Line: 81
====================================================================
====================================================================
Time Encountered: March 22, 2019, 7:05:07 AM
Error Type: User Error (Error #256)
Error String: mmhclass->image->is_image(): image does not exist. (/home/redhue/public_html/images/3c3nd/7362_a_214__qu0h_thumb.jpg)
Error File: /home/redhue/public_html/source/includes/imagemagick.php
Error Line: 81
====================================================================
====================================================================
Time Encountered: March 22, 2019, 7:05:20 AM
Error Type: User Error (Error #256)
Error String: mmhclass->image->is_image(): image does not exist. (/home/redhue/public_html/images/737w4/0354_2997228_original_2y1t_thumb.jpg)
Error File: /home/redhue/public_html/source/includes/imagemagick.php
Error Line: 81
====================================================================
====================================================================
Time Encountered: March 22, 2019, 7:05:42 AM
Error Type: User Error (Error #256)
Error String: mmhclass->image->is_image(): image does not exist. (/home/redhue/public_html/images/9rkh7/4269_004_50x75_scan037_1280x859_crji_thumb.jpg)
Error File: /home/redhue/public_html/source/includes/imagemagick.php
Error Line: 81
====================================================================
====================================================================
Time Encountered: March 22, 2019, 7:06:27 AM
Error Type: User Error (Error #256)
Error String: mmhclass->image->is_image(): image does not exist. (/home/redhue/public_html/images/krdy0/9484_space_wallpaper_space_32897730_1920_1080_ef1k_thumb.jpg)
Error File: /home/redhue/public_html/source/includes/imagemagick.php
Error Line: 81
====================================================================
====================================================================
Time Encountered: March 22, 2019, 7:06:56 AM
Error Type: User Error (Error #256)
Error String: mmhclass->image->is_image(): image does not exist. (/home/redhue/public_html/images/xi2w2/1241_57_hoac_thumb.jpg)
Error File: /home/redhue/public_html/source/includes/imagemagick.php
Error Line: 81
====================================================================
====================================================================
Time Encountered: March 22, 2019, 7:06:58 AM
Error Type: User Error (Error #256)
Error String: mmhclass->image->is_image(): image does not exist. (/home/redhue/public_html/images/iub29/1418_76_lheh_thumb.jpg)
Error File: /home/redhue/public_html/source/includes/imagemagick.php
Error Line: 81
====================================================================
====================================================================
Time Encountered: March 22, 2019, 7:07:22 AM
Error Type: User Error (Error #256)
Error String: mmhclass->image->is_image(): image does not exist. (/home/redhue/public_html/images/tiv8v/5712_1_108__m45z_thumb.jpg)
Error File: /home/redhue/public_html/source/includes/imagemagick.php
Error Line: 81
====================================================================
====================================================================
Time Encountered: March 22, 2019, 7:08:27 AM
Error Type: User Error (Error #256)
Error String: mmhclass->image->is_image(): image does not exist. (/home/redhue/public_html/images/trp8y/8913_2660695_original_pwp3_thumb.jpg)
Error File: /home/redhue/public_html/source/includes/imagemagick.php
Error Line: 81
====================================================================
====================================================================
Time Encountered: March 22, 2019, 7:22:23 AM
Error Type: User Error (Error #256)
Error String: mmhclass->image->is_image(): image does not exist. (/home/redhue/public_html/images/qk851/1838_background_6_xb5b_thumb.jpg)
Error File: /home/redhue/public_html/source/includes/imagemagick.php
Error Line: 81
====================================================================
====================================================================
Time Encountered: March 22, 2019, 7:31:45 AM
Error Type: User Error (Error #256)
Error String: mmhclass->image->is_image(): image does not exist. (/home/redhue/public_html/images/91w6g/1633_009_009a_1280x911_t8g6_thumb.jpg)
Error File: /home/redhue/public_html/source/includes/imagemagick.php
Error Line: 81
====================================================================
====================================================================
Time Encountered: March 22, 2019, 7:31:54 AM
Error Type: User Error (Error #256)
Error String: mmhclass->image->is_image(): image does not exist. (/home/redhue/public_html/images/7dduv/1639_combat_aircraft___july_2016_0016_l9qf_thumb.jpg)
Error File: /home/redhue/public_html/source/includes/imagemagick.php
Error Line: 81
====================================================================
====================================================================
Time Encountered: March 22, 2019, 7:32:13 AM
Error Type: User Error (Error #256)
Error String: mmhclass->image->is_image(): image does not exist. (/home/redhue/public_html/images/xeozp/4702_n3052319_4887137_g6ib_thumb.jpg)
Error File: /home/redhue/public_html/source/includes/imagemagick.php
Error Line: 81
====================================================================
====================================================================
Time Encountered: March 22, 2019, 7:36:04 AM
Error Type: User Error (Error #256)
Error String: mmhclass->image->is_image(): image does not exist. (/home/redhue/public_html/images/1q9bj/9567_3_ayfn_thumb.jpg)
Error File: /home/redhue/public_html/source/includes/imagemagick.php
Error Line: 81
====================================================================
====================================================================
Time Encountered: March 22, 2019, 7:36:20 AM
Error Type: User Error (Error #256)
Error String: mmhclass->image->is_image(): image does not exist. (/home/redhue/public_html/images/9zxpm/6945_a_69__jyua_thumb.jpg)
Error File: /home/redhue/public_html/source/includes/imagemagick.php
Error Line: 81
====================================================================
====================================================================
Time Encountered: March 22, 2019, 7:36:22 AM
Error Type: User Error (Error #256)
Error String: mmhclass->image->is_image(): image does not exist. (/home/redhue/public_html/images/3c3nd/7362_a_214__qu0h_thumb.jpg)
Error File: /home/redhue/public_html/source/includes/imagemagick.php
Error Line: 81
====================================================================
====================================================================
Time Encountered: March 22, 2019, 7:36:38 AM
Error Type: User Error (Error #256)
Error String: mmhclass->image->is_image(): image does not exist. (/home/redhue/public_html/images/737w4/0354_2997228_original_2y1t_thumb.jpg)
Error File: /home/redhue/public_html/source/includes/imagemagick.php
Error Line: 81
====================================================================
====================================================================
Time Encountered: March 22, 2019, 7:37:00 AM
Error Type: User Error (Error #256)
Error String: mmhclass->image->is_image(): image does not exist. (/home/redhue/public_html/images/9rkh7/4269_004_50x75_scan037_1280x859_crji_thumb.jpg)
Error File: /home/redhue/public_html/source/includes/imagemagick.php
Error Line: 81
====================================================================
====================================================================
Time Encountered: March 22, 2019, 7:37:49 AM
Error Type: User Error (Error #256)
Error String: mmhclass->image->is_image(): image does not exist. (/home/redhue/public_html/images/krdy0/9484_space_wallpaper_space_32897730_1920_1080_ef1k_thumb.jpg)
Error File: /home/redhue/public_html/source/includes/imagemagick.php
Error Line: 81
====================================================================
====================================================================
Time Encountered: March 22, 2019, 7:38:18 AM
Error Type: User Error (Error #256)
Error String: mmhclass->image->is_image(): image does not exist. (/home/redhue/public_html/images/xi2w2/1241_57_hoac_thumb.jpg)
Error File: /home/redhue/public_html/source/includes/imagemagick.php
Error Line: 81
====================================================================
====================================================================
Time Encountered: March 22, 2019, 7:38:20 AM
Error Type: User Error (Error #256)
Error String: mmhclass->image->is_image(): image does not exist. (/home/redhue/public_html/images/iub29/1418_76_lheh_thumb.jpg)
Error File: /home/redhue/public_html/source/includes/imagemagick.php
Error Line: 81
====================================================================
====================================================================
Time Encountered: March 22, 2019, 7:38:45 AM
Error Type: User Error (Error #256)
Error String: mmhclass->image->is_image(): image does not exist. (/home/redhue/public_html/images/tiv8v/5712_1_108__m45z_thumb.jpg)
Error File: /home/redhue/public_html/source/includes/imagemagick.php
Error Line: 81
====================================================================
====================================================================
Time Encountered: March 22, 2019, 7:39:51 AM
Error Type: User Error (Error #256)
Error String: mmhclass->image->is_image(): image does not exist. (/home/redhue/public_html/images/trp8y/8913_2660695_original_pwp3_thumb.jpg)
Error File: /home/redhue/public_html/source/includes/imagemagick.php
Error Line: 81
====================================================================
====================================================================
Time Encountered: March 22, 2019, 7:59:23 AM
Error Type: User Error (Error #256)
Error String: mmhclass->image->is_image(): image does not exist. (/home/redhue/public_html/images/3cjhi/5784_4_o719_thumb.jpg)
Error File: /home/redhue/public_html/source/includes/imagemagick.php
Error Line: 81
====================================================================
====================================================================
Time Encountered: March 22, 2019, 8:00:37 AM
Error Type: User Error (Error #256)
Error String: mmhclass->image->is_image(): image does not exist. (/home/redhue/public_html/images/91w6g/1633_009_009a_1280x911_t8g6_thumb.jpg)
Error File: /home/redhue/public_html/source/includes/imagemagick.php
Error Line: 81
====================================================================
====================================================================
Time Encountered: March 22, 2019, 8:00:45 AM
Error Type: User Error (Error #256)
Error String: mmhclass->image->is_image(): image does not exist. (/home/redhue/public_html/images/7dduv/1639_combat_aircraft___july_2016_0016_l9qf_thumb.jpg)
Error File: /home/redhue/public_html/source/includes/imagemagick.php
Error Line: 81
====================================================================
====================================================================
Time Encountered: March 22, 2019, 8:01:09 AM
Error Type: User Error (Error #256)
Error String: mmhclass->image->is_image(): image does not exist. (/home/redhue/public_html/images/xeozp/4702_n3052319_4887137_g6ib_thumb.jpg)
Error File: /home/redhue/public_html/source/includes/imagemagick.php
Error Line: 81
====================================================================
====================================================================
Time Encountered: March 22, 2019, 8:01:47 AM
Error Type: User Error (Error #256)
Error String: mmhclass->image->is_image(): image does not exist. (/home/redhue/public_html/images/wrdy6/6425_b268001_13_o4l5_thumb.jpg)
Error File: /home/redhue/public_html/source/includes/imagemagick.php
Error Line: 81
====================================================================
====================================================================
Time Encountered: March 22, 2019, 8:04:51 AM
Error Type: User Error (Error #256)
Error String: mmhclass->image->is_image(): image does not exist. (/home/redhue/public_html/images/1q9bj/9567_3_ayfn_thumb.jpg)
Error File: /home/redhue/public_html/source/includes/imagemagick.php
Error Line: 81
====================================================================
====================================================================
Time Encountered: March 22, 2019, 8:05:09 AM
Error Type: User Error (Error #256)
Error String: mmhclass->image->is_image(): image does not exist. (/home/redhue/public_html/images/9zxpm/6945_a_69__jyua_thumb.jpg)
Error File: /home/redhue/public_html/source/includes/imagemagick.php
Error Line: 81
====================================================================
====================================================================
Time Encountered: March 22, 2019, 8:05:11 AM
Error Type: User Error (Error #256)
Error String: mmhclass->image->is_image(): image does not exist. (/home/redhue/public_html/images/3c3nd/7362_a_214__qu0h_thumb.jpg)
Error File: /home/redhue/public_html/source/includes/imagemagick.php
Error Line: 81
====================================================================
====================================================================
Time Encountered: March 22, 2019, 8:05:26 AM
Error Type: User Error (Error #256)
Error String: mmhclass->image->is_image(): image does not exist. (/home/redhue/public_html/images/737w4/0354_2997228_original_2y1t_thumb.jpg)
Error File: /home/redhue/public_html/source/includes/imagemagick.php
Error Line: 81
====================================================================
====================================================================
Time Encountered: March 22, 2019, 8:05:49 AM
Error Type: User Error (Error #256)
Error String: mmhclass->image->is_image(): image does not exist. (/home/redhue/public_html/images/9rkh7/4269_004_50x75_scan037_1280x859_crji_thumb.jpg)
Error File: /home/redhue/public_html/source/includes/imagemagick.php
Error Line: 81
====================================================================
====================================================================
Time Encountered: March 22, 2019, 8:06:38 AM
Error Type: User Error (Error #256)
Error String: mmhclass->image->is_image(): image does not exist. (/home/redhue/public_html/images/krdy0/9484_space_wallpaper_space_32897730_1920_1080_ef1k_thumb.jpg)
Error File: /home/redhue/public_html/source/includes/imagemagick.php
Error Line: 81
====================================================================
====================================================================
Time Encountered: March 22, 2019, 8:07:09 AM
Error Type: User Error (Error #256)
Error String: mmhclass->image->is_image(): image does not exist. (/home/redhue/public_html/images/xi2w2/1241_57_hoac_thumb.jpg)
Error File: /home/redhue/public_html/source/includes/imagemagick.php
Error Line: 81
====================================================================
====================================================================
Time Encountered: March 22, 2019, 8:07:11 AM
Error Type: User Error (Error #256)
Error String: mmhclass->image->is_image(): image does not exist. (/home/redhue/public_html/images/iub29/1418_76_lheh_thumb.jpg)
Error File: /home/redhue/public_html/source/includes/imagemagick.php
Error Line: 81
====================================================================
====================================================================
Time Encountered: March 22, 2019, 8:07:36 AM
Error Type: User Error (Error #256)
Error String: mmhclass->image->is_image(): image does not exist. (/home/redhue/public_html/images/tiv8v/5712_1_108__m45z_thumb.jpg)
Error File: /home/redhue/public_html/source/includes/imagemagick.php
Error Line: 81
====================================================================
====================================================================
Time Encountered: March 22, 2019, 8:08:43 AM
Error Type: User Error (Error #256)
Error String: mmhclass->image->is_image(): image does not exist. (/home/redhue/public_html/images/trp8y/8913_2660695_original_pwp3_thumb.jpg)
Error File: /home/redhue/public_html/source/includes/imagemagick.php
Error Line: 81
====================================================================
====================================================================
Time Encountered: March 22, 2019, 8:43:47 AM
Error Type: User Error (Error #256)
Error String: mmhclass->image->is_image(): image does not exist. (/home/redhue/public_html/images/7ifly/7743_114027_v422_thumb.jpg)
Error File: /home/redhue/public_html/source/includes/imagemagick.php
Error Line: 81
====================================================================
====================================================================
Time Encountered: March 22, 2019, 9:32:25 AM
Error Type: User Error (Error #256)
Error String: mmhclass->image->is_image(): image does not exist. (/home/redhue/public_html/images/bnunm/3990_mercedes_r121_190sl__1960__la_100kb_tjv2_thumb.jpg)
Error File: /home/redhue/public_html/source/includes/imagemagick.php
Error Line: 81
====================================================================
====================================================================
Time Encountered: March 22, 2019, 9:45:54 AM
Error Type: User Error (Error #256)
Error String: mmhclass->image->is_image(): image does not exist. (/home/redhue/public_html/images/qw3qb/8358_1_63__h33z_thumb.jpg)
Error File: /home/redhue/public_html/source/includes/imagemagick.php
Error Line: 81
====================================================================
====================================================================
Time Encountered: March 22, 2019, 10:20:59 AM
Error Type: User Error (Error #256)
Error String: mmhclass->image->is_image(): image does not exist. (/home/redhue/public_html/images/6bprp/2070_75_xlnz_thumb.jpg)
Error File: /home/redhue/public_html/source/includes/imagemagick.php
Error Line: 81
====================================================================
====================================================================
Time Encountered: March 22, 2019, 11:41:14 AM
Error Type: User Error (Error #256)
Error String: mmhclass->image->is_image(): image does not exist. (/home/redhue/public_html/images/8k5wa/9347_411411_cwq8_thumb.jpg)
Error File: /home/redhue/public_html/source/includes/imagemagick.php
Error Line: 81
====================================================================
====================================================================
Time Encountered: March 22, 2019, 2:43:00 PM
Error Type: User Error (Error #256)
Error String: mmhclass->image->is_image(): image does not exist. (/home/redhue/public_html/images/wso7f/6232_cover_noroz1_se2o_thumb.jpg)
Error File: /home/redhue/public_html/source/includes/imagemagick.php
Error Line: 81
====================================================================
====================================================================
Time Encountered: March 22, 2019, 4:23:06 PM
Error Type: User Error (Error #256)
Error String: mmhclass->image->is_image(): image does not exist. (/home/redhue/public_html/images/eucc6/7777_21_yp7v_thumb.jpg)
Error File: /home/redhue/public_html/source/includes/imagemagick.php
Error Line: 81
====================================================================
====================================================================
Time Encountered: March 22, 2019, 4:57:54 PM
Error Type: User Error (Error #256)
Error String: mmhclass->image->is_image(): image does not exist. (/home/redhue/public_html/images/)
Error File: /home/redhue/public_html/source/includes/imagemagick.php
Error Line: 81
====================================================================
====================================================================
Time Encountered: March 22, 2019, 4:59:21 PM
Error Type: User Error (Error #256)
Error String: mmhclass->image->is_image(): image does not exist. (/home/redhue/public_html/images/)
Error File: /home/redhue/public_html/source/includes/imagemagick.php
Error Line: 81
====================================================================
====================================================================
Time Encountered: March 22, 2019, 5:08:35 PM
Error Type: User Error (Error #256)
Error String: mmhclass->image->is_image(): image does not exist. (/home/redhue/public_html/images/6zwm4/7144_6_itbv_thumb.jpg)
Error File: /home/redhue/public_html/source/includes/imagemagick.php
Error Line: 81
====================================================================
====================================================================
Time Encountered: March 22, 2019, 5:14:41 PM
Error Type: User Error (Error #256)
Error String: mmhclass->image->is_image(): image does not exist. (/home/redhue/public_html/images/0fi1n/6798_n3053153_4895587_5iwb_thumb.jpg)
Error File: /home/redhue/public_html/source/includes/imagemagick.php
Error Line: 81
====================================================================
====================================================================
Time Encountered: March 22, 2019, 6:19:33 PM
Error Type: User Error (Error #256)
Error String: mmhclass->image->is_image(): image does not exist. (/home/redhue/public_html/images/7229_img_sipb.jpg)
Error File: /home/redhue/public_html/source/includes/imagemagick.php
Error Line: 81
====================================================================
====================================================================
Time Encountered: March 22, 2019, 6:26:27 PM
Error Type: User Error (Error #256)
Error String: mmhclass->image->is_image(): image does not exist. (/home/redhue/public_html/images/vfj29/2693_15.02.20_melwebapplicationspinpost_rcu9_thumb.jpg)
Error File: /home/redhue/public_html/source/includes/imagemagick.php
Error Line: 81
====================================================================
====================================================================
Time Encountered: March 22, 2019, 6:26:47 PM
Error Type: User Error (Error #256)
Error String: mmhclass->image->is_image(): image does not exist. (/home/redhue/public_html/images/3fu1a/5456_6_r0en_thumb.jpg)
Error File: /home/redhue/public_html/source/includes/imagemagick.php
Error Line: 81
====================================================================
====================================================================
Time Encountered: March 22, 2019, 7:07:08 PM
Error Type: User Error (Error #256)
Error String: mmhclass->image->is_image(): image does not exist. (/home/redhue/public_html/images/97u60/5857_a_76__38mz_thumb.jpg)
Error File: /home/redhue/public_html/source/includes/imagemagick.php
Error Line: 81
====================================================================
====================================================================
Time Encountered: March 22, 2019, 7:08:19 PM
Error Type: User Error (Error #256)
Error String: mmhclass->image->is_image(): image does not exist. (/home/redhue/public_html/images/h7hrb/3766_n3052319_4887144_vfyc_thumb.jpg)
Error File: /home/redhue/public_html/source/includes/imagemagick.php
Error Line: 81
====================================================================
====================================================================
Time Encountered: March 22, 2019, 7:12:47 PM
Error Type: User Error (Error #256)
Error String: mmhclass->image->is_image(): image does not exist. (/home/redhue/public_html/images/x3udo/0211_a_388__gvqv_thumb.jpg)
Error File: /home/redhue/public_html/source/includes/imagemagick.php
Error Line: 81
====================================================================
====================================================================
Time Encountered: March 22, 2019, 7:12:49 PM
Error Type: User Error (Error #256)
Error String: mmhclass->image->is_image(): image does not exist. (/home/redhue/public_html/images/qqmld/0267_004_immi_thumb.jpg)
Error File: /home/redhue/public_html/source/includes/imagemagick.php
Error Line: 81
====================================================================
====================================================================
Time Encountered: March 22, 2019, 7:12:51 PM
Error Type: User Error (Error #256)
Error String: mmhclass->image->is_image(): image does not exist. (/home/redhue/public_html/images/oem5m/0797_1_115__s0al_thumb.jpg)
Error File: /home/redhue/public_html/source/includes/imagemagick.php
Error Line: 81
====================================================================
====================================================================
Time Encountered: March 22, 2019, 7:12:53 PM
Error Type: User Error (Error #256)
Error String: mmhclass->image->is_image(): image does not exist. (/home/redhue/public_html/images/xlfnv/2979_02_hph4_thumb.jpg)
Error File: /home/redhue/public_html/source/includes/imagemagick.php
Error Line: 81
====================================================================
====================================================================
Time Encountered: March 22, 2019, 7:13:39 PM
Error Type: User Error (Error #256)
Error String: mmhclass->image->is_image(): image does not exist. (/home/redhue/public_html/images/kaz77/4315_screenshot_2016_11_07_15_05_16_39dv_thumb.jpeg)
Error File: /home/redhue/public_html/source/includes/imagemagick.php
Error Line: 81
====================================================================
====================================================================
Time Encountered: March 22, 2019, 7:14:17 PM
Error Type: User Error (Error #256)
Error String: mmhclass->image->is_image(): image does not exist. (/home/redhue/public_html/images/tnpu7/9142_img_eqgx_thumb.jpg)
Error File: /home/redhue/public_html/source/includes/imagemagick.php
Error Line: 81
====================================================================
====================================================================
Time Encountered: March 22, 2019, 7:14:37 PM
Error Type: User Error (Error #256)
Error String: mmhclass->image->is_image(): image does not exist. (/home/redhue/public_html/images/tda7o/1336_a_391__07cm_thumb.jpg)
Error File: /home/redhue/public_html/source/includes/imagemagick.php
Error Line: 81
====================================================================
====================================================================
Time Encountered: March 22, 2019, 7:14:39 PM
Error Type: User Error (Error #256)
Error String: mmhclass->image->is_image(): image does not exist. (/home/redhue/public_html/images/ms3oy/3460_a_25__2x3c_thumb.jpg)
Error File: /home/redhue/public_html/source/includes/imagemagick.php
Error Line: 81
====================================================================
====================================================================
Time Encountered: March 22, 2019, 7:15:00 PM
Error Type: User Error (Error #256)
Error String: mmhclass->image->is_image(): image does not exist. (/home/redhue/public_html/images/9dsw1/9721_img_9380_900_574t_thumb.jpg)
Error File: /home/redhue/public_html/source/includes/imagemagick.php
Error Line: 81
====================================================================
====================================================================
Time Encountered: March 22, 2019, 7:15:22 PM
Error Type: User Error (Error #256)
Error String: mmhclass->image->is_image(): image does not exist. (/home/redhue/public_html/images/2g5ak/2843_img_20160304_233527_yo6s_thumb.jpg)
Error File: /home/redhue/public_html/source/includes/imagemagick.php
Error Line: 81
====================================================================
====================================================================
Time Encountered: March 22, 2019, 7:15:24 PM
Error Type: User Error (Error #256)
Error String: mmhclass->image->is_image(): image does not exist. (/home/redhue/public_html/images/f57id/6697_2015121318574833a_6pd0_thumb.jpg)
Error File: /home/redhue/public_html/source/includes/imagemagick.php
Error Line: 81
====================================================================
====================================================================
Time Encountered: March 22, 2019, 7:15:25 PM
Error Type: User Error (Error #256)
Error String: mmhclass->image->is_image(): image does not exist. (/home/redhue/public_html/images/zi1r8/0069_background_15_cjrm_thumb.jpg)
Error File: /home/redhue/public_html/source/includes/imagemagick.php
Error Line: 81
====================================================================
====================================================================
Time Encountered: March 22, 2019, 7:15:26 PM
Error Type: User Error (Error #256)
Error String: mmhclass->image->is_image(): image does not exist. (/home/redhue/public_html/images/3whgg/7845_background_16_wwkx_thumb.jpg)
Error File: /home/redhue/public_html/source/includes/imagemagick.php
Error Line: 81
====================================================================
====================================================================
Time Encountered: March 22, 2019, 7:15:45 PM
Error Type: User Error (Error #256)
Error String: mmhclass->image->is_image(): image does not exist. (/home/redhue/public_html/images/yzlgc/2130_photo_2017_03_05_20_08_03_8o79_thumb.jpg)
Error File: /home/redhue/public_html/source/includes/imagemagick.php
Error Line: 81
====================================================================
====================================================================
Time Encountered: March 22, 2019, 7:15:47 PM
Error Type: User Error (Error #256)
Error String: mmhclass->image->is_image(): image does not exist. (/home/redhue/public_html/images/4t9ka/2118_rio_2_movie_wallpaper1_ldmi_thumb.jpg)
Error File: /home/redhue/public_html/source/includes/imagemagick.php
Error Line: 81
====================================================================
====================================================================
Time Encountered: March 22, 2019, 7:20:34 PM
Error Type: User Error (Error #256)
Error String: mmhclass->image->is_image(): image does not exist. (/home/redhue/public_html/images/aj2ow/1303_a_15__h97c_thumb.jpg)
Error File: /home/redhue/public_html/source/includes/imagemagick.php
Error Line: 81
====================================================================
====================================================================
Time Encountered: March 22, 2019, 7:26:34 PM
Error Type: User Error (Error #256)
Error String: mmhclass->image->is_image(): image does not exist. (/home/redhue/public_html/images/hlzu3/7509_background_7_x14s_thumb.jpg)
Error File: /home/redhue/public_html/source/includes/imagemagick.php
Error Line: 81
====================================================================
====================================================================
Time Encountered: March 22, 2019, 7:35:42 PM
Error Type: User Error (Error #256)
Error String: mmhclass->image->is_image(): image does not exist. (/home/redhue/public_html/images/97u60/5857_a_76__38mz_thumb.jpg)
Error File: /home/redhue/public_html/source/includes/imagemagick.php
Error Line: 81
====================================================================
====================================================================
Time Encountered: March 22, 2019, 7:37:05 PM
Error Type: User Error (Error #256)
Error String: mmhclass->image->is_image(): image does not exist. (/home/redhue/public_html/images/h7hrb/3766_n3052319_4887144_vfyc_thumb.jpg)
Error File: /home/redhue/public_html/source/includes/imagemagick.php
Error Line: 81
====================================================================
====================================================================
Time Encountered: March 22, 2019, 7:39:46 PM
Error Type: User Error (Error #256)
Error String: mmhclass->image->is_image(): image does not exist. (/home/redhue/public_html/images/q3acf/6536_2997228_original_kfr3_thumb.jpg)
Error File: /home/redhue/public_html/source/includes/imagemagick.php
Error Line: 81
====================================================================
====================================================================
Time Encountered: March 22, 2019, 7:41:36 PM
Error Type: User Error (Error #256)
Error String: mmhclass->image->is_image(): image does not exist. (/home/redhue/public_html/images/x3udo/0211_a_388__gvqv_thumb.jpg)
Error File: /home/redhue/public_html/source/includes/imagemagick.php
Error Line: 81
====================================================================
====================================================================
Time Encountered: March 22, 2019, 7:41:38 PM
Error Type: User Error (Error #256)
Error String: mmhclass->image->is_image(): image does not exist. (/home/redhue/public_html/images/qqmld/0267_004_immi_thumb.jpg)
Error File: /home/redhue/public_html/source/includes/imagemagick.php
Error Line: 81
====================================================================
====================================================================
Time Encountered: March 22, 2019, 7:41:40 PM
Error Type: User Error (Error #256)
Error String: mmhclass->image->is_image(): image does not exist. (/home/redhue/public_html/images/oem5m/0797_1_115__s0al_thumb.jpg)
Error File: /home/redhue/public_html/source/includes/imagemagick.php
Error Line: 81
====================================================================
====================================================================
Time Encountered: March 22, 2019, 7:41:42 PM
Error Type: User Error (Error #256)
Error String: mmhclass->image->is_image(): image does not exist. (/home/redhue/public_html/images/xlfnv/2979_02_hph4_thumb.jpg)
Error File: /home/redhue/public_html/source/includes/imagemagick.php
Error Line: 81
====================================================================
====================================================================
Time Encountered: March 22, 2019, 7:42:32 PM
Error Type: User Error (Error #256)
Error String: mmhclass->image->is_image(): image does not exist. (/home/redhue/public_html/images/kaz77/4315_screenshot_2016_11_07_15_05_16_39dv_thumb.jpeg)
Error File: /home/redhue/public_html/source/includes/imagemagick.php
Error Line: 81
====================================================================
====================================================================
Time Encountered: March 22, 2019, 7:43:14 PM
Error Type: User Error (Error #256)
Error String: mmhclass->image->is_image(): image does not exist. (/home/redhue/public_html/images/tnpu7/9142_img_eqgx_thumb.jpg)
Error File: /home/redhue/public_html/source/includes/imagemagick.php
Error Line: 81
====================================================================
====================================================================
Time Encountered: March 22, 2019, 7:43:37 PM
Error Type: User Error (Error #256)
Error String: mmhclass->image->is_image(): image does not exist. (/home/redhue/public_html/images/tda7o/1336_a_391__07cm_thumb.jpg)
Error File: /home/redhue/public_html/source/includes/imagemagick.php
Error Line: 81
====================================================================
====================================================================
Time Encountered: March 22, 2019, 7:43:39 PM
Error Type: User Error (Error #256)
Error String: mmhclass->image->is_image(): image does not exist. (/home/redhue/public_html/images/ms3oy/3460_a_25__2x3c_thumb.jpg)
Error File: /home/redhue/public_html/source/includes/imagemagick.php
Error Line: 81
====================================================================
====================================================================
Time Encountered: March 22, 2019, 7:44:03 PM
Error Type: User Error (Error #256)
Error String: mmhclass->image->is_image(): image does not exist. (/home/redhue/public_html/images/9dsw1/9721_img_9380_900_574t_thumb.jpg)
Error File: /home/redhue/public_html/source/includes/imagemagick.php
Error Line: 81
====================================================================
====================================================================
Time Encountered: March 22, 2019, 7:44:26 PM
Error Type: User Error (Error #256)
Error String: mmhclass->image->is_image(): image does not exist. (/home/redhue/public_html/images/2g5ak/2843_img_20160304_233527_yo6s_thumb.jpg)
Error File: /home/redhue/public_html/source/includes/imagemagick.php
Error Line: 81
====================================================================
====================================================================
Time Encountered: March 22, 2019, 7:44:28 PM
Error Type: User Error (Error #256)
Error String: mmhclass->image->is_image(): image does not exist. (/home/redhue/public_html/images/f57id/6697_2015121318574833a_6pd0_thumb.jpg)
Error File: /home/redhue/public_html/source/includes/imagemagick.php
Error Line: 81
====================================================================
====================================================================
Time Encountered: March 22, 2019, 7:44:29 PM
Error Type: User Error (Error #256)
Error String: mmhclass->image->is_image(): image does not exist. (/home/redhue/public_html/images/zi1r8/0069_background_15_cjrm_thumb.jpg)
Error File: /home/redhue/public_html/source/includes/imagemagick.php
Error Line: 81
====================================================================
====================================================================
Time Encountered: March 22, 2019, 7:44:29 PM
Error Type: User Error (Error #256)
Error String: mmhclass->image->is_image(): image does not exist. (/home/redhue/public_html/images/3whgg/7845_background_16_wwkx_thumb.jpg)
Error File: /home/redhue/public_html/source/includes/imagemagick.php
Error Line: 81
====================================================================
====================================================================
Time Encountered: March 22, 2019, 7:44:51 PM
Error Type: User Error (Error #256)
Error String: mmhclass->image->is_image(): image does not exist. (/home/redhue/public_html/images/yzlgc/2130_photo_2017_03_05_20_08_03_8o79_thumb.jpg)
Error File: /home/redhue/public_html/source/includes/imagemagick.php
Error Line: 81
====================================================================
====================================================================
Time Encountered: March 22, 2019, 7:44:52 PM
Error Type: User Error (Error #256)
Error String: mmhclass->image->is_image(): image does not exist. (/home/redhue/public_html/images/4t9ka/2118_rio_2_movie_wallpaper1_ldmi_thumb.jpg)
Error File: /home/redhue/public_html/source/includes/imagemagick.php
Error Line: 81
====================================================================
====================================================================
Time Encountered: March 22, 2019, 7:52:38 PM
Error Type: User Error (Error #256)
Error String: mmhclass->image->is_image(): image does not exist. (/home/redhue/public_html/images/lxl9b/9881_1_29__snqh_thumb.jpg)
Error File: /home/redhue/public_html/source/includes/imagemagick.php
Error Line: 81
====================================================================
====================================================================
Time Encountered: March 22, 2019, 8:04:18 PM
Error Type: User Error (Error #256)
Error String: mmhclass->image->is_image(): image does not exist. (/home/redhue/public_html/images/97u60/5857_a_76__38mz_thumb.jpg)
Error File: /home/redhue/public_html/source/includes/imagemagick.php
Error Line: 81
====================================================================
====================================================================
Time Encountered: March 22, 2019, 8:05:38 PM
Error Type: User Error (Error #256)
Error String: mmhclass->image->is_image(): image does not exist. (/home/redhue/public_html/images/h7hrb/3766_n3052319_4887144_vfyc_thumb.jpg)
Error File: /home/redhue/public_html/source/includes/imagemagick.php
Error Line: 81
====================================================================
====================================================================
Time Encountered: March 22, 2019, 8:10:11 PM
Error Type: User Error (Error #256)
Error String: mmhclass->image->is_image(): image does not exist. (/home/redhue/public_html/images/x3udo/0211_a_388__gvqv_thumb.jpg)
Error File: /home/redhue/public_html/source/includes/imagemagick.php
Error Line: 81
====================================================================
====================================================================
Time Encountered: March 22, 2019, 8:10:13 PM
Error Type: User Error (Error #256)
Error String: mmhclass->image->is_image(): image does not exist. (/home/redhue/public_html/images/qqmld/0267_004_immi_thumb.jpg)
Error File: /home/redhue/public_html/source/includes/imagemagick.php
Error Line: 81
====================================================================
====================================================================
Time Encountered: March 22, 2019, 8:10:15 PM
Error Type: User Error (Error #256)
Error String: mmhclass->image->is_image(): image does not exist. (/home/redhue/public_html/images/oem5m/0797_1_115__s0al_thumb.jpg)
Error File: /home/redhue/public_html/source/includes/imagemagick.php
Error Line: 81
====================================================================
====================================================================
Time Encountered: March 22, 2019, 8:10:17 PM
Error Type: User Error (Error #256)
Error String: mmhclass->image->is_image(): image does not exist. (/home/redhue/public_html/images/xlfnv/2979_02_hph4_thumb.jpg)
Error File: /home/redhue/public_html/source/includes/imagemagick.php
Error Line: 81
====================================================================
====================================================================
Time Encountered: March 22, 2019, 8:11:05 PM
Error Type: User Error (Error #256)
Error String: mmhclass->image->is_image(): image does not exist. (/home/redhue/public_html/images/kaz77/4315_screenshot_2016_11_07_15_05_16_39dv_thumb.jpeg)
Error File: /home/redhue/public_html/source/includes/imagemagick.php
Error Line: 81
====================================================================
====================================================================
Time Encountered: March 22, 2019, 8:11:48 PM
Error Type: User Error (Error #256)
Error String: mmhclass->image->is_image(): image does not exist. (/home/redhue/public_html/images/tnpu7/9142_img_eqgx_thumb.jpg)
Error File: /home/redhue/public_html/source/includes/imagemagick.php
Error Line: 81
====================================================================
====================================================================
Time Encountered: March 22, 2019, 8:12:14 PM
Error Type: User Error (Error #256)
Error String: mmhclass->image->is_image(): image does not exist. (/home/redhue/public_html/images/tda7o/1336_a_391__07cm_thumb.jpg)
Error File: /home/redhue/public_html/source/includes/imagemagick.php
Error Line: 81
====================================================================
====================================================================
Time Encountered: March 22, 2019, 8:12:15 PM
Error Type: User Error (Error #256)
Error String: mmhclass->image->is_image(): image does not exist. (/home/redhue/public_html/images/ms3oy/3460_a_25__2x3c_thumb.jpg)
Error File: /home/redhue/public_html/source/includes/imagemagick.php
Error Line: 81
====================================================================
====================================================================
Time Encountered: March 22, 2019, 8:12:36 PM
Error Type: User Error (Error #256)
Error String: mmhclass->image->is_image(): image does not exist. (/home/redhue/public_html/images/9dsw1/9721_img_9380_900_574t_thumb.jpg)
Error File: /home/redhue/public_html/source/includes/imagemagick.php
Error Line: 81
====================================================================
====================================================================
Time Encountered: March 22, 2019, 8:12:59 PM
Error Type: User Error (Error #256)
Error String: mmhclass->image->is_image(): image does not exist. (/home/redhue/public_html/images/2g5ak/2843_img_20160304_233527_yo6s_thumb.jpg)
Error File: /home/redhue/public_html/source/includes/imagemagick.php
Error Line: 81
====================================================================
====================================================================
Time Encountered: March 22, 2019, 8:13:01 PM
Error Type: User Error (Error #256)
Error String: mmhclass->image->is_image(): image does not exist. (/home/redhue/public_html/images/f57id/6697_2015121318574833a_6pd0_thumb.jpg)
Error File: /home/redhue/public_html/source/includes/imagemagick.php
Error Line: 81
====================================================================
====================================================================
Time Encountered: March 22, 2019, 8:13:01 PM
Error Type: User Error (Error #256)
Error String: mmhclass->image->is_image(): image does not exist. (/home/redhue/public_html/images/zi1r8/0069_background_15_cjrm_thumb.jpg)
Error File: /home/redhue/public_html/source/includes/imagemagick.php
Error Line: 81
====================================================================
====================================================================
Time Encountered: March 22, 2019, 8:13:02 PM
Error Type: User Error (Error #256)
Error String: mmhclass->image->is_image(): image does not exist. (/home/redhue/public_html/images/3whgg/7845_background_16_wwkx_thumb.jpg)
Error File: /home/redhue/public_html/source/includes/imagemagick.php
Error Line: 81
====================================================================
====================================================================
Time Encountered: March 22, 2019, 8:13:23 PM
Error Type: User Error (Error #256)
Error String: mmhclass->image->is_image(): image does not exist. (/home/redhue/public_html/images/yzlgc/2130_photo_2017_03_05_20_08_03_8o79_thumb.jpg)
Error File: /home/redhue/public_html/source/includes/imagemagick.php
Error Line: 81
====================================================================
====================================================================
Time Encountered: March 22, 2019, 8:13:25 PM
Error Type: User Error (Error #256)
Error String: mmhclass->image->is_image(): image does not exist. (/home/redhue/public_html/images/4t9ka/2118_rio_2_movie_wallpaper1_ldmi_thumb.jpg)
Error File: /home/redhue/public_html/source/includes/imagemagick.php
Error Line: 81
====================================================================
====================================================================
Time Encountered: March 22, 2019, 8:17:50 PM
Error Type: User Error (Error #256)
Error String: mmhclass->image->is_image(): image does not exist. (/home/redhue/public_html/images/mkccv/0441_2996648_original_wzqh_thumb.jpg)
Error File: /home/redhue/public_html/source/includes/imagemagick.php
Error Line: 81
====================================================================
====================================================================
Time Encountered: March 22, 2019, 8:29:04 PM
Error Type: User Error (Error #256)
Error String: mmhclass->image->is_image(): image does not exist. (/home/redhue/public_html/images/924jf/2780_background_8_mcsj_thumb.jpg)
Error File: /home/redhue/public_html/source/includes/imagemagick.php
Error Line: 81
====================================================================
====================================================================
Time Encountered: March 22, 2019, 8:33:08 PM
Error Type: User Error (Error #256)
Error String: mmhclass->image->is_image(): image does not exist. (/home/redhue/public_html/images/97u60/5857_a_76__38mz_thumb.jpg)
Error File: /home/redhue/public_html/source/includes/imagemagick.php
Error Line: 81
====================================================================
====================================================================
Time Encountered: March 22, 2019, 8:34:20 PM
Error Type: User Error (Error #256)
Error String: mmhclass->image->is_image(): image does not exist. (/home/redhue/public_html/images/h7hrb/3766_n3052319_4887144_vfyc_thumb.jpg)
Error File: /home/redhue/public_html/source/includes/imagemagick.php
Error Line: 81
====================================================================
====================================================================
Time Encountered: March 22, 2019, 8:38:36 PM
Error Type: User Error (Error #256)
Error String: mmhclass->image->is_image(): image does not exist. (/home/redhue/public_html/images/x3udo/0211_a_388__gvqv_thumb.jpg)
Error File: /home/redhue/public_html/source/includes/imagemagick.php
Error Line: 81
====================================================================
====================================================================
Time Encountered: March 22, 2019, 8:38:38 PM
Error Type: User Error (Error #256)
Error String: mmhclass->image->is_image(): image does not exist. (/home/redhue/public_html/images/qqmld/0267_004_immi_thumb.jpg)
Error File: /home/redhue/public_html/source/includes/imagemagick.php
Error Line: 81
====================================================================
====================================================================
Time Encountered: March 22, 2019, 8:38:39 PM
Error Type: User Error (Error #256)
Error String: mmhclass->image->is_image(): image does not exist. (/home/redhue/public_html/images/oem5m/0797_1_115__s0al_thumb.jpg)
Error File: /home/redhue/public_html/source/includes/imagemagick.php
Error Line: 81
====================================================================
====================================================================
Time Encountered: March 22, 2019, 8:38:41 PM
Error Type: User Error (Error #256)
Error String: mmhclass->image->is_image(): image does not exist. (/home/redhue/public_html/images/xlfnv/2979_02_hph4_thumb.jpg)
Error File: /home/redhue/public_html/source/includes/imagemagick.php
Error Line: 81
====================================================================
====================================================================
Time Encountered: March 22, 2019, 8:39:27 PM
Error Type: User Error (Error #256)
Error String: mmhclass->image->is_image(): image does not exist. (/home/redhue/public_html/images/kaz77/4315_screenshot_2016_11_07_15_05_16_39dv_thumb.jpeg)
Error File: /home/redhue/public_html/source/includes/imagemagick.php
Error Line: 81
====================================================================
====================================================================
Time Encountered: March 22, 2019, 8:40:04 PM
Error Type: User Error (Error #256)
Error String: mmhclass->image->is_image(): image does not exist. (/home/redhue/public_html/images/tnpu7/9142_img_eqgx_thumb.jpg)
Error File: /home/redhue/public_html/source/includes/imagemagick.php
Error Line: 81
====================================================================
====================================================================
Time Encountered: March 22, 2019, 8:40:27 PM
Error Type: User Error (Error #256)
Error String: mmhclass->image->is_image(): image does not exist. (/home/redhue/public_html/images/tda7o/1336_a_391__07cm_thumb.jpg)
Error File: /home/redhue/public_html/source/includes/imagemagick.php
Error Line: 81
====================================================================
====================================================================
Time Encountered: March 22, 2019, 8:40:29 PM
Error Type: User Error (Error #256)
Error String: mmhclass->image->is_image(): image does not exist. (/home/redhue/public_html/images/ms3oy/3460_a_25__2x3c_thumb.jpg)
Error File: /home/redhue/public_html/source/includes/imagemagick.php
Error Line: 81
====================================================================
====================================================================
Time Encountered: March 22, 2019, 8:40:50 PM
Error Type: User Error (Error #256)
Error String: mmhclass->image->is_image(): image does not exist. (/home/redhue/public_html/images/9dsw1/9721_img_9380_900_574t_thumb.jpg)
Error File: /home/redhue/public_html/source/includes/imagemagick.php
Error Line: 81
====================================================================
====================================================================
Time Encountered: March 22, 2019, 8:41:12 PM
Error Type: User Error (Error #256)
Error String: mmhclass->image->is_image(): image does not exist. (/home/redhue/public_html/images/2g5ak/2843_img_20160304_233527_yo6s_thumb.jpg)
Error File: /home/redhue/public_html/source/includes/imagemagick.php
Error Line: 81
====================================================================
====================================================================
Time Encountered: March 22, 2019, 8:41:14 PM
Error Type: User Error (Error #256)
Error String: mmhclass->image->is_image(): image does not exist. (/home/redhue/public_html/images/f57id/6697_2015121318574833a_6pd0_thumb.jpg)
Error File: /home/redhue/public_html/source/includes/imagemagick.php
Error Line: 81
====================================================================
====================================================================
Time Encountered: March 22, 2019, 8:41:15 PM
Error Type: User Error (Error #256)
Error String: mmhclass->image->is_image(): image does not exist. (/home/redhue/public_html/images/zi1r8/0069_background_15_cjrm_thumb.jpg)
Error File: /home/redhue/public_html/source/includes/imagemagick.php
Error Line: 81
====================================================================
====================================================================
Time Encountered: March 22, 2019, 8:41:16 PM
Error Type: User Error (Error #256)
Error String: mmhclass->image->is_image(): image does not exist. (/home/redhue/public_html/images/3whgg/7845_background_16_wwkx_thumb.jpg)
Error File: /home/redhue/public_html/source/includes/imagemagick.php
Error Line: 81
====================================================================
====================================================================
Time Encountered: March 22, 2019, 8:41:34 PM
Error Type: User Error (Error #256)
Error String: mmhclass->image->is_image(): image does not exist. (/home/redhue/public_html/images/yzlgc/2130_photo_2017_03_05_20_08_03_8o79_thumb.jpg)
Error File: /home/redhue/public_html/source/includes/imagemagick.php
Error Line: 81
====================================================================
====================================================================
Time Encountered: March 22, 2019, 8:41:36 PM
Error Type: User Error (Error #256)
Error String: mmhclass->image->is_image(): image does not exist. (/home/redhue/public_html/images/4t9ka/2118_rio_2_movie_wallpaper1_ldmi_thumb.jpg)
Error File: /home/redhue/public_html/source/includes/imagemagick.php
Error Line: 81
====================================================================
====================================================================
Time Encountered: March 22, 2019, 8:49:39 PM
Error Type: User Error (Error #256)
Error String: mmhclass->image->is_image(): image does not exist. (/home/redhue/public_html/images/f1m9y/3008_a_59__rvpw_thumb.jpg)
Error File: /home/redhue/public_html/source/includes/imagemagick.php
Error Line: 81
====================================================================
====================================================================
Time Encountered: March 22, 2019, 9:56:16 PM
Error Type: User Error (Error #256)
Error String: mmhclass->image->is_image(): image does not exist. (/home/redhue/public_html/images/maoye/5199_1_190__8c5f_thumb.jpg)
Error File: /home/redhue/public_html/source/includes/imagemagick.php
Error Line: 81
====================================================================
====================================================================
Time Encountered: March 22, 2019, 10:34:07 PM
Error Type: User Error (Error #256)
Error String: mmhclass->image->is_image(): image does not exist. (/home/redhue/public_html/images/to362/1419_google_translate_r65g_thumb.jpg)
Error File: /home/redhue/public_html/source/includes/imagemagick.php
Error Line: 81
====================================================================
====================================================================
Time Encountered: March 22, 2019, 10:39:29 PM
Error Type: User Error (Error #256)
Error String: mmhclass->image->is_image(): image does not exist. (/home/redhue/public_html/images/h69f9/3260_49_tjgn_thumb.jpg)
Error File: /home/redhue/public_html/source/includes/imagemagick.php
Error Line: 81
====================================================================
====================================================================
Time Encountered: March 22, 2019, 11:02:36 PM
Error Type: User Error (Error #256)
Error String: mmhclass->image->is_image(): image does not exist. (/home/redhue/public_html/images/553a0/5392_0301_bus_startup_05_o2g6_thumb.jpg)
Error File: /home/redhue/public_html/source/includes/imagemagick.php
Error Line: 81
====================================================================
