====================================================================
Time Encountered: April 20, 2019, 1:07:59 AM
Error Type: User Error (Error #256)
Error String: mmhclass->image->is_image(): image does not exist. (/home/redhue/public_html/images/f6zyp/8748_89_snu8_thumb.jpg)
Error File: /home/redhue/public_html/source/includes/imagemagick.php
Error Line: 81
====================================================================
====================================================================
Time Encountered: April 20, 2019, 1:46:03 AM
Error Type: User Error (Error #256)
Error String: mmhclass->image->is_image(): image does not exist. (/home/redhue/public_html/images/nzizc/3717_n3052319_4887138_t3d2_thumb.jpg)
Error File: /home/redhue/public_html/source/includes/imagemagick.php
Error Line: 81
====================================================================
====================================================================
Time Encountered: April 20, 2019, 2:01:23 AM
Error Type: User Error (Error #256)
Error String: mmhclass->image->is_image(): image does not exist. (/home/redhue/public_html/images/tw7t9/3869_aks_elnaz_habibi_wulr_thumb.jpg)
Error File: /home/redhue/public_html/source/includes/imagemagick.php
Error Line: 81
====================================================================
====================================================================
Time Encountered: April 20, 2019, 2:15:51 AM
Error Type: User Error (Error #256)
Error String: mmhclass->image->is_image(): image does not exist. (/home/redhue/public_html/images/079ry/4440_next_vpn_3ndz_thumb.jpg)
Error File: /home/redhue/public_html/source/includes/imagemagick.php
Error Line: 81
====================================================================
====================================================================
Time Encountered: April 20, 2019, 2:48:57 AM
Error Type: User Error (Error #256)
Error String: mmhclass->image->is_image(): image does not exist. (/home/redhue/public_html/images/snhsv/4143_back_z0e9_thumb.jpg)
Error File: /home/redhue/public_html/source/includes/imagemagick.php
Error Line: 81
====================================================================
====================================================================
Time Encountered: April 20, 2019, 3:24:52 AM
Error Type: User Error (Error #256)
Error String: mmhclass->image->is_image(): image does not exist. (/home/redhue/public_html/images/ncvle/3411_ccrrc_3zj2_thumb.jpeg)
Error File: /home/redhue/public_html/source/includes/imagemagick.php
Error Line: 81
====================================================================
====================================================================
Time Encountered: April 20, 2019, 3:32:54 AM
Error Type: User Error (Error #256)
Error String: mmhclass->image->is_image(): image does not exist. (/home/redhue/public_html/images/9mf6b/9063_car_33m3_thumb.jpg)
Error File: /home/redhue/public_html/source/includes/imagemagick.php
Error Line: 81
====================================================================
====================================================================
Time Encountered: April 20, 2019, 3:41:09 AM
Error Type: User Error (Error #256)
Error String: mmhclass->image->is_image(): image does not exist. (/home/redhue/public_html/images/pxoen/2287_1_168__m36j_thumb.jpg)
Error File: /home/redhue/public_html/source/includes/imagemagick.php
Error Line: 81
====================================================================
====================================================================
Time Encountered: April 20, 2019, 3:45:57 AM
Error Type: User Error (Error #256)
Error String: mmhclass->image->is_image(): image does not exist. (/home/redhue/public_html/images/6t12l/5855_ahad2_nmdd_thumb.jpg)
Error File: /home/redhue/public_html/source/includes/imagemagick.php
Error Line: 81
====================================================================
====================================================================
Time Encountered: April 20, 2019, 4:09:16 AM
Error Type: User Error (Error #256)
Error String: mmhclass->image->is_image(): image does not exist. (/home/redhue/public_html/images/3c3nd/7362_a_214__qu0h_thumb.jpg)
Error File: /home/redhue/public_html/source/includes/imagemagick.php
Error Line: 81
====================================================================
====================================================================
Time Encountered: April 20, 2019, 4:11:57 AM
Error Type: User Error (Error #256)
Error String: mmhclass->image->is_image(): image does not exist. (/home/redhue/public_html/images/lifms/1167_b268001_7_y2bc_thumb.jpg)
Error File: /home/redhue/public_html/source/includes/imagemagick.php
Error Line: 81
====================================================================
====================================================================
Time Encountered: April 20, 2019, 4:14:10 AM
Error Type: User Error (Error #256)
Error String: mmhclass->image->is_image(): image does not exist. (/home/redhue/public_html/images/0cbj3/0157_26_y5gn_thumb.jpg)
Error File: /home/redhue/public_html/source/includes/imagemagick.php
Error Line: 81
====================================================================
====================================================================
Time Encountered: April 20, 2019, 4:23:26 AM
Error Type: User Error (Error #256)
Error String: mmhclass->image->is_image(): image does not exist. (/home/redhue/public_html/images/6yjuf/6632_b268001_17_31h6_thumb.jpg)
Error File: /home/redhue/public_html/source/includes/imagemagick.php
Error Line: 81
====================================================================
====================================================================
Time Encountered: April 20, 2019, 4:25:15 AM
Error Type: User Error (Error #256)
Error String: mmhclass->image->is_image(): image does not exist. (/home/redhue/public_html/images/468mu/0786_b268001_8_01nn_thumb.jpg)
Error File: /home/redhue/public_html/source/includes/imagemagick.php
Error Line: 81
====================================================================
====================================================================
Time Encountered: April 20, 2019, 5:10:35 AM
Error Type: User Error (Error #256)
Error String: mmhclass->image->is_image(): image does not exist. (/home/redhue/public_html/images/xrh6q/2817_img_20160523_wa0160_odhm_thumb.jpg)
Error File: /home/redhue/public_html/source/includes/imagemagick.php
Error Line: 81
====================================================================
====================================================================
Time Encountered: April 20, 2019, 5:17:30 AM
Error Type: User Error (Error #256)
Error String: mmhclass->image->is_image(): image does not exist. (/home/redhue/public_html/images/55t0e/3769_sahar_ghoreishi_8_c8w0_thumb.jpg)
Error File: /home/redhue/public_html/source/includes/imagemagick.php
Error Line: 81
====================================================================
====================================================================
Time Encountered: April 20, 2019, 5:25:52 AM
Error Type: User Error (Error #256)
Error String: mmhclass->image->is_image(): image does not exist. (/home/redhue/public_html/images/66ay8/0912_a_393__k2bo_thumb.jpg)
Error File: /home/redhue/public_html/source/includes/imagemagick.php
Error Line: 81
====================================================================
====================================================================
Time Encountered: April 20, 2019, 5:27:36 AM
Error Type: User Error (Error #256)
Error String: mmhclass->image->is_image(): image does not exist. (/home/redhue/public_html/images/i9z83/0476_google_translate_6jwa_thumb.jpg)
Error File: /home/redhue/public_html/source/includes/imagemagick.php
Error Line: 81
====================================================================
====================================================================
Time Encountered: April 20, 2019, 6:05:51 AM
Error Type: User Error (Error #256)
Error String: mmhclass->image->is_image(): image does not exist. (/home/redhue/public_html/images/fnxjj/9846_12_o5j5_thumb.jpg)
Error File: /home/redhue/public_html/source/includes/imagemagick.php
Error Line: 81
====================================================================
====================================================================
Time Encountered: April 20, 2019, 6:12:07 AM
Error Type: User Error (Error #256)
Error String: mmhclass->image->is_image(): image does not exist. (/home/redhue/public_html/images/ynlk8/5180_1_101__yyuz_thumb.jpg)
Error File: /home/redhue/public_html/source/includes/imagemagick.php
Error Line: 81
====================================================================
====================================================================
Time Encountered: April 20, 2019, 7:00:20 AM
Error Type: User Error (Error #256)
Error String: mmhclass->image->is_image(): image does not exist. (/home/redhue/public_html/images/fbllp/0268_forestbridge_mdf5_thumb.jpg)
Error File: /home/redhue/public_html/source/includes/imagemagick.php
Error Line: 81
====================================================================
====================================================================
Time Encountered: April 20, 2019, 7:03:17 AM
Error Type: User Error (Error #256)
Error String: mmhclass->image->is_image(): image does not exist. (/home/redhue/public_html/images/qqmld/0267_004_immi_thumb.jpg)
Error File: /home/redhue/public_html/source/includes/imagemagick.php
Error Line: 81
====================================================================
====================================================================
Time Encountered: April 20, 2019, 7:46:00 AM
Error Type: User Error (Error #256)
Error String: mmhclass->image->is_image(): image does not exist. (/home/redhue/public_html/images/73gsi/7462_img_v2v1_thumb.jpg)
Error File: /home/redhue/public_html/source/includes/imagemagick.php
Error Line: 81
====================================================================
====================================================================
Time Encountered: April 20, 2019, 7:56:04 AM
Error Type: User Error (Error #256)
Error String: mmhclass->image->is_image(): image does not exist. (/home/redhue/public_html/images/zsgga/8109_1_56__w2sl_thumb.jpg)
Error File: /home/redhue/public_html/source/includes/imagemagick.php
Error Line: 81
====================================================================
====================================================================
Time Encountered: April 20, 2019, 8:23:35 AM
Error Type: User Error (Error #256)
Error String: mmhclass->image->is_image(): image does not exist. (/home/redhue/public_html/images/b9z4n/3585_b268001_12_k9qm_thumb.jpg)
Error File: /home/redhue/public_html/source/includes/imagemagick.php
Error Line: 81
====================================================================
====================================================================
Time Encountered: April 20, 2019, 9:49:16 AM
Error Type: User Error (Error #256)
Error String: mmhclass->image->is_image(): image does not exist. (/home/redhue/public_html/images/trp8y/8913_2660695_original_pwp3_thumb.jpg)
Error File: /home/redhue/public_html/source/includes/imagemagick.php
Error Line: 81
====================================================================
====================================================================
Time Encountered: April 20, 2019, 10:12:47 AM
Error Type: User Error (Error #256)
Error String: mmhclass->image->is_image(): image does not exist. (/home/redhue/public_html/images/eyp0m/5684_a_138__jyrm_thumb.jpg)
Error File: /home/redhue/public_html/source/includes/imagemagick.php
Error Line: 81
====================================================================
====================================================================
Time Encountered: April 20, 2019, 10:13:08 AM
Error Type: User Error (Error #256)
Error String: mmhclass->image->is_image(): image does not exist. (/home/redhue/public_html/images/8283_img_f5i0.jpg)
Error File: /home/redhue/public_html/source/includes/imagemagick.php
Error Line: 81
====================================================================
====================================================================
Time Encountered: April 20, 2019, 10:34:51 AM
Error Type: User Error (Error #256)
Error String: mmhclass->image->is_image(): image does not exist. (/home/redhue/public_html/images/bnjxn/6347_a_203__jo25_thumb.jpg)
Error File: /home/redhue/public_html/source/includes/imagemagick.php
Error Line: 81
====================================================================
====================================================================
Time Encountered: April 20, 2019, 10:40:16 AM
Error Type: User Error (Error #256)
Error String: mmhclass->image->is_image(): image does not exist. (/home/redhue/public_html/images/84sej/8383_back_gdp1_thumb.jpg)
Error File: /home/redhue/public_html/source/includes/imagemagick.php
Error Line: 81
====================================================================
====================================================================
Time Encountered: April 20, 2019, 11:14:07 AM
Error Type: User Error (Error #256)
Error String: mmhclass->image->is_image(): image does not exist. (/home/redhue/public_html/images/ggrrh/4827_6_xbsk_thumb.jpg)
Error File: /home/redhue/public_html/source/includes/imagemagick.php
Error Line: 81
====================================================================
====================================================================
Time Encountered: April 20, 2019, 11:33:26 AM
Error Type: User Error (Error #256)
Error String: mmhclass->image->is_image(): image does not exist. (/home/redhue/public_html/images/dy84m/9761_007_frl7_thumb.jpg)
Error File: /home/redhue/public_html/source/includes/imagemagick.php
Error Line: 81
====================================================================
====================================================================
Time Encountered: April 20, 2019, 11:44:44 AM
Error Type: User Error (Error #256)
Error String: mmhclass->image->is_image(): image does not exist. (/home/redhue/public_html/images/lw9ng/8248_img_pf7q_thumb.jpg)
Error File: /home/redhue/public_html/source/includes/imagemagick.php
Error Line: 81
====================================================================
====================================================================
Time Encountered: April 20, 2019, 12:22:44 PM
Error Type: User Error (Error #256)
Error String: mmhclass->image->is_image(): image does not exist. (/home/redhue/public_html/images/pax6x/5795_img_5e5s_thumb.jpg)
Error File: /home/redhue/public_html/source/includes/imagemagick.php
Error Line: 81
====================================================================
====================================================================
Time Encountered: April 20, 2019, 12:30:43 PM
Error Type: User Error (Error #256)
Error String: mmhclass->image->is_image(): image does not exist. (/home/redhue/public_html/images/mjcwr/9490_2995999_original_4o3i_thumb.jpg)
Error File: /home/redhue/public_html/source/includes/imagemagick.php
Error Line: 81
====================================================================
====================================================================
Time Encountered: April 20, 2019, 1:31:43 PM
Error Type: User Error (Error #256)
Error String: mmhclass->image->is_image(): image does not exist. (/home/redhue/public_html/images/vulhn/5580_a_16__amvr_thumb.jpg)
Error File: /home/redhue/public_html/source/includes/imagemagick.php
Error Line: 81
====================================================================
====================================================================
Time Encountered: April 20, 2019, 2:32:28 PM
Error Type: User Error (Error #256)
Error String: mmhclass->image->is_image(): image does not exist. (/home/redhue/public_html/images/7tjkr/6412_b268001_14_hwpf_thumb.jpg)
Error File: /home/redhue/public_html/source/includes/imagemagick.php
Error Line: 81
====================================================================
====================================================================
Time Encountered: April 20, 2019, 2:44:29 PM
Error Type: User Error (Error #256)
Error String: mmhclass->image->is_image(): image does not exist. (/home/redhue/public_html/images/rnt1p/4859_n3052319_4887142_rgs1_thumb.jpg)
Error File: /home/redhue/public_html/source/includes/imagemagick.php
Error Line: 81
====================================================================
====================================================================
Time Encountered: April 20, 2019, 2:45:56 PM
Error Type: User Error (Error #256)
Error String: mmhclass->image->is_image(): image does not exist. (/home/redhue/public_html/images/iub29/1418_76_lheh_thumb.jpg)
Error File: /home/redhue/public_html/source/includes/imagemagick.php
Error Line: 81
====================================================================
====================================================================
Time Encountered: April 20, 2019, 3:18:46 PM
Error Type: User Error (Error #256)
Error String: mmhclass->image->is_image(): image does not exist. (/home/redhue/public_html/images/ig669/0736_1_71__oyj5_thumb.jpg)
Error File: /home/redhue/public_html/source/includes/imagemagick.php
Error Line: 81
====================================================================
====================================================================
Time Encountered: April 20, 2019, 3:58:22 PM
Error Type: User Error (Error #256)
Error String: mmhclass->image->is_image(): image does not exist. (/home/redhue/public_html/images/97u60/5857_a_76__38mz_thumb.jpg)
Error File: /home/redhue/public_html/source/includes/imagemagick.php
Error Line: 81
====================================================================
====================================================================
Time Encountered: April 20, 2019, 4:12:42 PM
Error Type: User Error (Error #256)
Error String: mmhclass->image->is_image(): image does not exist. (/home/redhue/public_html/images/czf5i/2955_1_26__8ph9_thumb.jpg)
Error File: /home/redhue/public_html/source/includes/imagemagick.php
Error Line: 81
====================================================================
====================================================================
Time Encountered: April 20, 2019, 4:20:24 PM
Error Type: User Error (Error #256)
Error String: mmhclass->image->is_image(): image does not exist. (/home/redhue/public_html/images/fil9z/6205_1_109__v8ei_thumb.jpg)
Error File: /home/redhue/public_html/source/includes/imagemagick.php
Error Line: 81
====================================================================
====================================================================
Time Encountered: April 20, 2019, 4:35:02 PM
Error Type: User Error (Error #256)
Error String: mmhclass->image->is_image(): image does not exist. (/home/redhue/public_html/images/n1hr5/3867_1_100__6z23_thumb.jpg)
Error File: /home/redhue/public_html/source/includes/imagemagick.php
Error Line: 81
====================================================================
====================================================================
Time Encountered: April 20, 2019, 4:53:05 PM
Error Type: User Error (Error #256)
Error String: mmhclass->image->is_image(): image does not exist. (/home/redhue/public_html/images/cjrzl/8629_n3053153_4895592_6aud_thumb.jpg)
Error File: /home/redhue/public_html/source/includes/imagemagick.php
Error Line: 81
====================================================================
====================================================================
Time Encountered: April 20, 2019, 5:14:18 PM
Error Type: User Error (Error #256)
Error String: mmhclass->image->is_image(): image does not exist. (/home/redhue/public_html/images/dwc2m/1200_a_106__3i4a_thumb.jpg)
Error File: /home/redhue/public_html/source/includes/imagemagick.php
Error Line: 81
====================================================================
====================================================================
Time Encountered: April 20, 2019, 5:36:36 PM
Error Type: User Error (Error #256)
Error String: mmhclass->image->is_image(): image does not exist. (/home/redhue/public_html/images/l5jvu/6477_003_50x75_scan034_1280x859_pfgy_thumb.jpg)
Error File: /home/redhue/public_html/source/includes/imagemagick.php
Error Line: 81
====================================================================
====================================================================
Time Encountered: April 20, 2019, 6:13:02 PM
Error Type: User Error (Error #256)
Error String: mmhclass->image->is_image(): image does not exist. (/home/redhue/public_html/images/1eb07/7194_1_167__zrf8_thumb.jpg)
Error File: /home/redhue/public_html/source/includes/imagemagick.php
Error Line: 81
====================================================================
====================================================================
Time Encountered: April 20, 2019, 6:45:21 PM
Error Type: User Error (Error #256)
Error String: mmhclass->image->is_image(): image does not exist. (/home/redhue/public_html/images/7c3bf/5579_0014_c5ys_thumb.jpg)
Error File: /home/redhue/public_html/source/includes/imagemagick.php
Error Line: 81
====================================================================
====================================================================
Time Encountered: April 20, 2019, 7:47:55 PM
Error Type: User Error (Error #256)
Error String: mmhclass->image->is_image(): image does not exist. (/home/redhue/public_html/images/q7gr3/8430_1_30__qkdw_thumb.jpg)
Error File: /home/redhue/public_html/source/includes/imagemagick.php
Error Line: 81
====================================================================
====================================================================
Time Encountered: April 20, 2019, 7:52:46 PM
Error Type: User Error (Error #256)
Error String: mmhclass->image->is_image(): image does not exist. (/home/redhue/public_html/images/7dduv/1639_combat_aircraft___july_2016_0016_l9qf_thumb.jpg)
Error File: /home/redhue/public_html/source/includes/imagemagick.php
Error Line: 81
====================================================================
====================================================================
Time Encountered: April 20, 2019, 8:42:55 PM
Error Type: User Error (Error #256)
Error String: mmhclass->image->is_image(): image does not exist. (/home/redhue/public_html/images/1eb07/7194_1_167__zrf8_thumb.jpg)
Error File: /home/redhue/public_html/source/includes/imagemagick.php
Error Line: 81
====================================================================
====================================================================
Time Encountered: April 20, 2019, 9:16:21 PM
Error Type: User Error (Error #256)
Error String: mmhclass->image->is_image(): image does not exist. (/home/redhue/public_html/images/mo29l/3443_a_60__uhau_thumb.jpg)
Error File: /home/redhue/public_html/source/includes/imagemagick.php
Error Line: 81
====================================================================
====================================================================
Time Encountered: April 20, 2019, 9:31:01 PM
Error Type: User Error (Error #256)
Error String: mmhclass->image->is_image(): image does not exist. (/home/redhue/public_html/images/ixxka/6018__nev4340_1__asb6_thumb.jpg)
Error File: /home/redhue/public_html/source/includes/imagemagick.php
Error Line: 81
====================================================================
====================================================================
Time Encountered: April 20, 2019, 9:35:49 PM
Error Type: User Error (Error #256)
Error String: mmhclass->image->is_image(): image does not exist. (/home/redhue/public_html/images/7229_img_sipb.jpg)
Error File: /home/redhue/public_html/source/includes/imagemagick.php
Error Line: 81
====================================================================
====================================================================
Time Encountered: April 20, 2019, 9:39:51 PM
Error Type: User Error (Error #256)
Error String: mmhclass->image->is_image(): image does not exist. (/home/redhue/public_html/images/hdc7w/2630_1_102__6ouw_thumb.jpg)
Error File: /home/redhue/public_html/source/includes/imagemagick.php
Error Line: 81
====================================================================
====================================================================
Time Encountered: April 20, 2019, 9:43:33 PM
Error Type: User Error (Error #256)
Error String: mmhclass->image->is_image(): image does not exist. (/home/redhue/public_html/images/gaqlr/0942_2662818_original_v0x5_thumb.jpg)
Error File: /home/redhue/public_html/source/includes/imagemagick.php
Error Line: 81
====================================================================
====================================================================
Time Encountered: April 20, 2019, 10:26:34 PM
Error Type: User Error (Error #256)
Error String: mmhclass->image->is_image(): image does not exist. (/home/redhue/public_html/images/jhocd/1140_1_19__n1kj_thumb.jpg)
Error File: /home/redhue/public_html/source/includes/imagemagick.php
Error Line: 81
====================================================================
====================================================================
Time Encountered: April 20, 2019, 11:41:56 PM
Error Type: User Error (Error #256)
Error String: mmhclass->image->is_image(): image does not exist. (/home/redhue/public_html/images/5njgm/4226_10379_946_reg9_thumb.jpg)
Error File: /home/redhue/public_html/source/includes/imagemagick.php
Error Line: 81
====================================================================
====================================================================
Time Encountered: April 20, 2019, 11:55:34 PM
Error Type: User Error (Error #256)
Error String: mmhclass->image->is_image(): image does not exist. (/home/redhue/public_html/images/yilul/0509_so_copy3_nao8_thumb.jpg)
Error File: /home/redhue/public_html/source/includes/imagemagick.php
Error Line: 81
====================================================================
====================================================================
Time Encountered: April 20, 2019, 11:55:57 PM
Error Type: User Error (Error #256)
Error String: mmhclass->image->is_image(): image does not exist. (/home/redhue/public_html/images/9of3n/1483_screenshot_2016_11_07_15_03_26_pmi5_thumb.jpeg)
Error File: /home/redhue/public_html/source/includes/imagemagick.php
Error Line: 81
====================================================================
