====================================================================
Time Encountered: April 28, 2019, 12:08:02 AM
Error Type: User Error (Error #256)
Error String: mmhclass->image->is_image(): image does not exist. (/home/redhue/public_html/images/fnxjj/9846_12_o5j5_thumb.jpg)
Error File: /home/redhue/public_html/source/includes/imagemagick.php
Error Line: 81
====================================================================
====================================================================
Time Encountered: April 28, 2019, 12:09:03 AM
Error Type: User Error (Error #256)
Error String: mmhclass->image->is_image(): image does not exist. (/home/redhue/public_html/images/7mvik/9693_1_175__u1e5_thumb.jpg)
Error File: /home/redhue/public_html/source/includes/imagemagick.php
Error Line: 81
====================================================================
====================================================================
Time Encountered: April 28, 2019, 12:22:14 AM
Error Type: User Error (Error #256)
Error String: mmhclass->image->is_image(): image does not exist. (/home/redhue/public_html/images/3pn96/2463_sahr_ghoreyshi__9kd0_thumb.jpg)
Error File: /home/redhue/public_html/source/includes/imagemagick.php
Error Line: 81
====================================================================
====================================================================
Time Encountered: April 28, 2019, 12:39:10 AM
Error Type: User Error (Error #256)
Error String: mmhclass->image->is_image(): image does not exist. (/home/redhue/public_html/images/5njgm/4226_10379_946_reg9_thumb.jpg)
Error File: /home/redhue/public_html/source/includes/imagemagick.php
Error Line: 81
====================================================================
====================================================================
Time Encountered: April 28, 2019, 12:42:33 AM
Error Type: User Error (Error #256)
Error String: mmhclass->image->is_image(): image does not exist. (/home/redhue/public_html/images/o5qrh/9047_2_fl6y_thumb.jpg)
Error File: /home/redhue/public_html/source/includes/imagemagick.php
Error Line: 81
====================================================================
====================================================================
Time Encountered: April 28, 2019, 12:45:19 AM
Error Type: User Error (Error #256)
Error String: mmhclass->image->is_image(): image does not exist. (/home/redhue/public_html/images/jagct/4962_25_qvbc_thumb.jpg)
Error File: /home/redhue/public_html/source/includes/imagemagick.php
Error Line: 81
====================================================================
====================================================================
Time Encountered: April 28, 2019, 12:47:39 AM
Error Type: User Error (Error #256)
Error String: mmhclass->image->is_image(): image does not exist. (/home/redhue/public_html/images/kaz77/4315_screenshot_2016_11_07_15_05_16_39dv_thumb.jpeg)
Error File: /home/redhue/public_html/source/includes/imagemagick.php
Error Line: 81
====================================================================
====================================================================
Time Encountered: April 28, 2019, 12:56:59 AM
Error Type: User Error (Error #256)
Error String: mmhclass->image->is_image(): image does not exist. (/home/redhue/public_html/images/7hyir/6516_a_102__kosu_thumb.jpg)
Error File: /home/redhue/public_html/source/includes/imagemagick.php
Error Line: 81
====================================================================
====================================================================
Time Encountered: April 28, 2019, 1:03:55 AM
Error Type: User Error (Error #256)
Error String: mmhclass->image->is_image(): image does not exist. (/home/redhue/public_html/images/5tslh/4470_2950069_original_2qc3_thumb.jpg)
Error File: /home/redhue/public_html/source/includes/imagemagick.php
Error Line: 81
====================================================================
====================================================================
Time Encountered: April 28, 2019, 1:07:09 AM
Error Type: User Error (Error #256)
Error String: mmhclass->image->is_image(): image does not exist. (/home/redhue/public_html/images/ebufg/7782_bal_4968_1_900_hvlx_thumb.jpg)
Error File: /home/redhue/public_html/source/includes/imagemagick.php
Error Line: 81
====================================================================
====================================================================
Time Encountered: April 28, 2019, 1:08:05 AM
Error Type: User Error (Error #256)
Error String: mmhclass->image->is_image(): image does not exist. (/home/redhue/public_html/images/po6cq/2034_urthecast_iran_launch_center_lzq1_thumb.jpg)
Error File: /home/redhue/public_html/source/includes/imagemagick.php
Error Line: 81
====================================================================
====================================================================
Time Encountered: April 28, 2019, 1:08:28 AM
Error Type: User Error (Error #256)
Error String: mmhclass->image->is_image(): image does not exist. (/home/redhue/public_html/images/fqxhq/7771_114031_3xf2_thumb.jpg)
Error File: /home/redhue/public_html/source/includes/imagemagick.php
Error Line: 81
====================================================================
====================================================================
Time Encountered: April 28, 2019, 1:15:12 AM
Error Type: User Error (Error #256)
Error String: mmhclass->image->is_image(): image does not exist. (/home/redhue/public_html/images/pxwif/7115_1_181__xksf_thumb.jpg)
Error File: /home/redhue/public_html/source/includes/imagemagick.php
Error Line: 81
====================================================================
====================================================================
Time Encountered: April 28, 2019, 1:21:02 AM
Error Type: User Error (Error #256)
Error String: mmhclass->image->is_image(): image does not exist. (/home/redhue/public_html/images/o5qrh/9047_2_fl6y_thumb.jpg)
Error File: /home/redhue/public_html/source/includes/imagemagick.php
Error Line: 81
====================================================================
====================================================================
Time Encountered: April 28, 2019, 1:22:26 AM
Error Type: User Error (Error #256)
Error String: mmhclass->image->is_image(): image does not exist. (/home/redhue/public_html/images/6bprp/2070_75_xlnz_thumb.jpg)
Error File: /home/redhue/public_html/source/includes/imagemagick.php
Error Line: 81
====================================================================
====================================================================
Time Encountered: April 28, 2019, 1:24:32 AM
Error Type: User Error (Error #256)
Error String: mmhclass->image->is_image(): image does not exist. (/home/redhue/public_html/images/fek70/6069_img_n80k_thumb.jpg)
Error File: /home/redhue/public_html/source/includes/imagemagick.php
Error Line: 81
====================================================================
====================================================================
Time Encountered: April 28, 2019, 1:37:32 AM
Error Type: User Error (Error #256)
Error String: mmhclass->image->is_image(): image does not exist. (/home/redhue/public_html/images/jlqxw/3343_seoinsidesite6_x3rg_thumb.jpg)
Error File: /home/redhue/public_html/source/includes/imagemagick.php
Error Line: 81
====================================================================
====================================================================
Time Encountered: April 28, 2019, 1:56:53 AM
Error Type: User Error (Error #256)
Error String: mmhclass->image->is_image(): image does not exist. (/home/redhue/public_html/images/dfb8b/3903_img_hq8l_thumb.jpg)
Error File: /home/redhue/public_html/source/includes/imagemagick.php
Error Line: 81
====================================================================
====================================================================
Time Encountered: April 28, 2019, 1:59:18 AM
Error Type: User Error (Error #256)
Error String: mmhclass->image->is_image(): image does not exist. (/home/redhue/public_html/images/j8pzd/7394_2662263_original_3xfs_thumb.jpg)
Error File: /home/redhue/public_html/source/includes/imagemagick.php
Error Line: 81
====================================================================
====================================================================
Time Encountered: April 28, 2019, 2:12:31 AM
Error Type: User Error (Error #256)
Error String: mmhclass->image->is_image(): image does not exist. (/home/redhue/public_html/images/bq24v/0587_a_61__28dq_thumb.jpg)
Error File: /home/redhue/public_html/source/includes/imagemagick.php
Error Line: 81
====================================================================
====================================================================
Time Encountered: April 28, 2019, 2:14:31 AM
Error Type: User Error (Error #256)
Error String: mmhclass->image->is_image(): image does not exist. (/home/redhue/public_html/images/8pkqo/2032_0007_p90u_thumb.jpg)
Error File: /home/redhue/public_html/source/includes/imagemagick.php
Error Line: 81
====================================================================
====================================================================
Time Encountered: April 28, 2019, 2:25:25 AM
Error Type: User Error (Error #256)
Error String: mmhclass->image->is_image(): image does not exist. (/home/redhue/public_html/images/rg6oq/5710_79_62o9_thumb.jpg)
Error File: /home/redhue/public_html/source/includes/imagemagick.php
Error Line: 81
====================================================================
====================================================================
Time Encountered: April 28, 2019, 2:30:06 AM
Error Type: User Error (Error #256)
Error String: mmhclass->image->is_image(): image does not exist. (/home/redhue/public_html/images/uqlek/7593_1477_aircrafts_military_missiles_planes_a_10_thunderbol_a73b_thumb.jpg)
Error File: /home/redhue/public_html/source/includes/imagemagick.php
Error Line: 81
====================================================================
====================================================================
Time Encountered: April 28, 2019, 2:33:29 AM
Error Type: User Error (Error #256)
Error String: mmhclass->image->is_image(): image does not exist. (/home/redhue/public_html/images/lmtr1/2547_7_cxdm_thumb.jpg)
Error File: /home/redhue/public_html/source/includes/imagemagick.php
Error Line: 81
====================================================================
====================================================================
Time Encountered: April 28, 2019, 2:39:20 AM
Error Type: User Error (Error #256)
Error String: mmhclass->image->is_image(): image does not exist. (/home/redhue/public_html/images/ck4u8/8070_spainspring_trne_thumb.jpg)
Error File: /home/redhue/public_html/source/includes/imagemagick.php
Error Line: 81
====================================================================
====================================================================
Time Encountered: April 28, 2019, 2:46:57 AM
Error Type: User Error (Error #256)
Error String: mmhclass->image->is_image(): image does not exist. (/home/redhue/public_html/images/91w6g/1633_009_009a_1280x911_t8g6_thumb.jpg)
Error File: /home/redhue/public_html/source/includes/imagemagick.php
Error Line: 81
====================================================================
====================================================================
Time Encountered: April 28, 2019, 2:56:01 AM
Error Type: User Error (Error #256)
Error String: mmhclass->image->is_image(): image does not exist. (/home/redhue/public_html/images/7u8as/5914_0009_vdok_thumb.jpg)
Error File: /home/redhue/public_html/source/includes/imagemagick.php
Error Line: 81
====================================================================
====================================================================
Time Encountered: April 28, 2019, 2:58:56 AM
Error Type: User Error (Error #256)
Error String: mmhclass->image->is_image(): image does not exist. (/home/redhue/public_html/images/1vhgg/2662_1_96__gn6p_thumb.jpg)
Error File: /home/redhue/public_html/source/includes/imagemagick.php
Error Line: 81
====================================================================
====================================================================
Time Encountered: April 28, 2019, 3:01:42 AM
Error Type: User Error (Error #256)
Error String: mmhclass->image->is_image(): image does not exist. (/home/redhue/public_html/images/6bky4/9746_114040_i28o_thumb.jpg)
Error File: /home/redhue/public_html/source/includes/imagemagick.php
Error Line: 81
====================================================================
====================================================================
Time Encountered: April 28, 2019, 3:01:45 AM
Error Type: User Error (Error #256)
Error String: mmhclass->image->is_image(): image does not exist. (/home/redhue/public_html/images/0gbb9/4472_1_73__86nm_thumb.jpg)
Error File: /home/redhue/public_html/source/includes/imagemagick.php
Error Line: 81
====================================================================
====================================================================
Time Encountered: April 28, 2019, 3:03:02 AM
Error Type: User Error (Error #256)
Error String: mmhclass->image->is_image(): image does not exist. (/home/redhue/public_html/images/dyk8r/0779_54454_xd1h_thumb.jpg)
Error File: /home/redhue/public_html/source/includes/imagemagick.php
Error Line: 81
====================================================================
====================================================================
Time Encountered: April 28, 2019, 3:07:34 AM
Error Type: User Error (Error #256)
Error String: mmhclass->image->is_image(): image does not exist. (/home/redhue/public_html/images/0norz/6905_1_52__akj3_thumb.jpg)
Error File: /home/redhue/public_html/source/includes/imagemagick.php
Error Line: 81
====================================================================
====================================================================
Time Encountered: April 28, 2019, 3:12:12 AM
Error Type: User Error (Error #256)
Error String: mmhclass->image->is_image(): image does not exist. (/home/redhue/public_html/images/imerz/6764_62_dmfi_thumb.jpg)
Error File: /home/redhue/public_html/source/includes/imagemagick.php
Error Line: 81
====================================================================
====================================================================
Time Encountered: April 28, 2019, 3:13:58 AM
Error Type: User Error (Error #256)
Error String: mmhclass->image->is_image(): image does not exist. (/home/redhue/public_html/images/czf5i/2955_1_26__8ph9_thumb.jpg)
Error File: /home/redhue/public_html/source/includes/imagemagick.php
Error Line: 81
====================================================================
====================================================================
Time Encountered: April 28, 2019, 3:14:25 AM
Error Type: User Error (Error #256)
Error String: mmhclass->image->is_image(): image does not exist. (/home/redhue/public_html/images/bc2i4/1374_a_196__3qsm_thumb.jpg)
Error File: /home/redhue/public_html/source/includes/imagemagick.php
Error Line: 81
====================================================================
====================================================================
Time Encountered: April 28, 2019, 3:35:27 AM
Error Type: User Error (Error #256)
Error String: mmhclass->image->is_image(): image does not exist. (/home/redhue/public_html/images/vljbj/6009_img_4aqj_thumb.jpg)
Error File: /home/redhue/public_html/source/includes/imagemagick.php
Error Line: 81
====================================================================
====================================================================
Time Encountered: April 28, 2019, 3:48:21 AM
Error Type: User Error (Error #256)
Error String: mmhclass->image->is_image(): image does not exist. (/home/redhue/public_html/images/ig669/0736_1_71__oyj5_thumb.jpg)
Error File: /home/redhue/public_html/source/includes/imagemagick.php
Error Line: 81
====================================================================
====================================================================
Time Encountered: April 28, 2019, 3:53:10 AM
Error Type: User Error (Error #256)
Error String: mmhclass->image->is_image(): image does not exist. (/home/redhue/public_html/images/knpm3/1719_1_60__djnb_thumb.jpg)
Error File: /home/redhue/public_html/source/includes/imagemagick.php
Error Line: 81
====================================================================
====================================================================
Time Encountered: April 28, 2019, 3:55:31 AM
Error Type: User Error (Error #256)
Error String: mmhclass->image->is_image(): image does not exist. (/home/redhue/public_html/images/opm9b/4166_1_119__zjzy_thumb.jpg)
Error File: /home/redhue/public_html/source/includes/imagemagick.php
Error Line: 81
====================================================================
====================================================================
Time Encountered: April 28, 2019, 3:59:41 AM
Error Type: User Error (Error #256)
Error String: mmhclass->image->is_image(): image does not exist. (/home/redhue/public_html/images/3c94e/6891_1_57__05gl_thumb.jpg)
Error File: /home/redhue/public_html/source/includes/imagemagick.php
Error Line: 81
====================================================================
====================================================================
Time Encountered: April 28, 2019, 4:03:47 AM
Error Type: User Error (Error #256)
Error String: mmhclass->image->is_image(): image does not exist. (/home/redhue/public_html/images/ebufg/7782_bal_4968_1_900_hvlx_thumb.jpg)
Error File: /home/redhue/public_html/source/includes/imagemagick.php
Error Line: 81
====================================================================
====================================================================
Time Encountered: April 28, 2019, 4:04:38 AM
Error Type: User Error (Error #256)
Error String: mmhclass->image->is_image(): image does not exist. (/home/redhue/public_html/images/7pxn1/0458_moble_b147_thumb.jpg)
Error File: /home/redhue/public_html/source/includes/imagemagick.php
Error Line: 81
====================================================================
====================================================================
Time Encountered: April 28, 2019, 4:04:56 AM
Error Type: User Error (Error #256)
Error String: mmhclass->image->is_image(): image does not exist. (/home/redhue/public_html/images/f1m9y/3008_a_59__rvpw_thumb.jpg)
Error File: /home/redhue/public_html/source/includes/imagemagick.php
Error Line: 81
====================================================================
====================================================================
Time Encountered: April 28, 2019, 4:07:58 AM
Error Type: User Error (Error #256)
Error String: mmhclass->image->is_image(): image does not exist. (/home/redhue/public_html/images/j70lp/8869_n3053153_4895593_xmfp_thumb.jpg)
Error File: /home/redhue/public_html/source/includes/imagemagick.php
Error Line: 81
====================================================================
====================================================================
Time Encountered: April 28, 2019, 4:12:14 AM
Error Type: User Error (Error #256)
Error String: mmhclass->image->is_image(): image does not exist. (/home/redhue/public_html/images/iot6p/3530_photo_2017_12_29_20_59_28_4vuh_thumb.jpg)
Error File: /home/redhue/public_html/source/includes/imagemagick.php
Error Line: 81
====================================================================
====================================================================
Time Encountered: April 28, 2019, 4:14:38 AM
Error Type: User Error (Error #256)
Error String: mmhclass->image->is_image(): image does not exist. (/home/redhue/public_html/images/txxi0/3191_005_006_1280x891_beyg_thumb.jpg)
Error File: /home/redhue/public_html/source/includes/imagemagick.php
Error Line: 81
====================================================================
====================================================================
Time Encountered: April 28, 2019, 4:18:02 AM
Error Type: User Error (Error #256)
Error String: mmhclass->image->is_image(): image does not exist. (/home/redhue/public_html/images/xi2w2/1241_57_hoac_thumb.jpg)
Error File: /home/redhue/public_html/source/includes/imagemagick.php
Error Line: 81
====================================================================
====================================================================
Time Encountered: April 28, 2019, 4:20:32 AM
Error Type: User Error (Error #256)
Error String: mmhclass->image->is_image(): image does not exist. (/home/redhue/public_html/images/7bt4m/3797_forozande9emroozi_0hw2_thumb.jpg)
Error File: /home/redhue/public_html/source/includes/imagemagick.php
Error Line: 81
====================================================================
====================================================================
Time Encountered: April 28, 2019, 4:21:18 AM
Error Type: User Error (Error #256)
Error String: mmhclass->image->is_image(): image does not exist. (/home/redhue/public_html/images/ycejn/4369_10_sll9_thumb.jpg)
Error File: /home/redhue/public_html/source/includes/imagemagick.php
Error Line: 81
====================================================================
====================================================================
Time Encountered: April 28, 2019, 4:29:37 AM
Error Type: User Error (Error #256)
Error String: mmhclass->image->is_image(): image does not exist. (/home/redhue/public_html/images/23238/6633_5_qd8s_thumb.jpg)
Error File: /home/redhue/public_html/source/includes/imagemagick.php
Error Line: 81
====================================================================
====================================================================
Time Encountered: April 28, 2019, 4:30:41 AM
Error Type: User Error (Error #256)
Error String: mmhclass->image->is_image(): image does not exist. (/home/redhue/public_html/images/vo2m5/9444_64_kbkp_thumb.jpg)
Error File: /home/redhue/public_html/source/includes/imagemagick.php
Error Line: 81
====================================================================
====================================================================
Time Encountered: April 28, 2019, 4:38:22 AM
Error Type: User Error (Error #256)
Error String: mmhclass->image->is_image(): image does not exist. (/home/redhue/public_html/images/pb0lo/9101_61_47wx_thumb.jpg)
Error File: /home/redhue/public_html/source/includes/imagemagick.php
Error Line: 81
====================================================================
====================================================================
Time Encountered: April 28, 2019, 4:49:21 AM
Error Type: User Error (Error #256)
Error String: mmhclass->image->is_image(): image does not exist. (/home/redhue/public_html/images/u587m/0120_114029_ti7a_thumb.jpg)
Error File: /home/redhue/public_html/source/includes/imagemagick.php
Error Line: 81
====================================================================
====================================================================
Time Encountered: April 28, 2019, 4:58:13 AM
Error Type: User Error (Error #256)
Error String: mmhclass->image->is_image(): image does not exist. (/home/redhue/public_html/images/xl5dv/0250_bal_4856_1_900_gwcy_thumb.jpg)
Error File: /home/redhue/public_html/source/includes/imagemagick.php
Error Line: 81
====================================================================
====================================================================
Time Encountered: April 28, 2019, 5:04:31 AM
Error Type: User Error (Error #256)
Error String: mmhclass->image->is_image(): image does not exist. (/home/redhue/public_html/images/38w50/5631_1_33__hqbl_thumb.jpg)
Error File: /home/redhue/public_html/source/includes/imagemagick.php
Error Line: 81
====================================================================
====================================================================
Time Encountered: April 28, 2019, 5:06:48 AM
Error Type: User Error (Error #256)
Error String: mmhclass->image->is_image(): image does not exist. (/home/redhue/public_html/images/cgmzy/3174_hdd_price_6e2j_thumb.jpg)
Error File: /home/redhue/public_html/source/includes/imagemagick.php
Error Line: 81
====================================================================
====================================================================
Time Encountered: April 28, 2019, 5:22:25 AM
Error Type: User Error (Error #256)
Error String: mmhclass->image->is_image(): image does not exist. (/home/redhue/public_html/images/qhkfx/4924_114035_1b3v_thumb.jpg)
Error File: /home/redhue/public_html/source/includes/imagemagick.php
Error Line: 81
====================================================================
====================================================================
Time Encountered: April 28, 2019, 5:28:26 AM
Error Type: User Error (Error #256)
Error String: mmhclass->image->is_image(): image does not exist. (/home/redhue/public_html/images/rrauv/2022_1_53__tn88_thumb.jpg)
Error File: /home/redhue/public_html/source/includes/imagemagick.php
Error Line: 81
====================================================================
====================================================================
Time Encountered: April 28, 2019, 5:45:42 AM
Error Type: User Error (Error #256)
Error String: mmhclass->image->is_image(): image does not exist. (/home/redhue/public_html/images/du9cp/0848_photo_2017_12_29_20_59_28_n2gm_thumb.jpg)
Error File: /home/redhue/public_html/source/includes/imagemagick.php
Error Line: 81
====================================================================
====================================================================
Time Encountered: April 28, 2019, 5:48:13 AM
Error Type: User Error (Error #256)
Error String: mmhclass->image->is_image(): image does not exist. (/home/redhue/public_html/images/rg6oq/5710_79_62o9_thumb.jpg)
Error File: /home/redhue/public_html/source/includes/imagemagick.php
Error Line: 81
====================================================================
====================================================================
Time Encountered: April 28, 2019, 5:52:08 AM
Error Type: User Error (Error #256)
Error String: mmhclass->image->is_image(): image does not exist. (/home/redhue/public_html/images/oem5m/0797_1_115__s0al_thumb.jpg)
Error File: /home/redhue/public_html/source/includes/imagemagick.php
Error Line: 81
====================================================================
====================================================================
Time Encountered: April 28, 2019, 5:59:54 AM
Error Type: User Error (Error #256)
Error String: mmhclass->image->is_image(): image does not exist. (/home/redhue/public_html/images/mj709/0586_n3053153_4895590_vqsp_thumb.jpg)
Error File: /home/redhue/public_html/source/includes/imagemagick.php
Error Line: 81
====================================================================
====================================================================
Time Encountered: April 28, 2019, 6:41:13 AM
Error Type: User Error (Error #256)
Error String: mmhclass->image->is_image(): image does not exist. (/home/redhue/public_html/images/gq1zf/2745_1_124__7i9l_thumb.jpg)
Error File: /home/redhue/public_html/source/includes/imagemagick.php
Error Line: 81
====================================================================
====================================================================
Time Encountered: April 28, 2019, 7:05:42 AM
Error Type: User Error (Error #256)
Error String: mmhclass->image->is_image(): image does not exist. (/home/redhue/public_html/images/f7cug/9615_photo_2017_12_29_20_59_28_ilta_thumb.jpg)
Error File: /home/redhue/public_html/source/includes/imagemagick.php
Error Line: 81
====================================================================
====================================================================
Time Encountered: April 28, 2019, 7:08:18 AM
Error Type: User Error (Error #256)
Error String: mmhclass->image->is_image(): image does not exist. (/home/redhue/public_html/images/0yzp6/8989_114036_ayql_thumb.jpg)
Error File: /home/redhue/public_html/source/includes/imagemagick.php
Error Line: 81
====================================================================
====================================================================
Time Encountered: April 28, 2019, 7:08:41 AM
Error Type: User Error (Error #256)
Error String: mmhclass->image->is_image(): image does not exist. (/home/redhue/public_html/images/nxhq7/9677_1_82__94ki_thumb.jpg)
Error File: /home/redhue/public_html/source/includes/imagemagick.php
Error Line: 81
====================================================================
====================================================================
Time Encountered: April 28, 2019, 7:18:46 AM
Error Type: User Error (Error #256)
Error String: mmhclass->image->is_image(): image does not exist. (/home/redhue/public_html/images/7pxn1/0458_moble_b147_thumb.jpg)
Error File: /home/redhue/public_html/source/includes/imagemagick.php
Error Line: 81
====================================================================
====================================================================
Time Encountered: April 28, 2019, 7:22:00 AM
Error Type: User Error (Error #256)
Error String: mmhclass->image->is_image(): image does not exist. (/home/redhue/public_html/images/5ps9i/9551_1_162__gsxb_thumb.jpg)
Error File: /home/redhue/public_html/source/includes/imagemagick.php
Error Line: 81
====================================================================
====================================================================
Time Encountered: April 28, 2019, 7:32:05 AM
Error Type: User Error (Error #256)
Error String: mmhclass->image->is_image(): image does not exist. (/home/redhue/public_html/images/hsnhg/6761_padpors_min_kuaw_thumb.jpg)
Error File: /home/redhue/public_html/source/includes/imagemagick.php
Error Line: 81
====================================================================
====================================================================
Time Encountered: April 28, 2019, 7:33:22 AM
Error Type: User Error (Error #256)
Error String: mmhclass->image->is_image(): image does not exist. (/home/redhue/public_html/images/3c94e/6891_1_57__05gl_thumb.jpg)
Error File: /home/redhue/public_html/source/includes/imagemagick.php
Error Line: 81
====================================================================
====================================================================
Time Encountered: April 28, 2019, 7:36:55 AM
Error Type: User Error (Error #256)
Error String: mmhclass->image->is_image(): image does not exist. (/home/redhue/public_html/images/6bprp/2070_75_xlnz_thumb.jpg)
Error File: /home/redhue/public_html/source/includes/imagemagick.php
Error Line: 81
====================================================================
====================================================================
Time Encountered: April 28, 2019, 7:56:44 AM
Error Type: User Error (Error #256)
Error String: mmhclass->image->is_image(): image does not exist. (/home/redhue/public_html/images/9njwk/5092_0008_igou_thumb.jpg)
Error File: /home/redhue/public_html/source/includes/imagemagick.php
Error Line: 81
====================================================================
====================================================================
Time Encountered: April 28, 2019, 8:08:19 AM
Error Type: User Error (Error #256)
Error String: mmhclass->image->is_image(): image does not exist. (/home/redhue/public_html/images/kaf7f/9995_2660512_original_7g1m_thumb.jpg)
Error File: /home/redhue/public_html/source/includes/imagemagick.php
Error Line: 81
====================================================================
====================================================================
Time Encountered: April 28, 2019, 8:13:46 AM
Error Type: User Error (Error #256)
Error String: mmhclass->image->is_image(): image does not exist. (/home/redhue/public_html/images/umubf/9330_combat_aircraft___april_2016_downmagaz.com_085_003_idvm_thumb.jpg)
Error File: /home/redhue/public_html/source/includes/imagemagick.php
Error Line: 81
====================================================================
====================================================================
Time Encountered: April 28, 2019, 8:19:49 AM
Error Type: User Error (Error #256)
Error String: mmhclass->image->is_image(): image does not exist. (/home/redhue/public_html/images/tiwoc/3300_elnaz_habibi_94_www_neginjonoub_ir_2_f9u4_thumb.jpg)
Error File: /home/redhue/public_html/source/includes/imagemagick.php
Error Line: 81
====================================================================
====================================================================
Time Encountered: April 28, 2019, 8:47:54 AM
Error Type: User Error (Error #256)
Error String: mmhclass->image->is_image(): image does not exist. (/home/redhue/public_html/images/in1aq/9495_1_111__q80h_thumb.jpg)
Error File: /home/redhue/public_html/source/includes/imagemagick.php
Error Line: 81
====================================================================
====================================================================
Time Encountered: April 28, 2019, 8:51:31 AM
Error Type: User Error (Error #256)
Error String: mmhclass->image->is_image(): image does not exist. (/home/redhue/public_html/images/rg6oq/5710_79_62o9_thumb.jpg)
Error File: /home/redhue/public_html/source/includes/imagemagick.php
Error Line: 81
====================================================================
====================================================================
Time Encountered: April 28, 2019, 8:53:45 AM
Error Type: User Error (Error #256)
Error String: mmhclass->image->is_image(): image does not exist. (/home/redhue/public_html/images/335re/6457_kbmvnl0dasajqprk8tsr_9zuo_thumb.jpg)
Error File: /home/redhue/public_html/source/includes/imagemagick.php
Error Line: 81
====================================================================
====================================================================
Time Encountered: April 28, 2019, 8:55:28 AM
Error Type: User Error (Error #256)
Error String: mmhclass->image->is_image(): image does not exist. (/home/redhue/public_html/images/nzhhw/0138__d8_b3_d8_ad_d8_b1_d9_82_d8_b1_db_8c_d8_b4_db_8c_f4gh_thumb.jpg)
Error File: /home/redhue/public_html/source/includes/imagemagick.php
Error Line: 81
====================================================================
====================================================================
Time Encountered: April 28, 2019, 9:03:45 AM
Error Type: User Error (Error #256)
Error String: mmhclass->image->is_image(): image does not exist. (/home/redhue/public_html/images/079ry/4440_next_vpn_3ndz_thumb.jpg)
Error File: /home/redhue/public_html/source/includes/imagemagick.php
Error Line: 81
====================================================================
====================================================================
Time Encountered: April 28, 2019, 9:18:36 AM
Error Type: User Error (Error #256)
Error String: mmhclass->image->is_image(): image does not exist. (/home/redhue/public_html/images/fdqbn/9444_51_1gpe_thumb.jpg)
Error File: /home/redhue/public_html/source/includes/imagemagick.php
Error Line: 81
====================================================================
====================================================================
Time Encountered: April 28, 2019, 9:20:01 AM
Error Type: User Error (Error #256)
Error String: mmhclass->image->is_image(): image does not exist. (/home/redhue/public_html/images/1t669/1828_n3052319_4887141_hla4_thumb.jpg)
Error File: /home/redhue/public_html/source/includes/imagemagick.php
Error Line: 81
====================================================================
====================================================================
Time Encountered: April 28, 2019, 9:20:32 AM
Error Type: User Error (Error #256)
Error String: mmhclass->image->is_image(): image does not exist. (/home/redhue/public_html/images/idntx/6815_n3053153_4895588_wk4n_thumb.jpg)
Error File: /home/redhue/public_html/source/includes/imagemagick.php
Error Line: 81
====================================================================
====================================================================
Time Encountered: April 28, 2019, 9:26:11 AM
Error Type: User Error (Error #256)
Error String: mmhclass->image->is_image(): image does not exist. (/home/redhue/public_html/images/q1nmz/5912_img_20161107_082335_jq6a_thumb.jpg)
Error File: /home/redhue/public_html/source/includes/imagemagick.php
Error Line: 81
====================================================================
====================================================================
Time Encountered: April 28, 2019, 9:31:54 AM
Error Type: User Error (Error #256)
Error String: mmhclass->image->is_image(): image does not exist. (/home/redhue/public_html/images/aycjb/3948_1_116__1wuk_thumb.jpg)
Error File: /home/redhue/public_html/source/includes/imagemagick.php
Error Line: 81
====================================================================
====================================================================
Time Encountered: April 28, 2019, 9:32:02 AM
Error Type: User Error (Error #256)
Error String: mmhclass->image->is_image(): image does not exist. (/home/redhue/public_html/images/8y47f/2939_1_106__ezzi_thumb.jpg)
Error File: /home/redhue/public_html/source/includes/imagemagick.php
Error Line: 81
====================================================================
====================================================================
Time Encountered: April 28, 2019, 9:32:59 AM
Error Type: User Error (Error #256)
Error String: mmhclass->image->is_image(): image does not exist. (/home/redhue/public_html/images/732vd/7326_12_un3x_thumb.jpg)
Error File: /home/redhue/public_html/source/includes/imagemagick.php
Error Line: 81
====================================================================
====================================================================
Time Encountered: April 28, 2019, 9:41:18 AM
Error Type: User Error (Error #256)
Error String: mmhclass->image->is_image(): image does not exist. (/home/redhue/public_html/images/b8fjx/4189_114039_aod9_thumb.jpg)
Error File: /home/redhue/public_html/source/includes/imagemagick.php
Error Line: 81
====================================================================
====================================================================
Time Encountered: April 28, 2019, 9:58:24 AM
Error Type: User Error (Error #256)
Error String: mmhclass->image->is_image(): image does not exist. (/home/redhue/public_html/images/ugfhr/6065_n3052319_4887145_06eq_thumb.jpg)
Error File: /home/redhue/public_html/source/includes/imagemagick.php
Error Line: 81
====================================================================
====================================================================
Time Encountered: April 28, 2019, 9:59:53 AM
Error Type: User Error (Error #256)
Error String: mmhclass->image->is_image(): image does not exist. (/home/redhue/public_html/images/53f3b/1919_1_67__9ps1_thumb.jpg)
Error File: /home/redhue/public_html/source/includes/imagemagick.php
Error Line: 81
====================================================================
====================================================================
Time Encountered: April 28, 2019, 10:06:04 AM
Error Type: User Error (Error #256)
Error String: mmhclass->image->is_image(): image does not exist. (/home/redhue/public_html/images/ez6r7/4862_photo_verybig_114005_3dg9_thumb.jpg)
Error File: /home/redhue/public_html/source/includes/imagemagick.php
Error Line: 81
====================================================================
====================================================================
Time Encountered: April 28, 2019, 10:08:39 AM
Error Type: User Error (Error #256)
Error String: mmhclass->image->is_image(): image does not exist. (/home/redhue/public_html/images/qqmld/0267_004_immi_thumb.jpg)
Error File: /home/redhue/public_html/source/includes/imagemagick.php
Error Line: 81
====================================================================
====================================================================
Time Encountered: April 28, 2019, 10:08:53 AM
Error Type: User Error (Error #256)
Error String: mmhclass->image->is_image(): image does not exist. (/home/redhue/public_html/images/rujff/6325_a_371__b2ft_thumb.jpg)
Error File: /home/redhue/public_html/source/includes/imagemagick.php
Error Line: 81
====================================================================
====================================================================
Time Encountered: April 28, 2019, 10:11:13 AM
Error Type: User Error (Error #256)
Error String: mmhclass->image->is_image(): image does not exist. (/home/redhue/public_html/images/no34z/9715_elnaz_20habibi_209_v3u1_thumb.jpg)
Error File: /home/redhue/public_html/source/includes/imagemagick.php
Error Line: 81
====================================================================
====================================================================
Time Encountered: April 28, 2019, 10:23:19 AM
Error Type: User Error (Error #256)
Error String: mmhclass->image->is_image(): image does not exist. (/home/redhue/public_html/images/0gbb9/4472_1_73__86nm_thumb.jpg)
Error File: /home/redhue/public_html/source/includes/imagemagick.php
Error Line: 81
====================================================================
====================================================================
Time Encountered: April 28, 2019, 11:01:35 AM
Error Type: User Error (Error #256)
Error String: mmhclass->image->is_image(): image does not exist. (/home/redhue/public_html/images/g1zwq/4012_43_cn22_thumb.jpg)
Error File: /home/redhue/public_html/source/includes/imagemagick.php
Error Line: 81
====================================================================
====================================================================
Time Encountered: April 28, 2019, 11:24:31 AM
Error Type: User Error (Error #256)
Error String: mmhclass->image->is_image(): image does not exist. (/home/redhue/public_html/images/iot6p/3530_photo_2017_12_29_20_59_28_4vuh_thumb.jpg)
Error File: /home/redhue/public_html/source/includes/imagemagick.php
Error Line: 81
====================================================================
====================================================================
Time Encountered: April 28, 2019, 11:39:46 AM
Error Type: User Error (Error #256)
Error String: mmhclass->image->is_image(): image does not exist. (/home/redhue/public_html/images/0fi1n/6798_n3053153_4895587_5iwb_thumb.jpg)
Error File: /home/redhue/public_html/source/includes/imagemagick.php
Error Line: 81
====================================================================
====================================================================
Time Encountered: April 28, 2019, 11:51:26 AM
Error Type: User Error (Error #256)
Error String: mmhclass->image->is_image(): image does not exist. (/home/redhue/public_html/images/6e89l/4889_b268001_15_hv72_thumb.jpg)
Error File: /home/redhue/public_html/source/includes/imagemagick.php
Error Line: 81
====================================================================
====================================================================
Time Encountered: April 28, 2019, 12:04:29 PM
Error Type: User Error (Error #256)
Error String: mmhclass->image->is_image(): image does not exist. (/home/redhue/public_html/images/pvpfw/6763_savx8359_1_900_h16o_thumb.jpg)
Error File: /home/redhue/public_html/source/includes/imagemagick.php
Error Line: 81
====================================================================
====================================================================
Time Encountered: April 28, 2019, 12:04:39 PM
Error Type: User Error (Error #256)
Error String: mmhclass->image->is_image(): image does not exist. (/home/redhue/public_html/images/gll0y/6743_2985739_original_27t5_thumb.jpg)
Error File: /home/redhue/public_html/source/includes/imagemagick.php
Error Line: 81
====================================================================
====================================================================
Time Encountered: April 28, 2019, 12:09:43 PM
Error Type: User Error (Error #256)
Error String: mmhclass->image->is_image(): image does not exist. (/home/redhue/public_html/images/7pxn1/0458_moble_b147_thumb.jpg)
Error File: /home/redhue/public_html/source/includes/imagemagick.php
Error Line: 81
====================================================================
====================================================================
Time Encountered: April 28, 2019, 12:16:53 PM
Error Type: User Error (Error #256)
Error String: mmhclass->image->is_image(): image does not exist. (/home/redhue/public_html/images/8ioai/2083_ahad2_75o1_thumb.jpg)
Error File: /home/redhue/public_html/source/includes/imagemagick.php
Error Line: 81
====================================================================
====================================================================
Time Encountered: April 28, 2019, 12:25:00 PM
Error Type: User Error (Error #256)
Error String: mmhclass->image->is_image(): image does not exist. (/home/redhue/public_html/images/auehk/4712_red_a064_thumb.jpg)
Error File: /home/redhue/public_html/source/includes/imagemagick.php
Error Line: 81
====================================================================
====================================================================
Time Encountered: April 28, 2019, 12:25:09 PM
Error Type: User Error (Error #256)
Error String: mmhclass->image->is_image(): image does not exist. (/home/redhue/public_html/images/3hg8n/8880_71_36r6_thumb.jpg)
Error File: /home/redhue/public_html/source/includes/imagemagick.php
Error Line: 81
====================================================================
====================================================================
Time Encountered: April 28, 2019, 12:47:51 PM
Error Type: User Error (Error #256)
Error String: mmhclass->image->is_image(): image does not exist. (/home/redhue/public_html/images/vlgqr/1911_1_86__z5j5_thumb.jpg)
Error File: /home/redhue/public_html/source/includes/imagemagick.php
Error Line: 81
====================================================================
====================================================================
Time Encountered: April 28, 2019, 12:48:40 PM
Error Type: User Error (Error #256)
Error String: mmhclass->image->is_image(): image does not exist. (/home/redhue/public_html/images/ddfst/0586_screenshot_2016_11_05_15_39_50_ovtl_thumb.jpeg)
Error File: /home/redhue/public_html/source/includes/imagemagick.php
Error Line: 81
====================================================================
====================================================================
Time Encountered: April 28, 2019, 12:51:36 PM
Error Type: User Error (Error #256)
Error String: mmhclass->image->is_image(): image does not exist. (/home/redhue/public_html/images/bwx33/0501_7_5_2016_2_36_48_pm_t4p2_thumb.jpg)
Error File: /home/redhue/public_html/source/includes/imagemagick.php
Error Line: 81
====================================================================
====================================================================
Time Encountered: April 28, 2019, 12:53:33 PM
Error Type: User Error (Error #256)
Error String: mmhclass->image->is_image(): image does not exist. (/home/redhue/public_html/images/w0z0z/5018_2949413_original_k30r_thumb.jpg)
Error File: /home/redhue/public_html/source/includes/imagemagick.php
Error Line: 81
====================================================================
====================================================================
Time Encountered: April 28, 2019, 1:01:21 PM
Error Type: User Error (Error #256)
Error String: mmhclass->image->is_image(): image does not exist. (/home/redhue/public_html/images/udehf/7600_1_104__3kzu_thumb.jpg)
Error File: /home/redhue/public_html/source/includes/imagemagick.php
Error Line: 81
====================================================================
====================================================================
Time Encountered: April 28, 2019, 1:03:34 PM
Error Type: User Error (Error #256)
Error String: mmhclass->image->is_image(): image does not exist. (/home/redhue/public_html/images/bo65y/0981_92_755f_thumb.jpg)
Error File: /home/redhue/public_html/source/includes/imagemagick.php
Error Line: 81
====================================================================
====================================================================
Time Encountered: April 28, 2019, 1:18:58 PM
Error Type: User Error (Error #256)
Error String: mmhclass->image->is_image(): image does not exist. (/home/redhue/public_html/images/58aq4/3493_00_ejjy_thumb.gif)
Error File: /home/redhue/public_html/source/includes/imagemagick.php
Error Line: 81
====================================================================
====================================================================
Time Encountered: April 28, 2019, 1:27:57 PM
Error Type: User Error (Error #256)
Error String: mmhclass->image->is_image(): image does not exist. (/home/redhue/public_html/images/o3og8/5974_1_79__ns9i_thumb.jpg)
Error File: /home/redhue/public_html/source/includes/imagemagick.php
Error Line: 81
====================================================================
====================================================================
Time Encountered: April 28, 2019, 1:39:36 PM
Error Type: User Error (Error #256)
Error String: mmhclass->image->is_image(): image does not exist. (/home/redhue/public_html/images/dpuxs/1128_img_20160523_wa0158_6l1f_thumb.jpg)
Error File: /home/redhue/public_html/source/includes/imagemagick.php
Error Line: 81
====================================================================
====================================================================
Time Encountered: April 28, 2019, 1:44:34 PM
Error Type: User Error (Error #256)
Error String: mmhclass->image->is_image(): image does not exist. (/home/redhue/public_html/images/6e89l/4889_b268001_15_hv72_thumb.jpg)
Error File: /home/redhue/public_html/source/includes/imagemagick.php
Error Line: 81
====================================================================
====================================================================
Time Encountered: April 28, 2019, 1:45:24 PM
Error Type: User Error (Error #256)
Error String: mmhclass->image->is_image(): image does not exist. (/home/redhue/public_html/images/8k5wa/9347_411411_cwq8_thumb.jpg)
Error File: /home/redhue/public_html/source/includes/imagemagick.php
Error Line: 81
====================================================================
====================================================================
Time Encountered: April 28, 2019, 1:47:29 PM
Error Type: User Error (Error #256)
Error String: mmhclass->image->is_image(): image does not exist. (/home/redhue/public_html/images/a4db3/3224_gw007_j5ud_thumb.jpg)
Error File: /home/redhue/public_html/source/includes/imagemagick.php
Error Line: 81
====================================================================
====================================================================
Time Encountered: April 28, 2019, 1:48:05 PM
Error Type: User Error (Error #256)
Error String: mmhclass->image->is_image(): image does not exist. (/home/redhue/public_html/images/tgjza/0623_1032357_184_0wm7_thumb.jpg)
Error File: /home/redhue/public_html/source/includes/imagemagick.php
Error Line: 81
====================================================================
====================================================================
Time Encountered: April 28, 2019, 1:54:23 PM
Error Type: User Error (Error #256)
Error String: mmhclass->image->is_image(): image does not exist. (/home/redhue/public_html/images/5c1tf/4436_a_111__pxr2_thumb.jpg)
Error File: /home/redhue/public_html/source/includes/imagemagick.php
Error Line: 81
====================================================================
====================================================================
Time Encountered: April 28, 2019, 1:56:17 PM
Error Type: User Error (Error #256)
Error String: mmhclass->image->is_image(): image does not exist. (/home/redhue/public_html/images/m67zk/9479_photo_2018_07_21_10_08_04_0qhs_thumb.jpg)
Error File: /home/redhue/public_html/source/includes/imagemagick.php
Error Line: 81
====================================================================
====================================================================
Time Encountered: April 28, 2019, 2:05:54 PM
Error Type: User Error (Error #256)
Error String: mmhclass->image->is_image(): image does not exist. (/home/redhue/public_html/images/emtjz/9217_2662137_original_jjwf_thumb.jpg)
Error File: /home/redhue/public_html/source/includes/imagemagick.php
Error Line: 81
====================================================================
====================================================================
Time Encountered: April 28, 2019, 2:13:19 PM
Error Type: User Error (Error #256)
Error String: mmhclass->image->is_image(): image does not exist. (/home/redhue/public_html/images/cznqk/8811_a_121__ddiu_thumb.jpg)
Error File: /home/redhue/public_html/source/includes/imagemagick.php
Error Line: 81
====================================================================
====================================================================
Time Encountered: April 28, 2019, 2:16:08 PM
Error Type: User Error (Error #256)
Error String: mmhclass->image->is_image(): image does not exist. (/home/redhue/public_html/images/ixxka/6018__nev4340_1__asb6_thumb.jpg)
Error File: /home/redhue/public_html/source/includes/imagemagick.php
Error Line: 81
====================================================================
====================================================================
Time Encountered: April 28, 2019, 2:17:16 PM
Error Type: User Error (Error #256)
Error String: mmhclass->image->is_image(): image does not exist. (/home/redhue/public_html/images/r5ty0/0821_1_38__z60v_thumb.jpg)
Error File: /home/redhue/public_html/source/includes/imagemagick.php
Error Line: 81
====================================================================
====================================================================
Time Encountered: April 28, 2019, 2:18:19 PM
Error Type: User Error (Error #256)
Error String: mmhclass->image->is_image(): image does not exist. (/home/redhue/public_html/images/vpt8f/1897_3_nzzu_thumb.jpg)
Error File: /home/redhue/public_html/source/includes/imagemagick.php
Error Line: 81
====================================================================
====================================================================
Time Encountered: April 28, 2019, 2:27:24 PM
Error Type: User Error (Error #256)
Error String: mmhclass->image->is_image(): image does not exist. (/home/redhue/public_html/images/h69f9/3260_49_tjgn_thumb.jpg)
Error File: /home/redhue/public_html/source/includes/imagemagick.php
Error Line: 81
====================================================================
====================================================================
Time Encountered: April 28, 2019, 2:28:23 PM
Error Type: User Error (Error #256)
Error String: mmhclass->image->is_image(): image does not exist. (/home/redhue/public_html/images/hdmjp/3565_2996345_original_md6k_thumb.jpg)
Error File: /home/redhue/public_html/source/includes/imagemagick.php
Error Line: 81
====================================================================
====================================================================
Time Encountered: April 28, 2019, 2:33:38 PM
Error Type: User Error (Error #256)
Error String: mmhclass->image->is_image(): image does not exist. (/home/redhue/public_html/images/l05xe/6105_007_50x75_scan025_1280x859_fzff_thumb.jpg)
Error File: /home/redhue/public_html/source/includes/imagemagick.php
Error Line: 81
====================================================================
====================================================================
Time Encountered: April 28, 2019, 2:36:31 PM
Error Type: User Error (Error #256)
Error String: mmhclass->image->is_image(): image does not exist. (/home/redhue/public_html/images/qqmld/0267_004_immi_thumb.jpg)
Error File: /home/redhue/public_html/source/includes/imagemagick.php
Error Line: 81
====================================================================
====================================================================
Time Encountered: April 28, 2019, 2:39:38 PM
Error Type: User Error (Error #256)
Error String: mmhclass->image->is_image(): image does not exist. (/home/redhue/public_html/images/a5wnq/9465_2_oadc_thumb.jpg)
Error File: /home/redhue/public_html/source/includes/imagemagick.php
Error Line: 81
====================================================================
====================================================================
Time Encountered: April 28, 2019, 2:42:38 PM
Error Type: User Error (Error #256)
Error String: mmhclass->image->is_image(): image does not exist. (/home/redhue/public_html/images/cjc9e/4137_51_vuo8_thumb.jpg)
Error File: /home/redhue/public_html/source/includes/imagemagick.php
Error Line: 81
====================================================================
====================================================================
Time Encountered: April 28, 2019, 2:43:08 PM
Error Type: User Error (Error #256)
Error String: mmhclass->image->is_image(): image does not exist. (/home/redhue/public_html/images/qqgnq/1112_spainspring_fp43_thumb.jpg)
Error File: /home/redhue/public_html/source/includes/imagemagick.php
Error Line: 81
====================================================================
====================================================================
Time Encountered: April 28, 2019, 2:45:48 PM
Error Type: User Error (Error #256)
Error String: mmhclass->image->is_image(): image does not exist. (/home/redhue/public_html/images/fdi5r/3450_2986034_original_33bn_thumb.jpg)
Error File: /home/redhue/public_html/source/includes/imagemagick.php
Error Line: 81
====================================================================
====================================================================
Time Encountered: April 28, 2019, 2:46:41 PM
Error Type: User Error (Error #256)
Error String: mmhclass->image->is_image(): image does not exist. (/home/redhue/public_html/images/y5a89/7226_savx8788_1_900_09fe_thumb.jpg)
Error File: /home/redhue/public_html/source/includes/imagemagick.php
Error Line: 81
====================================================================
====================================================================
Time Encountered: April 28, 2019, 2:48:43 PM
Error Type: User Error (Error #256)
Error String: mmhclass->image->is_image(): image does not exist. (/home/redhue/public_html/images/lxye3/4035_a_120__v766_thumb.jpg)
Error File: /home/redhue/public_html/source/includes/imagemagick.php
Error Line: 81
====================================================================
====================================================================
Time Encountered: April 28, 2019, 2:59:44 PM
Error Type: User Error (Error #256)
Error String: mmhclass->image->is_image(): image does not exist. (/home/redhue/public_html/images/j70lp/8869_n3053153_4895593_xmfp_thumb.jpg)
Error File: /home/redhue/public_html/source/includes/imagemagick.php
Error Line: 81
====================================================================
====================================================================
Time Encountered: April 28, 2019, 3:05:38 PM
Error Type: User Error (Error #256)
Error String: mmhclass->image->is_image(): image does not exist. (/home/redhue/public_html/images/752f1/6364_3610106680961298382_3eit_thumb.jpg)
Error File: /home/redhue/public_html/source/includes/imagemagick.php
Error Line: 81
====================================================================
====================================================================
Time Encountered: April 28, 2019, 3:06:38 PM
Error Type: User Error (Error #256)
Error String: mmhclass->image->is_image(): image does not exist. (/home/redhue/public_html/images/yohm7/0405_gw007_r8i2_thumb.jpg)
Error File: /home/redhue/public_html/source/includes/imagemagick.php
Error Line: 81
====================================================================
====================================================================
Time Encountered: April 28, 2019, 3:54:51 PM
Error Type: User Error (Error #256)
Error String: mmhclass->image->is_image(): image does not exist. (/home/redhue/public_html/images/f0ezd/6581_5_fsev_thumb.jpg)
Error File: /home/redhue/public_html/source/includes/imagemagick.php
Error Line: 81
====================================================================
====================================================================
Time Encountered: April 28, 2019, 3:57:19 PM
Error Type: User Error (Error #256)
Error String: mmhclass->image->is_image(): image does not exist. (/home/redhue/public_html/images/01e5n/6582_1_121__1s6w_thumb.jpg)
Error File: /home/redhue/public_html/source/includes/imagemagick.php
Error Line: 81
====================================================================
====================================================================
Time Encountered: April 28, 2019, 4:10:20 PM
Error Type: User Error (Error #256)
Error String: mmhclass->image->is_image(): image does not exist. (/home/redhue/public_html/images/8y47f/2939_1_106__ezzi_thumb.jpg)
Error File: /home/redhue/public_html/source/includes/imagemagick.php
Error Line: 81
====================================================================
====================================================================
Time Encountered: April 28, 2019, 4:41:23 PM
Error Type: User Error (Error #256)
Error String: mmhclass->image->is_image(): image does not exist. (/home/redhue/public_html/images/7mvik/9693_1_175__u1e5_thumb.jpg)
Error File: /home/redhue/public_html/source/includes/imagemagick.php
Error Line: 81
====================================================================
====================================================================
Time Encountered: April 28, 2019, 4:41:59 PM
Error Type: User Error (Error #256)
Error String: mmhclass->image->is_image(): image does not exist. (/home/redhue/public_html/images/0gwhx/0127_1_zgbf_thumb.jpg)
Error File: /home/redhue/public_html/source/includes/imagemagick.php
Error Line: 81
====================================================================
====================================================================
Time Encountered: April 28, 2019, 4:47:05 PM
Error Type: User Error (Error #256)
Error String: mmhclass->image->is_image(): image does not exist. (/home/redhue/public_html/images/teo8z/0780_70_8a4f_thumb.jpg)
Error File: /home/redhue/public_html/source/includes/imagemagick.php
Error Line: 81
====================================================================
====================================================================
Time Encountered: April 28, 2019, 5:01:35 PM
Error Type: User Error (Error #256)
Error String: mmhclass->image->is_image(): image does not exist. (/home/redhue/public_html/images/3hg8n/8880_71_36r6_thumb.jpg)
Error File: /home/redhue/public_html/source/includes/imagemagick.php
Error Line: 81
====================================================================
====================================================================
Time Encountered: April 28, 2019, 5:05:29 PM
Error Type: User Error (Error #256)
Error String: mmhclass->image->is_image(): image does not exist. (/home/redhue/public_html/images/7229_img_sipb.jpg)
Error File: /home/redhue/public_html/source/includes/imagemagick.php
Error Line: 81
====================================================================
====================================================================
Time Encountered: April 28, 2019, 5:05:36 PM
Error Type: User Error (Error #256)
Error String: mmhclass->image->is_image(): image does not exist. (/home/redhue/public_html/images/i7ynq/7758_74_ms4g_thumb.jpg)
Error File: /home/redhue/public_html/source/includes/imagemagick.php
Error Line: 81
====================================================================
====================================================================
Time Encountered: April 28, 2019, 5:19:12 PM
Error Type: User Error (Error #256)
Error String: mmhclass->image->is_image(): image does not exist. (/home/redhue/public_html/images/crtv3/1387_img_20160522_wa0103_vbtr_thumb.jpg)
Error File: /home/redhue/public_html/source/includes/imagemagick.php
Error Line: 81
====================================================================
====================================================================
Time Encountered: April 28, 2019, 5:41:46 PM
Error Type: User Error (Error #256)
Error String: mmhclass->image->is_image(): image does not exist. (/home/redhue/public_html/images/htozo/4575_41_5nbe_thumb.jpg)
Error File: /home/redhue/public_html/source/includes/imagemagick.php
Error Line: 81
====================================================================
====================================================================
Time Encountered: April 28, 2019, 6:14:01 PM
Error Type: User Error (Error #256)
Error String: mmhclass->image->is_image(): image does not exist. (/home/redhue/public_html/images/295is/0962_setting1_privacysetting_ios_en_p2_p9rv_thumb.jpg)
Error File: /home/redhue/public_html/source/includes/imagemagick.php
Error Line: 81
====================================================================
====================================================================
Time Encountered: April 28, 2019, 6:41:13 PM
Error Type: User Error (Error #256)
Error String: mmhclass->image->is_image(): image does not exist. (/home/redhue/public_html/images/k6i7e/9520_tsa_2275211_2015_09_4_00_30_40_k89m_thumb.jpg)
Error File: /home/redhue/public_html/source/includes/imagemagick.php
Error Line: 81
====================================================================
====================================================================
Time Encountered: April 28, 2019, 6:42:07 PM
Error Type: User Error (Error #256)
Error String: mmhclass->image->is_image(): image does not exist. (/home/redhue/public_html/images/ztebr/3253_1_185__vew5_thumb.jpg)
Error File: /home/redhue/public_html/source/includes/imagemagick.php
Error Line: 81
====================================================================
====================================================================
Time Encountered: April 28, 2019, 6:45:50 PM
Error Type: User Error (Error #256)
Error String: mmhclass->image->is_image(): image does not exist. (/home/redhue/public_html/images/8283_img_f5i0.jpg)
Error File: /home/redhue/public_html/source/includes/imagemagick.php
Error Line: 81
====================================================================
====================================================================
Time Encountered: April 28, 2019, 6:51:21 PM
Error Type: User Error (Error #256)
Error String: mmhclass->image->is_image(): image does not exist. (/home/redhue/public_html/images/a7ukf/1722_1_10__0hp3_thumb.jpg)
Error File: /home/redhue/public_html/source/includes/imagemagick.php
Error Line: 81
====================================================================
====================================================================
Time Encountered: April 28, 2019, 6:55:07 PM
Error Type: User Error (Error #256)
Error String: mmhclass->image->is_image(): image does not exist. (/home/redhue/public_html/images/aj2ow/1303_a_15__h97c_thumb.jpg)
Error File: /home/redhue/public_html/source/includes/imagemagick.php
Error Line: 81
====================================================================
====================================================================
Time Encountered: April 28, 2019, 6:55:41 PM
Error Type: User Error (Error #256)
Error String: mmhclass->image->is_image(): image does not exist. (/home/redhue/public_html/images/ysno0/6971_a_119__p82n_thumb.jpg)
Error File: /home/redhue/public_html/source/includes/imagemagick.php
Error Line: 81
====================================================================
====================================================================
Time Encountered: April 28, 2019, 6:59:24 PM
Error Type: User Error (Error #256)
Error String: mmhclass->image->is_image(): image does not exist. (/home/redhue/public_html/images/k7rhr/1823_e7c61_rq170_525_1_mzc2_thumb.jpg)
Error File: /home/redhue/public_html/source/includes/imagemagick.php
Error Line: 81
====================================================================
====================================================================
Time Encountered: April 28, 2019, 7:02:27 PM
Error Type: User Error (Error #256)
Error String: mmhclass->image->is_image(): image does not exist. (/home/redhue/public_html/images/q3acf/6536_2997228_original_kfr3_thumb.jpg)
Error File: /home/redhue/public_html/source/includes/imagemagick.php
Error Line: 81
====================================================================
====================================================================
Time Encountered: April 28, 2019, 7:23:25 PM
Error Type: User Error (Error #256)
Error String: mmhclass->image->is_image(): image does not exist. (/home/redhue/public_html/images/pxoen/2287_1_168__m36j_thumb.jpg)
Error File: /home/redhue/public_html/source/includes/imagemagick.php
Error Line: 81
====================================================================
====================================================================
Time Encountered: April 28, 2019, 7:30:54 PM
Error Type: User Error (Error #256)
Error String: mmhclass->image->is_image(): image does not exist. (/home/redhue/public_html/images/9mhs6/1621_45_bn2x_thumb.jpg)
Error File: /home/redhue/public_html/source/includes/imagemagick.php
Error Line: 81
====================================================================
====================================================================
Time Encountered: April 28, 2019, 7:39:39 PM
Error Type: User Error (Error #256)
Error String: mmhclass->image->is_image(): image does not exist. (/home/redhue/public_html/images/u6twm/4704_2986483_original_1x20_thumb.jpg)
Error File: /home/redhue/public_html/source/includes/imagemagick.php
Error Line: 81
====================================================================
====================================================================
Time Encountered: April 28, 2019, 7:43:04 PM
Error Type: User Error (Error #256)
Error String: mmhclass->image->is_image(): image does not exist. (/home/redhue/public_html/images/no34z/9715_elnaz_20habibi_209_v3u1_thumb.jpg)
Error File: /home/redhue/public_html/source/includes/imagemagick.php
Error Line: 81
====================================================================
====================================================================
Time Encountered: April 28, 2019, 7:48:01 PM
Error Type: User Error (Error #256)
Error String: mmhclass->image->is_image(): image does not exist. (/home/redhue/public_html/images/xrh6q/2817_img_20160523_wa0160_odhm_thumb.jpg)
Error File: /home/redhue/public_html/source/includes/imagemagick.php
Error Line: 81
====================================================================
====================================================================
Time Encountered: April 28, 2019, 7:57:50 PM
Error Type: User Error (Error #256)
Error String: mmhclass->image->is_image(): image does not exist. (/home/redhue/public_html/images/lu0as/5750_a_56__78qp_thumb.jpg)
Error File: /home/redhue/public_html/source/includes/imagemagick.php
Error Line: 81
====================================================================
====================================================================
Time Encountered: April 28, 2019, 8:10:22 PM
Error Type: User Error (Error #256)
Error String: mmhclass->image->is_image(): image does not exist. (/home/redhue/public_html/images/0yzp6/8989_114036_ayql_thumb.jpg)
Error File: /home/redhue/public_html/source/includes/imagemagick.php
Error Line: 81
====================================================================
====================================================================
Time Encountered: April 28, 2019, 8:22:26 PM
Error Type: User Error (Error #256)
Error String: mmhclass->image->is_image(): image does not exist. (/home/redhue/public_html/images/pw2cu/8291_1_163__ry8e_thumb.jpg)
Error File: /home/redhue/public_html/source/includes/imagemagick.php
Error Line: 81
====================================================================
====================================================================
Time Encountered: April 28, 2019, 8:35:17 PM
Error Type: User Error (Error #256)
Error String: mmhclass->image->is_image(): image does not exist. (/home/redhue/public_html/images/kaz77/4315_screenshot_2016_11_07_15_05_16_39dv_thumb.jpeg)
Error File: /home/redhue/public_html/source/includes/imagemagick.php
Error Line: 81
====================================================================
====================================================================
Time Encountered: April 28, 2019, 8:51:31 PM
Error Type: User Error (Error #256)
Error String: mmhclass->image->is_image(): image does not exist. (/home/redhue/public_html/images/99m9p/7844_img_l96u_thumb.jpg)
Error File: /home/redhue/public_html/source/includes/imagemagick.php
Error Line: 81
====================================================================
====================================================================
Time Encountered: April 28, 2019, 9:00:27 PM
Error Type: User Error (Error #256)
Error String: mmhclass->image->is_image(): image does not exist. (/home/redhue/public_html/images/2h1pq/6267_1_28__rpft_thumb.jpg)
Error File: /home/redhue/public_html/source/includes/imagemagick.php
Error Line: 81
====================================================================
====================================================================
Time Encountered: April 28, 2019, 9:03:54 PM
Error Type: User Error (Error #256)
Error String: mmhclass->image->is_image(): image does not exist. (/home/redhue/public_html/images/wu3pl/9827_ahad2_hvbm_thumb.jpg)
Error File: /home/redhue/public_html/source/includes/imagemagick.php
Error Line: 81
====================================================================
====================================================================
Time Encountered: April 28, 2019, 9:24:57 PM
Error Type: User Error (Error #256)
Error String: mmhclass->image->is_image(): image does not exist. (/home/redhue/public_html/images/dxhjj/5082_28_mqtb_thumb.jpg)
Error File: /home/redhue/public_html/source/includes/imagemagick.php
Error Line: 81
====================================================================
====================================================================
Time Encountered: April 28, 2019, 9:27:18 PM
Error Type: User Error (Error #256)
Error String: mmhclass->image->is_image(): image does not exist. (/home/redhue/public_html/images/vp1bz/5372_img_ttvu_thumb.jpg)
Error File: /home/redhue/public_html/source/includes/imagemagick.php
Error Line: 81
====================================================================
====================================================================
Time Encountered: April 28, 2019, 9:28:23 PM
Error Type: User Error (Error #256)
Error String: mmhclass->image->is_image(): image does not exist. (/home/redhue/public_html/images/hr35m/4477_77_tdos_thumb.jpg)
Error File: /home/redhue/public_html/source/includes/imagemagick.php
Error Line: 81
====================================================================
====================================================================
Time Encountered: April 28, 2019, 9:32:53 PM
Error Type: User Error (Error #256)
Error String: mmhclass->image->is_image(): image does not exist. (/home/redhue/public_html/images/zcg7l/0153_n3053153_4895600_rvwp_thumb.jpg)
Error File: /home/redhue/public_html/source/includes/imagemagick.php
Error Line: 81
====================================================================
====================================================================
Time Encountered: April 28, 2019, 10:02:24 PM
Error Type: User Error (Error #256)
Error String: mmhclass->image->is_image(): image does not exist. (/home/redhue/public_html/images/fbllp/0268_forestbridge_mdf5_thumb.jpg)
Error File: /home/redhue/public_html/source/includes/imagemagick.php
Error Line: 81
====================================================================
====================================================================
Time Encountered: April 28, 2019, 10:08:13 PM
Error Type: User Error (Error #256)
Error String: mmhclass->image->is_image(): image does not exist. (/home/redhue/public_html/images/oem5m/0797_1_115__s0al_thumb.jpg)
Error File: /home/redhue/public_html/source/includes/imagemagick.php
Error Line: 81
====================================================================
====================================================================
Time Encountered: April 28, 2019, 10:12:36 PM
Error Type: User Error (Error #256)
Error String: mmhclass->image->is_image(): image does not exist. (/home/redhue/public_html/images/gokm0/1845_2015121318575886a_etxk_thumb.jpg)
Error File: /home/redhue/public_html/source/includes/imagemagick.php
Error Line: 81
====================================================================
====================================================================
Time Encountered: April 28, 2019, 10:34:51 PM
Error Type: User Error (Error #256)
Error String: mmhclass->image->is_image(): image does not exist. (/home/redhue/public_html/images/295is/0962_setting1_privacysetting_ios_en_p2_p9rv_thumb.jpg)
Error File: /home/redhue/public_html/source/includes/imagemagick.php
Error Line: 81
====================================================================
====================================================================
Time Encountered: April 28, 2019, 10:40:20 PM
Error Type: User Error (Error #256)
Error String: mmhclass->image->is_image(): image does not exist. (/home/redhue/public_html/images/q74sa/0937_2_3qru_thumb.jpg)
Error File: /home/redhue/public_html/source/includes/imagemagick.php
Error Line: 81
====================================================================
====================================================================
Time Encountered: April 28, 2019, 10:54:15 PM
Error Type: User Error (Error #256)
Error String: mmhclass->image->is_image(): image does not exist. (/home/redhue/public_html/images/umubf/9330_combat_aircraft___april_2016_downmagaz.com_085_003_idvm_thumb.jpg)
Error File: /home/redhue/public_html/source/includes/imagemagick.php
Error Line: 81
====================================================================
====================================================================
Time Encountered: April 28, 2019, 10:58:00 PM
Error Type: User Error (Error #256)
Error String: mmhclass->image->is_image(): image does not exist. (/home/redhue/public_html/images/ky7b2/8884_2016_02_15_1455579035_7946355_mountainlake1030924_960_7_qu5i_thumb.jpg)
Error File: /home/redhue/public_html/source/includes/imagemagick.php
Error Line: 81
====================================================================
====================================================================
Time Encountered: April 28, 2019, 11:01:39 PM
Error Type: User Error (Error #256)
Error String: mmhclass->image->is_image(): image does not exist. (/home/redhue/public_html/images/bpnsg/0293_n3053153_4895599_s9yh_thumb.jpg)
Error File: /home/redhue/public_html/source/includes/imagemagick.php
Error Line: 81
====================================================================
====================================================================
Time Encountered: April 28, 2019, 11:06:42 PM
Error Type: User Error (Error #256)
Error String: mmhclass->image->is_image(): image does not exist. (/home/redhue/public_html/images/2e396/1337_gw011_amaf_thumb.jpg)
Error File: /home/redhue/public_html/source/includes/imagemagick.php
Error Line: 81
====================================================================
====================================================================
Time Encountered: April 28, 2019, 11:15:54 PM
Error Type: User Error (Error #256)
Error String: mmhclass->image->is_image(): image does not exist. (/home/redhue/public_html/images/pb0lo/9101_61_47wx_thumb.jpg)
Error File: /home/redhue/public_html/source/includes/imagemagick.php
Error Line: 81
====================================================================
====================================================================
Time Encountered: April 28, 2019, 11:24:42 PM
Error Type: User Error (Error #256)
Error String: mmhclass->image->is_image(): image does not exist. (/home/redhue/public_html/images/pzl86/1690_0004_0fj5_thumb.jpg)
Error File: /home/redhue/public_html/source/includes/imagemagick.php
Error Line: 81
====================================================================
====================================================================
Time Encountered: April 28, 2019, 11:28:15 PM
Error Type: User Error (Error #256)
Error String: mmhclass->image->is_image(): image does not exist. (/home/redhue/public_html/images/zllr2/0072_img_20160523_wa0160_l12c_thumb.jpg)
Error File: /home/redhue/public_html/source/includes/imagemagick.php
Error Line: 81
====================================================================
