====================================================================
Time Encountered: May 13, 2018, 1:29:45 AM
Error Type: User Error (Error #256)
Error String: mmhclass->image->is_image(): image does not exist. (/home/redhue/public_html/redup.ir/images/42swl/6623_photo_2017_12_29_20_59_28_qs7u_thumb.png)
Error File: /home/redhue/public_html/redup.ir/source/includes/imagemagick.php
Error Line: 81
====================================================================
====================================================================
Time Encountered: May 13, 2018, 4:08:15 AM
Error Type: User Error (Error #256)
Error String: mmhclass->image->is_image(): image does not exist. (/home/redhue/public_html/redup.ir/images/qj6jo/0627_photo_2017_09_12_13_22_25_456h_thumb.png)
Error File: /home/redhue/public_html/redup.ir/source/includes/imagemagick.php
Error Line: 81
====================================================================
====================================================================
Time Encountered: May 13, 2018, 6:14:53 AM
Error Type: User Error (Error #256)
Error String: mmhclass->image->is_image(): image does not exist. (/home/redhue/public_html/redup.ir/images/1770_img_ebho.jpg)
Error File: /home/redhue/public_html/redup.ir/source/includes/imagemagick.php
Error Line: 81
====================================================================
====================================================================
Time Encountered: May 13, 2018, 8:44:51 AM
Error Type: User Error (Error #256)
Error String: mmhclass->image->is_image(): image does not exist. (/home/redhue/public_html/redup.ir/images/7666_1072759b_yj9g.jpg)
Error File: /home/redhue/public_html/redup.ir/source/includes/imagemagick.php
Error Line: 81
====================================================================
====================================================================
Time Encountered: May 13, 2018, 9:25:02 AM
Error Type: User Error (Error #256)
Error String: mmhclass->image->is_image(): image does not exist. (/home/redhue/public_html/redup.ir/images/3338_img_0g95.jpg)
Error File: /home/redhue/public_html/redup.ir/source/includes/imagemagick.php
Error Line: 81
====================================================================
====================================================================
Time Encountered: May 13, 2018, 3:05:51 PM
Error Type: User Error (Error #256)
Error String: mmhclass->image->is_image(): image does not exist. (/home/redhue/public_html/redup.ir/images/o5m4s/4891_walk_alone_h7yt_thumb.png)
Error File: /home/redhue/public_html/redup.ir/source/includes/imagemagick.php
Error Line: 81
====================================================================
====================================================================
Time Encountered: May 13, 2018, 4:10:07 PM
Error Type: User Error (Error #256)
Error String: mmhclass->image->is_image(): image does not exist. (/home/redhue/public_html/redup.ir/images/9745_codeboxlogo_jdcb.png)
Error File: /home/redhue/public_html/redup.ir/source/includes/imagemagick.php
Error Line: 81
====================================================================
====================================================================
Time Encountered: May 13, 2018, 6:43:53 PM
Error Type: User Error (Error #256)
Error String: mmhclass->image->is_image(): image does not exist. (/home/redhue/public_html/redup.ir/images/a3s4g/8218_33_vx1q_thumb.png)
Error File: /home/redhue/public_html/redup.ir/source/includes/imagemagick.php
Error Line: 81
====================================================================
====================================================================
Time Encountered: May 13, 2018, 8:45:12 PM
Error Type: User Error (Error #256)
Error String: mmhclass->image->is_image(): image does not exist. (/home/redhue/public_html/redup.ir/images/7229_img_sipb.jpg)
Error File: /home/redhue/public_html/redup.ir/source/includes/imagemagick.php
Error Line: 81
====================================================================
