====================================================================
Time Encountered: June 16, 2019, 12:02:56 AM
Error Type: User Error (Error #256)
Error String: mmhclass->image->is_image(): image does not exist. (/home/redhue/public_html/images/fbllp/0268_forestbridge_mdf5_thumb.jpg)
Error File: /home/redhue/public_html/source/includes/imagemagick.php
Error Line: 81
====================================================================
====================================================================
Time Encountered: June 16, 2019, 12:14:05 AM
Error Type: User Error (Error #256)
Error String: mmhclass->image->is_image(): image does not exist. (/home/redhue/public_html/images/6zwm4/7144_6_itbv_thumb.jpg)
Error File: /home/redhue/public_html/source/includes/imagemagick.php
Error Line: 81
====================================================================
====================================================================
Time Encountered: June 16, 2019, 12:20:46 AM
Error Type: User Error (Error #256)
Error String: mmhclass->image->is_image(): image does not exist. (/home/redhue/public_html/images/3ndh1/7531_2661870_original_ssmh_thumb.jpg)
Error File: /home/redhue/public_html/source/includes/imagemagick.php
Error Line: 81
====================================================================
====================================================================
Time Encountered: June 16, 2019, 12:29:22 AM
Error Type: User Error (Error #256)
Error String: mmhclass->image->is_image(): image does not exist. (/home/redhue/public_html/images/r68a9/0895_1_35__qxma_thumb.jpg)
Error File: /home/redhue/public_html/source/includes/imagemagick.php
Error Line: 81
====================================================================
====================================================================
Time Encountered: June 16, 2019, 12:50:20 AM
Error Type: User Error (Error #256)
Error String: mmhclass->image->is_image(): image does not exist. (/home/redhue/public_html/images/jbm8o/0092_33_gujw_thumb.jpg)
Error File: /home/redhue/public_html/source/includes/imagemagick.php
Error Line: 81
====================================================================
====================================================================
Time Encountered: June 16, 2019, 1:17:39 AM
Error Type: User Error (Error #256)
Error String: mmhclass->image->is_image(): image does not exist. (/home/redhue/public_html/images/z8n5t/9310_13_izqc_thumb.jpg)
Error File: /home/redhue/public_html/source/includes/imagemagick.php
Error Line: 81
====================================================================
====================================================================
Time Encountered: June 16, 2019, 1:22:10 AM
Error Type: User Error (Error #256)
Error String: mmhclass->image->is_image(): image does not exist. (/home/redhue/public_html/images/uz4l5/1922_a_387__mp3o_thumb.jpg)
Error File: /home/redhue/public_html/source/includes/imagemagick.php
Error Line: 81
====================================================================
====================================================================
Time Encountered: June 16, 2019, 1:24:41 AM
Error Type: User Error (Error #256)
Error String: mmhclass->image->is_image(): image does not exist. (/home/redhue/public_html/images/xl1yd/0494_combat_aircraft___april_2016_downmagaz.com_083_001_vdw8_thumb.jpg)
Error File: /home/redhue/public_html/source/includes/imagemagick.php
Error Line: 81
====================================================================
====================================================================
Time Encountered: June 16, 2019, 1:24:44 AM
Error Type: User Error (Error #256)
Error String: mmhclass->image->is_image(): image does not exist. (/home/redhue/public_html/images/xdwgk/2467_5._venture_inspection_quality_assurance_h9um_thumb.jpg)
Error File: /home/redhue/public_html/source/includes/imagemagick.php
Error Line: 81
====================================================================
====================================================================
Time Encountered: June 16, 2019, 1:30:03 AM
Error Type: User Error (Error #256)
Error String: mmhclass->image->is_image(): image does not exist. (/home/redhue/public_html/images/w5z20/9656_.jpg_hoof_thumb.jpg)
Error File: /home/redhue/public_html/source/includes/imagemagick.php
Error Line: 81
====================================================================
====================================================================
Time Encountered: June 16, 2019, 2:36:21 AM
Error Type: User Error (Error #256)
Error String: mmhclass->image->is_image(): image does not exist. (/home/redhue/public_html/images/5dr29/5588_n3052319_4887139_2qef_thumb.jpg)
Error File: /home/redhue/public_html/source/includes/imagemagick.php
Error Line: 81
====================================================================
====================================================================
Time Encountered: June 16, 2019, 2:39:52 AM
Error Type: User Error (Error #256)
Error String: mmhclass->image->is_image(): image does not exist. (/home/redhue/public_html/images/sewq5/7227_daymon_dig4_thumb.jpg)
Error File: /home/redhue/public_html/source/includes/imagemagick.php
Error Line: 81
====================================================================
====================================================================
Time Encountered: June 16, 2019, 8:51:22 AM
Error Type: User Error (Error #256)
Error String: mmhclass->image->is_image(): image does not exist. (/home/redhue/public_html/images/3lwa5/8623_a_374__qxql_thumb.jpg)
Error File: /home/redhue/public_html/source/includes/imagemagick.php
Error Line: 81
====================================================================
====================================================================
Time Encountered: June 16, 2019, 1:52:43 PM
Error Type: User Error (Error #256)
Error String: mmhclass->image->is_image(): image does not exist. (/home/redhue/public_html/images/e7y2p/2680_a_373__cxvs_thumb.jpg)
Error File: /home/redhue/public_html/source/includes/imagemagick.php
Error Line: 81
====================================================================
====================================================================
Time Encountered: June 16, 2019, 3:10:58 PM
Error Type: User Error (Error #256)
Error String: mmhclass->image->is_image(): image does not exist. (/home/redhue/public_html/images/3jpd9/8311_img_7807w_jh45_thumb.jpg)
Error File: /home/redhue/public_html/source/includes/imagemagick.php
Error Line: 81
====================================================================
====================================================================
Time Encountered: June 16, 2019, 3:11:45 PM
Error Type: User Error (Error #256)
Error String: mmhclass->image->is_image(): image does not exist. (/home/redhue/public_html/images/b93v9/1481_cover_noroz_g8at_thumb.jpg)
Error File: /home/redhue/public_html/source/includes/imagemagick.php
Error Line: 81
====================================================================
====================================================================
Time Encountered: June 16, 2019, 3:11:47 PM
Error Type: User Error (Error #256)
Error String: mmhclass->image->is_image(): image does not exist. (/home/redhue/public_html/images/gokm0/1845_2015121318575886a_etxk_thumb.jpg)
Error File: /home/redhue/public_html/source/includes/imagemagick.php
Error Line: 81
====================================================================
====================================================================
Time Encountered: June 16, 2019, 3:11:49 PM
Error Type: User Error (Error #256)
Error String: mmhclass->image->is_image(): image does not exist. (/home/redhue/public_html/images/gll0y/6743_2985739_original_27t5_thumb.jpg)
Error File: /home/redhue/public_html/source/includes/imagemagick.php
Error Line: 81
====================================================================
====================================================================
Time Encountered: June 16, 2019, 3:11:51 PM
Error Type: User Error (Error #256)
Error String: mmhclass->image->is_image(): image does not exist. (/home/redhue/public_html/images/8125s/9057_iis_add_1a_3zn7_thumb.gif)
Error File: /home/redhue/public_html/source/includes/imagemagick.php
Error Line: 81
====================================================================
====================================================================
Time Encountered: June 16, 2019, 3:13:13 PM
Error Type: User Error (Error #256)
Error String: mmhclass->image->is_image(): image does not exist. (/home/redhue/public_html/images/628yn/3453_photo_2017_03_05_20_08_00_4n9v_thumb.jpg)
Error File: /home/redhue/public_html/source/includes/imagemagick.php
Error Line: 81
====================================================================
====================================================================
Time Encountered: June 16, 2019, 3:52:24 PM
Error Type: User Error (Error #256)
Error String: mmhclass->image->is_image(): image does not exist. (/home/redhue/public_html/images/7229_img_sipb.jpg)
Error File: /home/redhue/public_html/source/includes/imagemagick.php
Error Line: 81
====================================================================
====================================================================
Time Encountered: June 16, 2019, 8:39:08 PM
Error Type: User Error (Error #256)
Error String: mmhclass->image->is_image(): image does not exist. (/home/redhue/public_html/images/wz8br/8332_a_375__z2yz_thumb.jpg)
Error File: /home/redhue/public_html/source/includes/imagemagick.php
Error Line: 81
====================================================================
====================================================================
Time Encountered: June 16, 2019, 8:43:33 PM
Error Type: User Error (Error #256)
Error String: mmhclass->image->is_image(): image does not exist. (/home/redhue/public_html/images/8283_img_f5i0.jpg)
Error File: /home/redhue/public_html/source/includes/imagemagick.php
Error Line: 81
====================================================================
====================================================================
Time Encountered: June 16, 2019, 9:03:58 PM
Error Type: User Error (Error #256)
Error String: mmhclass->image->is_image(): image does not exist. (/home/redhue/public_html/images/hdpii/0865_a_10__pcct_thumb.jpg)
Error File: /home/redhue/public_html/source/includes/imagemagick.php
Error Line: 81
====================================================================
====================================================================
Time Encountered: June 16, 2019, 9:08:22 PM
Error Type: User Error (Error #256)
Error String: mmhclass->image->is_image(): image does not exist. (/home/redhue/public_html/images/vizok/5880_capture_yoo4_thumb.jpg)
Error File: /home/redhue/public_html/source/includes/imagemagick.php
Error Line: 81
====================================================================
====================================================================
Time Encountered: June 16, 2019, 9:09:10 PM
Error Type: Unknown Error (Error #32)
Error String: Module 'imagick' already loaded
Error File: Unknown
Error Line: 0
====================================================================
====================================================================
Time Encountered: June 16, 2019, 9:12:03 PM
Error Type: Unknown Error (Error #32)
Error String: Module 'imagick' already loaded
Error File: Unknown
Error Line: 0
====================================================================
====================================================================
Time Encountered: June 16, 2019, 9:27:43 PM
Error Type: Unknown Error (Error #32)
Error String: Module 'imagick' already loaded
Error File: Unknown
Error Line: 0
====================================================================
====================================================================
Time Encountered: June 16, 2019, 9:28:08 PM
Error Type: Unknown Error (Error #32)
Error String: Module 'imagick' already loaded
Error File: Unknown
Error Line: 0
====================================================================
====================================================================
Time Encountered: June 16, 2019, 9:29:15 PM
Error Type: Unknown Error (Error #32)
Error String: Module 'imagick' already loaded
Error File: Unknown
Error Line: 0
====================================================================
====================================================================
Time Encountered: June 16, 2019, 9:32:28 PM
Error Type: Unknown Error (Error #32)
Error String: Module 'imagick' already loaded
Error File: Unknown
Error Line: 0
====================================================================
====================================================================
Time Encountered: June 16, 2019, 9:33:40 PM
Error Type: Unknown Error (Error #32)
Error String: Module 'imagick' already loaded
Error File: Unknown
Error Line: 0
====================================================================
====================================================================
Time Encountered: June 16, 2019, 9:35:12 PM
Error Type: User Error (Error #256)
Error String: mmhclass->image->is_image(): image does not exist. (/home/redhue/public_html/images/a5h7h/2059_p_nw7i_thumb.jpg)
Error File: /home/redhue/public_html/source/includes/imagemagick.php
Error Line: 81
====================================================================
====================================================================
Time Encountered: June 16, 2019, 9:35:13 PM
Error Type: Unknown Error (Error #32)
Error String: Module 'imagick' already loaded
Error File: Unknown
Error Line: 0
====================================================================
====================================================================
Time Encountered: June 16, 2019, 9:35:58 PM
Error Type: Unknown Error (Error #32)
Error String: Module 'imagick' already loaded
Error File: Unknown
Error Line: 0
====================================================================
====================================================================
Time Encountered: June 16, 2019, 9:41:40 PM
Error Type: Unknown Error (Error #32)
Error String: Module 'imagick' already loaded
Error File: Unknown
Error Line: 0
====================================================================
====================================================================
Time Encountered: June 16, 2019, 9:44:37 PM
Error Type: Unknown Error (Error #32)
Error String: Module 'imagick' already loaded
Error File: Unknown
Error Line: 0
====================================================================
====================================================================
Time Encountered: June 16, 2019, 9:52:22 PM
Error Type: Unknown Error (Error #32)
Error String: Module 'imagick' already loaded
Error File: Unknown
Error Line: 0
====================================================================
====================================================================
Time Encountered: June 16, 2019, 9:52:42 PM
Error Type: Unknown Error (Error #32)
Error String: Module 'imagick' already loaded
Error File: Unknown
Error Line: 0
====================================================================
====================================================================
Time Encountered: June 16, 2019, 9:52:56 PM
Error Type: Unknown Error (Error #32)
Error String: Module 'imagick' already loaded
Error File: Unknown
Error Line: 0
====================================================================
====================================================================
Time Encountered: June 16, 2019, 9:53:41 PM
Error Type: Unknown Error (Error #32)
Error String: Module 'imagick' already loaded
Error File: Unknown
Error Line: 0
====================================================================
====================================================================
Time Encountered: June 16, 2019, 9:53:45 PM
Error Type: Unknown Error (Error #32)
Error String: Module 'imagick' already loaded
Error File: Unknown
Error Line: 0
====================================================================
====================================================================
Time Encountered: June 16, 2019, 9:54:18 PM
Error Type: User Error (Error #256)
Error String: mmhclass->image->is_image(): image does not exist. (/home/redhue/public_html/images/tw7t9/3869_aks_elnaz_habibi_wulr_thumb.jpg)
Error File: /home/redhue/public_html/source/includes/imagemagick.php
Error Line: 81
====================================================================
====================================================================
Time Encountered: June 16, 2019, 9:54:19 PM
Error Type: Unknown Error (Error #32)
Error String: Module 'imagick' already loaded
Error File: Unknown
Error Line: 0
====================================================================
====================================================================
Time Encountered: June 16, 2019, 9:54:49 PM
Error Type: Unknown Error (Error #32)
Error String: Module 'imagick' already loaded
Error File: Unknown
Error Line: 0
====================================================================
====================================================================
Time Encountered: June 16, 2019, 9:54:57 PM
Error Type: Unknown Error (Error #32)
Error String: Module 'imagick' already loaded
Error File: Unknown
Error Line: 0
====================================================================
====================================================================
Time Encountered: June 16, 2019, 9:55:51 PM
Error Type: User Error (Error #256)
Error String: mmhclass->image->is_image(): image does not exist. (/home/redhue/public_html/images/op82o/6963_capture2_ymui_thumb.jpg)
Error File: /home/redhue/public_html/source/includes/imagemagick.php
Error Line: 81
====================================================================
====================================================================
Time Encountered: June 16, 2019, 9:56:48 PM
Error Type: User Error (Error #256)
Error String: mmhclass->image->is_image(): image does not exist. (/home/redhue/public_html/images/op82o/6963_capture2_ymui_thumb.jpg)
Error File: /home/redhue/public_html/source/includes/imagemagick.php
Error Line: 81
====================================================================
====================================================================
Time Encountered: June 16, 2019, 9:56:48 PM
Error Type: Unknown Error (Error #32)
Error String: Module 'imagick' already loaded
Error File: Unknown
Error Line: 0
====================================================================
====================================================================
Time Encountered: June 16, 2019, 9:56:50 PM
Error Type: User Error (Error #256)
Error String: mmhclass->image->is_image(): image does not exist. (/home/redhue/public_html/images/op82o/6963_capture2_ymui_thumb.jpg)
Error File: /home/redhue/public_html/source/includes/imagemagick.php
Error Line: 81
====================================================================
====================================================================
Time Encountered: June 16, 2019, 9:57:50 PM
Error Type: User Error (Error #256)
Error String: mmhclass->image->is_image(): image does not exist. (/home/redhue/public_html/images/op82o/6963_capture2_ymui_thumb.jpg)
Error File: /home/redhue/public_html/source/includes/imagemagick.php
Error Line: 81
====================================================================
====================================================================
Time Encountered: June 16, 2019, 9:57:50 PM
Error Type: Unknown Error (Error #32)
Error String: Module 'imagick' already loaded
Error File: Unknown
Error Line: 0
====================================================================
====================================================================
Time Encountered: June 16, 2019, 9:57:53 PM
Error Type: User Error (Error #256)
Error String: mmhclass->image->is_image(): image does not exist. (/home/redhue/public_html/images/op82o/6963_capture2_ymui_thumb.jpg)
Error File: /home/redhue/public_html/source/includes/imagemagick.php
Error Line: 81
====================================================================
====================================================================
Time Encountered: June 16, 2019, 9:58:09 PM
Error Type: Unknown Error (Error #32)
Error String: Module 'imagick' already loaded
Error File: Unknown
Error Line: 0
====================================================================
====================================================================
Time Encountered: June 16, 2019, 10:06:13 PM
Error Type: Unknown Error (Error #32)
Error String: Module 'imagick' already loaded
Error File: Unknown
Error Line: 0
====================================================================
====================================================================
Time Encountered: June 16, 2019, 10:12:24 PM
Error Type: Unknown Error (Error #32)
Error String: Module 'imagick' already loaded
Error File: Unknown
Error Line: 0
====================================================================
====================================================================
Time Encountered: June 16, 2019, 10:13:08 PM
Error Type: Unknown Error (Error #32)
Error String: Module 'imagick' already loaded
Error File: Unknown
Error Line: 0
====================================================================
====================================================================
Time Encountered: June 16, 2019, 10:21:17 PM
Error Type: Unknown Error (Error #32)
Error String: Module 'imagick' already loaded
Error File: Unknown
Error Line: 0
====================================================================
====================================================================
Time Encountered: June 16, 2019, 10:22:59 PM
Error Type: Unknown Error (Error #32)
Error String: Module 'imagick' already loaded
Error File: Unknown
Error Line: 0
====================================================================
====================================================================
Time Encountered: June 16, 2019, 10:24:05 PM
Error Type: Unknown Error (Error #32)
Error String: Module 'imagick' already loaded
Error File: Unknown
Error Line: 0
====================================================================
====================================================================
Time Encountered: June 16, 2019, 10:24:49 PM
Error Type: Unknown Error (Error #32)
Error String: Module 'imagick' already loaded
Error File: Unknown
Error Line: 0
====================================================================
====================================================================
Time Encountered: June 16, 2019, 10:26:37 PM
Error Type: Unknown Error (Error #32)
Error String: Module 'imagick' already loaded
Error File: Unknown
Error Line: 0
====================================================================
====================================================================
Time Encountered: June 16, 2019, 10:27:13 PM
Error Type: Unknown Error (Error #32)
Error String: Module 'imagick' already loaded
Error File: Unknown
Error Line: 0
====================================================================
====================================================================
Time Encountered: June 16, 2019, 10:40:19 PM
Error Type: Unknown Error (Error #32)
Error String: Module 'imagick' already loaded
Error File: Unknown
Error Line: 0
====================================================================
====================================================================
Time Encountered: June 16, 2019, 10:46:15 PM
Error Type: User Error (Error #256)
Error String: mmhclass->image->is_image(): image does not exist. (/home/redhue/public_html/images/gq1zf/2745_1_124__7i9l_thumb.jpg)
Error File: /home/redhue/public_html/source/includes/imagemagick.php
Error Line: 81
====================================================================
====================================================================
Time Encountered: June 16, 2019, 10:46:16 PM
Error Type: Unknown Error (Error #32)
Error String: Module 'imagick' already loaded
Error File: Unknown
Error Line: 0
====================================================================
====================================================================
Time Encountered: June 16, 2019, 10:51:35 PM
Error Type: Unknown Error (Error #32)
Error String: Module 'imagick' already loaded
Error File: Unknown
Error Line: 0
====================================================================
====================================================================
Time Encountered: June 16, 2019, 10:52:38 PM
Error Type: Unknown Error (Error #32)
Error String: Module 'imagick' already loaded
Error File: Unknown
Error Line: 0
====================================================================
====================================================================
Time Encountered: June 16, 2019, 10:53:03 PM
Error Type: Unknown Error (Error #32)
Error String: Module 'imagick' already loaded
Error File: Unknown
Error Line: 0
====================================================================
====================================================================
Time Encountered: June 16, 2019, 11:03:48 PM
Error Type: Unknown Error (Error #32)
Error String: Module 'imagick' already loaded
Error File: Unknown
Error Line: 0
====================================================================
====================================================================
Time Encountered: June 16, 2019, 11:09:06 PM
Error Type: Unknown Error (Error #32)
Error String: Module 'imagick' already loaded
Error File: Unknown
Error Line: 0
====================================================================
====================================================================
Time Encountered: June 16, 2019, 11:16:57 PM
Error Type: User Error (Error #256)
Error String: mmhclass->image->is_image(): image does not exist. (/home/redhue/public_html/images/pb0lo/9101_61_47wx_thumb.jpg)
Error File: /home/redhue/public_html/source/includes/imagemagick.php
Error Line: 81
====================================================================
====================================================================
Time Encountered: June 16, 2019, 11:16:57 PM
Error Type: Unknown Error (Error #32)
Error String: Module 'imagick' already loaded
Error File: Unknown
Error Line: 0
====================================================================
====================================================================
Time Encountered: June 16, 2019, 11:25:33 PM
Error Type: User Error (Error #256)
Error String: mmhclass->image->is_image(): image does not exist. (/home/redhue/public_html/images/o3og8/5974_1_79__ns9i_thumb.jpg)
Error File: /home/redhue/public_html/source/includes/imagemagick.php
Error Line: 81
====================================================================
====================================================================
Time Encountered: June 16, 2019, 11:25:33 PM
Error Type: Unknown Error (Error #32)
Error String: Module 'imagick' already loaded
Error File: Unknown
Error Line: 0
====================================================================
====================================================================
Time Encountered: June 16, 2019, 11:26:10 PM
Error Type: Unknown Error (Error #32)
Error String: Module 'imagick' already loaded
Error File: Unknown
Error Line: 0
====================================================================
====================================================================
Time Encountered: June 16, 2019, 11:28:40 PM
Error Type: Unknown Error (Error #32)
Error String: Module 'imagick' already loaded
Error File: Unknown
Error Line: 0
====================================================================
====================================================================
Time Encountered: June 16, 2019, 11:35:56 PM
Error Type: Unknown Error (Error #32)
Error String: Module 'imagick' already loaded
Error File: Unknown
Error Line: 0
====================================================================
====================================================================
Time Encountered: June 16, 2019, 11:40:25 PM
Error Type: Unknown Error (Error #32)
Error String: Module 'imagick' already loaded
Error File: Unknown
Error Line: 0
====================================================================
====================================================================
Time Encountered: June 16, 2019, 11:41:23 PM
Error Type: Unknown Error (Error #32)
Error String: Module 'imagick' already loaded
Error File: Unknown
Error Line: 0
====================================================================
====================================================================
Time Encountered: June 16, 2019, 11:41:55 PM
Error Type: Unknown Error (Error #32)
Error String: Module 'imagick' already loaded
Error File: Unknown
Error Line: 0
====================================================================
====================================================================
Time Encountered: June 16, 2019, 11:42:38 PM
Error Type: Unknown Error (Error #32)
Error String: Module 'imagick' already loaded
Error File: Unknown
Error Line: 0
====================================================================
====================================================================
Time Encountered: June 16, 2019, 11:43:14 PM
Error Type: Unknown Error (Error #32)
Error String: Module 'imagick' already loaded
Error File: Unknown
Error Line: 0
====================================================================
====================================================================
Time Encountered: June 16, 2019, 11:47:59 PM
Error Type: Unknown Error (Error #32)
Error String: Module 'imagick' already loaded
Error File: Unknown
Error Line: 0
====================================================================
====================================================================
Time Encountered: June 16, 2019, 11:51:20 PM
Error Type: Unknown Error (Error #32)
Error String: Module 'imagick' already loaded
Error File: Unknown
Error Line: 0
====================================================================
====================================================================
Time Encountered: June 16, 2019, 11:52:14 PM
Error Type: Unknown Error (Error #32)
Error String: Module 'imagick' already loaded
Error File: Unknown
Error Line: 0
====================================================================
====================================================================
Time Encountered: June 16, 2019, 11:58:14 PM
Error Type: Unknown Error (Error #32)
Error String: Module 'imagick' already loaded
Error File: Unknown
Error Line: 0
====================================================================
