====================================================================
Time Encountered: July 26, 2019, 7:15:31 AM
Error Type: Unknown Error (Error #32)
Error String: Module 'imagick' already loaded
Error File: Unknown
Error Line: 0
====================================================================
====================================================================
Time Encountered: July 26, 2019, 7:15:35 AM
Error Type: Unknown Error (Error #32)
Error String: Module 'imagick' already loaded
Error File: Unknown
Error Line: 0
====================================================================
====================================================================
Time Encountered: July 26, 2019, 7:20:15 AM
Error Type: Unknown Error (Error #32)
Error String: Module 'imagick' already loaded
Error File: Unknown
Error Line: 0
====================================================================
====================================================================
Time Encountered: July 26, 2019, 7:20:52 AM
Error Type: Unknown Error (Error #32)
Error String: Module 'imagick' already loaded
Error File: Unknown
Error Line: 0
====================================================================
====================================================================
Time Encountered: July 26, 2019, 7:28:48 AM
Error Type: Unknown Error (Error #32)
Error String: Module 'imagick' already loaded
Error File: Unknown
Error Line: 0
====================================================================
====================================================================
Time Encountered: July 26, 2019, 7:29:46 AM
Error Type: Unknown Error (Error #32)
Error String: Module 'imagick' already loaded
Error File: Unknown
Error Line: 0
====================================================================
====================================================================
Time Encountered: July 26, 2019, 7:34:02 AM
Error Type: Unknown Error (Error #32)
Error String: Module 'imagick' already loaded
Error File: Unknown
Error Line: 0
====================================================================
====================================================================
Time Encountered: July 26, 2019, 7:34:03 AM
Error Type: Unknown Error (Error #32)
Error String: Module 'imagick' already loaded
Error File: Unknown
Error Line: 0
====================================================================
====================================================================
Time Encountered: July 26, 2019, 7:39:14 AM
Error Type: Unknown Error (Error #32)
Error String: Module 'imagick' already loaded
Error File: Unknown
Error Line: 0
====================================================================
====================================================================
Time Encountered: July 26, 2019, 7:44:58 AM
Error Type: Unknown Error (Error #32)
Error String: Module 'imagick' already loaded
Error File: Unknown
Error Line: 0
====================================================================
====================================================================
Time Encountered: July 26, 2019, 7:44:58 AM
Error Type: Unknown Error (Error #32)
Error String: Module 'imagick' already loaded
Error File: Unknown
Error Line: 0
====================================================================
====================================================================
Time Encountered: July 26, 2019, 7:46:04 AM
Error Type: Unknown Error (Error #32)
Error String: Module 'imagick' already loaded
Error File: Unknown
Error Line: 0
====================================================================
====================================================================
Time Encountered: July 26, 2019, 7:46:05 AM
Error Type: Unknown Error (Error #32)
Error String: Module 'imagick' already loaded
Error File: Unknown
Error Line: 0
====================================================================
====================================================================
Time Encountered: July 26, 2019, 7:47:07 AM
Error Type: Unknown Error (Error #32)
Error String: Module 'imagick' already loaded
Error File: Unknown
Error Line: 0
====================================================================
====================================================================
Time Encountered: July 26, 2019, 8:02:47 AM
Error Type: Unknown Error (Error #32)
Error String: Module 'imagick' already loaded
Error File: Unknown
Error Line: 0
====================================================================
====================================================================
Time Encountered: July 26, 2019, 8:09:29 AM
Error Type: Unknown Error (Error #32)
Error String: Module 'imagick' already loaded
Error File: Unknown
Error Line: 0
====================================================================
====================================================================
Time Encountered: July 26, 2019, 8:11:55 AM
Error Type: Unknown Error (Error #32)
Error String: Module 'imagick' already loaded
Error File: Unknown
Error Line: 0
====================================================================
====================================================================
Time Encountered: July 26, 2019, 8:13:06 AM
Error Type: Unknown Error (Error #32)
Error String: Module 'imagick' already loaded
Error File: Unknown
Error Line: 0
====================================================================
====================================================================
Time Encountered: July 26, 2019, 8:22:27 AM
Error Type: Unknown Error (Error #32)
Error String: Module 'imagick' already loaded
Error File: Unknown
Error Line: 0
====================================================================
====================================================================
Time Encountered: July 26, 2019, 8:23:55 AM
Error Type: Unknown Error (Error #32)
Error String: Module 'imagick' already loaded
Error File: Unknown
Error Line: 0
====================================================================
====================================================================
Time Encountered: July 26, 2019, 8:32:20 AM
Error Type: Unknown Error (Error #32)
Error String: Module 'imagick' already loaded
Error File: Unknown
Error Line: 0
====================================================================
====================================================================
Time Encountered: July 26, 2019, 8:36:23 AM
Error Type: Unknown Error (Error #32)
Error String: Module 'imagick' already loaded
Error File: Unknown
Error Line: 0
====================================================================
====================================================================
Time Encountered: July 26, 2019, 8:39:11 AM
Error Type: Unknown Error (Error #32)
Error String: Module 'imagick' already loaded
Error File: Unknown
Error Line: 0
====================================================================
====================================================================
Time Encountered: July 26, 2019, 8:41:02 AM
Error Type: Unknown Error (Error #32)
Error String: Module 'imagick' already loaded
Error File: Unknown
Error Line: 0
====================================================================
====================================================================
Time Encountered: July 26, 2019, 8:52:17 AM
Error Type: Unknown Error (Error #32)
Error String: Module 'imagick' already loaded
Error File: Unknown
Error Line: 0
====================================================================
====================================================================
Time Encountered: July 26, 2019, 8:57:21 AM
Error Type: Unknown Error (Error #32)
Error String: Module 'imagick' already loaded
Error File: Unknown
Error Line: 0
====================================================================
====================================================================
Time Encountered: July 26, 2019, 9:08:49 AM
Error Type: Unknown Error (Error #32)
Error String: Module 'imagick' already loaded
Error File: Unknown
Error Line: 0
====================================================================
====================================================================
Time Encountered: July 26, 2019, 9:09:54 AM
Error Type: Unknown Error (Error #32)
Error String: Module 'imagick' already loaded
Error File: Unknown
Error Line: 0
====================================================================
====================================================================
Time Encountered: July 26, 2019, 9:24:12 AM
Error Type: Unknown Error (Error #32)
Error String: Module 'imagick' already loaded
Error File: Unknown
Error Line: 0
====================================================================
====================================================================
Time Encountered: July 26, 2019, 9:38:35 AM
Error Type: Unknown Error (Error #32)
Error String: Module 'imagick' already loaded
Error File: Unknown
Error Line: 0
====================================================================
====================================================================
Time Encountered: July 26, 2019, 9:38:49 AM
Error Type: Unknown Error (Error #32)
Error String: Module 'imagick' already loaded
Error File: Unknown
Error Line: 0
====================================================================
====================================================================
Time Encountered: July 26, 2019, 9:39:41 AM
Error Type: Unknown Error (Error #32)
Error String: Module 'imagick' already loaded
Error File: Unknown
Error Line: 0
====================================================================
====================================================================
Time Encountered: July 26, 2019, 9:40:03 AM
Error Type: Unknown Error (Error #32)
Error String: Module 'imagick' already loaded
Error File: Unknown
Error Line: 0
====================================================================
====================================================================
Time Encountered: July 26, 2019, 9:55:55 AM
Error Type: Unknown Error (Error #32)
Error String: Module 'imagick' already loaded
Error File: Unknown
Error Line: 0
====================================================================
====================================================================
Time Encountered: July 26, 2019, 10:06:20 AM
Error Type: Unknown Error (Error #32)
Error String: Module 'imagick' already loaded
Error File: Unknown
Error Line: 0
====================================================================
====================================================================
Time Encountered: July 26, 2019, 10:25:24 AM
Error Type: Unknown Error (Error #32)
Error String: Module 'imagick' already loaded
Error File: Unknown
Error Line: 0
====================================================================
====================================================================
Time Encountered: July 26, 2019, 10:26:28 AM
Error Type: Unknown Error (Error #32)
Error String: Module 'imagick' already loaded
Error File: Unknown
Error Line: 0
====================================================================
====================================================================
Time Encountered: July 26, 2019, 10:27:43 AM
Error Type: Unknown Error (Error #32)
Error String: Module 'imagick' already loaded
Error File: Unknown
Error Line: 0
====================================================================
====================================================================
Time Encountered: July 26, 2019, 10:33:34 AM
Error Type: Unknown Error (Error #32)
Error String: Module 'imagick' already loaded
Error File: Unknown
Error Line: 0
====================================================================
====================================================================
Time Encountered: July 26, 2019, 10:39:14 AM
Error Type: Unknown Error (Error #32)
Error String: Module 'imagick' already loaded
Error File: Unknown
Error Line: 0
====================================================================
====================================================================
Time Encountered: July 26, 2019, 10:46:10 AM
Error Type: Unknown Error (Error #32)
Error String: Module 'imagick' already loaded
Error File: Unknown
Error Line: 0
====================================================================
====================================================================
Time Encountered: July 26, 2019, 10:52:54 AM
Error Type: Unknown Error (Error #32)
Error String: Module 'imagick' already loaded
Error File: Unknown
Error Line: 0
====================================================================
====================================================================
Time Encountered: July 26, 2019, 10:56:35 AM
Error Type: Unknown Error (Error #32)
Error String: Module 'imagick' already loaded
Error File: Unknown
Error Line: 0
====================================================================
====================================================================
Time Encountered: July 26, 2019, 11:05:07 AM
Error Type: Unknown Error (Error #32)
Error String: Module 'imagick' already loaded
Error File: Unknown
Error Line: 0
====================================================================
====================================================================
Time Encountered: July 26, 2019, 11:09:24 AM
Error Type: Unknown Error (Error #32)
Error String: Module 'imagick' already loaded
Error File: Unknown
Error Line: 0
====================================================================
====================================================================
Time Encountered: July 26, 2019, 11:12:18 AM
Error Type: Unknown Error (Error #32)
Error String: Module 'imagick' already loaded
Error File: Unknown
Error Line: 0
====================================================================
====================================================================
Time Encountered: July 26, 2019, 11:13:26 AM
Error Type: Unknown Error (Error #32)
Error String: Module 'imagick' already loaded
Error File: Unknown
Error Line: 0
====================================================================
====================================================================
Time Encountered: July 26, 2019, 11:13:26 AM
Error Type: Unknown Error (Error #32)
Error String: Module 'imagick' already loaded
Error File: Unknown
Error Line: 0
====================================================================
====================================================================
Time Encountered: July 26, 2019, 11:13:26 AM
Error Type: Unknown Error (Error #32)
Error String: Module 'imagick' already loaded
Error File: Unknown
Error Line: 0
====================================================================
====================================================================
Time Encountered: July 26, 2019, 11:14:21 AM
Error Type: Unknown Error (Error #32)
Error String: Module 'imagick' already loaded
Error File: Unknown
Error Line: 0
====================================================================
====================================================================
Time Encountered: July 26, 2019, 11:14:21 AM
Error Type: Unknown Error (Error #32)
Error String: Module 'imagick' already loaded
Error File: Unknown
Error Line: 0
====================================================================
====================================================================
Time Encountered: July 26, 2019, 11:14:21 AM
Error Type: Unknown Error (Error #32)
Error String: Module 'imagick' already loaded
Error File: Unknown
Error Line: 0
====================================================================
====================================================================
Time Encountered: July 26, 2019, 11:14:21 AM
Error Type: Unknown Error (Error #32)
Error String: Module 'imagick' already loaded
Error File: Unknown
Error Line: 0
====================================================================
====================================================================
Time Encountered: July 26, 2019, 11:14:21 AM
Error Type: Unknown Error (Error #32)
Error String: Module 'imagick' already loaded
Error File: Unknown
Error Line: 0
====================================================================
====================================================================
Time Encountered: July 26, 2019, 11:14:21 AM
Error Type: Unknown Error (Error #32)
Error String: Module 'imagick' already loaded
Error File: Unknown
Error Line: 0
====================================================================
====================================================================
Time Encountered: July 26, 2019, 11:15:01 AM
Error Type: Unknown Error (Error #32)
Error String: Module 'imagick' already loaded
Error File: Unknown
Error Line: 0
====================================================================
====================================================================
Time Encountered: July 26, 2019, 11:16:13 AM
Error Type: Unknown Error (Error #32)
Error String: Module 'imagick' already loaded
Error File: Unknown
Error Line: 0
====================================================================
====================================================================
Time Encountered: July 26, 2019, 11:16:13 AM
Error Type: Unknown Error (Error #32)
Error String: Module 'imagick' already loaded
Error File: Unknown
Error Line: 0
====================================================================
====================================================================
Time Encountered: July 26, 2019, 11:16:13 AM
Error Type: Unknown Error (Error #32)
Error String: Module 'imagick' already loaded
Error File: Unknown
Error Line: 0
====================================================================
====================================================================
Time Encountered: July 26, 2019, 11:16:15 AM
Error Type: Unknown Error (Error #32)
Error String: Module 'imagick' already loaded
Error File: Unknown
Error Line: 0
====================================================================
====================================================================
Time Encountered: July 26, 2019, 11:16:15 AM
Error Type: Unknown Error (Error #32)
Error String: Module 'imagick' already loaded
Error File: Unknown
Error Line: 0
====================================================================
====================================================================
Time Encountered: July 26, 2019, 11:16:15 AM
Error Type: Unknown Error (Error #32)
Error String: Module 'imagick' already loaded
Error File: Unknown
Error Line: 0
====================================================================
====================================================================
Time Encountered: July 26, 2019, 11:17:08 AM
Error Type: Unknown Error (Error #32)
Error String: Module 'imagick' already loaded
Error File: Unknown
Error Line: 0
====================================================================
====================================================================
Time Encountered: July 26, 2019, 11:17:08 AM
Error Type: Unknown Error (Error #32)
Error String: Module 'imagick' already loaded
Error File: Unknown
Error Line: 0
====================================================================
====================================================================
Time Encountered: July 26, 2019, 11:17:08 AM
Error Type: Unknown Error (Error #32)
Error String: Module 'imagick' already loaded
Error File: Unknown
Error Line: 0
====================================================================
====================================================================
Time Encountered: July 26, 2019, 11:19:41 AM
Error Type: Unknown Error (Error #32)
Error String: Module 'imagick' already loaded
Error File: Unknown
Error Line: 0
====================================================================
====================================================================
Time Encountered: July 26, 2019, 11:21:59 AM
Error Type: Unknown Error (Error #32)
Error String: Module 'imagick' already loaded
Error File: Unknown
Error Line: 0
====================================================================
====================================================================
Time Encountered: July 26, 2019, 11:26:49 AM
Error Type: Unknown Error (Error #32)
Error String: Module 'imagick' already loaded
Error File: Unknown
Error Line: 0
====================================================================
====================================================================
Time Encountered: July 26, 2019, 11:29:00 AM
Error Type: Unknown Error (Error #32)
Error String: Module 'imagick' already loaded
Error File: Unknown
Error Line: 0
====================================================================
====================================================================
Time Encountered: July 26, 2019, 11:29:00 AM
Error Type: Unknown Error (Error #32)
Error String: Module 'imagick' already loaded
Error File: Unknown
Error Line: 0
====================================================================
====================================================================
Time Encountered: July 26, 2019, 11:42:19 AM
Error Type: Unknown Error (Error #32)
Error String: Module 'imagick' already loaded
Error File: Unknown
Error Line: 0
====================================================================
====================================================================
Time Encountered: July 26, 2019, 11:43:13 AM
Error Type: Unknown Error (Error #32)
Error String: Module 'imagick' already loaded
Error File: Unknown
Error Line: 0
====================================================================
====================================================================
Time Encountered: July 26, 2019, 12:04:58 PM
Error Type: Unknown Error (Error #32)
Error String: Module 'imagick' already loaded
Error File: Unknown
Error Line: 0
====================================================================
====================================================================
Time Encountered: July 26, 2019, 12:07:15 PM
Error Type: Unknown Error (Error #32)
Error String: Module 'imagick' already loaded
Error File: Unknown
Error Line: 0
====================================================================
====================================================================
Time Encountered: July 26, 2019, 12:07:15 PM
Error Type: Unknown Error (Error #32)
Error String: Module 'imagick' already loaded
Error File: Unknown
Error Line: 0
====================================================================
====================================================================
Time Encountered: July 26, 2019, 12:13:44 PM
Error Type: Unknown Error (Error #32)
Error String: Module 'imagick' already loaded
Error File: Unknown
Error Line: 0
====================================================================
====================================================================
Time Encountered: July 26, 2019, 12:13:44 PM
Error Type: Unknown Error (Error #32)
Error String: Module 'imagick' already loaded
Error File: Unknown
Error Line: 0
====================================================================
====================================================================
Time Encountered: July 26, 2019, 12:27:13 PM
Error Type: Unknown Error (Error #32)
Error String: Module 'imagick' already loaded
Error File: Unknown
Error Line: 0
====================================================================
====================================================================
Time Encountered: July 26, 2019, 12:31:55 PM
Error Type: Unknown Error (Error #32)
Error String: Module 'imagick' already loaded
Error File: Unknown
Error Line: 0
====================================================================
====================================================================
Time Encountered: July 26, 2019, 12:34:55 PM
Error Type: Unknown Error (Error #32)
Error String: Module 'imagick' already loaded
Error File: Unknown
Error Line: 0
====================================================================
====================================================================
Time Encountered: July 26, 2019, 12:40:09 PM
Error Type: Unknown Error (Error #32)
Error String: Module 'imagick' already loaded
Error File: Unknown
Error Line: 0
====================================================================
====================================================================
Time Encountered: July 26, 2019, 12:40:49 PM
Error Type: Unknown Error (Error #32)
Error String: Module 'imagick' already loaded
Error File: Unknown
Error Line: 0
====================================================================
====================================================================
Time Encountered: July 26, 2019, 12:47:54 PM
Error Type: Unknown Error (Error #32)
Error String: Module 'imagick' already loaded
Error File: Unknown
Error Line: 0
====================================================================
====================================================================
Time Encountered: July 26, 2019, 12:48:43 PM
Error Type: Unknown Error (Error #32)
Error String: Module 'imagick' already loaded
Error File: Unknown
Error Line: 0
====================================================================
====================================================================
Time Encountered: July 26, 2019, 12:54:06 PM
Error Type: Unknown Error (Error #32)
Error String: Module 'imagick' already loaded
Error File: Unknown
Error Line: 0
====================================================================
====================================================================
Time Encountered: July 26, 2019, 12:58:32 PM
Error Type: Unknown Error (Error #32)
Error String: Module 'imagick' already loaded
Error File: Unknown
Error Line: 0
====================================================================
====================================================================
Time Encountered: July 26, 2019, 1:06:35 PM
Error Type: Unknown Error (Error #32)
Error String: Module 'imagick' already loaded
Error File: Unknown
Error Line: 0
====================================================================
====================================================================
Time Encountered: July 26, 2019, 1:09:00 PM
Error Type: Unknown Error (Error #32)
Error String: Module 'imagick' already loaded
Error File: Unknown
Error Line: 0
====================================================================
====================================================================
Time Encountered: July 26, 2019, 1:11:15 PM
Error Type: Unknown Error (Error #32)
Error String: Module 'imagick' already loaded
Error File: Unknown
Error Line: 0
====================================================================
====================================================================
Time Encountered: July 26, 2019, 1:13:56 PM
Error Type: Unknown Error (Error #32)
Error String: Module 'imagick' already loaded
Error File: Unknown
Error Line: 0
====================================================================
====================================================================
Time Encountered: July 26, 2019, 1:18:41 PM
Error Type: Unknown Error (Error #32)
Error String: Module 'imagick' already loaded
Error File: Unknown
Error Line: 0
====================================================================
====================================================================
Time Encountered: July 26, 2019, 1:19:43 PM
Error Type: Unknown Error (Error #32)
Error String: Module 'imagick' already loaded
Error File: Unknown
Error Line: 0
====================================================================
====================================================================
Time Encountered: July 26, 2019, 1:32:34 PM
Error Type: Unknown Error (Error #32)
Error String: Module 'imagick' already loaded
Error File: Unknown
Error Line: 0
====================================================================
====================================================================
Time Encountered: July 26, 2019, 1:36:53 PM
Error Type: Unknown Error (Error #32)
Error String: Module 'imagick' already loaded
Error File: Unknown
Error Line: 0
====================================================================
====================================================================
Time Encountered: July 26, 2019, 1:37:58 PM
Error Type: Unknown Error (Error #32)
Error String: Module 'imagick' already loaded
Error File: Unknown
Error Line: 0
====================================================================
====================================================================
Time Encountered: July 26, 2019, 1:40:52 PM
Error Type: Unknown Error (Error #32)
Error String: Module 'imagick' already loaded
Error File: Unknown
Error Line: 0
====================================================================
====================================================================
Time Encountered: July 26, 2019, 1:50:06 PM
Error Type: Unknown Error (Error #32)
Error String: Module 'imagick' already loaded
Error File: Unknown
Error Line: 0
====================================================================
====================================================================
Time Encountered: July 26, 2019, 2:13:32 PM
Error Type: Unknown Error (Error #32)
Error String: Module 'imagick' already loaded
Error File: Unknown
Error Line: 0
====================================================================
====================================================================
Time Encountered: July 26, 2019, 2:15:54 PM
Error Type: Unknown Error (Error #32)
Error String: Module 'imagick' already loaded
Error File: Unknown
Error Line: 0
====================================================================
====================================================================
Time Encountered: July 26, 2019, 2:16:00 PM
Error Type: Unknown Error (Error #32)
Error String: Module 'imagick' already loaded
Error File: Unknown
Error Line: 0
====================================================================
====================================================================
Time Encountered: July 26, 2019, 2:16:31 PM
Error Type: Unknown Error (Error #32)
Error String: Module 'imagick' already loaded
Error File: Unknown
Error Line: 0
====================================================================
====================================================================
Time Encountered: July 26, 2019, 2:23:57 PM
Error Type: Unknown Error (Error #32)
Error String: Module 'imagick' already loaded
Error File: Unknown
Error Line: 0
====================================================================
====================================================================
Time Encountered: July 26, 2019, 2:28:05 PM
Error Type: Unknown Error (Error #32)
Error String: Module 'imagick' already loaded
Error File: Unknown
Error Line: 0
====================================================================
====================================================================
Time Encountered: July 26, 2019, 2:28:57 PM
Error Type: Unknown Error (Error #32)
Error String: Module 'imagick' already loaded
Error File: Unknown
Error Line: 0
====================================================================
====================================================================
Time Encountered: July 26, 2019, 2:29:58 PM
Error Type: Unknown Error (Error #32)
Error String: Module 'imagick' already loaded
Error File: Unknown
Error Line: 0
====================================================================
====================================================================
Time Encountered: July 26, 2019, 2:33:15 PM
Error Type: Unknown Error (Error #32)
Error String: Module 'imagick' already loaded
Error File: Unknown
Error Line: 0
====================================================================
====================================================================
Time Encountered: July 26, 2019, 2:38:06 PM
Error Type: Unknown Error (Error #32)
Error String: Module 'imagick' already loaded
Error File: Unknown
Error Line: 0
====================================================================
====================================================================
Time Encountered: July 26, 2019, 2:39:17 PM
Error Type: Unknown Error (Error #32)
Error String: Module 'imagick' already loaded
Error File: Unknown
Error Line: 0
====================================================================
====================================================================
Time Encountered: July 26, 2019, 2:41:54 PM
Error Type: Unknown Error (Error #32)
Error String: Module 'imagick' already loaded
Error File: Unknown
Error Line: 0
====================================================================
====================================================================
Time Encountered: July 26, 2019, 2:47:51 PM
Error Type: Unknown Error (Error #32)
Error String: Module 'imagick' already loaded
Error File: Unknown
Error Line: 0
====================================================================
====================================================================
Time Encountered: July 26, 2019, 2:50:35 PM
Error Type: Unknown Error (Error #32)
Error String: Module 'imagick' already loaded
Error File: Unknown
Error Line: 0
====================================================================
====================================================================
Time Encountered: July 26, 2019, 2:52:40 PM
Error Type: Unknown Error (Error #32)
Error String: Module 'imagick' already loaded
Error File: Unknown
Error Line: 0
====================================================================
====================================================================
Time Encountered: July 26, 2019, 2:57:49 PM
Error Type: Unknown Error (Error #32)
Error String: Module 'imagick' already loaded
Error File: Unknown
Error Line: 0
====================================================================
====================================================================
Time Encountered: July 26, 2019, 2:59:14 PM
Error Type: Unknown Error (Error #32)
Error String: Module 'imagick' already loaded
Error File: Unknown
Error Line: 0
====================================================================
====================================================================
Time Encountered: July 26, 2019, 3:05:53 PM
Error Type: Unknown Error (Error #32)
Error String: Module 'imagick' already loaded
Error File: Unknown
Error Line: 0
====================================================================
====================================================================
Time Encountered: July 26, 2019, 3:07:28 PM
Error Type: Unknown Error (Error #32)
Error String: Module 'imagick' already loaded
Error File: Unknown
Error Line: 0
====================================================================
====================================================================
Time Encountered: July 26, 2019, 3:08:13 PM
Error Type: Unknown Error (Error #32)
Error String: Module 'imagick' already loaded
Error File: Unknown
Error Line: 0
====================================================================
====================================================================
Time Encountered: July 26, 2019, 3:14:12 PM
Error Type: Unknown Error (Error #32)
Error String: Module 'imagick' already loaded
Error File: Unknown
Error Line: 0
====================================================================
====================================================================
Time Encountered: July 26, 2019, 3:16:34 PM
Error Type: Unknown Error (Error #32)
Error String: Module 'imagick' already loaded
Error File: Unknown
Error Line: 0
====================================================================
====================================================================
Time Encountered: July 26, 2019, 3:21:02 PM
Error Type: Unknown Error (Error #32)
Error String: Module 'imagick' already loaded
Error File: Unknown
Error Line: 0
====================================================================
====================================================================
Time Encountered: July 26, 2019, 3:27:59 PM
Error Type: Unknown Error (Error #32)
Error String: Module 'imagick' already loaded
Error File: Unknown
Error Line: 0
====================================================================
====================================================================
Time Encountered: July 26, 2019, 3:30:53 PM
Error Type: Unknown Error (Error #32)
Error String: Module 'imagick' already loaded
Error File: Unknown
Error Line: 0
====================================================================
====================================================================
Time Encountered: July 26, 2019, 3:35:11 PM
Error Type: Unknown Error (Error #32)
Error String: Module 'imagick' already loaded
Error File: Unknown
Error Line: 0
====================================================================
====================================================================
Time Encountered: July 26, 2019, 3:44:31 PM
Error Type: Unknown Error (Error #32)
Error String: Module 'imagick' already loaded
Error File: Unknown
Error Line: 0
====================================================================
====================================================================
Time Encountered: July 26, 2019, 4:00:43 PM
Error Type: Unknown Error (Error #32)
Error String: Module 'imagick' already loaded
Error File: Unknown
Error Line: 0
====================================================================
====================================================================
Time Encountered: July 26, 2019, 4:14:27 PM
Error Type: Unknown Error (Error #32)
Error String: Module 'imagick' already loaded
Error File: Unknown
Error Line: 0
====================================================================
====================================================================
Time Encountered: July 26, 2019, 4:14:59 PM
Error Type: Unknown Error (Error #32)
Error String: Module 'imagick' already loaded
Error File: Unknown
Error Line: 0
====================================================================
====================================================================
Time Encountered: July 26, 2019, 4:16:03 PM
Error Type: Unknown Error (Error #32)
Error String: Module 'imagick' already loaded
Error File: Unknown
Error Line: 0
====================================================================
====================================================================
Time Encountered: July 26, 2019, 4:18:58 PM
Error Type: Unknown Error (Error #32)
Error String: Module 'imagick' already loaded
Error File: Unknown
Error Line: 0
====================================================================
====================================================================
Time Encountered: July 26, 2019, 4:20:01 PM
Error Type: Unknown Error (Error #32)
Error String: Module 'imagick' already loaded
Error File: Unknown
Error Line: 0
====================================================================
====================================================================
Time Encountered: July 26, 2019, 4:25:54 PM
Error Type: Unknown Error (Error #32)
Error String: Module 'imagick' already loaded
Error File: Unknown
Error Line: 0
====================================================================
====================================================================
Time Encountered: July 26, 2019, 4:38:01 PM
Error Type: Unknown Error (Error #32)
Error String: Module 'imagick' already loaded
Error File: Unknown
Error Line: 0
====================================================================
====================================================================
Time Encountered: July 26, 2019, 4:46:21 PM
Error Type: Unknown Error (Error #32)
Error String: Module 'imagick' already loaded
Error File: Unknown
Error Line: 0
====================================================================
====================================================================
Time Encountered: July 26, 2019, 4:47:12 PM
Error Type: Unknown Error (Error #32)
Error String: Module 'imagick' already loaded
Error File: Unknown
Error Line: 0
====================================================================
====================================================================
Time Encountered: July 26, 2019, 4:47:27 PM
Error Type: Unknown Error (Error #32)
Error String: Module 'imagick' already loaded
Error File: Unknown
Error Line: 0
====================================================================
====================================================================
Time Encountered: July 26, 2019, 4:48:03 PM
Error Type: Unknown Error (Error #32)
Error String: Module 'imagick' already loaded
Error File: Unknown
Error Line: 0
====================================================================
====================================================================
Time Encountered: July 26, 2019, 4:48:19 PM
Error Type: Unknown Error (Error #32)
Error String: Module 'imagick' already loaded
Error File: Unknown
Error Line: 0
====================================================================
====================================================================
Time Encountered: July 26, 2019, 4:51:54 PM
Error Type: Unknown Error (Error #32)
Error String: Module 'imagick' already loaded
Error File: Unknown
Error Line: 0
====================================================================
====================================================================
Time Encountered: July 26, 2019, 4:54:46 PM
Error Type: Unknown Error (Error #32)
Error String: Module 'imagick' already loaded
Error File: Unknown
Error Line: 0
====================================================================
====================================================================
Time Encountered: July 26, 2019, 5:06:47 PM
Error Type: Unknown Error (Error #32)
Error String: Module 'imagick' already loaded
Error File: Unknown
Error Line: 0
====================================================================
====================================================================
Time Encountered: July 26, 2019, 5:07:58 PM
Error Type: Unknown Error (Error #32)
Error String: Module 'imagick' already loaded
Error File: Unknown
Error Line: 0
====================================================================
====================================================================
Time Encountered: July 26, 2019, 5:09:43 PM
Error Type: Unknown Error (Error #32)
Error String: Module 'imagick' already loaded
Error File: Unknown
Error Line: 0
====================================================================
====================================================================
Time Encountered: July 26, 2019, 5:11:20 PM
Error Type: Unknown Error (Error #32)
Error String: Module 'imagick' already loaded
Error File: Unknown
Error Line: 0
====================================================================
====================================================================
Time Encountered: July 26, 2019, 5:11:34 PM
Error Type: Unknown Error (Error #32)
Error String: Module 'imagick' already loaded
Error File: Unknown
Error Line: 0
====================================================================
====================================================================
Time Encountered: July 26, 2019, 5:14:21 PM
Error Type: Unknown Error (Error #32)
Error String: Module 'imagick' already loaded
Error File: Unknown
Error Line: 0
====================================================================
====================================================================
Time Encountered: July 26, 2019, 5:17:54 PM
Error Type: Unknown Error (Error #32)
Error String: Module 'imagick' already loaded
Error File: Unknown
Error Line: 0
====================================================================
====================================================================
Time Encountered: July 26, 2019, 5:20:32 PM
Error Type: Unknown Error (Error #32)
Error String: Module 'imagick' already loaded
Error File: Unknown
Error Line: 0
====================================================================
====================================================================
Time Encountered: July 26, 2019, 5:26:34 PM
Error Type: Unknown Error (Error #32)
Error String: Module 'imagick' already loaded
Error File: Unknown
Error Line: 0
====================================================================
====================================================================
Time Encountered: July 26, 2019, 5:34:34 PM
Error Type: Unknown Error (Error #32)
Error String: Module 'imagick' already loaded
Error File: Unknown
Error Line: 0
====================================================================
====================================================================
Time Encountered: July 26, 2019, 5:35:55 PM
Error Type: Unknown Error (Error #32)
Error String: Module 'imagick' already loaded
Error File: Unknown
Error Line: 0
====================================================================
====================================================================
Time Encountered: July 26, 2019, 5:36:09 PM
Error Type: Unknown Error (Error #32)
Error String: Module 'imagick' already loaded
Error File: Unknown
Error Line: 0
====================================================================
====================================================================
Time Encountered: July 26, 2019, 5:36:15 PM
Error Type: Unknown Error (Error #32)
Error String: Module 'imagick' already loaded
Error File: Unknown
Error Line: 0
====================================================================
====================================================================
Time Encountered: July 26, 2019, 5:40:53 PM
Error Type: Unknown Error (Error #32)
Error String: Module 'imagick' already loaded
Error File: Unknown
Error Line: 0
====================================================================
====================================================================
Time Encountered: July 26, 2019, 5:43:19 PM
Error Type: Unknown Error (Error #32)
Error String: Module 'imagick' already loaded
Error File: Unknown
Error Line: 0
====================================================================
====================================================================
Time Encountered: July 26, 2019, 6:00:42 PM
Error Type: Unknown Error (Error #32)
Error String: Module 'imagick' already loaded
Error File: Unknown
Error Line: 0
====================================================================
====================================================================
Time Encountered: July 26, 2019, 6:08:05 PM
Error Type: Unknown Error (Error #32)
Error String: Module 'imagick' already loaded
Error File: Unknown
Error Line: 0
====================================================================
====================================================================
Time Encountered: July 26, 2019, 6:09:42 PM
Error Type: Unknown Error (Error #32)
Error String: Module 'imagick' already loaded
Error File: Unknown
Error Line: 0
====================================================================
====================================================================
Time Encountered: July 26, 2019, 6:19:23 PM
Error Type: Unknown Error (Error #32)
Error String: Module 'imagick' already loaded
Error File: Unknown
Error Line: 0
====================================================================
====================================================================
Time Encountered: July 26, 2019, 6:25:10 PM
Error Type: Unknown Error (Error #32)
Error String: Module 'imagick' already loaded
Error File: Unknown
Error Line: 0
====================================================================
====================================================================
Time Encountered: July 26, 2019, 6:32:14 PM
Error Type: Unknown Error (Error #32)
Error String: Module 'imagick' already loaded
Error File: Unknown
Error Line: 0
====================================================================
====================================================================
Time Encountered: July 26, 2019, 6:37:10 PM
Error Type: Unknown Error (Error #32)
Error String: Module 'imagick' already loaded
Error File: Unknown
Error Line: 0
====================================================================
====================================================================
Time Encountered: July 26, 2019, 6:43:54 PM
Error Type: Unknown Error (Error #32)
Error String: Module 'imagick' already loaded
Error File: Unknown
Error Line: 0
====================================================================
====================================================================
Time Encountered: July 26, 2019, 6:58:52 PM
Error Type: Unknown Error (Error #32)
Error String: Module 'imagick' already loaded
Error File: Unknown
Error Line: 0
====================================================================
====================================================================
Time Encountered: July 26, 2019, 7:03:46 PM
Error Type: Unknown Error (Error #32)
Error String: Module 'imagick' already loaded
Error File: Unknown
Error Line: 0
====================================================================
====================================================================
Time Encountered: July 26, 2019, 7:06:07 PM
Error Type: Unknown Error (Error #32)
Error String: Module 'imagick' already loaded
Error File: Unknown
Error Line: 0
====================================================================
====================================================================
Time Encountered: July 26, 2019, 7:10:29 PM
Error Type: Unknown Error (Error #32)
Error String: Module 'imagick' already loaded
Error File: Unknown
Error Line: 0
====================================================================
====================================================================
Time Encountered: July 26, 2019, 7:15:16 PM
Error Type: Unknown Error (Error #32)
Error String: Module 'imagick' already loaded
Error File: Unknown
Error Line: 0
====================================================================
====================================================================
Time Encountered: July 26, 2019, 7:17:57 PM
Error Type: Unknown Error (Error #32)
Error String: Module 'imagick' already loaded
Error File: Unknown
Error Line: 0
====================================================================
====================================================================
Time Encountered: July 26, 2019, 7:33:05 PM
Error Type: Unknown Error (Error #32)
Error String: Module 'imagick' already loaded
Error File: Unknown
Error Line: 0
====================================================================
====================================================================
Time Encountered: July 26, 2019, 7:36:54 PM
Error Type: Unknown Error (Error #32)
Error String: Module 'imagick' already loaded
Error File: Unknown
Error Line: 0
====================================================================
====================================================================
Time Encountered: July 26, 2019, 7:47:01 PM
Error Type: Unknown Error (Error #32)
Error String: Module 'imagick' already loaded
Error File: Unknown
Error Line: 0
====================================================================
====================================================================
Time Encountered: July 26, 2019, 7:47:47 PM
Error Type: Unknown Error (Error #32)
Error String: Module 'imagick' already loaded
Error File: Unknown
Error Line: 0
====================================================================
====================================================================
Time Encountered: July 26, 2019, 7:50:41 PM
Error Type: Unknown Error (Error #32)
Error String: Module 'imagick' already loaded
Error File: Unknown
Error Line: 0
====================================================================
====================================================================
Time Encountered: July 26, 2019, 7:55:07 PM
Error Type: Unknown Error (Error #32)
Error String: Module 'imagick' already loaded
Error File: Unknown
Error Line: 0
====================================================================
====================================================================
Time Encountered: July 26, 2019, 7:55:23 PM
Error Type: Unknown Error (Error #32)
Error String: Module 'imagick' already loaded
Error File: Unknown
Error Line: 0
====================================================================
====================================================================
Time Encountered: July 26, 2019, 8:08:17 PM
Error Type: Unknown Error (Error #32)
Error String: Module 'imagick' already loaded
Error File: Unknown
Error Line: 0
====================================================================
====================================================================
Time Encountered: July 26, 2019, 8:08:53 PM
Error Type: Unknown Error (Error #32)
Error String: Module 'imagick' already loaded
Error File: Unknown
Error Line: 0
====================================================================
====================================================================
Time Encountered: July 26, 2019, 8:10:43 PM
Error Type: Unknown Error (Error #32)
Error String: Module 'imagick' already loaded
Error File: Unknown
Error Line: 0
====================================================================
====================================================================
Time Encountered: July 26, 2019, 8:18:28 PM
Error Type: Unknown Error (Error #32)
Error String: Module 'imagick' already loaded
Error File: Unknown
Error Line: 0
====================================================================
====================================================================
Time Encountered: July 26, 2019, 8:20:55 PM
Error Type: Unknown Error (Error #32)
Error String: Module 'imagick' already loaded
Error File: Unknown
Error Line: 0
====================================================================
====================================================================
Time Encountered: July 26, 2019, 8:24:01 PM
Error Type: Unknown Error (Error #32)
Error String: Module 'imagick' already loaded
Error File: Unknown
Error Line: 0
====================================================================
====================================================================
Time Encountered: July 26, 2019, 8:26:03 PM
Error Type: Unknown Error (Error #32)
Error String: Module 'imagick' already loaded
Error File: Unknown
Error Line: 0
====================================================================
====================================================================
Time Encountered: July 26, 2019, 8:27:11 PM
Error Type: User Error (Error #256)
Error String: mmhclass->image->is_image(): image does not exist. (/home/redhue/public_html/images/2i2z2/6199_3_fap3_thumb.jpg)
Error File: /home/redhue/public_html/source/includes/imagemagick.php
Error Line: 81
====================================================================
====================================================================
Time Encountered: July 26, 2019, 8:27:11 PM
Error Type: Unknown Error (Error #32)
Error String: Module 'imagick' already loaded
Error File: Unknown
Error Line: 0
====================================================================
====================================================================
Time Encountered: July 26, 2019, 8:29:02 PM
Error Type: Unknown Error (Error #32)
Error String: Module 'imagick' already loaded
Error File: Unknown
Error Line: 0
====================================================================
====================================================================
Time Encountered: July 26, 2019, 8:33:43 PM
Error Type: Unknown Error (Error #32)
Error String: Module 'imagick' already loaded
Error File: Unknown
Error Line: 0
====================================================================
====================================================================
Time Encountered: July 26, 2019, 8:40:07 PM
Error Type: Unknown Error (Error #32)
Error String: Module 'imagick' already loaded
Error File: Unknown
Error Line: 0
====================================================================
====================================================================
Time Encountered: July 26, 2019, 8:47:31 PM
Error Type: Unknown Error (Error #32)
Error String: Module 'imagick' already loaded
Error File: Unknown
Error Line: 0
====================================================================
====================================================================
Time Encountered: July 26, 2019, 8:48:17 PM
Error Type: Unknown Error (Error #32)
Error String: Module 'imagick' already loaded
Error File: Unknown
Error Line: 0
====================================================================
====================================================================
Time Encountered: July 26, 2019, 8:48:58 PM
Error Type: Unknown Error (Error #32)
Error String: Module 'imagick' already loaded
Error File: Unknown
Error Line: 0
====================================================================
====================================================================
Time Encountered: July 26, 2019, 8:54:13 PM
Error Type: Unknown Error (Error #32)
Error String: Module 'imagick' already loaded
Error File: Unknown
Error Line: 0
====================================================================
====================================================================
Time Encountered: July 26, 2019, 8:58:53 PM
Error Type: Unknown Error (Error #32)
Error String: Module 'imagick' already loaded
Error File: Unknown
Error Line: 0
====================================================================
====================================================================
Time Encountered: July 26, 2019, 9:02:29 PM
Error Type: User Error (Error #256)
Error String: mmhclass->image->is_image(): image does not exist. (/home/redhue/public_html/images/2i2z2/6199_3_fap3_thumb.jpg)
Error File: /home/redhue/public_html/source/includes/imagemagick.php
Error Line: 81
====================================================================
====================================================================
Time Encountered: July 26, 2019, 9:02:29 PM
Error Type: Unknown Error (Error #32)
Error String: Module 'imagick' already loaded
Error File: Unknown
Error Line: 0
====================================================================
====================================================================
Time Encountered: July 26, 2019, 9:14:28 PM
Error Type: Unknown Error (Error #32)
Error String: Module 'imagick' already loaded
Error File: Unknown
Error Line: 0
====================================================================
====================================================================
Time Encountered: July 26, 2019, 9:16:04 PM
Error Type: Unknown Error (Error #32)
Error String: Module 'imagick' already loaded
Error File: Unknown
Error Line: 0
====================================================================
====================================================================
Time Encountered: July 26, 2019, 9:21:38 PM
Error Type: Unknown Error (Error #32)
Error String: Module 'imagick' already loaded
Error File: Unknown
Error Line: 0
====================================================================
====================================================================
Time Encountered: July 26, 2019, 9:23:16 PM
Error Type: Unknown Error (Error #32)
Error String: Module 'imagick' already loaded
Error File: Unknown
Error Line: 0
====================================================================
====================================================================
Time Encountered: July 26, 2019, 9:24:58 PM
Error Type: Unknown Error (Error #32)
Error String: Module 'imagick' already loaded
Error File: Unknown
Error Line: 0
====================================================================
====================================================================
Time Encountered: July 26, 2019, 9:29:17 PM
Error Type: Unknown Error (Error #32)
Error String: Module 'imagick' already loaded
Error File: Unknown
Error Line: 0
====================================================================
====================================================================
Time Encountered: July 26, 2019, 9:33:05 PM
Error Type: Unknown Error (Error #32)
Error String: Module 'imagick' already loaded
Error File: Unknown
Error Line: 0
====================================================================
====================================================================
Time Encountered: July 26, 2019, 9:35:01 PM
Error Type: User Error (Error #256)
Error String: mmhclass->image->is_image(): image does not exist. (/home/redhue/public_html/images/2i2z2/6199_3_fap3_thumb.jpg)
Error File: /home/redhue/public_html/source/includes/imagemagick.php
Error Line: 81
====================================================================
====================================================================
Time Encountered: July 26, 2019, 9:35:01 PM
Error Type: Unknown Error (Error #32)
Error String: Module 'imagick' already loaded
Error File: Unknown
Error Line: 0
====================================================================
====================================================================
Time Encountered: July 26, 2019, 9:45:01 PM
Error Type: Unknown Error (Error #32)
Error String: Module 'imagick' already loaded
Error File: Unknown
Error Line: 0
====================================================================
====================================================================
Time Encountered: July 26, 2019, 9:47:30 PM
Error Type: Unknown Error (Error #32)
Error String: Module 'imagick' already loaded
Error File: Unknown
Error Line: 0
====================================================================
====================================================================
Time Encountered: July 26, 2019, 9:51:09 PM
Error Type: Unknown Error (Error #32)
Error String: Module 'imagick' already loaded
Error File: Unknown
Error Line: 0
====================================================================
====================================================================
Time Encountered: July 26, 2019, 9:54:17 PM
Error Type: Unknown Error (Error #32)
Error String: Module 'imagick' already loaded
Error File: Unknown
Error Line: 0
====================================================================
====================================================================
Time Encountered: July 26, 2019, 9:56:53 PM
Error Type: Unknown Error (Error #32)
Error String: Module 'imagick' already loaded
Error File: Unknown
Error Line: 0
====================================================================
====================================================================
Time Encountered: July 26, 2019, 10:02:38 PM
Error Type: Unknown Error (Error #32)
Error String: Module 'imagick' already loaded
Error File: Unknown
Error Line: 0
====================================================================
====================================================================
Time Encountered: July 26, 2019, 10:02:39 PM
Error Type: Unknown Error (Error #32)
Error String: Module 'imagick' already loaded
Error File: Unknown
Error Line: 0
====================================================================
====================================================================
Time Encountered: July 26, 2019, 10:03:53 PM
Error Type: Unknown Error (Error #32)
Error String: Module 'imagick' already loaded
Error File: Unknown
Error Line: 0
====================================================================
====================================================================
Time Encountered: July 26, 2019, 10:08:59 PM
Error Type: Unknown Error (Error #32)
Error String: Module 'imagick' already loaded
Error File: Unknown
Error Line: 0
====================================================================
====================================================================
Time Encountered: July 26, 2019, 10:10:34 PM
Error Type: User Error (Error #256)
Error String: mmhclass->image->is_image(): image does not exist. (/home/redhue/public_html/images/2i2z2/6199_3_fap3_thumb.jpg)
Error File: /home/redhue/public_html/source/includes/imagemagick.php
Error Line: 81
====================================================================
====================================================================
Time Encountered: July 26, 2019, 10:10:34 PM
Error Type: Unknown Error (Error #32)
Error String: Module 'imagick' already loaded
Error File: Unknown
Error Line: 0
====================================================================
====================================================================
Time Encountered: July 26, 2019, 10:12:47 PM
Error Type: Unknown Error (Error #32)
Error String: Module 'imagick' already loaded
Error File: Unknown
Error Line: 0
====================================================================
====================================================================
Time Encountered: July 26, 2019, 10:15:40 PM
Error Type: Unknown Error (Error #32)
Error String: Module 'imagick' already loaded
Error File: Unknown
Error Line: 0
====================================================================
====================================================================
Time Encountered: July 26, 2019, 10:20:35 PM
Error Type: Unknown Error (Error #32)
Error String: Module 'imagick' already loaded
Error File: Unknown
Error Line: 0
====================================================================
====================================================================
Time Encountered: July 26, 2019, 10:21:05 PM
Error Type: Unknown Error (Error #32)
Error String: Module 'imagick' already loaded
Error File: Unknown
Error Line: 0
====================================================================
====================================================================
Time Encountered: July 26, 2019, 10:29:26 PM
Error Type: Unknown Error (Error #32)
Error String: Module 'imagick' already loaded
Error File: Unknown
Error Line: 0
====================================================================
====================================================================
Time Encountered: July 26, 2019, 10:32:51 PM
Error Type: Unknown Error (Error #32)
Error String: Module 'imagick' already loaded
Error File: Unknown
Error Line: 0
====================================================================
====================================================================
Time Encountered: July 26, 2019, 10:41:31 PM
Error Type: Unknown Error (Error #32)
Error String: Module 'imagick' already loaded
Error File: Unknown
Error Line: 0
====================================================================
====================================================================
Time Encountered: July 26, 2019, 10:42:11 PM
Error Type: Unknown Error (Error #32)
Error String: Module 'imagick' already loaded
Error File: Unknown
Error Line: 0
====================================================================
====================================================================
Time Encountered: July 26, 2019, 10:53:16 PM
Error Type: Unknown Error (Error #32)
Error String: Module 'imagick' already loaded
Error File: Unknown
Error Line: 0
====================================================================
====================================================================
Time Encountered: July 26, 2019, 10:59:04 PM
Error Type: Unknown Error (Error #32)
Error String: Module 'imagick' already loaded
Error File: Unknown
Error Line: 0
====================================================================
====================================================================
Time Encountered: July 26, 2019, 11:05:11 PM
Error Type: Unknown Error (Error #32)
Error String: Module 'imagick' already loaded
Error File: Unknown
Error Line: 0
====================================================================
====================================================================
Time Encountered: July 26, 2019, 11:06:02 PM
Error Type: Unknown Error (Error #32)
Error String: Module 'imagick' already loaded
Error File: Unknown
Error Line: 0
====================================================================
====================================================================
Time Encountered: July 26, 2019, 11:07:05 PM
Error Type: Unknown Error (Error #32)
Error String: Module 'imagick' already loaded
Error File: Unknown
Error Line: 0
====================================================================
====================================================================
Time Encountered: July 26, 2019, 11:08:03 PM
Error Type: Unknown Error (Error #32)
Error String: Module 'imagick' already loaded
Error File: Unknown
Error Line: 0
====================================================================
====================================================================
Time Encountered: July 26, 2019, 11:16:40 PM
Error Type: Unknown Error (Error #32)
Error String: Module 'imagick' already loaded
Error File: Unknown
Error Line: 0
====================================================================
====================================================================
Time Encountered: July 26, 2019, 11:17:05 PM
Error Type: Unknown Error (Error #32)
Error String: Module 'imagick' already loaded
Error File: Unknown
Error Line: 0
====================================================================
====================================================================
Time Encountered: July 26, 2019, 11:20:35 PM
Error Type: Unknown Error (Error #32)
Error String: Module 'imagick' already loaded
Error File: Unknown
Error Line: 0
====================================================================
====================================================================
Time Encountered: July 26, 2019, 11:22:41 PM
Error Type: Unknown Error (Error #32)
Error String: Module 'imagick' already loaded
Error File: Unknown
Error Line: 0
====================================================================
====================================================================
Time Encountered: July 26, 2019, 11:26:42 PM
Error Type: Unknown Error (Error #32)
Error String: Module 'imagick' already loaded
Error File: Unknown
Error Line: 0
====================================================================
