====================================================================
Time Encountered: August 23, 2018, 12:53:02 AM
Error Type: User Error (Error #256)
Error String: mmhclass->image->is_image(): image does not exist. (/home/redhue/public_html/redup.ir/images/1770_img_ebho.jpg)
Error File: /home/redhue/public_html/redup.ir/source/includes/imagemagick.php
Error Line: 81
====================================================================
====================================================================
Time Encountered: August 23, 2018, 1:10:39 AM
Error Type: User Error (Error #256)
Error String: mmhclass->image->is_image(): image does not exist. (/home/redhue/public_html/redup.ir/images/1358_codeboxlogo_lgpj.png)
Error File: /home/redhue/public_html/redup.ir/source/includes/imagemagick.php
Error Line: 81
====================================================================
====================================================================
Time Encountered: August 23, 2018, 2:22:21 AM
Error Type: User Error (Error #256)
Error String: mmhclass->image->is_image(): image does not exist. (/home/redhue/public_html/redup.ir/images/7666_1072759b_yj9g.jpg)
Error File: /home/redhue/public_html/redup.ir/source/includes/imagemagick.php
Error Line: 81
====================================================================
====================================================================
Time Encountered: August 23, 2018, 4:36:30 AM
Error Type: User Error (Error #256)
Error String: mmhclass->image->is_image(): image does not exist. (/home/redhue/public_html/redup.ir/images/2803_img_g2xt.jpg)
Error File: /home/redhue/public_html/redup.ir/source/includes/imagemagick.php
Error Line: 81
====================================================================
====================================================================
Time Encountered: August 23, 2018, 5:08:47 AM
Error Type: User Error (Error #256)
Error String: mmhclass->image->is_image(): image does not exist. (/home/redhue/public_html/redup.ir/images/3338_img_0g95.jpg)
Error File: /home/redhue/public_html/redup.ir/source/includes/imagemagick.php
Error Line: 81
====================================================================
====================================================================
Time Encountered: August 23, 2018, 6:27:30 AM
Error Type: User Error (Error #256)
Error String: mmhclass->image->is_image(): image does not exist. (/home/redhue/public_html/redup.ir/images/f8wtg/9548_photo_2017_12_29_20_59_28_ywoa_thumb.png)
Error File: /home/redhue/public_html/redup.ir/source/includes/imagemagick.php
Error Line: 81
====================================================================
====================================================================
Time Encountered: August 23, 2018, 9:24:16 AM
Error Type: User Error (Error #256)
Error String: mmhclass->image->is_image(): image does not exist. (/home/redhue/public_html/redup.ir/images/o5m4s/4891_walk_alone_h7yt_thumb.png)
Error File: /home/redhue/public_html/redup.ir/source/includes/imagemagick.php
Error Line: 81
====================================================================
====================================================================
Time Encountered: August 23, 2018, 12:38:16 PM
Error Type: User Error (Error #256)
Error String: mmhclass->image->is_image(): image does not exist. (/home/redhue/public_html/redup.ir/images/8283_img_f5i0.jpg)
Error File: /home/redhue/public_html/redup.ir/source/includes/imagemagick.php
Error Line: 81
====================================================================
====================================================================
Time Encountered: August 23, 2018, 3:13:46 PM
Error Type: User Error (Error #256)
Error String: mmhclass->image->is_image(): image does not exist. (/home/redhue/public_html/redup.ir/images/deprt/7113_gopher_tortoise_04.jpeg.653x0_q80_crop_smart_pa3r_thumb.png)
Error File: /home/redhue/public_html/redup.ir/source/includes/imagemagick.php
Error Line: 81
====================================================================
====================================================================
Time Encountered: August 23, 2018, 3:16:59 PM
Error Type: User Error (Error #256)
Error String: mmhclass->image->is_image(): image does not exist. (/home/redhue/public_html/redup.ir/images/f8wtg/9548_photo_2017_12_29_20_59_28_ywoa_thumb.png)
Error File: /home/redhue/public_html/redup.ir/source/includes/imagemagick.php
Error Line: 81
====================================================================
====================================================================
Time Encountered: August 23, 2018, 5:28:05 PM
Error Type: User Error (Error #256)
Error String: mmhclass->image->is_image(): image does not exist. (/home/redhue/public_html/redup.ir/images/qj6jo/0627_photo_2017_09_12_13_22_25_456h_thumb.png)
Error File: /home/redhue/public_html/redup.ir/source/includes/imagemagick.php
Error Line: 81
====================================================================
====================================================================
Time Encountered: August 23, 2018, 5:42:25 PM
Error Type: User Error (Error #256)
Error String: mmhclass->image->is_image(): image does not exist. (/home/redhue/public_html/redup.ir/images/qj6jo/0627_photo_2017_09_12_13_22_25_456h_thumb.png)
Error File: /home/redhue/public_html/redup.ir/source/includes/imagemagick.php
Error Line: 81
====================================================================
====================================================================
Time Encountered: August 23, 2018, 5:56:22 PM
Error Type: User Error (Error #256)
Error String: mmhclass->image->is_image(): image does not exist. (/home/redhue/public_html/redup.ir/images/qj6jo/0627_photo_2017_09_12_13_22_25_456h_thumb.png)
Error File: /home/redhue/public_html/redup.ir/source/includes/imagemagick.php
Error Line: 81
====================================================================
====================================================================
Time Encountered: August 23, 2018, 6:11:03 PM
Error Type: User Error (Error #256)
Error String: mmhclass->image->is_image(): image does not exist. (/home/redhue/public_html/redup.ir/images/qj6jo/0627_photo_2017_09_12_13_22_25_456h_thumb.png)
Error File: /home/redhue/public_html/redup.ir/source/includes/imagemagick.php
Error Line: 81
====================================================================
====================================================================
Time Encountered: August 23, 2018, 11:28:35 PM
Error Type: User Error (Error #256)
Error String: mmhclass->image->is_image(): image does not exist. (/home/redhue/public_html/redup.ir/images/8283_img_f5i0.jpg)
Error File: /home/redhue/public_html/redup.ir/source/includes/imagemagick.php
Error Line: 81
====================================================================
====================================================================
Time Encountered: August 23, 2018, 11:40:42 PM
Error Type: User Error (Error #256)
Error String: mmhclass->image->is_image(): image does not exist. (/home/redhue/public_html/redup.ir/images/7666_1072759b_yj9g.jpg)
Error File: /home/redhue/public_html/redup.ir/source/includes/imagemagick.php
Error Line: 81
====================================================================
====================================================================
Time Encountered: August 23, 2018, 11:41:58 PM
Error Type: User Error (Error #256)
Error String: mmhclass->image->is_image(): image does not exist. (/home/redhue/public_html/redup.ir/images/deprt/7113_gopher_tortoise_04.jpeg.653x0_q80_crop_smart_pa3r_thumb.png)
Error File: /home/redhue/public_html/redup.ir/source/includes/imagemagick.php
Error Line: 81
====================================================================
