====================================================================
Time Encountered: August 20, 2018, 6:01:53 AM
Error Type: User Error (Error #256)
Error String: mmhclass->image->is_image(): image does not exist. (/home/redhue/public_html/redup.ir/images/qj6jo/0627_photo_2017_09_12_13_22_25_456h_thumb.png)
Error File: /home/redhue/public_html/redup.ir/source/includes/imagemagick.php
Error Line: 81
====================================================================
====================================================================
Time Encountered: August 20, 2018, 8:37:59 AM
Error Type: User Error (Error #256)
Error String: mmhclass->image->is_image(): image does not exist. (/home/redhue/public_html/redup.ir/images/8283_img_f5i0.jpg)
Error File: /home/redhue/public_html/redup.ir/source/includes/imagemagick.php
Error Line: 81
====================================================================
====================================================================
Time Encountered: August 20, 2018, 9:08:01 AM
Error Type: User Error (Error #256)
Error String: mmhclass->image->is_image(): image does not exist. (/home/redhue/public_html/redup.ir/images/1770_img_ebho.jpg)
Error File: /home/redhue/public_html/redup.ir/source/includes/imagemagick.php
Error Line: 81
====================================================================
====================================================================
Time Encountered: August 20, 2018, 12:00:02 PM
Error Type: User Error (Error #256)
Error String: mmhclass->image->is_image(): image does not exist. (/home/redhue/public_html/redup.ir/images/jgkv2/3076_crisis_30_575x323_1__3eaz_thumb.png)
Error File: /home/redhue/public_html/redup.ir/source/includes/imagemagick.php
Error Line: 81
====================================================================
====================================================================
Time Encountered: August 20, 2018, 2:08:59 PM
Error Type: User Error (Error #256)
Error String: mmhclass->image->is_image(): image does not exist. (/home/redhue/public_html/redup.ir/images/7666_1072759b_yj9g.jpg)
Error File: /home/redhue/public_html/redup.ir/source/includes/imagemagick.php
Error Line: 81
====================================================================
====================================================================
Time Encountered: August 20, 2018, 2:23:14 PM
Error Type: User Error (Error #256)
Error String: mmhclass->image->is_image(): image does not exist. (/home/redhue/public_html/redup.ir/images/3338_img_0g95.jpg)
Error File: /home/redhue/public_html/redup.ir/source/includes/imagemagick.php
Error Line: 81
====================================================================
====================================================================
Time Encountered: August 20, 2018, 3:52:06 PM
Error Type: User Error (Error #256)
Error String: mmhclass->image->is_image(): image does not exist. (/home/redhue/public_html/redup.ir/images/9745_codeboxlogo_jdcb.png)
Error File: /home/redhue/public_html/redup.ir/source/includes/imagemagick.php
Error Line: 81
====================================================================
====================================================================
Time Encountered: August 20, 2018, 4:28:32 PM
Error Type: User Error (Error #256)
Error String: mmhclass->image->is_image(): image does not exist. (/home/redhue/public_html/redup.ir/images/jgkv2/3076_crisis_30_575x323_1__3eaz_thumb.png)
Error File: /home/redhue/public_html/redup.ir/source/includes/imagemagick.php
Error Line: 81
====================================================================
====================================================================
Time Encountered: August 20, 2018, 8:39:18 PM
Error Type: User Error (Error #256)
Error String: mmhclass->image->is_image(): image does not exist. (/home/redhue/public_html/redup.ir/images/2803_img_g2xt.jpg)
Error File: /home/redhue/public_html/redup.ir/source/includes/imagemagick.php
Error Line: 81
====================================================================
====================================================================
Time Encountered: August 20, 2018, 11:37:32 PM
Error Type: User Error (Error #256)
Error String: mmhclass->image->is_image(): image does not exist. (/home/redhue/public_html/redup.ir/images/jgkv2/3076_crisis_30_575x323_1__3eaz_thumb.png)
Error File: /home/redhue/public_html/redup.ir/source/includes/imagemagick.php
Error Line: 81
====================================================================
====================================================================
Time Encountered: August 20, 2018, 11:37:58 PM
Error Type: User Error (Error #256)
Error String: mmhclass->image->is_image(): image does not exist. (/home/redhue/public_html/redup.ir/images/7666_1072759b_yj9g.jpg)
Error File: /home/redhue/public_html/redup.ir/source/includes/imagemagick.php
Error Line: 81
====================================================================
