====================================================================
Time Encountered: September 6, 2018, 4:35:45 AM
Error Type: User Error (Error #256)
Error String: mmhclass->image->is_image(): image does not exist. (/home/redhue/public_html/redup.ir/images/7229_img_sipb.jpg)
Error File: /home/redhue/public_html/redup.ir/source/includes/imagemagick.php
Error Line: 81
====================================================================
====================================================================
Time Encountered: September 6, 2018, 4:36:02 AM
Error Type: User Error (Error #256)
Error String: mmhclass->image->is_image(): image does not exist. (/home/redhue/public_html/redup.ir/images/1358_codeboxlogo_lgpj.png)
Error File: /home/redhue/public_html/redup.ir/source/includes/imagemagick.php
Error Line: 81
====================================================================
====================================================================
Time Encountered: September 6, 2018, 7:51:03 AM
Error Type: User Error (Error #256)
Error String: mmhclass->image->is_image(): image does not exist. (/home/redhue/public_html/redup.ir/images/jgkv2/3076_crisis_30_575x323_1__3eaz_thumb.png)
Error File: /home/redhue/public_html/redup.ir/source/includes/imagemagick.php
Error Line: 81
====================================================================
====================================================================
Time Encountered: September 6, 2018, 2:47:04 PM
Error Type: User Error (Error #256)
Error String: mmhclass->image->is_image(): image does not exist. (/home/redhue/public_html/redup.ir/images/w11x8/6970_photo_2017_12_29_20_59_28_azz0_thumb.png)
Error File: /home/redhue/public_html/redup.ir/source/includes/imagemagick.php
Error Line: 81
====================================================================
====================================================================
Time Encountered: September 6, 2018, 3:37:46 PM
Error Type: User Error (Error #256)
Error String: mmhclass->image->is_image(): image does not exist. (/home/redhue/public_html/redup.ir/images/1358_codeboxlogo_lgpj.png)
Error File: /home/redhue/public_html/redup.ir/source/includes/imagemagick.php
Error Line: 81
====================================================================
====================================================================
Time Encountered: September 6, 2018, 4:42:13 PM
Error Type: User Error (Error #256)
Error String: mmhclass->image->is_image(): image does not exist. (/home/redhue/public_html/redup.ir/images/o5m4s/4891_walk_alone_h7yt_thumb.png)
Error File: /home/redhue/public_html/redup.ir/source/includes/imagemagick.php
Error Line: 81
====================================================================
====================================================================
Time Encountered: September 6, 2018, 7:41:49 PM
Error Type: User Error (Error #256)
Error String: mmhclass->image->is_image(): image does not exist. (/home/redhue/public_html/redup.ir/images/8283_img_f5i0.jpg)
Error File: /home/redhue/public_html/redup.ir/source/includes/imagemagick.php
Error Line: 81
====================================================================
====================================================================
Time Encountered: September 6, 2018, 10:02:21 PM
Error Type: User Error (Error #256)
Error String: mmhclass->image->is_image(): image does not exist. (/home/redhue/public_html/redup.ir/images/qj6jo/0627_photo_2017_09_12_13_22_25_456h_thumb.png)
Error File: /home/redhue/public_html/redup.ir/source/includes/imagemagick.php
Error Line: 81
====================================================================
====================================================================
Time Encountered: September 6, 2018, 10:23:19 PM
Error Type: User Error (Error #256)
Error String: mmhclass->image->is_image(): image does not exist. (/home/redhue/public_html/redup.ir/images/qj6jo/0627_photo_2017_09_12_13_22_25_456h_thumb.png)
Error File: /home/redhue/public_html/redup.ir/source/includes/imagemagick.php
Error Line: 81
====================================================================
====================================================================
Time Encountered: September 6, 2018, 10:41:56 PM
Error Type: User Error (Error #256)
Error String: mmhclass->image->is_image(): image does not exist. (/home/redhue/public_html/redup.ir/images/qj6jo/0627_photo_2017_09_12_13_22_25_456h_thumb.png)
Error File: /home/redhue/public_html/redup.ir/source/includes/imagemagick.php
Error Line: 81
====================================================================
====================================================================
Time Encountered: September 6, 2018, 11:03:55 PM
Error Type: User Error (Error #256)
Error String: mmhclass->image->is_image(): image does not exist. (/home/redhue/public_html/redup.ir/images/qj6jo/0627_photo_2017_09_12_13_22_25_456h_thumb.png)
Error File: /home/redhue/public_html/redup.ir/source/includes/imagemagick.php
Error Line: 81
====================================================================
====================================================================
Time Encountered: September 6, 2018, 11:32:09 PM
Error Type: User Error (Error #256)
Error String: mmhclass->image->is_image(): image does not exist. (/home/redhue/public_html/redup.ir/images/snkbm/3532_god_mv3d_thumb.png)
Error File: /home/redhue/public_html/redup.ir/source/includes/imagemagick.php
Error Line: 81
====================================================================
