====================================================================

 Query Executed:  

 Time Encountered: July 20, 2018, 7:58:10 AM 

 URL Location: https://redup.ir/users.php 

 IP Address: 54.36.149.73 

 Error: Too many connections 

 Error Number: 1040 
====================================================================
====================================================================

 Query Executed:  

 Time Encountered: July 20, 2018, 8:08:28 AM 

 URL Location: https://redup.ir/links.php 

 IP Address: 54.36.148.165 

 Error: Too many connections 

 Error Number: 1040 
====================================================================
====================================================================

 Query Executed:  

 Time Encountered: July 20, 2018, 8:08:56 AM 

 URL Location: http://redup.ir/img.php 

 IP Address: 54.36.149.47 

 Error: Too many connections 

 Error Number: 1040 
====================================================================
====================================================================

 Query Executed:  

 Time Encountered: July 20, 2018, 8:09:55 AM 

 URL Location: http://redup.ir/viewer.php 

 IP Address: 54.36.148.128 

 Error: Too many connections 

 Error Number: 1040 
====================================================================
