====================================================================

 Query Executed: SELECT * FROM `mmh_file_storage` WHERE `filename` = '3286_1_1__jddz.png' LIMIT 1; 

 Time Encountered: November 8, 2019, 1:00:07 AM 

 URL Location: http://www.itcenter.ir/viewer.php 

 IP Address: 216.244.66.250 

 Error: MySQL server has gone away 

 Error Number: 2006 
====================================================================
====================================================================

 Query Executed:  

 Time Encountered: November 8, 2019, 3:23:11 AM 

 URL Location: https://ns1.oxindata.com/viewer.php 

 IP Address: 54.36.149.105 

 Error: Connection refused 

 Error Number: 2002 
====================================================================
====================================================================

 Query Executed:  

 Time Encountered: November 8, 2019, 3:23:11 AM 

 URL Location: http://40movies.ir/index.php 

 IP Address: 46.229.168.148 

 Error: Connection refused 

 Error Number: 2002 
====================================================================
====================================================================

 Query Executed:  

 Time Encountered: November 8, 2019, 5:00:06 AM 

 URL Location: https://ns2.oxindata.com/viewer.php 

 IP Address: 54.36.148.24 

 Error: Connection refused 

 Error Number: 2002 
====================================================================
====================================================================

 Query Executed:  

 Time Encountered: November 8, 2019, 5:00:19 AM 

 URL Location: http://redup.ir/contact.php 

 IP Address: 46.229.168.133 

 Error: Connection refused 

 Error Number: 2002 
====================================================================
====================================================================

 Query Executed:  

 Time Encountered: November 8, 2019, 5:56:57 AM 

 URL Location: http://40movies.ir/index.php 

 IP Address: 46.229.168.134 

 Error: MySQL server has gone away 

 Error Number: 2006 
====================================================================
====================================================================

 Query Executed:  

 Time Encountered: November 8, 2019, 5:57:00 AM 

 URL Location: https://ns2.oxindata.com/img.php 

 IP Address: 54.36.150.144 

 Error: Connection refused 

 Error Number: 2002 
====================================================================
====================================================================

 Query Executed:  

 Time Encountered: November 8, 2019, 9:00:07 AM 

 URL Location: http://40movies.ir/index.php 

 IP Address: 46.229.168.147 

 Error: MySQL server has gone away 

 Error Number: 2006 
====================================================================
====================================================================

 Query Executed:  

 Time Encountered: November 8, 2019, 12:41:29 PM 

 URL Location: https://www.serverbid.ir/download.php 

 IP Address: 54.36.148.200 

 Error: Connection refused 

 Error Number: 2002 
====================================================================
====================================================================

 Query Executed:  

 Time Encountered: November 8, 2019, 1:00:17 PM 

 URL Location: https://ns2.oxindata.com/img.php 

 IP Address: 54.36.148.59 

 Error: Connection refused 

 Error Number: 2002 
====================================================================
====================================================================

 Query Executed:  

 Time Encountered: November 8, 2019, 2:01:22 PM 

 URL Location: http://40movies.ir/index.php 

 IP Address: 216.244.66.227 

 Error: MySQL server has gone away 

 Error Number: 2006 
====================================================================
====================================================================

 Query Executed:  

 Time Encountered: November 8, 2019, 2:01:23 PM 

 URL Location: http://ip215.ip-5-196-98.eu/contact.php 

 IP Address: 54.36.150.94 

 Error: Connection refused 

 Error Number: 2002 
====================================================================
====================================================================

 Query Executed:  

 Time Encountered: November 8, 2019, 2:01:24 PM 

 URL Location: http://40movies.ir/index.php 

 IP Address: 216.244.66.227 

 Error: Connection refused 

 Error Number: 2002 
====================================================================
====================================================================

 Query Executed:  

 Time Encountered: November 8, 2019, 2:01:27 PM 

 URL Location: http://40movies.ir/index.php 

 IP Address: 216.244.66.227 

 Error: Connection refused 

 Error Number: 2002 
====================================================================
====================================================================

 Query Executed:  

 Time Encountered: November 8, 2019, 2:01:27 PM 

 URL Location: http://40movies.ir/index.php 

 IP Address: 216.244.66.227 

 Error: Connection refused 

 Error Number: 2002 
====================================================================
====================================================================

 Query Executed:  

 Time Encountered: November 8, 2019, 2:01:29 PM 

 URL Location: http://40movies.ir/index.php 

 IP Address: 216.244.66.227 

 Error: Connection refused 

 Error Number: 2002 
====================================================================
====================================================================

 Query Executed:  

 Time Encountered: November 8, 2019, 2:01:29 PM 

 URL Location: http://40movies.ir/index.php 

 IP Address: 46.229.168.141 

 Error: Connection refused 

 Error Number: 2002 
====================================================================
====================================================================

 Query Executed:  

 Time Encountered: November 8, 2019, 3:22:24 PM 

 URL Location: http://40movies.ir/index.php 

 IP Address: 46.229.168.139 

 Error: Connection refused 

 Error Number: 2002 
====================================================================
====================================================================

 Query Executed:  

 Time Encountered: November 8, 2019, 3:22:24 PM 

 URL Location: http://www.caroosha.com/img.php 

 IP Address: 54.36.148.86 

 Error: Connection refused 

 Error Number: 2002 
====================================================================
====================================================================

 Query Executed:  

 Time Encountered: November 8, 2019, 3:22:37 PM 

 URL Location: http://40movies.ir/index.php 

 IP Address: 216.244.66.227 

 Error: Connection refused 

 Error Number: 2002 
====================================================================
====================================================================

 Query Executed:  

 Time Encountered: November 8, 2019, 3:22:37 PM 

 URL Location: http://40movies.ir/index.php 

 IP Address: 216.244.66.227 

 Error: Connection refused 

 Error Number: 2002 
====================================================================
====================================================================

 Query Executed:  

 Time Encountered: November 8, 2019, 5:00:07 PM 

 URL Location: http://40movies.ir/index.php 

 IP Address: 216.244.66.227 

 Error: MySQL server has gone away 

 Error Number: 2006 
====================================================================
====================================================================

 Query Executed:  

 Time Encountered: November 8, 2019, 5:00:07 PM 

 URL Location: http://40movies.ir/index.php 

 IP Address: 216.244.66.227 

 Error: MySQL server has gone away 

 Error Number: 2006 
====================================================================
====================================================================

 Query Executed:  

 Time Encountered: November 8, 2019, 5:00:07 PM 

 URL Location: http://40movies.ir/index.php 

 IP Address: 216.244.66.227 

 Error: MySQL server has gone away 

 Error Number: 2006 
====================================================================
====================================================================

 Query Executed:  

 Time Encountered: November 8, 2019, 5:00:10 PM 

 URL Location: http://40movies.ir/index.php 

 IP Address: 216.244.66.227 

 Error: Connection refused 

 Error Number: 2002 
====================================================================
====================================================================

 Query Executed:  

 Time Encountered: November 8, 2019, 5:00:12 PM 

 URL Location: http://40movies.ir/index.php 

 IP Address: 216.244.66.227 

 Error: Connection refused 

 Error Number: 2002 
====================================================================
====================================================================

 Query Executed:  

 Time Encountered: November 8, 2019, 5:00:12 PM 

 URL Location: http://40movies.ir/index.php 

 IP Address: 216.244.66.227 

 Error: Connection refused 

 Error Number: 2002 
====================================================================
====================================================================

 Query Executed:  

 Time Encountered: November 8, 2019, 5:00:12 PM 

 URL Location: http://40movies.ir/index.php 

 IP Address: 216.244.66.227 

 Error: Connection refused 

 Error Number: 2002 
====================================================================
====================================================================

 Query Executed:  

 Time Encountered: November 8, 2019, 5:00:12 PM 

 URL Location: http://40movies.ir/index.php 

 IP Address: 216.244.66.227 

 Error: Connection refused 

 Error Number: 2002 
====================================================================
====================================================================

 Query Executed:  

 Time Encountered: November 8, 2019, 6:14:42 PM 

 URL Location: http://40movies.ir/index.php 

 IP Address: 46.229.168.143 

 Error: MySQL server has gone away 

 Error Number: 2006 
====================================================================
====================================================================

 Query Executed:  

 Time Encountered: November 8, 2019, 6:14:42 PM 

 URL Location: https://ip215.ip-5-196-98.eu/img.php 

 IP Address: 54.36.148.250 

 Error: Connection refused 

 Error Number: 2002 
====================================================================
====================================================================

 Query Executed:  

 Time Encountered: November 8, 2019, 9:00:13 PM 

 URL Location: http://40movies.ir/index.php 

 IP Address: 216.244.66.227 

 Error: Connection refused 

 Error Number: 2002 
====================================================================
====================================================================

 Query Executed:  

 Time Encountered: November 8, 2019, 9:00:14 PM 

 URL Location: http://40movies.ir/index.php 

 IP Address: 216.244.66.227 

 Error: Connection refused 

 Error Number: 2002 
====================================================================
====================================================================

 Query Executed:  

 Time Encountered: November 8, 2019, 9:00:14 PM 

 URL Location: http://40movies.ir/index.php 

 IP Address: 216.244.66.227 

 Error: Connection refused 

 Error Number: 2002 
====================================================================
====================================================================

 Query Executed:  

 Time Encountered: November 8, 2019, 9:00:15 PM 

 URL Location: http://40movies.ir/index.php 

 IP Address: 216.244.66.227 

 Error: No such file or directory 

 Error Number: 2002 
====================================================================
====================================================================

 Query Executed:  

 Time Encountered: November 8, 2019, 9:00:15 PM 

 URL Location: http://40movies.ir/index.php 

 IP Address: 216.244.66.227 

 Error: No such file or directory 

 Error Number: 2002 
====================================================================
====================================================================

 Query Executed:  

 Time Encountered: November 8, 2019, 9:00:15 PM 

 URL Location: http://40movies.ir/index.php 

 IP Address: 216.244.66.227 

 Error: No such file or directory 

 Error Number: 2002 
====================================================================
====================================================================

 Query Executed:  

 Time Encountered: November 8, 2019, 9:00:15 PM 

 URL Location: http://40movies.ir/index.php 

 IP Address: 216.244.66.227 

 Error: No such file or directory 

 Error Number: 2002 
====================================================================
====================================================================

 Query Executed:  

 Time Encountered: November 8, 2019, 9:00:16 PM 

 URL Location: http://40movies.ir/index.php 

 IP Address: 216.244.66.227 

 Error: No such file or directory 

 Error Number: 2002 
====================================================================
====================================================================

 Query Executed:  

 Time Encountered: November 8, 2019, 9:00:16 PM 

 URL Location: http://40movies.ir/index.php 

 IP Address: 216.244.66.227 

 Error: No such file or directory 

 Error Number: 2002 
====================================================================
====================================================================

 Query Executed:  

 Time Encountered: November 8, 2019, 9:00:16 PM 

 URL Location: http://40movies.ir/index.php 

 IP Address: 216.244.66.227 

 Error: No such file or directory 

 Error Number: 2002 
====================================================================
====================================================================

 Query Executed:  

 Time Encountered: November 8, 2019, 9:00:16 PM 

 URL Location: http://40movies.ir/index.php 

 IP Address: 216.244.66.227 

 Error: No such file or directory 

 Error Number: 2002 
====================================================================
====================================================================

 Query Executed:  

 Time Encountered: November 8, 2019, 9:03:19 PM 

 URL Location: http://40movies.ir/index.php 

 IP Address: 46.229.168.129 

 Error: MySQL server has gone away 

 Error Number: 2006 
====================================================================
====================================================================

 Query Executed:  

 Time Encountered: November 8, 2019, 10:26:21 PM 

 URL Location: https://ip215.ip-5-196-98.eu/viewer.php 

 IP Address: 54.36.148.251 

 Error: Connection refused 

 Error Number: 2002 
====================================================================
