====================================================================

 Query Executed:  

 Time Encountered: November 11, 2019, 12:25:24 AM 

 URL Location: http://40movies.ir/index.php 

 IP Address: 46.229.168.153 

 Error: MySQL server has gone away 

 Error Number: 2006 
====================================================================
====================================================================

 Query Executed:  

 Time Encountered: November 11, 2019, 1:00:09 AM 

 URL Location: http://40movies.ir/index.php 

 IP Address: 46.229.168.163 

 Error: Connection refused 

 Error Number: 2002 
====================================================================
====================================================================

 Query Executed:  

 Time Encountered: November 11, 2019, 5:00:05 AM 

 URL Location: http://40movies.ir/index.php 

 IP Address: 46.229.168.137 

 Error: MySQL server has gone away 

 Error Number: 2006 
====================================================================
====================================================================

 Query Executed:  

 Time Encountered: November 11, 2019, 5:44:42 AM 

 URL Location: http://40movies.ir/index.php 

 IP Address: 46.229.168.133 

 Error: Connection refused 

 Error Number: 2002 
====================================================================
====================================================================

 Query Executed:  

 Time Encountered: November 11, 2019, 8:32:26 AM 

 URL Location: http://40movies.ir/index.php 

 IP Address: 46.229.168.132 

 Error: Connection refused 

 Error Number: 2002 
====================================================================
====================================================================

 Query Executed:  

 Time Encountered: November 11, 2019, 8:32:27 AM 

 URL Location: http://itcenter.ir/links.php 

 IP Address: 54.36.149.16 

 Error: Connection refused 

 Error Number: 2002 
====================================================================
====================================================================

 Query Executed:  

 Time Encountered: November 11, 2019, 9:00:17 AM 

 URL Location: http://ns3.codebox.xyz/links.php 

 IP Address: 54.36.150.148 

 Error: Connection refused 

 Error Number: 2002 
====================================================================
====================================================================

 Query Executed:  

 Time Encountered: November 11, 2019, 9:53:42 AM 

 URL Location: http://40movies.ir/contact.php 

 IP Address: 54.36.150.53 

 Error: Connection refused 

 Error Number: 2002 
====================================================================
====================================================================

 Query Executed:  

 Time Encountered: November 11, 2019, 10:29:51 AM 

 URL Location: http://itcenter.ir/contact.php 

 IP Address: 54.36.150.107 

 Error: MySQL server has gone away 

 Error Number: 2006 
====================================================================
====================================================================

 Query Executed:  

 Time Encountered: November 11, 2019, 1:00:07 PM 

 URL Location: http://40movies.ir/index.php 

 IP Address: 46.229.168.133 

 Error: Connection refused 

 Error Number: 2002 
====================================================================
====================================================================

 Query Executed:  

 Time Encountered: November 11, 2019, 5:00:22 PM 

 URL Location: https://redup.ir/contact.php 

 IP Address: 46.229.168.162 

 Error: MySQL server has gone away 

 Error Number: 2006 
====================================================================
====================================================================

 Query Executed:  

 Time Encountered: November 11, 2019, 9:00:14 PM 

 URL Location: http://iohost.ir/contact.php 

 IP Address: 46.229.168.131 

 Error: MySQL server has gone away 

 Error Number: 2006 
====================================================================
====================================================================

 Query Executed:  

 Time Encountered: November 11, 2019, 9:00:14 PM 

 URL Location: https://itcenter.ir/links.php 

 IP Address: 54.36.150.82 

 Error: MySQL server has gone away 

 Error Number: 2006 
====================================================================
