====================================================================

 Query Executed:  

 Time Encountered: November 18, 2019, 5:00:08 AM 

 URL Location: http://40movies.ir/index.php 

 IP Address: 178.63.13.154 

 Error: MySQL server has gone away 

 Error Number: 2006 
====================================================================
====================================================================

 Query Executed:  

 Time Encountered: November 18, 2019, 5:00:13 AM 

 URL Location: http://iohost.ir/img.php 

 IP Address: 54.36.149.55 

 Error: Connection refused 

 Error Number: 2002 
====================================================================
====================================================================

 Query Executed:  

 Time Encountered: November 18, 2019, 9:00:08 AM 

 URL Location: http://40movies.ir/index.php 

 IP Address: 46.229.168.131 

 Error: MySQL server has gone away 

 Error Number: 2006 
====================================================================
====================================================================

 Query Executed:  

 Time Encountered: November 18, 2019, 9:00:13 AM 

 URL Location: http://redup.ir/img.php 

 IP Address: 216.244.66.238 

 Error: Connection refused 

 Error Number: 2002 
====================================================================
====================================================================

 Query Executed:  

 Time Encountered: November 18, 2019, 9:00:14 AM 

 URL Location: http://redup.ir/img.php 

 IP Address: 216.244.66.238 

 Error: Connection refused 

 Error Number: 2002 
====================================================================
====================================================================

 Query Executed:  

 Time Encountered: November 18, 2019, 1:00:06 PM 

 URL Location: http://40movies.ir/index.php 

 IP Address: 46.229.168.137 

 Error: MySQL server has gone away 

 Error Number: 2006 
====================================================================
====================================================================

 Query Executed:  

 Time Encountered: November 18, 2019, 1:00:10 PM 

 URL Location: http://40movies.ir/index.php 

 IP Address: 46.229.168.146 

 Error: Connection refused 

 Error Number: 2002 
====================================================================
====================================================================

 Query Executed:  

 Time Encountered: November 18, 2019, 9:00:11 PM 

 URL Location: http://40movies.ir/index.php 

 IP Address: 46.229.168.142 

 Error: Connection refused 

 Error Number: 2002 
====================================================================
