====================================================================

 Query Executed:  

 Time Encountered: November 14, 2019, 1:00:15 AM 

 URL Location: http://ns4.codebox.xyz/contact.php 

 IP Address: 54.36.150.35 

 Error: MySQL server has gone away 

 Error Number: 2006 
====================================================================
====================================================================

 Query Executed:  

 Time Encountered: November 14, 2019, 1:00:15 AM 

 URL Location: http://40movies.ir/index.php 

 IP Address: 46.229.168.133 

 Error: MySQL server has gone away 

 Error Number: 2006 
====================================================================
====================================================================

 Query Executed:  

 Time Encountered: November 14, 2019, 2:27:59 AM 

 URL Location: http://www.caroosha.com/contact.php 

 IP Address: 46.229.168.145 

 Error: MySQL server has gone away 

 Error Number: 2006 
====================================================================
====================================================================

 Query Executed:  

 Time Encountered: November 14, 2019, 2:27:59 AM 

 URL Location: http://40movies.ir/index.php 

 IP Address: 46.229.168.153 

 Error: MySQL server has gone away 

 Error Number: 2006 
====================================================================
====================================================================

 Query Executed:  

 Time Encountered: November 14, 2019, 2:28:25 AM 

 URL Location: http://40movies.ir/index.php 

 IP Address: 46.229.168.139 

 Error: Connection refused 

 Error Number: 2002 
====================================================================
====================================================================

 Query Executed:  

 Time Encountered: November 14, 2019, 2:28:27 AM 

 URL Location: http://serverbid.ir/download.php 

 IP Address: 54.36.150.47 

 Error: Connection refused 

 Error Number: 2002 
====================================================================
====================================================================

 Query Executed:  

 Time Encountered: November 14, 2019, 5:00:08 AM 

 URL Location: http://40movies.ir/index.php 

 IP Address: 46.229.168.131 

 Error: Connection refused 

 Error Number: 2002 
====================================================================
====================================================================

 Query Executed:  

 Time Encountered: November 14, 2019, 9:00:14 AM 

 URL Location: http://40movies.ir/index.php 

 IP Address: 185.130.78.70 

 Error: MySQL server has gone away 

 Error Number: 2006 
====================================================================
====================================================================

 Query Executed:  

 Time Encountered: November 14, 2019, 9:00:18 AM 

 URL Location: http://40movies.ir/index.php 

 IP Address: 185.130.77.116 

 Error: Connection refused 

 Error Number: 2002 
====================================================================
====================================================================

 Query Executed:  

 Time Encountered: November 14, 2019, 12:27:50 PM 

 URL Location: http://www.caroosha.com/links.php 

 IP Address: 54.36.148.88 

 Error: Connection refused 

 Error Number: 2002 
====================================================================
====================================================================

 Query Executed:  

 Time Encountered: November 14, 2019, 5:00:17 PM 

 URL Location: http://40movies.ir/index.php 

 IP Address: 46.229.168.154 

 Error: MySQL server has gone away 

 Error Number: 2006 
====================================================================
====================================================================

 Query Executed:  

 Time Encountered: November 14, 2019, 5:00:17 PM 

 URL Location: https://ns1.codebox.xyz/viewer.php 

 IP Address: 54.36.148.134 

 Error: MySQL server has gone away 

 Error Number: 2006 
====================================================================
====================================================================

 Query Executed:  

 Time Encountered: November 14, 2019, 5:00:19 PM 

 URL Location: http://40movies.ir/index.php 

 IP Address: 46.229.168.129 

 Error: Connection refused 

 Error Number: 2002 
====================================================================
====================================================================

 Query Executed:  

 Time Encountered: November 14, 2019, 6:48:00 PM 

 URL Location: http://40movies.ir/index.php 

 IP Address: 46.229.168.147 

 Error: MySQL server has gone away 

 Error Number: 2006 
====================================================================
====================================================================

 Query Executed:  

 Time Encountered: November 14, 2019, 9:00:08 PM 

 URL Location: http://40movies.ir/contact.php 

 IP Address: 176.9.16.209 

 Error: MySQL server has gone away 

 Error Number: 2006 
====================================================================
====================================================================

 Query Executed:  

 Time Encountered: November 14, 2019, 9:00:08 PM 

 URL Location: http://40movies.ir/index.php 

 IP Address: 46.229.168.142 

 Error: MySQL server has gone away 

 Error Number: 2006 
====================================================================
====================================================================

 Query Executed:  

 Time Encountered: November 14, 2019, 9:00:10 PM 

 URL Location: http://40movies.ir/contact.php 

 IP Address: 176.9.16.209 

 Error: Connection refused 

 Error Number: 2002 
====================================================================
====================================================================

 Query Executed:  

 Time Encountered: November 14, 2019, 9:00:12 PM 

 URL Location: http://40movies.ir/contact.php 

 IP Address: 176.9.16.209 

 Error: Connection refused 

 Error Number: 2002 
====================================================================
====================================================================

 Query Executed:  

 Time Encountered: November 14, 2019, 10:57:49 PM 

 URL Location: http://40movies.ir/index.php 

 IP Address: 46.229.168.137 

 Error: Connection refused 

 Error Number: 2002 
====================================================================
====================================================================

 Query Executed:  

 Time Encountered: November 14, 2019, 10:57:50 PM 

 URL Location: http://40movies.ir/index.php 

 IP Address: 46.229.168.137 

 Error: Connection refused 

 Error Number: 2002 
====================================================================
====================================================================

 Query Executed:  

 Time Encountered: November 14, 2019, 10:57:52 PM 

 URL Location: http://ns3.codebox.xyz/links.php 

 IP Address: 54.36.150.166 

 Error: Connection refused 

 Error Number: 2002 
====================================================================
====================================================================

 Query Executed:  

 Time Encountered: November 14, 2019, 10:58:03 PM 

 URL Location: https://itcenter.ir/viewer.php 

 IP Address: 54.36.150.146 

 Error: Connection refused 

 Error Number: 2002 
====================================================================
