====================================================================

 Query Executed:  

 Time Encountered: November 20, 2019, 1:26:45 AM 

 URL Location: http://40movies.ir/index.php 

 IP Address: 216.244.66.227 

 Error: MySQL server has gone away 

 Error Number: 2006 
====================================================================
====================================================================

 Query Executed:  

 Time Encountered: November 20, 2019, 1:26:45 AM 

 URL Location: http://40movies.ir/index.php 

 IP Address: 46.229.168.151 

 Error: MySQL server has gone away 

 Error Number: 2006 
====================================================================
====================================================================

 Query Executed:  

 Time Encountered: November 20, 2019, 1:26:45 AM 

 URL Location: http://40movies.ir/index.php 

 IP Address: 216.244.66.227 

 Error: MySQL server has gone away 

 Error Number: 2006 
====================================================================
====================================================================

 Query Executed:  

 Time Encountered: November 20, 2019, 1:26:45 AM 

 URL Location: http://40movies.ir/index.php 

 IP Address: 216.244.66.227 

 Error: MySQL server has gone away 

 Error Number: 2006 
====================================================================
====================================================================

 Query Executed:  

 Time Encountered: November 20, 2019, 5:00:12 AM 

 URL Location: http://40movies.ir/index.php 

 IP Address: 46.229.168.144 

 Error: Connection refused 

 Error Number: 2002 
====================================================================
====================================================================

 Query Executed:  

 Time Encountered: November 20, 2019, 9:00:09 AM 

 URL Location: http://40movies.ir/index.php 

 IP Address: 216.244.66.227 

 Error: MySQL server has gone away 

 Error Number: 2006 
====================================================================
====================================================================

 Query Executed:  

 Time Encountered: November 20, 2019, 9:00:09 AM 

 URL Location: http://www.iohost.ir/img.php 

 IP Address: 54.36.150.62 

 Error: MySQL server has gone away 

 Error Number: 2006 
====================================================================
====================================================================

 Query Executed:  

 Time Encountered: November 20, 2019, 9:00:09 AM 

 URL Location: http://40movies.ir/index.php 

 IP Address: 216.244.66.227 

 Error: MySQL server has gone away 

 Error Number: 2006 
====================================================================
====================================================================

 Query Executed:  

 Time Encountered: November 20, 2019, 9:00:09 AM 

 URL Location: http://40movies.ir/index.php 

 IP Address: 216.244.66.227 

 Error: MySQL server has gone away 

 Error Number: 2006 
====================================================================
====================================================================

 Query Executed:  

 Time Encountered: November 20, 2019, 9:00:11 AM 

 URL Location: http://40movies.ir/index.php 

 IP Address: 216.244.66.227 

 Error: Connection refused 

 Error Number: 2002 
====================================================================
====================================================================

 Query Executed:  

 Time Encountered: November 20, 2019, 9:00:11 AM 

 URL Location: http://40movies.ir/index.php 

 IP Address: 216.244.66.227 

 Error: Connection refused 

 Error Number: 2002 
====================================================================
====================================================================

 Query Executed:  

 Time Encountered: November 20, 2019, 9:00:12 AM 

 URL Location: http://40movies.ir/index.php 

 IP Address: 216.244.66.227 

 Error: Connection refused 

 Error Number: 2002 
====================================================================
====================================================================

 Query Executed:  

 Time Encountered: November 20, 2019, 9:00:14 AM 

 URL Location: http://40movies.ir/index.php 

 IP Address: 216.244.66.227 

 Error: Connection refused 

 Error Number: 2002 
====================================================================
====================================================================

 Query Executed:  

 Time Encountered: November 20, 2019, 9:00:14 AM 

 URL Location: http://40movies.ir/index.php 

 IP Address: 216.244.66.227 

 Error: Connection refused 

 Error Number: 2002 
====================================================================
====================================================================

 Query Executed:  

 Time Encountered: November 20, 2019, 9:00:14 AM 

 URL Location: http://40movies.ir/index.php 

 IP Address: 216.244.66.227 

 Error: Connection refused 

 Error Number: 2002 
====================================================================
====================================================================

 Query Executed:  

 Time Encountered: November 20, 2019, 1:00:15 PM 

 URL Location: http://caroosha.com/index.php 

 IP Address: 159.69.74.243 

 Error: Connection refused 

 Error Number: 2002 
====================================================================
====================================================================

 Query Executed:  

 Time Encountered: November 20, 2019, 1:00:19 PM 

 URL Location: https://itcenter.ir/links.php 

 IP Address: 54.36.149.56 

 Error: Connection refused 

 Error Number: 2002 
====================================================================
====================================================================

 Query Executed:  

 Time Encountered: November 20, 2019, 1:00:21 PM 

 URL Location: http://40movies.ir/index.php 

 IP Address: 46.229.168.132 

 Error: Connection refused 

 Error Number: 2002 
====================================================================
====================================================================

 Query Executed:  

 Time Encountered: November 20, 2019, 5:00:08 PM 

 URL Location: http://itcenter.ir/index.php 

 IP Address: 108.59.8.70 

 Error: MySQL server has gone away 

 Error Number: 2006 
====================================================================
====================================================================

 Query Executed:  

 Time Encountered: November 20, 2019, 5:00:11 PM 

 URL Location: http://itcenter.ir/index.php 

 IP Address: 108.59.8.70 

 Error: Connection refused 

 Error Number: 2002 
====================================================================
====================================================================

 Query Executed:  

 Time Encountered: November 20, 2019, 5:00:12 PM 

 URL Location: http://40movies.ir/index.php 

 IP Address: 46.229.168.146 

 Error: Connection refused 

 Error Number: 2002 
====================================================================
====================================================================

 Query Executed:  

 Time Encountered: November 20, 2019, 5:00:13 PM 

 URL Location: http://itcenter.ir/index.php 

 IP Address: 108.59.8.70 

 Error: Connection refused 

 Error Number: 2002 
====================================================================
====================================================================

 Query Executed:  

 Time Encountered: November 20, 2019, 5:00:13 PM 

 URL Location: https://redup.ir/contact.php 

 IP Address: 46.229.168.138 

 Error: Connection refused 

 Error Number: 2002 
====================================================================
====================================================================

 Query Executed:  

 Time Encountered: November 20, 2019, 5:00:14 PM 

 URL Location: http://ns3.codebox.xyz/img.php 

 IP Address: 54.36.149.106 

 Error: Connection refused 

 Error Number: 2002 
====================================================================
====================================================================

 Query Executed:  

 Time Encountered: November 20, 2019, 5:00:15 PM 

 URL Location: http://itcenter.ir/index.php 

 IP Address: 108.59.8.70 

 Error: Connection refused 

 Error Number: 2002 
====================================================================
====================================================================

 Query Executed:  

 Time Encountered: November 20, 2019, 9:00:07 PM 

 URL Location: http://ns2.oxindata.com/img.php 

 IP Address: 54.36.150.0 

 Error: MySQL server has gone away 

 Error Number: 2006 
====================================================================
