====================================================================

 Query Executed:  

 Time Encountered: December 5, 2019, 1:00:13 AM 

 URL Location: http://40movies.ir/index.php 

 IP Address: 46.229.168.134 

 Error: Connection refused 

 Error Number: 2002 
====================================================================
====================================================================

 Query Executed:  

 Time Encountered: December 5, 2019, 1:00:13 AM 

 URL Location: https://redup.ir/contact.php 

 IP Address: 46.229.168.150 

 Error: Connection refused 

 Error Number: 2002 
====================================================================
====================================================================

 Query Executed:  

 Time Encountered: December 5, 2019, 3:00:41 AM 

 URL Location: http://40movies.ir/index.php 

 IP Address: 46.229.168.129 

 Error: Connection refused 

 Error Number: 2002 
====================================================================
====================================================================

 Query Executed:  

 Time Encountered: December 5, 2019, 5:00:06 AM 

 URL Location: http://40movies.ir/index.php 

 IP Address: 46.229.168.152 

 Error: MySQL server has gone away 

 Error Number: 2006 
====================================================================
====================================================================

 Query Executed:  

 Time Encountered: December 5, 2019, 9:00:07 AM 

 URL Location: http://redup.ir/index.php 

 IP Address: 62.210.140.4 

 Error: MySQL server has gone away 

 Error Number: 2006 
====================================================================
====================================================================

 Query Executed:  

 Time Encountered: December 5, 2019, 9:08:45 AM 

 URL Location: http://40movies.ir/index.php 

 IP Address: 46.229.168.162 

 Error: MySQL server has gone away 

 Error Number: 2006 
====================================================================
====================================================================

 Query Executed:  

 Time Encountered: December 5, 2019, 9:08:45 AM 

 URL Location: http://ns2.oxindata.com/links.php 

 IP Address: 216.244.66.200 

 Error: MySQL server has gone away 

 Error Number: 2006 
====================================================================
====================================================================

 Query Executed:  

 Time Encountered: December 5, 2019, 9:08:45 AM 

 URL Location: http://mail.serverbid.ir/viewer.php 

 IP Address: 54.36.150.131 

 Error: MySQL server has gone away 

 Error Number: 2006 
====================================================================
====================================================================

 Query Executed:  

 Time Encountered: December 5, 2019, 9:08:45 AM 

 URL Location: http://40movies.ir/download.php 

 IP Address: 54.36.150.43 

 Error: MySQL server has gone away 

 Error Number: 2006 
====================================================================
====================================================================

 Query Executed:  

 Time Encountered: December 5, 2019, 9:40:15 AM 

 URL Location: http://40movies.ir/index.php 

 IP Address: 46.229.168.153 

 Error: MySQL server has gone away 

 Error Number: 2006 
====================================================================
====================================================================

 Query Executed:  

 Time Encountered: December 5, 2019, 9:40:15 AM 

 URL Location: http://40movies.ir/index.php 

 IP Address: 216.244.66.227 

 Error: MySQL server has gone away 

 Error Number: 2006 
====================================================================
====================================================================

 Query Executed: SELECT * FROM `mmh_file_storage` WHERE `filename` = '9734_google_graveyard_8gzl.png'  LIMIT 1; 

 Time Encountered: December 5, 2019, 9:40:16 AM 

 URL Location: https://ns2.oxindata.com/img.php 

 IP Address: 54.36.148.214 

 Error: MySQL server has gone away 

 Error Number: 2006 
====================================================================
====================================================================

 Query Executed:  

 Time Encountered: December 5, 2019, 9:40:17 AM 

 URL Location: http://40movies.ir/index.php 

 IP Address: 46.229.168.154 

 Error: Connection refused 

 Error Number: 2002 
====================================================================
====================================================================

 Query Executed:  

 Time Encountered: December 5, 2019, 9:40:19 AM 

 URL Location: http://mail.serverbid.ir/gallery.php 

 IP Address: 54.36.150.64 

 Error: Connection refused 

 Error Number: 2002 
====================================================================
====================================================================

 Query Executed:  

 Time Encountered: December 5, 2019, 1:56:09 PM 

 URL Location: http://40movies.ir/index.php 

 IP Address: 46.229.168.163 

 Error: Connection refused 

 Error Number: 2002 
====================================================================
====================================================================

 Query Executed:  

 Time Encountered: December 5, 2019, 1:56:09 PM 

 URL Location: http://itcenter.ir/download.php 

 IP Address: 54.36.150.71 

 Error: Connection refused 

 Error Number: 2002 
====================================================================
====================================================================

 Query Executed:  

 Time Encountered: December 5, 2019, 5:00:11 PM 

 URL Location: http://www.caroosha.com/contact.php 

 IP Address: 46.229.168.163 

 Error: Connection refused 

 Error Number: 2002 
====================================================================
====================================================================

 Query Executed:  

 Time Encountered: December 5, 2019, 5:00:13 PM 

 URL Location: http://40movies.ir/index.php 

 IP Address: 46.229.168.141 

 Error: Connection refused 

 Error Number: 2002 
====================================================================
====================================================================

 Query Executed:  

 Time Encountered: December 5, 2019, 7:26:01 PM 

 URL Location: http://40movies.ir/index.php 

 IP Address: 216.244.66.227 

 Error: MySQL server has gone away 

 Error Number: 2006 
====================================================================
====================================================================

 Query Executed:  

 Time Encountered: December 5, 2019, 7:26:01 PM 

 URL Location: http://40movies.ir/index.php 

 IP Address: 46.229.168.140 

 Error: MySQL server has gone away 

 Error Number: 2006 
====================================================================
====================================================================

 Query Executed:  

 Time Encountered: December 5, 2019, 7:26:03 PM 

 URL Location: http://40movies.ir/index.php 

 IP Address: 46.229.168.129 

 Error: Connection refused 

 Error Number: 2002 
====================================================================
====================================================================

 Query Executed:  

 Time Encountered: December 5, 2019, 9:00:34 PM 

 URL Location: https://redup.ir/contact.php 

 IP Address: 46.229.168.151 

 Error: MySQL server has gone away 

 Error Number: 2006 
====================================================================
