====================================================================

 Query Executed:  

 Time Encountered: December 7, 2019, 1:00:49 AM 

 URL Location: http://40movies.ir/index.php 

 IP Address: 46.229.168.147 

 Error: Connection refused 

 Error Number: 2002 
====================================================================
====================================================================

 Query Executed:  

 Time Encountered: December 7, 2019, 9:00:08 AM 

 URL Location: https://ns3.codebox.xyz/download.php 

 IP Address: 54.36.149.42 

 Error: Connection refused 

 Error Number: 2002 
====================================================================
====================================================================

 Query Executed:  

 Time Encountered: December 7, 2019, 5:00:14 PM 

 URL Location: http://40movies.ir/index.php 

 IP Address: 46.229.168.134 

 Error: Connection refused 

 Error Number: 2002 
====================================================================
====================================================================

 Query Executed:  

 Time Encountered: December 7, 2019, 5:00:23 PM 

 URL Location: http://redup.ir/gallery.php 

 IP Address: 40.77.167.59 

 Error: Connection refused 

 Error Number: 2002 
====================================================================
====================================================================

 Query Executed:  

 Time Encountered: December 7, 2019, 5:00:27 PM 

 URL Location: http://40movies.ir/index.php 

 IP Address: 46.229.168.152 

 Error: Connection refused 

 Error Number: 2002 
====================================================================
====================================================================

 Query Executed:  

 Time Encountered: December 7, 2019, 9:00:35 PM 

 URL Location: http://40movies.ir/index.php 

 IP Address: 216.244.66.227 

 Error: Connection refused 

 Error Number: 2002 
====================================================================
====================================================================

 Query Executed:  

 Time Encountered: December 7, 2019, 9:00:36 PM 

 URL Location: https://mail.iohost.ir/contact.php 

 IP Address: 54.36.150.20 

 Error: Connection refused 

 Error Number: 2002 
====================================================================
====================================================================

 Query Executed:  

 Time Encountered: December 7, 2019, 9:00:36 PM 

 URL Location: http://40movies.ir/index.php 

 IP Address: 216.244.66.227 

 Error: Connection refused 

 Error Number: 2002 
====================================================================
====================================================================

 Query Executed:  

 Time Encountered: December 7, 2019, 9:00:41 PM 

 URL Location: http://40movies.ir/index.php 

 IP Address: 46.229.168.148 

 Error: Connection refused 

 Error Number: 2002 
====================================================================
