====================================================================

 Query Executed:  

 Time Encountered: December 16, 2019, 1:00:38 AM 

 URL Location: http://40movies.ir/index.php 

 IP Address: 164.68.121.239 

 Error: MySQL server has gone away 

 Error Number: 2006 
====================================================================
====================================================================

 Query Executed:  

 Time Encountered: December 16, 2019, 1:00:38 AM 

 URL Location: https://ns2.oxindata.com/download.php 

 IP Address: 54.36.148.13 

 Error: MySQL server has gone away 

 Error Number: 2006 
====================================================================
====================================================================

 Query Executed:  

 Time Encountered: December 16, 2019, 1:00:40 AM 

 URL Location: http://40movies.ir/index.php 

 IP Address: 216.244.66.227 

 Error: Connection refused 

 Error Number: 2002 
====================================================================
====================================================================

 Query Executed:  

 Time Encountered: December 16, 2019, 1:00:41 AM 

 URL Location: http://40movies.ir/index.php 

 IP Address: 216.244.66.227 

 Error: Connection refused 

 Error Number: 2002 
====================================================================
====================================================================

 Query Executed:  

 Time Encountered: December 16, 2019, 1:00:41 AM 

 URL Location: http://40movies.ir/index.php 

 IP Address: 216.244.66.227 

 Error: Connection refused 

 Error Number: 2002 
====================================================================
====================================================================

 Query Executed:  

 Time Encountered: December 16, 2019, 1:00:42 AM 

 URL Location: http://40movies.ir/index.php 

 IP Address: 216.244.66.227 

 Error: Connection refused 

 Error Number: 2002 
====================================================================
====================================================================

 Query Executed:  

 Time Encountered: December 16, 2019, 1:00:43 AM 

 URL Location: http://40movies.ir/index.php 

 IP Address: 216.244.66.227 

 Error: Connection refused 

 Error Number: 2002 
====================================================================
====================================================================

 Query Executed:  

 Time Encountered: December 16, 2019, 1:00:43 AM 

 URL Location: http://40movies.ir/index.php 

 IP Address: 216.244.66.227 

 Error: Connection refused 

 Error Number: 2002 
====================================================================
====================================================================

 Query Executed:  

 Time Encountered: December 16, 2019, 1:00:45 AM 

 URL Location: http://40movies.ir/index.php 

 IP Address: 216.244.66.227 

 Error: Connection refused 

 Error Number: 2002 
====================================================================
====================================================================

 Query Executed:  

 Time Encountered: December 16, 2019, 1:00:45 AM 

 URL Location: http://40movies.ir/index.php 

 IP Address: 216.244.66.227 

 Error: Connection refused 

 Error Number: 2002 
====================================================================
====================================================================

 Query Executed:  

 Time Encountered: December 16, 2019, 1:00:45 AM 

 URL Location: http://40movies.ir/index.php 

 IP Address: 216.244.66.227 

 Error: Connection refused 

 Error Number: 2002 
====================================================================
====================================================================

 Query Executed:  

 Time Encountered: December 16, 2019, 5:00:44 AM 

 URL Location: http://40movies.ir/index.php 

 IP Address: 216.244.66.227 

 Error: MySQL server has gone away 

 Error Number: 2006 
====================================================================
====================================================================

 Query Executed:  

 Time Encountered: December 16, 2019, 5:00:44 AM 

 URL Location: http://40movies.ir/index.php 

 IP Address: 216.244.66.227 

 Error: MySQL server has gone away 

 Error Number: 2006 
====================================================================
====================================================================

 Query Executed:  

 Time Encountered: December 16, 2019, 5:00:44 AM 

 URL Location: http://40movies.ir/index.php 

 IP Address: 216.244.66.227 

 Error: MySQL server has gone away 

 Error Number: 2006 
====================================================================
====================================================================

 Query Executed:  

 Time Encountered: December 16, 2019, 5:01:01 AM 

 URL Location: http://40movies.ir/index.php 

 IP Address: 216.244.66.227 

 Error: Connection refused 

 Error Number: 2002 
====================================================================
====================================================================

 Query Executed:  

 Time Encountered: December 16, 2019, 5:01:02 AM 

 URL Location: http://ns1.oxindata.com/download.php 

 IP Address: 54.36.148.240 

 Error: Connection refused 

 Error Number: 2002 
====================================================================
====================================================================

 Query Executed:  

 Time Encountered: December 16, 2019, 5:01:04 AM 

 URL Location: http://40movies.ir/index.php 

 IP Address: 46.229.168.149 

 Error: Connection refused 

 Error Number: 2002 
====================================================================
====================================================================

 Query Executed:  

 Time Encountered: December 16, 2019, 9:00:24 AM 

 URL Location: http://40movies.ir/index.php 

 IP Address: 46.229.168.162 

 Error: MySQL server has gone away 

 Error Number: 2006 
====================================================================
====================================================================

 Query Executed:  

 Time Encountered: December 16, 2019, 9:00:24 AM 

 URL Location: https://iohost.ir/gallery.php 

 IP Address: 54.36.150.152 

 Error: MySQL server has gone away 

 Error Number: 2006 
====================================================================
====================================================================

 Query Executed:  

 Time Encountered: December 16, 2019, 9:00:25 AM 

 URL Location: http://40movies.ir/index.php 

 IP Address: 46.229.168.134 

 Error: Connection refused 

 Error Number: 2002 
====================================================================
====================================================================

 Query Executed:  

 Time Encountered: December 16, 2019, 1:00:32 PM 

 URL Location: http://40movies.ir/index.php 

 IP Address: 46.229.168.148 

 Error: Connection refused 

 Error Number: 2002 
====================================================================
====================================================================

 Query Executed:  

 Time Encountered: December 16, 2019, 9:00:07 PM 

 URL Location: http://40movies.ir/index.php 

 IP Address: 216.244.66.227 

 Error: MySQL server has gone away 

 Error Number: 2006 
====================================================================
====================================================================

 Query Executed:  

 Time Encountered: December 16, 2019, 9:00:07 PM 

 URL Location: http://40movies.ir/index.php 

 IP Address: 216.244.66.227 

 Error: MySQL server has gone away 

 Error Number: 2006 
====================================================================
