====================================================================

 Query Executed:  

 Time Encountered: December 10, 2019, 1:00:41 AM 

 URL Location: http://40movies.ir/index.php 

 IP Address: 46.229.168.146 

 Error: MySQL server has gone away 

 Error Number: 2006 
====================================================================
====================================================================

 Query Executed:  

 Time Encountered: December 10, 2019, 1:00:42 AM 

 URL Location: http://redup.ir/viewer.php 

 IP Address: 185.130.77.113 

 Error: MySQL server has gone away 

 Error Number: 2006 
====================================================================
====================================================================

 Query Executed:  

 Time Encountered: December 10, 2019, 1:00:43 AM 

 URL Location: http://40movies.ir/index.php 

 IP Address: 46.229.168.145 

 Error: Connection refused 

 Error Number: 2002 
====================================================================
====================================================================

 Query Executed:  

 Time Encountered: December 10, 2019, 1:00:45 AM 

 URL Location: http://redup.ir/viewer.php 

 IP Address: 185.130.77.115 

 Error: Connection refused 

 Error Number: 2002 
====================================================================
====================================================================

 Query Executed:  

 Time Encountered: December 10, 2019, 1:00:49 AM 

 URL Location: http://redup.ir/viewer.php 

 IP Address: 185.130.77.254 

 Error: Connection refused 

 Error Number: 2002 
====================================================================
====================================================================

 Query Executed:  

 Time Encountered: December 10, 2019, 5:00:06 AM 

 URL Location: http://40movies.ir/index.php 

 IP Address: 95.216.9.239 

 Error: MySQL server has gone away 

 Error Number: 2006 
====================================================================
====================================================================

 Query Executed:  

 Time Encountered: December 10, 2019, 5:00:06 AM 

 URL Location: http://40movies.ir/index.php 

 IP Address: 95.91.15.173 

 Error: MySQL server has gone away 

 Error Number: 2006 
====================================================================
====================================================================

 Query Executed:  

 Time Encountered: December 10, 2019, 5:00:12 AM 

 URL Location: http://40movies.ir/index.php 

 IP Address: 95.91.15.173 

 Error: Connection refused 

 Error Number: 2002 
====================================================================
====================================================================

 Query Executed:  

 Time Encountered: December 10, 2019, 9:00:09 AM 

 URL Location: http://ns1.oxindata.com/contact.php 

 IP Address: 192.151.145.82 

 Error: Connection refused 

 Error Number: 2002 
====================================================================
====================================================================

 Query Executed:  

 Time Encountered: December 10, 2019, 1:00:49 PM 

 URL Location: http://40movies.ir/index.php 

 IP Address: 46.229.168.141 

 Error: MySQL server has gone away 

 Error Number: 2006 
====================================================================
====================================================================

 Query Executed:  

 Time Encountered: December 10, 2019, 1:00:50 PM 

 URL Location: http://40movies.ir/index.php 

 IP Address: 46.229.168.132 

 Error: Connection refused 

 Error Number: 2002 
====================================================================
====================================================================

 Query Executed:  

 Time Encountered: December 10, 2019, 1:00:55 PM 

 URL Location: http://40movies.ir/index.php 

 IP Address: 46.229.168.153 

 Error: Connection refused 

 Error Number: 2002 
====================================================================
====================================================================

 Query Executed:  

 Time Encountered: December 10, 2019, 1:01:04 PM 

 URL Location: http://40movies.ir/index.php 

 IP Address: 46.229.168.142 

 Error: Connection refused 

 Error Number: 2002 
====================================================================
====================================================================

 Query Executed:  

 Time Encountered: December 10, 2019, 1:01:08 PM 

 URL Location: http://redup.ir/viewer.php 

 IP Address: 54.36.148.253 

 Error: Connection refused 

 Error Number: 2002 
====================================================================
====================================================================

 Query Executed:  

 Time Encountered: December 10, 2019, 1:01:15 PM 

 URL Location: http://40movies.ir/index.php 

 IP Address: 46.229.168.146 

 Error: Connection refused 

 Error Number: 2002 
====================================================================
====================================================================

 Query Executed:  

 Time Encountered: December 10, 2019, 5:00:12 PM 

 URL Location: https://www.iohost.ir/gallery.php 

 IP Address: 54.36.148.252 

 Error: Connection refused 

 Error Number: 2002 
====================================================================
====================================================================

 Query Executed:  

 Time Encountered: December 10, 2019, 9:00:08 PM 

 URL Location: http://40movies.ir/index.php 

 IP Address: 46.229.168.153 

 Error: Connection refused 

 Error Number: 2002 
====================================================================
====================================================================

 Query Executed:  

 Time Encountered: December 10, 2019, 9:00:09 PM 

 URL Location: http://ip215.ip-5-196-98.eu/links.php 

 IP Address: 54.36.150.30 

 Error: Connection refused 

 Error Number: 2002 
====================================================================
====================================================================

 Query Executed:  

 Time Encountered: December 10, 2019, 9:00:11 PM 

 URL Location: http://40movies.ir/index.php 

 IP Address: 46.229.168.137 

 Error: Connection refused 

 Error Number: 2002 
====================================================================
====================================================================

 Query Executed:  

 Time Encountered: December 10, 2019, 9:00:16 PM 

 URL Location: http://itcenter.ir/index.php 

 IP Address: 91.121.109.55 

 Error: Connection refused 

 Error Number: 2002 
====================================================================
====================================================================

 Query Executed:  

 Time Encountered: December 10, 2019, 9:00:18 PM 

 URL Location: http://5.196.98.215/viewer.php 

 IP Address: 54.36.150.67 

 Error: Connection refused 

 Error Number: 2002 
====================================================================
