====================================================================

 Query Executed:  

 Time Encountered: December 11, 2019, 1:00:55 AM 

 URL Location: http://40movies.ir/index.php 

 IP Address: 46.229.168.154 

 Error: MySQL server has gone away 

 Error Number: 2006 
====================================================================
====================================================================

 Query Executed:  

 Time Encountered: December 11, 2019, 1:00:55 AM 

 URL Location: http://5.196.98.215/viewer.php 

 IP Address: 54.36.150.89 

 Error: MySQL server has gone away 

 Error Number: 2006 
====================================================================
====================================================================

 Query Executed:  

 Time Encountered: December 11, 2019, 1:00:57 AM 

 URL Location: http://40movies.ir/index.php 

 IP Address: 46.229.168.149 

 Error: Connection refused 

 Error Number: 2002 
====================================================================
====================================================================

 Query Executed:  

 Time Encountered: December 11, 2019, 1:01:06 AM 

 URL Location: http://40movies.ir/index.php 

 IP Address: 46.229.168.149 

 Error: Connection refused 

 Error Number: 2002 
====================================================================
====================================================================

 Query Executed:  

 Time Encountered: December 11, 2019, 5:01:06 AM 

 URL Location: http://40movies.ir/index.php 

 IP Address: 216.244.66.227 

 Error: MySQL server has gone away 

 Error Number: 2006 
====================================================================
====================================================================

 Query Executed:  

 Time Encountered: December 11, 2019, 5:01:12 AM 

 URL Location: https://redup.ir/gallery.php 

 IP Address: 54.36.150.18 

 Error: Connection refused 

 Error Number: 2002 
====================================================================
====================================================================

 Query Executed:  

 Time Encountered: December 11, 2019, 1:00:07 PM 

 URL Location: http://40movies.ir/index.php 

 IP Address: 46.229.168.144 

 Error: MySQL server has gone away 

 Error Number: 2006 
====================================================================
====================================================================

 Query Executed:  

 Time Encountered: December 11, 2019, 1:00:09 PM 

 URL Location: http://40movies.ir/index.php 

 IP Address: 46.229.168.146 

 Error: Connection refused 

 Error Number: 2002 
====================================================================
====================================================================

 Query Executed:  

 Time Encountered: December 11, 2019, 5:00:07 PM 

 URL Location: http://www.caroosha.com/viewer.php 

 IP Address: 54.36.148.176 

 Error: MySQL server has gone away 

 Error Number: 2006 
====================================================================
====================================================================

 Query Executed:  

 Time Encountered: December 11, 2019, 9:01:16 PM 

 URL Location: http://40movies.ir/index.php 

 IP Address: 46.229.168.147 

 Error: MySQL server has gone away 

 Error Number: 2006 
====================================================================
====================================================================

 Query Executed:  

 Time Encountered: December 11, 2019, 9:01:16 PM 

 URL Location: http://www.caroosha.com/contact.php 

 IP Address: 54.36.148.192 

 Error: MySQL server has gone away 

 Error Number: 2006 
====================================================================
====================================================================

 Query Executed:  

 Time Encountered: December 11, 2019, 9:01:16 PM 

 URL Location: http://mail.iohost.ir/viewer.php 

 IP Address: 54.36.148.42 

 Error: MySQL server has gone away 

 Error Number: 2006 
====================================================================
====================================================================

 Query Executed:  

 Time Encountered: December 11, 2019, 9:01:16 PM 

 URL Location: http://40movies.ir/index.php 

 IP Address: 216.244.66.227 

 Error: MySQL server has gone away 

 Error Number: 2006 
====================================================================
====================================================================

 Query Executed:  

 Time Encountered: December 11, 2019, 9:01:17 PM 

 URL Location: http://40movies.ir/index.php 

 IP Address: 216.244.66.227 

 Error: Connection refused 

 Error Number: 2002 
====================================================================
====================================================================

 Query Executed:  

 Time Encountered: December 11, 2019, 9:01:18 PM 

 URL Location: http://40movies.ir/index.php 

 IP Address: 46.229.168.161 

 Error: Connection refused 

 Error Number: 2002 
====================================================================
====================================================================

 Query Executed:  

 Time Encountered: December 11, 2019, 9:01:18 PM 

 URL Location: http://40movies.ir/index.php 

 IP Address: 216.244.66.227 

 Error: Connection refused 

 Error Number: 2002 
====================================================================
====================================================================

 Query Executed:  

 Time Encountered: December 11, 2019, 9:01:20 PM 

 URL Location: http://40movies.ir/index.php 

 IP Address: 46.229.168.131 

 Error: Connection refused 

 Error Number: 2002 
====================================================================
====================================================================

 Query Executed:  

 Time Encountered: December 11, 2019, 9:01:20 PM 

 URL Location: http://40movies.ir/index.php 

 IP Address: 216.244.66.227 

 Error: Connection refused 

 Error Number: 2002 
====================================================================
====================================================================

 Query Executed:  

 Time Encountered: December 11, 2019, 9:01:22 PM 

 URL Location: http://40movies.ir/index.php 

 IP Address: 46.229.168.150 

 Error: Connection refused 

 Error Number: 2002 
====================================================================
====================================================================

 Query Executed:  

 Time Encountered: December 11, 2019, 11:35:59 PM 

 URL Location: http://40movies.ir/index.php 

 IP Address: 46.229.168.137 

 Error: Connection refused 

 Error Number: 2002 
====================================================================
====================================================================

 Query Executed:  

 Time Encountered: December 11, 2019, 11:36:07 PM 

 URL Location: http://40movies.ir/index.php 

 IP Address: 46.229.168.131 

 Error: Connection refused 

 Error Number: 2002 
====================================================================
