====================================================================

 Query Executed:  

 Time Encountered: December 27, 2019, 5:00:24 AM 

 URL Location: https://redup.ir/contact.php 

 IP Address: 46.229.168.141 

 Error: Connection refused 

 Error Number: 2002 
====================================================================
====================================================================

 Query Executed:  

 Time Encountered: December 27, 2019, 5:00:18 PM 

 URL Location: http://redup.ir/viewer.php 

 IP Address: 216.244.66.238 

 Error: MySQL server has gone away 

 Error Number: 2006 
====================================================================
====================================================================

 Query Executed:  

 Time Encountered: December 27, 2019, 9:00:20 PM 

 URL Location: https://redup.ir/contact.php 

 IP Address: 54.36.150.76 

 Error: MySQL server has gone away 

 Error Number: 2006 
====================================================================
